[2025-11-25T06:57:09.092+0000] {local_task_job_runner.py:123} INFO - ::group::Pre task execution logs
[2025-11-25T06:57:09.100+0000] {taskinstance.py:2612} INFO - Dependencies all met for dep_context=non-requeueable deps ti=<TaskInstance: stock_elt_with_dbt.dbt_transformations.dbt_run_staging manual__2025-11-25T02:23:25.714165+00:00 [queued]>
[2025-11-25T06:57:09.103+0000] {taskinstance.py:2612} INFO - Dependencies all met for dep_context=requeueable deps ti=<TaskInstance: stock_elt_with_dbt.dbt_transformations.dbt_run_staging manual__2025-11-25T02:23:25.714165+00:00 [queued]>
[2025-11-25T06:57:09.104+0000] {taskinstance.py:2865} INFO - Starting attempt 1 of 2
[2025-11-25T06:57:09.108+0000] {taskinstance.py:2888} INFO - Executing <Task(BashOperator): dbt_transformations.dbt_run_staging> on 2025-11-25 02:23:25.714165+00:00
[2025-11-25T06:57:09.113+0000] {standard_task_runner.py:104} INFO - Running: ['***', 'tasks', 'run', 'stock_elt_with_dbt', 'dbt_transformations.dbt_run_staging', 'manual__2025-11-25T02:23:25.714165+00:00', '--job-id', '4830', '--raw', '--subdir', 'DAGS_FOLDER/stock_elt_with_dbt.py', '--cfg-path', '/tmp/tmpqgeoelff']
[2025-11-25T06:57:09.114+0000] {standard_task_runner.py:105} INFO - Job 4830: Subtask dbt_transformations.dbt_run_staging
[2025-11-25T06:57:09.114+0000] {logging_mixin.py:190} WARNING - /home/***/.local/lib/python3.12/site-packages/***/task/task_runner/standard_task_runner.py:70 DeprecationWarning: This process (pid=5632) is multi-threaded, use of fork() may lead to deadlocks in the child.
[2025-11-25T06:57:09.117+0000] {standard_task_runner.py:72} INFO - Started process 5648 to run task
[2025-11-25T06:57:09.135+0000] {task_command.py:467} INFO - Running <TaskInstance: stock_elt_with_dbt.dbt_transformations.dbt_run_staging manual__2025-11-25T02:23:25.714165+00:00 [running]> on host a4b8d4f4105c
[2025-11-25T06:57:09.181+0000] {taskinstance.py:3131} INFO - Exporting env vars: AIRFLOW_CTX_DAG_OWNER='***' AIRFLOW_CTX_DAG_ID='stock_elt_with_dbt' AIRFLOW_CTX_TASK_ID='dbt_transformations.dbt_run_staging' AIRFLOW_CTX_EXECUTION_DATE='2025-11-25T02:23:25.714165+00:00' AIRFLOW_CTX_TRY_NUMBER='1' AIRFLOW_CTX_DAG_RUN_ID='manual__2025-11-25T02:23:25.714165+00:00'
[2025-11-25T06:57:09.182+0000] {taskinstance.py:731} INFO - ::endgroup::
[2025-11-25T06:57:09.183+0000] {subprocess.py:63} INFO - Tmp dir root location: /tmp
[2025-11-25T06:57:09.183+0000] {subprocess.py:75} INFO - Running command: ['/usr/bin/bash', '-c', 'cd /opt/***/stock_analytics && dbt run --profiles-dir . --select input.staging.*']
[2025-11-25T06:57:09.190+0000] {subprocess.py:86} INFO - Output:
[2025-11-25T06:57:10.389+0000] {subprocess.py:93} INFO - [0m06:57:10  Running with dbt=1.7.0
[2025-11-25T06:57:10.790+0000] {subprocess.py:93} INFO - [0m06:57:10  Registered adapter: snowflake=1.7.0
[2025-11-25T06:57:10.848+0000] {subprocess.py:93} INFO - [0m06:57:10  Found 6 models, 5 tests, 2 snapshots, 1 source, 0 exposures, 0 metrics, 470 macros, 0 groups, 0 semantic models
[2025-11-25T06:57:10.849+0000] {subprocess.py:93} INFO - [0m06:57:10
[2025-11-25T06:57:12.131+0000] {subprocess.py:93} INFO - [0m06:57:12  Concurrency: 4 threads (target='dev')
[2025-11-25T06:57:12.131+0000] {subprocess.py:93} INFO - [0m06:57:12
[2025-11-25T06:57:12.138+0000] {subprocess.py:93} INFO - [0m06:57:12  1 of 1 START sql view model staging.stg_stock_prices ........................... [RUN]
[2025-11-25T06:57:12.842+0000] {subprocess.py:93} INFO - [0m06:57:12  1 of 1 OK created sql view model staging.stg_stock_prices ...................... [[32mSUCCESS 1[0m in 0.70s]
[2025-11-25T06:57:12.847+0000] {subprocess.py:93} INFO - [0m06:57:12
[2025-11-25T06:57:12.847+0000] {subprocess.py:93} INFO - [0m06:57:12  Finished running 1 view model in 0 hours 0 minutes and 2.00 seconds (2.00s).
[2025-11-25T06:57:12.853+0000] {subprocess.py:93} INFO - [0m06:57:12
[2025-11-25T06:57:12.853+0000] {subprocess.py:93} INFO - [0m06:57:12  [32mCompleted successfully[0m
[2025-11-25T06:57:12.854+0000] {subprocess.py:93} INFO - [0m06:57:12
[2025-11-25T06:57:12.854+0000] {subprocess.py:93} INFO - [0m06:57:12  Done. PASS=1 WARN=0 ERROR=0 SKIP=0 TOTAL=1
[2025-11-25T06:57:13.547+0000] {subprocess.py:97} INFO - Command exited with return code 0
[2025-11-25T06:57:13.582+0000] {taskinstance.py:340} INFO - ::group::Post task execution logs
[2025-11-25T06:57:13.582+0000] {taskinstance.py:352} INFO - Marking task as SUCCESS. dag_id=stock_elt_with_dbt, task_id=dbt_transformations.dbt_run_staging, run_id=manual__2025-11-25T02:23:25.714165+00:00, execution_date=20251125T022325, start_date=20251125T065709, end_date=20251125T065713
[2025-11-25T06:57:13.625+0000] {local_task_job_runner.py:266} INFO - Task exited with return code 0
[2025-11-25T06:57:13.636+0000] {taskinstance.py:3900} INFO - 1 downstream tasks scheduled from follow-on schedule check
[2025-11-25T06:57:13.637+0000] {local_task_job_runner.py:245} INFO - ::endgroup::
