[2025-11-25T06:57:05.132+0000] {local_task_job_runner.py:123} INFO - ::group::Pre task execution logs
[2025-11-25T06:57:05.139+0000] {taskinstance.py:2612} INFO - Dependencies all met for dep_context=non-requeueable deps ti=<TaskInstance: stock_elt_with_dbt.dbt_transformations.dbt_debug manual__2025-11-25T02:23:25.714165+00:00 [queued]>
[2025-11-25T06:57:05.143+0000] {taskinstance.py:2612} INFO - Dependencies all met for dep_context=requeueable deps ti=<TaskInstance: stock_elt_with_dbt.dbt_transformations.dbt_debug manual__2025-11-25T02:23:25.714165+00:00 [queued]>
[2025-11-25T06:57:05.144+0000] {taskinstance.py:2865} INFO - Starting attempt 1 of 2
[2025-11-25T06:57:05.150+0000] {taskinstance.py:2888} INFO - Executing <Task(BashOperator): dbt_transformations.dbt_debug> on 2025-11-25 02:23:25.714165+00:00
[2025-11-25T06:57:05.154+0000] {standard_task_runner.py:104} INFO - Running: ['***', 'tasks', 'run', 'stock_elt_with_dbt', 'dbt_transformations.dbt_debug', 'manual__2025-11-25T02:23:25.714165+00:00', '--job-id', '4827', '--raw', '--subdir', 'DAGS_FOLDER/stock_elt_with_dbt.py', '--cfg-path', '/tmp/tmprw5nbg0h']
[2025-11-25T06:57:05.155+0000] {standard_task_runner.py:105} INFO - Job 4827: Subtask dbt_transformations.dbt_debug
[2025-11-25T06:57:05.155+0000] {logging_mixin.py:190} WARNING - /home/***/.local/lib/python3.12/site-packages/***/task/task_runner/standard_task_runner.py:70 DeprecationWarning: This process (pid=5554) is multi-threaded, use of fork() may lead to deadlocks in the child.
[2025-11-25T06:57:05.156+0000] {standard_task_runner.py:72} INFO - Started process 5568 to run task
[2025-11-25T06:57:05.172+0000] {task_command.py:467} INFO - Running <TaskInstance: stock_elt_with_dbt.dbt_transformations.dbt_debug manual__2025-11-25T02:23:25.714165+00:00 [running]> on host a4b8d4f4105c
[2025-11-25T06:57:05.198+0000] {taskinstance.py:3131} INFO - Exporting env vars: AIRFLOW_CTX_DAG_OWNER='***' AIRFLOW_CTX_DAG_ID='stock_elt_with_dbt' AIRFLOW_CTX_TASK_ID='dbt_transformations.dbt_debug' AIRFLOW_CTX_EXECUTION_DATE='2025-11-25T02:23:25.714165+00:00' AIRFLOW_CTX_TRY_NUMBER='1' AIRFLOW_CTX_DAG_RUN_ID='manual__2025-11-25T02:23:25.714165+00:00'
[2025-11-25T06:57:05.201+0000] {taskinstance.py:731} INFO - ::endgroup::
[2025-11-25T06:57:05.202+0000] {subprocess.py:63} INFO - Tmp dir root location: /tmp
[2025-11-25T06:57:05.204+0000] {subprocess.py:75} INFO - Running command: ['/usr/bin/bash', '-c', 'cd /opt/***/stock_analytics && dbt debug --profiles-dir .']
[2025-11-25T06:57:05.209+0000] {subprocess.py:86} INFO - Output:
[2025-11-25T06:57:06.356+0000] {subprocess.py:93} INFO - [0m06:57:06  Running with dbt=1.7.0
[2025-11-25T06:57:06.357+0000] {subprocess.py:93} INFO - [0m06:57:06  dbt version: 1.7.0
[2025-11-25T06:57:06.357+0000] {subprocess.py:93} INFO - [0m06:57:06  python version: 3.12.5
[2025-11-25T06:57:06.357+0000] {subprocess.py:93} INFO - [0m06:57:06  python path: /home/***/.local/bin/python
[2025-11-25T06:57:06.358+0000] {subprocess.py:93} INFO - [0m06:57:06  os info: Linux-6.10.14-linuxkit-aarch64-with-glibc2.36
[2025-11-25T06:57:06.736+0000] {subprocess.py:93} INFO - [0m06:57:06  Using profiles dir at .
[2025-11-25T06:57:06.737+0000] {subprocess.py:93} INFO - [0m06:57:06  Using profiles.yml file at ./profiles.yml
[2025-11-25T06:57:06.737+0000] {subprocess.py:93} INFO - [0m06:57:06  Using dbt_project.yml file at /opt/***/stock_analytics/dbt_project.yml
[2025-11-25T06:57:06.737+0000] {subprocess.py:93} INFO - [0m06:57:06  adapter type: snowflake
[2025-11-25T06:57:06.738+0000] {subprocess.py:93} INFO - [0m06:57:06  adapter version: 1.7.0
[2025-11-25T06:57:06.769+0000] {subprocess.py:93} INFO - [0m06:57:06  Configuration:
[2025-11-25T06:57:06.770+0000] {subprocess.py:93} INFO - [0m06:57:06    profiles.yml file [[32mOK found and valid[0m]
[2025-11-25T06:57:06.770+0000] {subprocess.py:93} INFO - [0m06:57:06    dbt_project.yml file [[32mOK found and valid[0m]
[2025-11-25T06:57:06.770+0000] {subprocess.py:93} INFO - [0m06:57:06  Required dependencies:
[2025-11-25T06:57:06.772+0000] {subprocess.py:93} INFO - [0m06:57:06   - git [[32mOK found[0m]
[2025-11-25T06:57:06.773+0000] {subprocess.py:93} INFO - 
[2025-11-25T06:57:06.773+0000] {subprocess.py:93} INFO - [0m06:57:06  Connection:
[2025-11-25T06:57:06.773+0000] {subprocess.py:93} INFO - [0m06:57:06    account: lvb17920
[2025-11-25T06:57:06.773+0000] {subprocess.py:93} INFO - [0m06:57:06    user: CHIPMUNK
[2025-11-25T06:57:06.773+0000] {subprocess.py:93} INFO - [0m06:57:06    database: TRAINING_DB
[2025-11-25T06:57:06.774+0000] {subprocess.py:93} INFO - [0m06:57:06    warehouse: XSMALL_WH
[2025-11-25T06:57:06.774+0000] {subprocess.py:93} INFO - [0m06:57:06    role: TRAINING_ROLE
[2025-11-25T06:57:06.774+0000] {subprocess.py:93} INFO - [0m06:57:06    schema: raw
[2025-11-25T06:57:06.775+0000] {subprocess.py:93} INFO - [0m06:57:06    authenticator: None
[2025-11-25T06:57:06.775+0000] {subprocess.py:93} INFO - [0m06:57:06    private_key_path: None
[2025-11-25T06:57:06.775+0000] {subprocess.py:93} INFO - [0m06:57:06    token: None
[2025-11-25T06:57:06.776+0000] {subprocess.py:93} INFO - [0m06:57:06    oauth_client_id: None
[2025-11-25T06:57:06.776+0000] {subprocess.py:93} INFO - [0m06:57:06    query_tag: None
[2025-11-25T06:57:06.776+0000] {subprocess.py:93} INFO - [0m06:57:06    client_session_keep_alive: False
[2025-11-25T06:57:06.776+0000] {subprocess.py:93} INFO - [0m06:57:06    host: None
[2025-11-25T06:57:06.776+0000] {subprocess.py:93} INFO - [0m06:57:06    port: None
[2025-11-25T06:57:06.777+0000] {subprocess.py:93} INFO - [0m06:57:06    proxy_host: None
[2025-11-25T06:57:06.777+0000] {subprocess.py:93} INFO - [0m06:57:06    proxy_port: None
[2025-11-25T06:57:06.777+0000] {subprocess.py:93} INFO - [0m06:57:06    protocol: None
[2025-11-25T06:57:06.777+0000] {subprocess.py:93} INFO - [0m06:57:06    connect_retries: 1
[2025-11-25T06:57:06.778+0000] {subprocess.py:93} INFO - [0m06:57:06    connect_timeout: None
[2025-11-25T06:57:06.778+0000] {subprocess.py:93} INFO - [0m06:57:06    retry_on_database_errors: False
[2025-11-25T06:57:06.778+0000] {subprocess.py:93} INFO - [0m06:57:06    retry_all: False
[2025-11-25T06:57:06.779+0000] {subprocess.py:93} INFO - [0m06:57:06    insecure_mode: False
[2025-11-25T06:57:06.779+0000] {subprocess.py:93} INFO - [0m06:57:06    reuse_connections: None
[2025-11-25T06:57:06.779+0000] {subprocess.py:93} INFO - [0m06:57:06  Registered adapter: snowflake=1.7.0
[2025-11-25T06:57:07.378+0000] {subprocess.py:93} INFO - [0m06:57:07    Connection test: [[32mOK connection ok[0m]
[2025-11-25T06:57:07.378+0000] {subprocess.py:93} INFO - 
[2025-11-25T06:57:07.378+0000] {subprocess.py:93} INFO - [0m06:57:07  [32mAll checks passed![0m
[2025-11-25T06:57:08.036+0000] {subprocess.py:97} INFO - Command exited with return code 0
[2025-11-25T06:57:08.048+0000] {taskinstance.py:340} INFO - ::group::Post task execution logs
[2025-11-25T06:57:08.048+0000] {taskinstance.py:352} INFO - Marking task as SUCCESS. dag_id=stock_elt_with_dbt, task_id=dbt_transformations.dbt_debug, run_id=manual__2025-11-25T02:23:25.714165+00:00, execution_date=20251125T022325, start_date=20251125T065705, end_date=20251125T065708
[2025-11-25T06:57:08.083+0000] {local_task_job_runner.py:266} INFO - Task exited with return code 0
[2025-11-25T06:57:08.107+0000] {taskinstance.py:3900} INFO - 1 downstream tasks scheduled from follow-on schedule check
[2025-11-25T06:57:08.108+0000] {local_task_job_runner.py:245} INFO - ::endgroup::
