[2025-11-25T20:30:09.263+0000] {local_task_job_runner.py:123} INFO - ::group::Pre task execution logs
[2025-11-25T20:30:09.269+0000] {taskinstance.py:2612} INFO - Dependencies all met for dep_context=non-requeueable deps ti=<TaskInstance: stock_elt_with_dbt.dbt_transformations.dbt_debug manual__2025-11-25T02:23:25.714165+00:00 [queued]>
[2025-11-25T20:30:09.272+0000] {taskinstance.py:2612} INFO - Dependencies all met for dep_context=requeueable deps ti=<TaskInstance: stock_elt_with_dbt.dbt_transformations.dbt_debug manual__2025-11-25T02:23:25.714165+00:00 [queued]>
[2025-11-25T20:30:09.273+0000] {taskinstance.py:2865} INFO - Starting attempt 3 of 4
[2025-11-25T20:30:09.277+0000] {taskinstance.py:2888} INFO - Executing <Task(BashOperator): dbt_transformations.dbt_debug> on 2025-11-25 02:23:25.714165+00:00
[2025-11-25T20:30:09.280+0000] {logging_mixin.py:190} WARNING - /home/***/.local/lib/python3.12/site-packages/***/task/task_runner/standard_task_runner.py:70 DeprecationWarning: This process (pid=19261) is multi-threaded, use of fork() may lead to deadlocks in the child.
[2025-11-25T20:30:09.281+0000] {standard_task_runner.py:72} INFO - Started process 19270 to run task
[2025-11-25T20:30:09.281+0000] {standard_task_runner.py:104} INFO - Running: ['***', 'tasks', 'run', 'stock_elt_with_dbt', 'dbt_transformations.dbt_debug', 'manual__2025-11-25T02:23:25.714165+00:00', '--job-id', '4907', '--raw', '--subdir', 'DAGS_FOLDER/stock_elt_with_dbt.py', '--cfg-path', '/tmp/tmps6gt4z_x']
[2025-11-25T20:30:09.281+0000] {standard_task_runner.py:105} INFO - Job 4907: Subtask dbt_transformations.dbt_debug
[2025-11-25T20:30:09.297+0000] {task_command.py:467} INFO - Running <TaskInstance: stock_elt_with_dbt.dbt_transformations.dbt_debug manual__2025-11-25T02:23:25.714165+00:00 [running]> on host a4b8d4f4105c
[2025-11-25T20:30:09.323+0000] {taskinstance.py:3131} INFO - Exporting env vars: AIRFLOW_CTX_DAG_OWNER='***' AIRFLOW_CTX_DAG_ID='stock_elt_with_dbt' AIRFLOW_CTX_TASK_ID='dbt_transformations.dbt_debug' AIRFLOW_CTX_EXECUTION_DATE='2025-11-25T02:23:25.714165+00:00' AIRFLOW_CTX_TRY_NUMBER='3' AIRFLOW_CTX_DAG_RUN_ID='manual__2025-11-25T02:23:25.714165+00:00'
[2025-11-25T20:30:09.323+0000] {taskinstance.py:731} INFO - ::endgroup::
[2025-11-25T20:30:09.324+0000] {subprocess.py:63} INFO - Tmp dir root location: /tmp
[2025-11-25T20:30:09.325+0000] {subprocess.py:75} INFO - Running command: ['/usr/bin/bash', '-c', 'cd /opt/***/stock_analytics && dbt debug --profiles-dir .']
[2025-11-25T20:30:09.328+0000] {subprocess.py:86} INFO - Output:
[2025-11-25T20:30:10.321+0000] {subprocess.py:93} INFO - [0m20:30:10  Running with dbt=1.7.0
[2025-11-25T20:30:10.322+0000] {subprocess.py:93} INFO - [0m20:30:10  dbt version: 1.7.0
[2025-11-25T20:30:10.322+0000] {subprocess.py:93} INFO - [0m20:30:10  python version: 3.12.5
[2025-11-25T20:30:10.322+0000] {subprocess.py:93} INFO - [0m20:30:10  python path: /home/***/.local/bin/python
[2025-11-25T20:30:10.323+0000] {subprocess.py:93} INFO - [0m20:30:10  os info: Linux-6.10.14-linuxkit-aarch64-with-glibc2.36
[2025-11-25T20:30:10.570+0000] {subprocess.py:93} INFO - [0m20:30:10  Using profiles dir at .
[2025-11-25T20:30:10.571+0000] {subprocess.py:93} INFO - [0m20:30:10  Using profiles.yml file at ./profiles.yml
[2025-11-25T20:30:10.571+0000] {subprocess.py:93} INFO - [0m20:30:10  Using dbt_project.yml file at /opt/***/stock_analytics/dbt_project.yml
[2025-11-25T20:30:10.571+0000] {subprocess.py:93} INFO - [0m20:30:10  adapter type: snowflake
[2025-11-25T20:30:10.572+0000] {subprocess.py:93} INFO - [0m20:30:10  adapter version: 1.7.0
[2025-11-25T20:30:10.595+0000] {subprocess.py:93} INFO - [0m20:30:10  Configuration:
[2025-11-25T20:30:10.595+0000] {subprocess.py:93} INFO - [0m20:30:10    profiles.yml file [[32mOK found and valid[0m]
[2025-11-25T20:30:10.595+0000] {subprocess.py:93} INFO - [0m20:30:10    dbt_project.yml file [[32mOK found and valid[0m]
[2025-11-25T20:30:10.595+0000] {subprocess.py:93} INFO - [0m20:30:10  Required dependencies:
[2025-11-25T20:30:10.597+0000] {subprocess.py:93} INFO - [0m20:30:10   - git [[32mOK found[0m]
[2025-11-25T20:30:10.597+0000] {subprocess.py:93} INFO - 
[2025-11-25T20:30:10.597+0000] {subprocess.py:93} INFO - [0m20:30:10  Connection:
[2025-11-25T20:30:10.597+0000] {subprocess.py:93} INFO - [0m20:30:10    account: lvb17920
[2025-11-25T20:30:10.598+0000] {subprocess.py:93} INFO - [0m20:30:10    user: CHIPMUNK
[2025-11-25T20:30:10.598+0000] {subprocess.py:93} INFO - [0m20:30:10    database: TRAINING_DB
[2025-11-25T20:30:10.598+0000] {subprocess.py:93} INFO - [0m20:30:10    warehouse: XSMALL_WH
[2025-11-25T20:30:10.598+0000] {subprocess.py:93} INFO - [0m20:30:10    role: TRAINING_ROLE
[2025-11-25T20:30:10.599+0000] {subprocess.py:93} INFO - [0m20:30:10    schema: raw
[2025-11-25T20:30:10.599+0000] {subprocess.py:93} INFO - [0m20:30:10    authenticator: None
[2025-11-25T20:30:10.599+0000] {subprocess.py:93} INFO - [0m20:30:10    private_key_path: None
[2025-11-25T20:30:10.599+0000] {subprocess.py:93} INFO - [0m20:30:10    token: None
[2025-11-25T20:30:10.599+0000] {subprocess.py:93} INFO - [0m20:30:10    oauth_client_id: None
[2025-11-25T20:30:10.600+0000] {subprocess.py:93} INFO - [0m20:30:10    query_tag: None
[2025-11-25T20:30:10.600+0000] {subprocess.py:93} INFO - [0m20:30:10    client_session_keep_alive: False
[2025-11-25T20:30:10.600+0000] {subprocess.py:93} INFO - [0m20:30:10    host: None
[2025-11-25T20:30:10.600+0000] {subprocess.py:93} INFO - [0m20:30:10    port: None
[2025-11-25T20:30:10.600+0000] {subprocess.py:93} INFO - [0m20:30:10    proxy_host: None
[2025-11-25T20:30:10.601+0000] {subprocess.py:93} INFO - [0m20:30:10    proxy_port: None
[2025-11-25T20:30:10.601+0000] {subprocess.py:93} INFO - [0m20:30:10    protocol: None
[2025-11-25T20:30:10.601+0000] {subprocess.py:93} INFO - [0m20:30:10    connect_retries: 1
[2025-11-25T20:30:10.601+0000] {subprocess.py:93} INFO - [0m20:30:10    connect_timeout: None
[2025-11-25T20:30:10.601+0000] {subprocess.py:93} INFO - [0m20:30:10    retry_on_database_errors: False
[2025-11-25T20:30:10.602+0000] {subprocess.py:93} INFO - [0m20:30:10    retry_all: False
[2025-11-25T20:30:10.602+0000] {subprocess.py:93} INFO - [0m20:30:10    insecure_mode: False
[2025-11-25T20:30:10.602+0000] {subprocess.py:93} INFO - [0m20:30:10    reuse_connections: None
[2025-11-25T20:30:10.602+0000] {subprocess.py:93} INFO - [0m20:30:10  Registered adapter: snowflake=1.7.0
[2025-11-25T20:30:12.811+0000] {subprocess.py:93} INFO - [0m20:30:12    Connection test: [[32mOK connection ok[0m]
[2025-11-25T20:30:12.812+0000] {subprocess.py:93} INFO - 
[2025-11-25T20:30:12.812+0000] {subprocess.py:93} INFO - [0m20:30:12  [32mAll checks passed![0m
[2025-11-25T20:30:13.401+0000] {subprocess.py:97} INFO - Command exited with return code 0
[2025-11-25T20:30:13.411+0000] {taskinstance.py:340} INFO - ::group::Post task execution logs
[2025-11-25T20:30:13.411+0000] {taskinstance.py:352} INFO - Marking task as SUCCESS. dag_id=stock_elt_with_dbt, task_id=dbt_transformations.dbt_debug, run_id=manual__2025-11-25T02:23:25.714165+00:00, execution_date=20251125T022325, start_date=20251125T203009, end_date=20251125T203013
[2025-11-25T20:30:13.522+0000] {local_task_job_runner.py:266} INFO - Task exited with return code 0
[2025-11-25T20:30:13.531+0000] {taskinstance.py:3900} INFO - 1 downstream tasks scheduled from follow-on schedule check
[2025-11-25T20:30:13.532+0000] {local_task_job_runner.py:245} INFO - ::endgroup::
