[2025-11-25T07:02:08.207+0000] {local_task_job_runner.py:123} INFO - ::group::Pre task execution logs
[2025-11-25T07:02:08.214+0000] {taskinstance.py:2612} INFO - Dependencies all met for dep_context=non-requeueable deps ti=<TaskInstance: stock_elt_with_dbt.dbt_transformations.dbt_debug scheduled__2025-11-21T18:00:00+00:00 [queued]>
[2025-11-25T07:02:08.218+0000] {taskinstance.py:2612} INFO - Dependencies all met for dep_context=requeueable deps ti=<TaskInstance: stock_elt_with_dbt.dbt_transformations.dbt_debug scheduled__2025-11-21T18:00:00+00:00 [queued]>
[2025-11-25T07:02:08.219+0000] {taskinstance.py:2865} INFO - Starting attempt 1 of 2
[2025-11-25T07:02:08.223+0000] {taskinstance.py:2888} INFO - Executing <Task(BashOperator): dbt_transformations.dbt_debug> on 2025-11-21 18:00:00+00:00
[2025-11-25T07:02:08.227+0000] {logging_mixin.py:190} WARNING - /home/***/.local/lib/python3.12/site-packages/***/task/task_runner/standard_task_runner.py:70 DeprecationWarning: This process (pid=6394) is multi-threaded, use of fork() may lead to deadlocks in the child.
[2025-11-25T07:02:08.228+0000] {standard_task_runner.py:72} INFO - Started process 6402 to run task
[2025-11-25T07:02:08.228+0000] {standard_task_runner.py:104} INFO - Running: ['***', 'tasks', 'run', 'stock_elt_with_dbt', 'dbt_transformations.dbt_debug', 'scheduled__2025-11-21T18:00:00+00:00', '--job-id', '4842', '--raw', '--subdir', 'DAGS_FOLDER/stock_elt_with_dbt.py', '--cfg-path', '/tmp/tmpud8nel52']
[2025-11-25T07:02:08.229+0000] {standard_task_runner.py:105} INFO - Job 4842: Subtask dbt_transformations.dbt_debug
[2025-11-25T07:02:08.250+0000] {task_command.py:467} INFO - Running <TaskInstance: stock_elt_with_dbt.dbt_transformations.dbt_debug scheduled__2025-11-21T18:00:00+00:00 [running]> on host a4b8d4f4105c
[2025-11-25T07:02:08.281+0000] {taskinstance.py:3131} INFO - Exporting env vars: AIRFLOW_CTX_DAG_OWNER='***' AIRFLOW_CTX_DAG_ID='stock_elt_with_dbt' AIRFLOW_CTX_TASK_ID='dbt_transformations.dbt_debug' AIRFLOW_CTX_EXECUTION_DATE='2025-11-21T18:00:00+00:00' AIRFLOW_CTX_TRY_NUMBER='1' AIRFLOW_CTX_DAG_RUN_ID='scheduled__2025-11-21T18:00:00+00:00'
[2025-11-25T07:02:08.282+0000] {taskinstance.py:731} INFO - ::endgroup::
[2025-11-25T07:02:08.283+0000] {subprocess.py:63} INFO - Tmp dir root location: /tmp
[2025-11-25T07:02:08.283+0000] {subprocess.py:75} INFO - Running command: ['/usr/bin/bash', '-c', 'cd /opt/***/stock_analytics && dbt debug --profiles-dir .']
[2025-11-25T07:02:08.290+0000] {subprocess.py:86} INFO - Output:
[2025-11-25T07:02:09.326+0000] {subprocess.py:93} INFO - [0m07:02:09  Running with dbt=1.7.0
[2025-11-25T07:02:09.327+0000] {subprocess.py:93} INFO - [0m07:02:09  dbt version: 1.7.0
[2025-11-25T07:02:09.327+0000] {subprocess.py:93} INFO - [0m07:02:09  python version: 3.12.5
[2025-11-25T07:02:09.328+0000] {subprocess.py:93} INFO - [0m07:02:09  python path: /home/***/.local/bin/python
[2025-11-25T07:02:09.328+0000] {subprocess.py:93} INFO - [0m07:02:09  os info: Linux-6.10.14-linuxkit-aarch64-with-glibc2.36
[2025-11-25T07:02:09.592+0000] {subprocess.py:93} INFO - [0m07:02:09  Using profiles dir at .
[2025-11-25T07:02:09.592+0000] {subprocess.py:93} INFO - [0m07:02:09  Using profiles.yml file at ./profiles.yml
[2025-11-25T07:02:09.592+0000] {subprocess.py:93} INFO - [0m07:02:09  Using dbt_project.yml file at /opt/***/stock_analytics/dbt_project.yml
[2025-11-25T07:02:09.593+0000] {subprocess.py:93} INFO - [0m07:02:09  adapter type: snowflake
[2025-11-25T07:02:09.593+0000] {subprocess.py:93} INFO - [0m07:02:09  adapter version: 1.7.0
[2025-11-25T07:02:09.616+0000] {subprocess.py:93} INFO - [0m07:02:09  Configuration:
[2025-11-25T07:02:09.617+0000] {subprocess.py:93} INFO - [0m07:02:09    profiles.yml file [[32mOK found and valid[0m]
[2025-11-25T07:02:09.617+0000] {subprocess.py:93} INFO - [0m07:02:09    dbt_project.yml file [[32mOK found and valid[0m]
[2025-11-25T07:02:09.617+0000] {subprocess.py:93} INFO - [0m07:02:09  Required dependencies:
[2025-11-25T07:02:09.619+0000] {subprocess.py:93} INFO - [0m07:02:09   - git [[32mOK found[0m]
[2025-11-25T07:02:09.619+0000] {subprocess.py:93} INFO - 
[2025-11-25T07:02:09.619+0000] {subprocess.py:93} INFO - [0m07:02:09  Connection:
[2025-11-25T07:02:09.620+0000] {subprocess.py:93} INFO - [0m07:02:09    account: lvb17920
[2025-11-25T07:02:09.620+0000] {subprocess.py:93} INFO - [0m07:02:09    user: CHIPMUNK
[2025-11-25T07:02:09.620+0000] {subprocess.py:93} INFO - [0m07:02:09    database: TRAINING_DB
[2025-11-25T07:02:09.620+0000] {subprocess.py:93} INFO - [0m07:02:09    warehouse: XSMALL_WH
[2025-11-25T07:02:09.620+0000] {subprocess.py:93} INFO - [0m07:02:09    role: TRAINING_ROLE
[2025-11-25T07:02:09.621+0000] {subprocess.py:93} INFO - [0m07:02:09    schema: raw
[2025-11-25T07:02:09.621+0000] {subprocess.py:93} INFO - [0m07:02:09    authenticator: None
[2025-11-25T07:02:09.621+0000] {subprocess.py:93} INFO - [0m07:02:09    private_key_path: None
[2025-11-25T07:02:09.621+0000] {subprocess.py:93} INFO - [0m07:02:09    token: None
[2025-11-25T07:02:09.621+0000] {subprocess.py:93} INFO - [0m07:02:09    oauth_client_id: None
[2025-11-25T07:02:09.622+0000] {subprocess.py:93} INFO - [0m07:02:09    query_tag: None
[2025-11-25T07:02:09.622+0000] {subprocess.py:93} INFO - [0m07:02:09    client_session_keep_alive: False
[2025-11-25T07:02:09.622+0000] {subprocess.py:93} INFO - [0m07:02:09    host: None
[2025-11-25T07:02:09.622+0000] {subprocess.py:93} INFO - [0m07:02:09    port: None
[2025-11-25T07:02:09.622+0000] {subprocess.py:93} INFO - [0m07:02:09    proxy_host: None
[2025-11-25T07:02:09.623+0000] {subprocess.py:93} INFO - [0m07:02:09    proxy_port: None
[2025-11-25T07:02:09.623+0000] {subprocess.py:93} INFO - [0m07:02:09    protocol: None
[2025-11-25T07:02:09.623+0000] {subprocess.py:93} INFO - [0m07:02:09    connect_retries: 1
[2025-11-25T07:02:09.623+0000] {subprocess.py:93} INFO - [0m07:02:09    connect_timeout: None
[2025-11-25T07:02:09.623+0000] {subprocess.py:93} INFO - [0m07:02:09    retry_on_database_errors: False
[2025-11-25T07:02:09.624+0000] {subprocess.py:93} INFO - [0m07:02:09    retry_all: False
[2025-11-25T07:02:09.624+0000] {subprocess.py:93} INFO - [0m07:02:09    insecure_mode: False
[2025-11-25T07:02:09.624+0000] {subprocess.py:93} INFO - [0m07:02:09    reuse_connections: None
[2025-11-25T07:02:09.624+0000] {subprocess.py:93} INFO - [0m07:02:09  Registered adapter: snowflake=1.7.0
[2025-11-25T07:02:10.330+0000] {subprocess.py:93} INFO - [0m07:02:10    Connection test: [[32mOK connection ok[0m]
[2025-11-25T07:02:10.331+0000] {subprocess.py:93} INFO - 
[2025-11-25T07:02:10.331+0000] {subprocess.py:93} INFO - [0m07:02:10  [32mAll checks passed![0m
[2025-11-25T07:02:11.031+0000] {subprocess.py:97} INFO - Command exited with return code 0
[2025-11-25T07:02:11.041+0000] {taskinstance.py:340} INFO - ::group::Post task execution logs
[2025-11-25T07:02:11.041+0000] {taskinstance.py:352} INFO - Marking task as SUCCESS. dag_id=stock_elt_with_dbt, task_id=dbt_transformations.dbt_debug, run_id=scheduled__2025-11-21T18:00:00+00:00, execution_date=20251121T180000, start_date=20251125T070208, end_date=20251125T070211
[2025-11-25T07:02:11.053+0000] {local_task_job_runner.py:266} INFO - Task exited with return code 0
[2025-11-25T07:02:11.064+0000] {taskinstance.py:3900} INFO - 1 downstream tasks scheduled from follow-on schedule check
[2025-11-25T07:02:11.065+0000] {local_task_job_runner.py:245} INFO - ::endgroup::
