[2025-11-25T00:44:08.771+0000] {local_task_job_runner.py:123} INFO - ::group::Pre task execution logs
[2025-11-25T00:44:08.791+0000] {taskinstance.py:2612} INFO - Dependencies all met for dep_context=non-requeueable deps ti=<TaskInstance: yfinance_to_snowflake_etl.extract scheduled__2025-10-27T18:00:00+00:00 [queued]>
[2025-11-25T00:44:08.800+0000] {taskinstance.py:2612} INFO - Dependencies all met for dep_context=requeueable deps ti=<TaskInstance: yfinance_to_snowflake_etl.extract scheduled__2025-10-27T18:00:00+00:00 [queued]>
[2025-11-25T00:44:08.800+0000] {taskinstance.py:2865} INFO - Starting attempt 1 of 1
[2025-11-25T00:44:08.826+0000] {taskinstance.py:2888} INFO - Executing <Task(_PythonDecoratedOperator): extract> on 2025-10-27 18:00:00+00:00
[2025-11-25T00:44:08.831+0000] {logging_mixin.py:190} WARNING - /home/***/.local/lib/python3.12/site-packages/***/task/task_runner/standard_task_runner.py:70 DeprecationWarning: This process (pid=80992) is multi-threaded, use of fork() may lead to deadlocks in the child.
[2025-11-25T00:44:08.833+0000] {standard_task_runner.py:72} INFO - Started process 81044 to run task
[2025-11-25T00:44:08.836+0000] {standard_task_runner.py:104} INFO - Running: ['***', 'tasks', 'run', 'yfinance_to_snowflake_etl', 'extract', 'scheduled__2025-10-27T18:00:00+00:00', '--job-id', '4664', '--raw', '--subdir', 'DAGS_FOLDER/yfinance_to_snowflake_etl.py', '--cfg-path', '/tmp/tmp88ut4f2b']
[2025-11-25T00:44:08.838+0000] {standard_task_runner.py:105} INFO - Job 4664: Subtask extract
[2025-11-25T00:44:08.876+0000] {task_command.py:467} INFO - Running <TaskInstance: yfinance_to_snowflake_etl.extract scheduled__2025-10-27T18:00:00+00:00 [running]> on host fd57ff944215
[2025-11-25T00:44:08.918+0000] {taskinstance.py:3131} INFO - Exporting env vars: AIRFLOW_CTX_DAG_OWNER='***' AIRFLOW_CTX_DAG_ID='yfinance_to_snowflake_etl' AIRFLOW_CTX_TASK_ID='extract' AIRFLOW_CTX_EXECUTION_DATE='2025-10-27T18:00:00+00:00' AIRFLOW_CTX_TRY_NUMBER='1' AIRFLOW_CTX_DAG_RUN_ID='scheduled__2025-10-27T18:00:00+00:00'
[2025-11-25T00:44:08.919+0000] {taskinstance.py:731} INFO - ::endgroup::
[2025-11-25T00:44:08.920+0000] {logging_mixin.py:190} INFO - Starting extraction for symbols: ['AAPL', 'TSLA']
[2025-11-25T00:44:08.920+0000] {logging_mixin.py:190} INFO - Period: "180d", Interval: "1d"
[2025-11-25T00:44:08.922+0000] {logging_mixin.py:190} WARNING - /opt/***/dags/yfinance_to_snowflake_etl.py:44 FutureWarning: YF.download() has changed argument auto_adjust default to True
[2025-11-25T00:44:09.298+0000] {logging_mixin.py:190} WARNING - [*********************100%***********************]  1 of 1 completed
[2025-11-25T00:44:09.299+0000] {multi.py:185} ERROR - 
1 Failed download:
[2025-11-25T00:44:09.299+0000] {multi.py:198} ERROR - ['AAPL']: YFPricesMissingError('possibly delisted; no price data found  (period="180d") (Yahoo error = "Invalid input - interval="1d" is not supported. Valid intervals: [1m, 2m, 5m, 15m, 30m, 60m, 90m, 1h, 4h, 1d, 5d, 1wk, 1mo, 3mo]")')
[2025-11-25T00:44:09.302+0000] {logging_mixin.py:190} INFO - No data available for symbol AAPL
[2025-11-25T00:44:09.303+0000] {logging_mixin.py:190} INFO - Skipping AAPL - no data returned
[2025-11-25T00:44:09.303+0000] {logging_mixin.py:190} WARNING - /opt/***/dags/yfinance_to_snowflake_etl.py:44 FutureWarning: YF.download() has changed argument auto_adjust default to True
[2025-11-25T00:44:09.578+0000] {logging_mixin.py:190} WARNING - [*********************100%***********************]  1 of 1 completed
[2025-11-25T00:44:09.581+0000] {multi.py:185} ERROR - 
1 Failed download:
[2025-11-25T00:44:09.581+0000] {multi.py:198} ERROR - ['TSLA']: YFPricesMissingError('possibly delisted; no price data found  (period="180d") (Yahoo error = "Invalid input - interval="1d" is not supported. Valid intervals: [1m, 2m, 5m, 15m, 30m, 60m, 90m, 1h, 4h, 1d, 5d, 1wk, 1mo, 3mo]")')
[2025-11-25T00:44:09.582+0000] {logging_mixin.py:190} INFO - No data available for symbol TSLA
[2025-11-25T00:44:09.582+0000] {logging_mixin.py:190} INFO - Skipping TSLA - no data returned
[2025-11-25T00:44:09.582+0000] {logging_mixin.py:190} INFO - Total records extracted: 0
[2025-11-25T00:44:09.583+0000] {python.py:240} INFO - Done. Returned value was: []
[2025-11-25T00:44:09.589+0000] {taskinstance.py:340} INFO - ::group::Post task execution logs
[2025-11-25T00:44:09.590+0000] {taskinstance.py:352} INFO - Marking task as SUCCESS. dag_id=yfinance_to_snowflake_etl, task_id=extract, run_id=scheduled__2025-10-27T18:00:00+00:00, execution_date=20251027T180000, start_date=20251125T004408, end_date=20251125T004409
[2025-11-25T00:44:09.632+0000] {local_task_job_runner.py:266} INFO - Task exited with return code 0
[2025-11-25T00:44:09.636+0000] {local_task_job_runner.py:245} INFO - ::endgroup::
