[2025-11-25T07:04:57.484+0000] {local_task_job_runner.py:123} INFO - ::group::Pre task execution logs
[2025-11-25T07:04:57.490+0000] {taskinstance.py:2612} INFO - Dependencies all met for dep_context=non-requeueable deps ti=<TaskInstance: stock_elt_with_dbt.dbt_transformations.dbt_run_core manual__2025-11-25T07:04:34+00:00 [queued]>
[2025-11-25T07:04:57.493+0000] {taskinstance.py:2612} INFO - Dependencies all met for dep_context=requeueable deps ti=<TaskInstance: stock_elt_with_dbt.dbt_transformations.dbt_run_core manual__2025-11-25T07:04:34+00:00 [queued]>
[2025-11-25T07:04:57.493+0000] {taskinstance.py:2865} INFO - Starting attempt 1 of 2
[2025-11-25T07:04:57.497+0000] {taskinstance.py:2888} INFO - Executing <Task(BashOperator): dbt_transformations.dbt_run_core> on 2025-11-25 07:04:34+00:00
[2025-11-25T07:04:57.502+0000] {logging_mixin.py:190} WARNING - /home/***/.local/lib/python3.12/site-packages/***/task/task_runner/standard_task_runner.py:70 DeprecationWarning: This process (pid=7131) is multi-threaded, use of fork() may lead to deadlocks in the child.
[2025-11-25T07:04:57.502+0000] {standard_task_runner.py:72} INFO - Started process 7139 to run task
[2025-11-25T07:04:57.502+0000] {standard_task_runner.py:104} INFO - Running: ['***', 'tasks', 'run', 'stock_elt_with_dbt', 'dbt_transformations.dbt_run_core', 'manual__2025-11-25T07:04:34+00:00', '--job-id', '4854', '--raw', '--subdir', 'DAGS_FOLDER/stock_elt_with_dbt.py', '--cfg-path', '/tmp/tmp6wx461ah']
[2025-11-25T07:04:57.503+0000] {standard_task_runner.py:105} INFO - Job 4854: Subtask dbt_transformations.dbt_run_core
[2025-11-25T07:04:57.521+0000] {task_command.py:467} INFO - Running <TaskInstance: stock_elt_with_dbt.dbt_transformations.dbt_run_core manual__2025-11-25T07:04:34+00:00 [running]> on host a4b8d4f4105c
[2025-11-25T07:04:57.550+0000] {taskinstance.py:3131} INFO - Exporting env vars: AIRFLOW_CTX_DAG_OWNER='***' AIRFLOW_CTX_DAG_ID='stock_elt_with_dbt' AIRFLOW_CTX_TASK_ID='dbt_transformations.dbt_run_core' AIRFLOW_CTX_EXECUTION_DATE='2025-11-25T07:04:34+00:00' AIRFLOW_CTX_TRY_NUMBER='1' AIRFLOW_CTX_DAG_RUN_ID='manual__2025-11-25T07:04:34+00:00'
[2025-11-25T07:04:57.550+0000] {taskinstance.py:731} INFO - ::endgroup::
[2025-11-25T07:04:57.551+0000] {subprocess.py:63} INFO - Tmp dir root location: /tmp
[2025-11-25T07:04:57.552+0000] {subprocess.py:75} INFO - Running command: ['/usr/bin/bash', '-c', 'cd /opt/***/stock_analytics && dbt run --profiles-dir . --select output.core.*']
[2025-11-25T07:04:57.557+0000] {subprocess.py:86} INFO - Output:
[2025-11-25T07:04:58.630+0000] {subprocess.py:93} INFO - [0m07:04:58  Running with dbt=1.7.0
[2025-11-25T07:04:59.077+0000] {subprocess.py:93} INFO - [0m07:04:59  Registered adapter: snowflake=1.7.0
[2025-11-25T07:04:59.114+0000] {subprocess.py:93} INFO - [0m07:04:59  Found 6 models, 5 tests, 2 snapshots, 1 source, 0 exposures, 0 metrics, 470 macros, 0 groups, 0 semantic models
[2025-11-25T07:04:59.115+0000] {subprocess.py:93} INFO - [0m07:04:59
[2025-11-25T07:05:03.032+0000] {subprocess.py:93} INFO - [0m07:05:03  Concurrency: 4 threads (target='dev')
[2025-11-25T07:05:03.033+0000] {subprocess.py:93} INFO - [0m07:05:03
[2025-11-25T07:05:03.044+0000] {subprocess.py:93} INFO - [0m07:05:03  1 of 3 START sql table model analytics.stock_moving_averages ................... [RUN]
[2025-11-25T07:05:03.045+0000] {subprocess.py:93} INFO - [0m07:05:03  2 of 3 START sql table model analytics.stock_rsi ............................... [RUN]
[2025-11-25T07:05:06.727+0000] {subprocess.py:93} INFO - [0m07:05:06  2 of 3 OK created sql table model analytics.stock_rsi .......................... [[32mSUCCESS 1[0m in 3.68s]
[2025-11-25T07:05:06.731+0000] {subprocess.py:93} INFO - [0m07:05:06  1 of 3 OK created sql table model analytics.stock_moving_averages .............. [[32mSUCCESS 1[0m in 3.68s]
[2025-11-25T07:05:06.734+0000] {subprocess.py:93} INFO - [0m07:05:06  3 of 3 START sql table model analytics.stock_technical_indicators .............. [RUN]
[2025-11-25T07:05:08.201+0000] {subprocess.py:93} INFO - [0m07:05:08  3 of 3 OK created sql table model analytics.stock_technical_indicators ......... [[32mSUCCESS 1[0m in 1.46s]
[2025-11-25T07:05:08.208+0000] {subprocess.py:93} INFO - [0m07:05:08
[2025-11-25T07:05:08.208+0000] {subprocess.py:93} INFO - [0m07:05:08  Finished running 3 table models in 0 hours 0 minutes and 9.09 seconds (9.09s).
[2025-11-25T07:05:08.223+0000] {subprocess.py:93} INFO - [0m07:05:08
[2025-11-25T07:05:08.224+0000] {subprocess.py:93} INFO - [0m07:05:08  [32mCompleted successfully[0m
[2025-11-25T07:05:08.224+0000] {subprocess.py:93} INFO - [0m07:05:08
[2025-11-25T07:05:08.225+0000] {subprocess.py:93} INFO - [0m07:05:08  Done. PASS=3 WARN=0 ERROR=0 SKIP=0 TOTAL=3
[2025-11-25T07:05:08.901+0000] {subprocess.py:97} INFO - Command exited with return code 0
[2025-11-25T07:05:08.912+0000] {taskinstance.py:340} INFO - ::group::Post task execution logs
[2025-11-25T07:05:08.913+0000] {taskinstance.py:352} INFO - Marking task as SUCCESS. dag_id=stock_elt_with_dbt, task_id=dbt_transformations.dbt_run_core, run_id=manual__2025-11-25T07:04:34+00:00, execution_date=20251125T070434, start_date=20251125T070457, end_date=20251125T070508
[2025-11-25T07:05:08.935+0000] {local_task_job_runner.py:266} INFO - Task exited with return code 0
[2025-11-25T07:05:08.945+0000] {taskinstance.py:3900} INFO - 1 downstream tasks scheduled from follow-on schedule check
[2025-11-25T07:05:08.946+0000] {local_task_job_runner.py:245} INFO - ::endgroup::
