[2025-11-25T00:37:44.040+0000] {local_task_job_runner.py:123} INFO - ::group::Pre task execution logs
[2025-11-25T00:37:44.061+0000] {taskinstance.py:2612} INFO - Dependencies all met for dep_context=non-requeueable deps ti=<TaskInstance: yfinance_to_snowflake_etl.extract scheduled__2024-02-21T18:00:00+00:00 [queued]>
[2025-11-25T00:37:44.066+0000] {taskinstance.py:2612} INFO - Dependencies all met for dep_context=requeueable deps ti=<TaskInstance: yfinance_to_snowflake_etl.extract scheduled__2024-02-21T18:00:00+00:00 [queued]>
[2025-11-25T00:37:44.066+0000] {taskinstance.py:2865} INFO - Starting attempt 1 of 1
[2025-11-25T00:37:44.082+0000] {taskinstance.py:2888} INFO - Executing <Task(_PythonDecoratedOperator): extract> on 2024-02-21 18:00:00+00:00
[2025-11-25T00:37:44.089+0000] {standard_task_runner.py:104} INFO - Running: ['***', 'tasks', 'run', 'yfinance_to_snowflake_etl', 'extract', 'scheduled__2024-02-21T18:00:00+00:00', '--job-id', '3238', '--raw', '--subdir', 'DAGS_FOLDER/yfinance_to_snowflake_etl.py', '--cfg-path', '/tmp/tmpgav18t61']
[2025-11-25T00:37:44.091+0000] {standard_task_runner.py:105} INFO - Job 3238: Subtask extract
[2025-11-25T00:37:44.090+0000] {logging_mixin.py:190} WARNING - /home/***/.local/lib/python3.12/site-packages/***/task/task_runner/standard_task_runner.py:70 DeprecationWarning: This process (pid=70757) is multi-threaded, use of fork() may lead to deadlocks in the child.
[2025-11-25T00:37:44.095+0000] {standard_task_runner.py:72} INFO - Started process 70804 to run task
[2025-11-25T00:37:44.136+0000] {task_command.py:467} INFO - Running <TaskInstance: yfinance_to_snowflake_etl.extract scheduled__2024-02-21T18:00:00+00:00 [running]> on host fd57ff944215
[2025-11-25T00:37:44.214+0000] {taskinstance.py:3131} INFO - Exporting env vars: AIRFLOW_CTX_DAG_OWNER='***' AIRFLOW_CTX_DAG_ID='yfinance_to_snowflake_etl' AIRFLOW_CTX_TASK_ID='extract' AIRFLOW_CTX_EXECUTION_DATE='2024-02-21T18:00:00+00:00' AIRFLOW_CTX_TRY_NUMBER='1' AIRFLOW_CTX_DAG_RUN_ID='scheduled__2024-02-21T18:00:00+00:00'
[2025-11-25T00:37:44.215+0000] {taskinstance.py:731} INFO - ::endgroup::
[2025-11-25T00:37:44.220+0000] {logging_mixin.py:190} WARNING - /opt/***/dags/yfinance_to_snowflake_etl.py:48 FutureWarning: YF.download() has changed argument auto_adjust default to True
[2025-11-25T00:37:44.402+0000] {logging_mixin.py:190} WARNING - [*********************100%***********************]  1 of 1 completed
[2025-11-25T00:37:44.421+0000] {multi.py:185} ERROR - 
1 Failed download:
[2025-11-25T00:37:44.429+0000] {multi.py:198} ERROR - ['AAPL']: YFRateLimitError('Too Many Requests. Rate limited. Try after a while.')
[2025-11-25T00:37:44.475+0000] {logging_mixin.py:190} INFO - Error: No data available for symbol AAPL. Retrying in 2.0 seconds...
[2025-11-25T00:37:46.485+0000] {logging_mixin.py:190} WARNING - /opt/***/dags/yfinance_to_snowflake_etl.py:48 FutureWarning: YF.download() has changed argument auto_adjust default to True
[2025-11-25T00:37:46.609+0000] {logging_mixin.py:190} WARNING - [*********************100%***********************]  1 of 1 completed
[2025-11-25T00:37:46.610+0000] {multi.py:185} ERROR - 
1 Failed download:
[2025-11-25T00:37:46.610+0000] {multi.py:198} ERROR - ['AAPL']: YFRateLimitError('Too Many Requests. Rate limited. Try after a while.')
[2025-11-25T00:37:46.612+0000] {logging_mixin.py:190} INFO - Max retries reached. Unable to download stock data for AAPL.
[2025-11-25T00:37:46.612+0000] {logging_mixin.py:190} INFO - No data returned for AAPL
[2025-11-25T00:37:46.613+0000] {logging_mixin.py:190} WARNING - /opt/***/dags/yfinance_to_snowflake_etl.py:48 FutureWarning: YF.download() has changed argument auto_adjust default to True
[2025-11-25T00:37:46.827+0000] {logging_mixin.py:190} WARNING - [*********************100%***********************]  1 of 1 completed
[2025-11-25T00:37:46.828+0000] {multi.py:185} ERROR - 
1 Failed download:
[2025-11-25T00:37:46.828+0000] {multi.py:198} ERROR - ['TSLA']: YFRateLimitError('Too Many Requests. Rate limited. Try after a while.')
[2025-11-25T00:37:46.829+0000] {logging_mixin.py:190} INFO - Error: No data available for symbol TSLA. Retrying in 2.0 seconds...
[2025-11-25T00:37:48.832+0000] {logging_mixin.py:190} WARNING - /opt/***/dags/yfinance_to_snowflake_etl.py:48 FutureWarning: YF.download() has changed argument auto_adjust default to True
[2025-11-25T00:37:48.966+0000] {logging_mixin.py:190} WARNING - [*********************100%***********************]  1 of 1 completed
[2025-11-25T00:37:48.966+0000] {multi.py:185} ERROR - 
1 Failed download:
[2025-11-25T00:37:48.966+0000] {multi.py:198} ERROR - ['TSLA']: YFRateLimitError('Too Many Requests. Rate limited. Try after a while.')
[2025-11-25T00:37:48.967+0000] {logging_mixin.py:190} INFO - Max retries reached. Unable to download stock data for TSLA.
[2025-11-25T00:37:48.968+0000] {logging_mixin.py:190} INFO - No data returned for TSLA
[2025-11-25T00:37:48.968+0000] {python.py:240} INFO - Done. Returned value was: []
[2025-11-25T00:37:48.976+0000] {taskinstance.py:340} INFO - ::group::Post task execution logs
[2025-11-25T00:37:48.976+0000] {taskinstance.py:352} INFO - Marking task as SUCCESS. dag_id=yfinance_to_snowflake_etl, task_id=extract, run_id=scheduled__2024-02-21T18:00:00+00:00, execution_date=20240221T180000, start_date=20251125T003744, end_date=20251125T003748
[2025-11-25T00:37:49.003+0000] {local_task_job_runner.py:266} INFO - Task exited with return code 0
[2025-11-25T00:37:49.008+0000] {local_task_job_runner.py:245} INFO - ::endgroup::
