[2025-11-25T00:37:57.464+0000] {local_task_job_runner.py:123} INFO - ::group::Pre task execution logs
[2025-11-25T00:37:57.476+0000] {taskinstance.py:2612} INFO - Dependencies all met for dep_context=non-requeueable deps ti=<TaskInstance: yfinance_to_snowflake_etl.extract scheduled__2024-03-12T18:00:00+00:00 [queued]>
[2025-11-25T00:37:57.479+0000] {taskinstance.py:2612} INFO - Dependencies all met for dep_context=requeueable deps ti=<TaskInstance: yfinance_to_snowflake_etl.extract scheduled__2024-03-12T18:00:00+00:00 [queued]>
[2025-11-25T00:37:57.480+0000] {taskinstance.py:2865} INFO - Starting attempt 1 of 1
[2025-11-25T00:37:57.490+0000] {taskinstance.py:2888} INFO - Executing <Task(_PythonDecoratedOperator): extract> on 2024-03-12 18:00:00+00:00
[2025-11-25T00:37:57.496+0000] {logging_mixin.py:190} WARNING - /home/***/.local/lib/python3.12/site-packages/***/task/task_runner/standard_task_runner.py:70 DeprecationWarning: This process (pid=71150) is multi-threaded, use of fork() may lead to deadlocks in the child.
[2025-11-25T00:37:57.498+0000] {standard_task_runner.py:72} INFO - Started process 71194 to run task
[2025-11-25T00:37:57.498+0000] {standard_task_runner.py:104} INFO - Running: ['***', 'tasks', 'run', 'yfinance_to_snowflake_etl', 'extract', 'scheduled__2024-03-12T18:00:00+00:00', '--job-id', '3283', '--raw', '--subdir', 'DAGS_FOLDER/yfinance_to_snowflake_etl.py', '--cfg-path', '/tmp/tmpftmbjw40']
[2025-11-25T00:37:57.499+0000] {standard_task_runner.py:105} INFO - Job 3283: Subtask extract
[2025-11-25T00:37:57.540+0000] {task_command.py:467} INFO - Running <TaskInstance: yfinance_to_snowflake_etl.extract scheduled__2024-03-12T18:00:00+00:00 [running]> on host fd57ff944215
[2025-11-25T00:37:57.592+0000] {taskinstance.py:3131} INFO - Exporting env vars: AIRFLOW_CTX_DAG_OWNER='***' AIRFLOW_CTX_DAG_ID='yfinance_to_snowflake_etl' AIRFLOW_CTX_TASK_ID='extract' AIRFLOW_CTX_EXECUTION_DATE='2024-03-12T18:00:00+00:00' AIRFLOW_CTX_TRY_NUMBER='1' AIRFLOW_CTX_DAG_RUN_ID='scheduled__2024-03-12T18:00:00+00:00'
[2025-11-25T00:37:57.593+0000] {taskinstance.py:731} INFO - ::endgroup::
[2025-11-25T00:37:57.595+0000] {logging_mixin.py:190} WARNING - /opt/***/dags/yfinance_to_snowflake_etl.py:48 FutureWarning: YF.download() has changed argument auto_adjust default to True
[2025-11-25T00:37:57.685+0000] {logging_mixin.py:190} WARNING - [*********************100%***********************]  1 of 1 completed
[2025-11-25T00:37:57.686+0000] {multi.py:185} ERROR - 
1 Failed download:
[2025-11-25T00:37:57.686+0000] {multi.py:198} ERROR - ['AAPL']: YFRateLimitError('Too Many Requests. Rate limited. Try after a while.')
[2025-11-25T00:37:57.690+0000] {logging_mixin.py:190} INFO - Error: No data available for symbol AAPL. Retrying in 2.0 seconds...
[2025-11-25T00:37:59.693+0000] {logging_mixin.py:190} WARNING - /opt/***/dags/yfinance_to_snowflake_etl.py:48 FutureWarning: YF.download() has changed argument auto_adjust default to True
[2025-11-25T00:37:59.866+0000] {logging_mixin.py:190} WARNING - [*********************100%***********************]  1 of 1 completed
[2025-11-25T00:37:59.866+0000] {multi.py:185} ERROR - 
1 Failed download:
[2025-11-25T00:37:59.866+0000] {multi.py:198} ERROR - ['AAPL']: YFRateLimitError('Too Many Requests. Rate limited. Try after a while.')
[2025-11-25T00:37:59.868+0000] {logging_mixin.py:190} INFO - Max retries reached. Unable to download stock data for AAPL.
[2025-11-25T00:37:59.868+0000] {logging_mixin.py:190} INFO - No data returned for AAPL
[2025-11-25T00:37:59.868+0000] {logging_mixin.py:190} WARNING - /opt/***/dags/yfinance_to_snowflake_etl.py:48 FutureWarning: YF.download() has changed argument auto_adjust default to True
[2025-11-25T00:38:00.058+0000] {logging_mixin.py:190} WARNING - [*********************100%***********************]  1 of 1 completed
[2025-11-25T00:38:00.058+0000] {multi.py:185} ERROR - 
1 Failed download:
[2025-11-25T00:38:00.058+0000] {multi.py:198} ERROR - ['TSLA']: YFRateLimitError('Too Many Requests. Rate limited. Try after a while.')
[2025-11-25T00:38:00.060+0000] {logging_mixin.py:190} INFO - Error: No data available for symbol TSLA. Retrying in 2.0 seconds...
[2025-11-25T00:38:02.061+0000] {logging_mixin.py:190} WARNING - /opt/***/dags/yfinance_to_snowflake_etl.py:48 FutureWarning: YF.download() has changed argument auto_adjust default to True
[2025-11-25T00:38:02.300+0000] {logging_mixin.py:190} WARNING - [*********************100%***********************]  1 of 1 completed
[2025-11-25T00:38:02.300+0000] {multi.py:185} ERROR - 
1 Failed download:
[2025-11-25T00:38:02.300+0000] {multi.py:198} ERROR - ['TSLA']: YFRateLimitError('Too Many Requests. Rate limited. Try after a while.')
[2025-11-25T00:38:02.301+0000] {logging_mixin.py:190} INFO - Max retries reached. Unable to download stock data for TSLA.
[2025-11-25T00:38:02.301+0000] {logging_mixin.py:190} INFO - No data returned for TSLA
[2025-11-25T00:38:02.301+0000] {python.py:240} INFO - Done. Returned value was: []
[2025-11-25T00:38:02.308+0000] {taskinstance.py:340} INFO - ::group::Post task execution logs
[2025-11-25T00:38:02.308+0000] {taskinstance.py:352} INFO - Marking task as SUCCESS. dag_id=yfinance_to_snowflake_etl, task_id=extract, run_id=scheduled__2024-03-12T18:00:00+00:00, execution_date=20240312T180000, start_date=20251125T003757, end_date=20251125T003802
[2025-11-25T00:38:02.334+0000] {local_task_job_runner.py:266} INFO - Task exited with return code 0
[2025-11-25T00:38:02.338+0000] {local_task_job_runner.py:245} INFO - ::endgroup::
