[2025-11-25T20:28:27.761+0000] {local_task_job_runner.py:123} INFO - ::group::Pre task execution logs
[2025-11-25T20:28:27.768+0000] {taskinstance.py:2612} INFO - Dependencies all met for dep_context=non-requeueable deps ti=<TaskInstance: stock_elt_with_dbt.dbt_transformations.dbt_run_core manual__2025-11-25T20:28:12+00:00 [queued]>
[2025-11-25T20:28:27.771+0000] {taskinstance.py:2612} INFO - Dependencies all met for dep_context=requeueable deps ti=<TaskInstance: stock_elt_with_dbt.dbt_transformations.dbt_run_core manual__2025-11-25T20:28:12+00:00 [queued]>
[2025-11-25T20:28:27.771+0000] {taskinstance.py:2865} INFO - Starting attempt 1 of 2
[2025-11-25T20:28:27.775+0000] {taskinstance.py:2888} INFO - Executing <Task(BashOperator): dbt_transformations.dbt_run_core> on 2025-11-25 20:28:12+00:00
[2025-11-25T20:28:27.779+0000] {logging_mixin.py:190} WARNING - /home/***/.local/lib/python3.12/site-packages/***/task/task_runner/standard_task_runner.py:70 DeprecationWarning: This process (pid=18880) is multi-threaded, use of fork() may lead to deadlocks in the child.
[2025-11-25T20:28:27.780+0000] {standard_task_runner.py:72} INFO - Started process 18888 to run task
[2025-11-25T20:28:27.779+0000] {standard_task_runner.py:104} INFO - Running: ['***', 'tasks', 'run', 'stock_elt_with_dbt', 'dbt_transformations.dbt_run_core', 'manual__2025-11-25T20:28:12+00:00', '--job-id', '4900', '--raw', '--subdir', 'DAGS_FOLDER/stock_elt_with_dbt.py', '--cfg-path', '/tmp/tmpy_bas2dq']
[2025-11-25T20:28:27.780+0000] {standard_task_runner.py:105} INFO - Job 4900: Subtask dbt_transformations.dbt_run_core
[2025-11-25T20:28:27.796+0000] {task_command.py:467} INFO - Running <TaskInstance: stock_elt_with_dbt.dbt_transformations.dbt_run_core manual__2025-11-25T20:28:12+00:00 [running]> on host a4b8d4f4105c
[2025-11-25T20:28:27.822+0000] {taskinstance.py:3131} INFO - Exporting env vars: AIRFLOW_CTX_DAG_OWNER='***' AIRFLOW_CTX_DAG_ID='stock_elt_with_dbt' AIRFLOW_CTX_TASK_ID='dbt_transformations.dbt_run_core' AIRFLOW_CTX_EXECUTION_DATE='2025-11-25T20:28:12+00:00' AIRFLOW_CTX_TRY_NUMBER='1' AIRFLOW_CTX_DAG_RUN_ID='manual__2025-11-25T20:28:12+00:00'
[2025-11-25T20:28:27.822+0000] {taskinstance.py:731} INFO - ::endgroup::
[2025-11-25T20:28:27.823+0000] {subprocess.py:63} INFO - Tmp dir root location: /tmp
[2025-11-25T20:28:27.824+0000] {subprocess.py:75} INFO - Running command: ['/usr/bin/bash', '-c', 'cd /opt/***/stock_analytics && dbt run --profiles-dir . --select output.core.*']
[2025-11-25T20:28:27.828+0000] {subprocess.py:86} INFO - Output:
[2025-11-25T20:28:28.825+0000] {subprocess.py:93} INFO - [0m20:28:28  Running with dbt=1.7.0
[2025-11-25T20:28:29.131+0000] {subprocess.py:93} INFO - [0m20:28:29  Registered adapter: snowflake=1.7.0
[2025-11-25T20:28:29.161+0000] {subprocess.py:93} INFO - [0m20:28:29  Found 6 models, 5 tests, 2 snapshots, 1 source, 0 exposures, 0 metrics, 470 macros, 0 groups, 0 semantic models
[2025-11-25T20:28:29.162+0000] {subprocess.py:93} INFO - [0m20:28:29
[2025-11-25T20:28:30.907+0000] {subprocess.py:93} INFO - [0m20:28:30  Concurrency: 4 threads (target='dev')
[2025-11-25T20:28:30.908+0000] {subprocess.py:93} INFO - [0m20:28:30
[2025-11-25T20:28:30.919+0000] {subprocess.py:93} INFO - [0m20:28:30  1 of 3 START sql table model analytics.stock_moving_averages ................... [RUN]
[2025-11-25T20:28:30.920+0000] {subprocess.py:93} INFO - [0m20:28:30  2 of 3 START sql table model analytics.stock_rsi ............................... [RUN]
[2025-11-25T20:28:34.934+0000] {subprocess.py:93} INFO - [0m20:28:34  1 of 3 OK created sql table model analytics.stock_moving_averages .............. [[32mSUCCESS 1[0m in 4.01s]
[2025-11-25T20:28:35.058+0000] {subprocess.py:93} INFO - [0m20:28:35  2 of 3 OK created sql table model analytics.stock_rsi .......................... [[32mSUCCESS 1[0m in 4.14s]
[2025-11-25T20:28:35.061+0000] {subprocess.py:93} INFO - [0m20:28:35  3 of 3 START sql table model analytics.stock_technical_indicators .............. [RUN]
[2025-11-25T20:28:37.840+0000] {subprocess.py:93} INFO - [0m20:28:37  3 of 3 OK created sql table model analytics.stock_technical_indicators ......... [[32mSUCCESS 1[0m in 2.78s]
[2025-11-25T20:28:37.846+0000] {subprocess.py:93} INFO - [0m20:28:37
[2025-11-25T20:28:37.846+0000] {subprocess.py:93} INFO - [0m20:28:37  Finished running 3 table models in 0 hours 0 minutes and 8.68 seconds (8.68s).
[2025-11-25T20:28:37.858+0000] {subprocess.py:93} INFO - [0m20:28:37
[2025-11-25T20:28:37.859+0000] {subprocess.py:93} INFO - [0m20:28:37  [32mCompleted successfully[0m
[2025-11-25T20:28:37.859+0000] {subprocess.py:93} INFO - [0m20:28:37
[2025-11-25T20:28:37.860+0000] {subprocess.py:93} INFO - [0m20:28:37  Done. PASS=3 WARN=0 ERROR=0 SKIP=0 TOTAL=3
[2025-11-25T20:28:38.586+0000] {subprocess.py:97} INFO - Command exited with return code 0
[2025-11-25T20:28:38.701+0000] {taskinstance.py:340} INFO - ::group::Post task execution logs
[2025-11-25T20:28:38.701+0000] {taskinstance.py:352} INFO - Marking task as SUCCESS. dag_id=stock_elt_with_dbt, task_id=dbt_transformations.dbt_run_core, run_id=manual__2025-11-25T20:28:12+00:00, execution_date=20251125T202812, start_date=20251125T202827, end_date=20251125T202838
[2025-11-25T20:28:38.722+0000] {local_task_job_runner.py:266} INFO - Task exited with return code 0
[2025-11-25T20:28:38.730+0000] {taskinstance.py:3900} INFO - 1 downstream tasks scheduled from follow-on schedule check
[2025-11-25T20:28:38.731+0000] {local_task_job_runner.py:245} INFO - ::endgroup::
