[2025-11-25T06:57:01.941+0000] {local_task_job_runner.py:123} INFO - ::group::Pre task execution logs
[2025-11-25T06:57:01.947+0000] {taskinstance.py:2612} INFO - Dependencies all met for dep_context=non-requeueable deps ti=<TaskInstance: stock_elt_with_dbt.dbt_transformations.dbt_deps manual__2025-11-25T02:23:25.714165+00:00 [queued]>
[2025-11-25T06:57:01.950+0000] {taskinstance.py:2612} INFO - Dependencies all met for dep_context=requeueable deps ti=<TaskInstance: stock_elt_with_dbt.dbt_transformations.dbt_deps manual__2025-11-25T02:23:25.714165+00:00 [queued]>
[2025-11-25T06:57:01.950+0000] {taskinstance.py:2865} INFO - Starting attempt 3 of 4
[2025-11-25T06:57:01.954+0000] {taskinstance.py:2888} INFO - Executing <Task(BashOperator): dbt_transformations.dbt_deps> on 2025-11-25 02:23:25.714165+00:00
[2025-11-25T06:57:01.958+0000] {standard_task_runner.py:104} INFO - Running: ['***', 'tasks', 'run', 'stock_elt_with_dbt', 'dbt_transformations.dbt_deps', 'manual__2025-11-25T02:23:25.714165+00:00', '--job-id', '4824', '--raw', '--subdir', 'DAGS_FOLDER/stock_elt_with_dbt.py', '--cfg-path', '/tmp/tmpgprgd814']
[2025-11-25T06:57:01.959+0000] {logging_mixin.py:190} WARNING - /home/***/.local/lib/python3.12/site-packages/***/task/task_runner/standard_task_runner.py:70 DeprecationWarning: This process (pid=5517) is multi-threaded, use of fork() may lead to deadlocks in the child.
[2025-11-25T06:57:01.959+0000] {standard_task_runner.py:105} INFO - Job 4824: Subtask dbt_transformations.dbt_deps
[2025-11-25T06:57:01.959+0000] {standard_task_runner.py:72} INFO - Started process 5541 to run task
[2025-11-25T06:57:01.975+0000] {task_command.py:467} INFO - Running <TaskInstance: stock_elt_with_dbt.dbt_transformations.dbt_deps manual__2025-11-25T02:23:25.714165+00:00 [running]> on host a4b8d4f4105c
[2025-11-25T06:57:02.001+0000] {taskinstance.py:3131} INFO - Exporting env vars: AIRFLOW_CTX_DAG_OWNER='***' AIRFLOW_CTX_DAG_ID='stock_elt_with_dbt' AIRFLOW_CTX_TASK_ID='dbt_transformations.dbt_deps' AIRFLOW_CTX_EXECUTION_DATE='2025-11-25T02:23:25.714165+00:00' AIRFLOW_CTX_TRY_NUMBER='3' AIRFLOW_CTX_DAG_RUN_ID='manual__2025-11-25T02:23:25.714165+00:00'
[2025-11-25T06:57:02.002+0000] {taskinstance.py:731} INFO - ::endgroup::
[2025-11-25T06:57:02.003+0000] {subprocess.py:63} INFO - Tmp dir root location: /tmp
[2025-11-25T06:57:02.003+0000] {subprocess.py:75} INFO - Running command: ['/usr/bin/bash', '-c', 'cd /opt/***/stock_analytics && dbt deps --profiles-dir .']
[2025-11-25T06:57:02.007+0000] {subprocess.py:86} INFO - Output:
[2025-11-25T06:57:03.151+0000] {subprocess.py:93} INFO - [0m06:57:03  Running with dbt=1.7.0
[2025-11-25T06:57:03.187+0000] {subprocess.py:93} INFO - [0m06:57:03  Warning: No packages were found in packages.yml
[2025-11-25T06:57:03.188+0000] {subprocess.py:93} INFO - [0m06:57:03  Warning: No packages were found in packages.yml
[2025-11-25T06:57:03.831+0000] {subprocess.py:97} INFO - Command exited with return code 0
[2025-11-25T06:57:03.844+0000] {taskinstance.py:340} INFO - ::group::Post task execution logs
[2025-11-25T06:57:03.844+0000] {taskinstance.py:352} INFO - Marking task as SUCCESS. dag_id=stock_elt_with_dbt, task_id=dbt_transformations.dbt_deps, run_id=manual__2025-11-25T02:23:25.714165+00:00, execution_date=20251125T022325, start_date=20251125T065701, end_date=20251125T065703
[2025-11-25T06:57:03.886+0000] {local_task_job_runner.py:266} INFO - Task exited with return code 0
[2025-11-25T06:57:03.908+0000] {taskinstance.py:3900} INFO - 1 downstream tasks scheduled from follow-on schedule check
[2025-11-25T06:57:03.909+0000] {local_task_job_runner.py:245} INFO - ::endgroup::
