[2025-11-25T20:33:32.536+0000] {local_task_job_runner.py:123} INFO - ::group::Pre task execution logs
[2025-11-25T20:33:32.541+0000] {taskinstance.py:2612} INFO - Dependencies all met for dep_context=non-requeueable deps ti=<TaskInstance: stock_elt_with_dbt.dbt_transformations.dbt_run_core manual__2025-11-25T20:33:13+00:00 [queued]>
[2025-11-25T20:33:32.545+0000] {taskinstance.py:2612} INFO - Dependencies all met for dep_context=requeueable deps ti=<TaskInstance: stock_elt_with_dbt.dbt_transformations.dbt_run_core manual__2025-11-25T20:33:13+00:00 [queued]>
[2025-11-25T20:33:32.545+0000] {taskinstance.py:2865} INFO - Starting attempt 1 of 2
[2025-11-25T20:33:32.549+0000] {taskinstance.py:2888} INFO - Executing <Task(BashOperator): dbt_transformations.dbt_run_core> on 2025-11-25 20:33:13+00:00
[2025-11-25T20:33:32.553+0000] {logging_mixin.py:190} WARNING - /home/***/.local/lib/python3.12/site-packages/***/task/task_runner/standard_task_runner.py:70 DeprecationWarning: This process (pid=20332) is multi-threaded, use of fork() may lead to deadlocks in the child.
[2025-11-25T20:33:32.553+0000] {standard_task_runner.py:72} INFO - Started process 20341 to run task
[2025-11-25T20:33:32.553+0000] {standard_task_runner.py:104} INFO - Running: ['***', 'tasks', 'run', 'stock_elt_with_dbt', 'dbt_transformations.dbt_run_core', 'manual__2025-11-25T20:33:13+00:00', '--job-id', '4926', '--raw', '--subdir', 'DAGS_FOLDER/stock_elt_with_dbt.py', '--cfg-path', '/tmp/tmpu0ib6nz0']
[2025-11-25T20:33:32.554+0000] {standard_task_runner.py:105} INFO - Job 4926: Subtask dbt_transformations.dbt_run_core
[2025-11-25T20:33:32.568+0000] {task_command.py:467} INFO - Running <TaskInstance: stock_elt_with_dbt.dbt_transformations.dbt_run_core manual__2025-11-25T20:33:13+00:00 [running]> on host a4b8d4f4105c
[2025-11-25T20:33:32.593+0000] {taskinstance.py:3131} INFO - Exporting env vars: AIRFLOW_CTX_DAG_OWNER='***' AIRFLOW_CTX_DAG_ID='stock_elt_with_dbt' AIRFLOW_CTX_TASK_ID='dbt_transformations.dbt_run_core' AIRFLOW_CTX_EXECUTION_DATE='2025-11-25T20:33:13+00:00' AIRFLOW_CTX_TRY_NUMBER='1' AIRFLOW_CTX_DAG_RUN_ID='manual__2025-11-25T20:33:13+00:00'
[2025-11-25T20:33:32.594+0000] {taskinstance.py:731} INFO - ::endgroup::
[2025-11-25T20:33:32.595+0000] {subprocess.py:63} INFO - Tmp dir root location: /tmp
[2025-11-25T20:33:32.595+0000] {subprocess.py:75} INFO - Running command: ['/usr/bin/bash', '-c', 'cd /opt/***/stock_analytics && dbt run --profiles-dir . --select output.core.*']
[2025-11-25T20:33:32.599+0000] {subprocess.py:86} INFO - Output:
[2025-11-25T20:33:33.607+0000] {subprocess.py:93} INFO - [0m20:33:33  Running with dbt=1.7.0
[2025-11-25T20:33:33.914+0000] {subprocess.py:93} INFO - [0m20:33:33  Registered adapter: snowflake=1.7.0
[2025-11-25T20:33:33.944+0000] {subprocess.py:93} INFO - [0m20:33:33  Found 6 models, 5 tests, 2 snapshots, 1 source, 0 exposures, 0 metrics, 470 macros, 0 groups, 0 semantic models
[2025-11-25T20:33:33.945+0000] {subprocess.py:93} INFO - [0m20:33:33
[2025-11-25T20:33:35.371+0000] {subprocess.py:93} INFO - [0m20:33:35  Concurrency: 4 threads (target='dev')
[2025-11-25T20:33:35.372+0000] {subprocess.py:93} INFO - [0m20:33:35
[2025-11-25T20:33:35.381+0000] {subprocess.py:93} INFO - [0m20:33:35  1 of 3 START sql table model analytics.stock_moving_averages ................... [RUN]
[2025-11-25T20:33:35.382+0000] {subprocess.py:93} INFO - [0m20:33:35  2 of 3 START sql table model analytics.stock_rsi ............................... [RUN]
[2025-11-25T20:33:37.232+0000] {subprocess.py:93} INFO - [0m20:33:37  1 of 3 OK created sql table model analytics.stock_moving_averages .............. [[32mSUCCESS 1[0m in 1.85s]
[2025-11-25T20:33:37.245+0000] {subprocess.py:93} INFO - [0m20:33:37  2 of 3 OK created sql table model analytics.stock_rsi .......................... [[32mSUCCESS 1[0m in 1.86s]
[2025-11-25T20:33:37.247+0000] {subprocess.py:93} INFO - [0m20:33:37  3 of 3 START sql table model analytics.stock_technical_indicators .............. [RUN]
[2025-11-25T20:33:38.775+0000] {subprocess.py:93} INFO - [0m20:33:38  3 of 3 OK created sql table model analytics.stock_technical_indicators ......... [[32mSUCCESS 1[0m in 1.53s]
[2025-11-25T20:33:38.782+0000] {subprocess.py:93} INFO - [0m20:33:38
[2025-11-25T20:33:38.783+0000] {subprocess.py:93} INFO - [0m20:33:38  Finished running 3 table models in 0 hours 0 minutes and 4.84 seconds (4.84s).
[2025-11-25T20:33:38.795+0000] {subprocess.py:93} INFO - [0m20:33:38
[2025-11-25T20:33:38.796+0000] {subprocess.py:93} INFO - [0m20:33:38  [32mCompleted successfully[0m
[2025-11-25T20:33:38.796+0000] {subprocess.py:93} INFO - [0m20:33:38
[2025-11-25T20:33:38.797+0000] {subprocess.py:93} INFO - [0m20:33:38  Done. PASS=3 WARN=0 ERROR=0 SKIP=0 TOTAL=3
[2025-11-25T20:33:39.354+0000] {subprocess.py:97} INFO - Command exited with return code 0
[2025-11-25T20:33:39.364+0000] {taskinstance.py:340} INFO - ::group::Post task execution logs
[2025-11-25T20:33:39.365+0000] {taskinstance.py:352} INFO - Marking task as SUCCESS. dag_id=stock_elt_with_dbt, task_id=dbt_transformations.dbt_run_core, run_id=manual__2025-11-25T20:33:13+00:00, execution_date=20251125T203313, start_date=20251125T203332, end_date=20251125T203339
[2025-11-25T20:33:39.501+0000] {local_task_job_runner.py:266} INFO - Task exited with return code 0
[2025-11-25T20:33:39.509+0000] {taskinstance.py:3900} INFO - 1 downstream tasks scheduled from follow-on schedule check
[2025-11-25T20:33:39.510+0000] {local_task_job_runner.py:245} INFO - ::endgroup::
