[2025-11-24T23:51:36.433+0000] {local_task_job_runner.py:123} INFO - ::group::Pre task execution logs
[2025-11-24T23:51:36.439+0000] {taskinstance.py:2612} INFO - Dependencies all met for dep_context=non-requeueable deps ti=<TaskInstance: yfinance_to_snowflake_etl.load_many scheduled__2020-03-02T18:00:00+00:00 [queued]>
[2025-11-24T23:51:36.443+0000] {taskinstance.py:2612} INFO - Dependencies all met for dep_context=requeueable deps ti=<TaskInstance: yfinance_to_snowflake_etl.load_many scheduled__2020-03-02T18:00:00+00:00 [queued]>
[2025-11-24T23:51:36.444+0000] {taskinstance.py:2865} INFO - Starting attempt 1 of 1
[2025-11-24T23:51:36.448+0000] {taskinstance.py:2888} INFO - Executing <Task(_PythonDecoratedOperator): load_many> on 2020-03-02 18:00:00+00:00
[2025-11-24T23:51:36.452+0000] {logging_mixin.py:190} WARNING - /home/***/.local/lib/python3.12/site-packages/***/task/task_runner/standard_task_runner.py:70 DeprecationWarning: This process (pid=4930) is multi-threaded, use of fork() may lead to deadlocks in the child.
[2025-11-24T23:51:36.452+0000] {standard_task_runner.py:72} INFO - Started process 4944 to run task
[2025-11-24T23:51:36.452+0000] {standard_task_runner.py:104} INFO - Running: ['***', 'tasks', 'run', 'yfinance_to_snowflake_etl', 'load_many', 'scheduled__2020-03-02T18:00:00+00:00', '--job-id', '146', '--raw', '--subdir', 'DAGS_FOLDER/yfinance_to_snowflake_etl.py', '--cfg-path', '/tmp/tmpwqlrs2k5']
[2025-11-24T23:51:36.453+0000] {standard_task_runner.py:105} INFO - Job 146: Subtask load_many
[2025-11-24T23:51:36.470+0000] {task_command.py:467} INFO - Running <TaskInstance: yfinance_to_snowflake_etl.load_many scheduled__2020-03-02T18:00:00+00:00 [running]> on host fd57ff944215
[2025-11-24T23:51:36.507+0000] {taskinstance.py:3131} INFO - Exporting env vars: AIRFLOW_CTX_DAG_OWNER='***' AIRFLOW_CTX_DAG_ID='yfinance_to_snowflake_etl' AIRFLOW_CTX_TASK_ID='load_many' AIRFLOW_CTX_EXECUTION_DATE='2020-03-02T18:00:00+00:00' AIRFLOW_CTX_TRY_NUMBER='1' AIRFLOW_CTX_DAG_RUN_ID='scheduled__2020-03-02T18:00:00+00:00'
[2025-11-24T23:51:36.507+0000] {taskinstance.py:731} INFO - ::endgroup::
[2025-11-24T23:51:36.745+0000] {cursor.py:1156} INFO - Number of results in first chunk: 1
[2025-11-24T23:51:37.140+0000] {cursor.py:1156} INFO - Number of results in first chunk: 1
[2025-11-24T23:51:37.213+0000] {cursor.py:1156} INFO - Number of results in first chunk: 1
[2025-11-24T23:51:37.214+0000] {python.py:240} INFO - Done. Returned value was: None
[2025-11-24T23:51:37.217+0000] {taskinstance.py:340} INFO - ::group::Post task execution logs
[2025-11-24T23:51:37.218+0000] {taskinstance.py:352} INFO - Marking task as SUCCESS. dag_id=yfinance_to_snowflake_etl, task_id=load_many, run_id=scheduled__2020-03-02T18:00:00+00:00, execution_date=20200302T180000, start_date=20251124T235136, end_date=20251124T235137
[2025-11-24T23:51:37.237+0000] {local_task_job_runner.py:266} INFO - Task exited with return code 0
[2025-11-24T23:51:37.243+0000] {taskinstance.py:3900} INFO - 0 downstream tasks scheduled from follow-on schedule check
[2025-11-24T23:51:37.244+0000] {local_task_job_runner.py:245} INFO - ::endgroup::
