[2025-11-24T23:59:14.926+0000] {local_task_job_runner.py:123} INFO - ::group::Pre task execution logs
[2025-11-24T23:59:14.936+0000] {taskinstance.py:2612} INFO - Dependencies all met for dep_context=non-requeueable deps ti=<TaskInstance: yfinance_to_snowflake_etl.load_many scheduled__2020-09-09T18:00:00+00:00 [queued]>
[2025-11-24T23:59:14.939+0000] {taskinstance.py:2612} INFO - Dependencies all met for dep_context=requeueable deps ti=<TaskInstance: yfinance_to_snowflake_etl.load_many scheduled__2020-09-09T18:00:00+00:00 [queued]>
[2025-11-24T23:59:14.939+0000] {taskinstance.py:2865} INFO - Starting attempt 1 of 1
[2025-11-24T23:59:14.947+0000] {taskinstance.py:2888} INFO - Executing <Task(_PythonDecoratedOperator): load_many> on 2020-09-09 18:00:00+00:00
[2025-11-24T23:59:14.952+0000] {logging_mixin.py:190} WARNING - /home/***/.local/lib/python3.12/site-packages/***/task/task_runner/standard_task_runner.py:70 DeprecationWarning: This process (pid=17111) is multi-threaded, use of fork() may lead to deadlocks in the child.
[2025-11-24T23:59:14.953+0000] {standard_task_runner.py:72} INFO - Started process 17170 to run task
[2025-11-24T23:59:14.955+0000] {standard_task_runner.py:104} INFO - Running: ['***', 'tasks', 'run', 'yfinance_to_snowflake_etl', 'load_many', 'scheduled__2020-09-09T18:00:00+00:00', '--job-id', '565', '--raw', '--subdir', 'DAGS_FOLDER/yfinance_to_snowflake_etl.py', '--cfg-path', '/tmp/tmp6ccce49n']
[2025-11-24T23:59:14.958+0000] {standard_task_runner.py:105} INFO - Job 565: Subtask load_many
[2025-11-24T23:59:14.991+0000] {task_command.py:467} INFO - Running <TaskInstance: yfinance_to_snowflake_etl.load_many scheduled__2020-09-09T18:00:00+00:00 [running]> on host fd57ff944215
[2025-11-24T23:59:15.041+0000] {taskinstance.py:3131} INFO - Exporting env vars: AIRFLOW_CTX_DAG_OWNER='***' AIRFLOW_CTX_DAG_ID='yfinance_to_snowflake_etl' AIRFLOW_CTX_TASK_ID='load_many' AIRFLOW_CTX_EXECUTION_DATE='2020-09-09T18:00:00+00:00' AIRFLOW_CTX_TRY_NUMBER='1' AIRFLOW_CTX_DAG_RUN_ID='scheduled__2020-09-09T18:00:00+00:00'
[2025-11-24T23:59:15.044+0000] {taskinstance.py:731} INFO - ::endgroup::
[2025-11-24T23:59:15.177+0000] {cursor.py:1156} INFO - Number of results in first chunk: 1
[2025-11-24T23:59:15.691+0000] {cursor.py:1156} INFO - Number of results in first chunk: 1
[2025-11-24T23:59:15.809+0000] {cursor.py:1156} INFO - Number of results in first chunk: 1
[2025-11-24T23:59:15.810+0000] {python.py:240} INFO - Done. Returned value was: None
[2025-11-24T23:59:15.814+0000] {taskinstance.py:340} INFO - ::group::Post task execution logs
[2025-11-24T23:59:15.815+0000] {taskinstance.py:352} INFO - Marking task as SUCCESS. dag_id=yfinance_to_snowflake_etl, task_id=load_many, run_id=scheduled__2020-09-09T18:00:00+00:00, execution_date=20200909T180000, start_date=20251124T235914, end_date=20251124T235915
[2025-11-24T23:59:15.834+0000] {local_task_job_runner.py:266} INFO - Task exited with return code 0
[2025-11-24T23:59:15.842+0000] {taskinstance.py:3900} INFO - 0 downstream tasks scheduled from follow-on schedule check
[2025-11-24T23:59:15.843+0000] {local_task_job_runner.py:245} INFO - ::endgroup::
