[2025-11-25T00:40:48.036+0000] {local_task_job_runner.py:123} INFO - ::group::Pre task execution logs
[2025-11-25T00:40:48.043+0000] {taskinstance.py:2612} INFO - Dependencies all met for dep_context=non-requeueable deps ti=<TaskInstance: yfinance_to_snowflake_etl.extract scheduled__2024-11-26T18:00:00+00:00 [queued]>
[2025-11-25T00:40:48.046+0000] {taskinstance.py:2612} INFO - Dependencies all met for dep_context=requeueable deps ti=<TaskInstance: yfinance_to_snowflake_etl.extract scheduled__2024-11-26T18:00:00+00:00 [queued]>
[2025-11-25T00:40:48.046+0000] {taskinstance.py:2865} INFO - Starting attempt 1 of 1
[2025-11-25T00:40:48.050+0000] {taskinstance.py:2888} INFO - Executing <Task(_PythonDecoratedOperator): extract> on 2024-11-26 18:00:00+00:00
[2025-11-25T00:40:48.054+0000] {logging_mixin.py:190} WARNING - /home/***/.local/lib/python3.12/site-packages/***/task/task_runner/standard_task_runner.py:70 DeprecationWarning: This process (pid=75711) is multi-threaded, use of fork() may lead to deadlocks in the child.
[2025-11-25T00:40:48.055+0000] {standard_task_runner.py:72} INFO - Started process 75804 to run task
[2025-11-25T00:40:48.054+0000] {standard_task_runner.py:104} INFO - Running: ['***', 'tasks', 'run', 'yfinance_to_snowflake_etl', 'extract', 'scheduled__2024-11-26T18:00:00+00:00', '--job-id', '3925', '--raw', '--subdir', 'DAGS_FOLDER/yfinance_to_snowflake_etl.py', '--cfg-path', '/tmp/tmp8myuts3z']
[2025-11-25T00:40:48.055+0000] {standard_task_runner.py:105} INFO - Job 3925: Subtask extract
[2025-11-25T00:40:48.075+0000] {task_command.py:467} INFO - Running <TaskInstance: yfinance_to_snowflake_etl.extract scheduled__2024-11-26T18:00:00+00:00 [running]> on host fd57ff944215
[2025-11-25T00:40:48.112+0000] {taskinstance.py:3131} INFO - Exporting env vars: AIRFLOW_CTX_DAG_OWNER='***' AIRFLOW_CTX_DAG_ID='yfinance_to_snowflake_etl' AIRFLOW_CTX_TASK_ID='extract' AIRFLOW_CTX_EXECUTION_DATE='2024-11-26T18:00:00+00:00' AIRFLOW_CTX_TRY_NUMBER='1' AIRFLOW_CTX_DAG_RUN_ID='scheduled__2024-11-26T18:00:00+00:00'
[2025-11-25T00:40:48.112+0000] {taskinstance.py:731} INFO - ::endgroup::
[2025-11-25T00:40:48.114+0000] {logging_mixin.py:190} INFO - Starting extraction for symbols: ['AAPL', 'TSLA']
[2025-11-25T00:40:48.115+0000] {logging_mixin.py:190} INFO - Period: "180d", Interval: "1d"
[2025-11-25T00:40:48.116+0000] {logging_mixin.py:190} WARNING - /opt/***/dags/yfinance_to_snowflake_etl.py:44 FutureWarning: YF.download() has changed argument auto_adjust default to True
[2025-11-25T00:40:48.527+0000] {logging_mixin.py:190} WARNING - [*********************100%***********************]  1 of 1 completed
[2025-11-25T00:40:48.532+0000] {multi.py:185} ERROR - 
1 Failed download:
[2025-11-25T00:40:48.533+0000] {multi.py:198} ERROR - ['AAPL']: YFPricesMissingError('possibly delisted; no price data found  (period="180d") (Yahoo error = "Invalid input - interval="1d" is not supported. Valid intervals: [1m, 2m, 5m, 15m, 30m, 60m, 90m, 1h, 4h, 1d, 5d, 1wk, 1mo, 3mo]")')
[2025-11-25T00:40:48.543+0000] {logging_mixin.py:190} INFO - No data available for symbol AAPL
[2025-11-25T00:40:48.544+0000] {logging_mixin.py:190} INFO - Skipping AAPL - no data returned
[2025-11-25T00:40:48.546+0000] {logging_mixin.py:190} WARNING - /opt/***/dags/yfinance_to_snowflake_etl.py:44 FutureWarning: YF.download() has changed argument auto_adjust default to True
[2025-11-25T00:40:48.804+0000] {logging_mixin.py:190} WARNING - [*********************100%***********************]  1 of 1 completed
[2025-11-25T00:40:48.807+0000] {multi.py:185} ERROR - 
1 Failed download:
[2025-11-25T00:40:48.812+0000] {multi.py:198} ERROR - ['TSLA']: YFPricesMissingError('possibly delisted; no price data found  (period="180d") (Yahoo error = "Invalid input - interval="1d" is not supported. Valid intervals: [1m, 2m, 5m, 15m, 30m, 60m, 90m, 1h, 4h, 1d, 5d, 1wk, 1mo, 3mo]")')
[2025-11-25T00:40:48.824+0000] {logging_mixin.py:190} INFO - No data available for symbol TSLA
[2025-11-25T00:40:48.825+0000] {logging_mixin.py:190} INFO - Skipping TSLA - no data returned
[2025-11-25T00:40:48.825+0000] {logging_mixin.py:190} INFO - Total records extracted: 0
[2025-11-25T00:40:48.825+0000] {python.py:240} INFO - Done. Returned value was: []
[2025-11-25T00:40:48.852+0000] {taskinstance.py:340} INFO - ::group::Post task execution logs
[2025-11-25T00:40:48.853+0000] {taskinstance.py:352} INFO - Marking task as SUCCESS. dag_id=yfinance_to_snowflake_etl, task_id=extract, run_id=scheduled__2024-11-26T18:00:00+00:00, execution_date=20241126T180000, start_date=20251125T004048, end_date=20251125T004048
[2025-11-25T00:40:48.896+0000] {local_task_job_runner.py:266} INFO - Task exited with return code 0
[2025-11-25T00:40:48.912+0000] {taskinstance.py:3925} ERROR - Error scheduling downstream tasks. Skipping it as this is entirely optional optimisation. There might be various reasons for it, please take a look at the stack trace to figure out if the root cause can be diagnosed and fixed. See the issue https://github.com/apache/***/issues/39717 for details and an example problem. If you would like to get help in solving root cause, open discussion with all details with your managed service support or in Airflow repository.
Traceback (most recent call last):
  File "/home/airflow/.local/lib/python3.12/site-packages/airflow/models/taskinstance.py", line 3921, in schedule_downstream_tasks
    return TaskInstance._schedule_downstream_tasks(
           ^^^^^^^^^^^^^^^^^^^^^^^^^^^^^^^^^^^^^^^^
  File "/home/airflow/.local/lib/python3.12/site-packages/airflow/utils/session.py", line 94, in wrapper
    return func(*args, **kwargs)
           ^^^^^^^^^^^^^^^^^^^^^
  File "/home/airflow/.local/lib/python3.12/site-packages/airflow/models/taskinstance.py", line 3870, in _schedule_downstream_tasks
    partial_dag = task.dag.partial_subset(
                  ^^^^^^^^^^^^^^^^^^^^^^^^
  File "/home/airflow/.local/lib/python3.12/site-packages/airflow/models/dag.py", line 2664, in partial_subset
    t.task_id: _deepcopy_task(t)
               ^^^^^^^^^^^^^^^^^
  File "/home/airflow/.local/lib/python3.12/site-packages/airflow/models/dag.py", line 2661, in _deepcopy_task
    return copy.deepcopy(t, memo)
           ^^^^^^^^^^^^^^^^^^^^^^
  File "/usr/local/lib/python3.12/copy.py", line 143, in deepcopy
    y = copier(memo)
        ^^^^^^^^^^^^
  File "/home/airflow/.local/lib/python3.12/site-packages/airflow/models/baseoperator.py", line 1388, in __deepcopy__
    setattr(result, k, copy.deepcopy(v, memo))
                       ^^^^^^^^^^^^^^^^^^^^^^
  File "/usr/local/lib/python3.12/copy.py", line 136, in deepcopy
    y = copier(x, memo)
        ^^^^^^^^^^^^^^^
  File "/usr/local/lib/python3.12/copy.py", line 221, in _deepcopy_dict
    y[deepcopy(key, memo)] = deepcopy(value, memo)
                             ^^^^^^^^^^^^^^^^^^^^^
  File "/usr/local/lib/python3.12/copy.py", line 136, in deepcopy
    y = copier(x, memo)
        ^^^^^^^^^^^^^^^
  File "/usr/local/lib/python3.12/copy.py", line 201, in _deepcopy_tuple
    y = [deepcopy(a, memo) for a in x]
         ^^^^^^^^^^^^^^^^^
  File "/usr/local/lib/python3.12/copy.py", line 162, in deepcopy
    y = _reconstruct(x, memo, *rv)
        ^^^^^^^^^^^^^^^^^^^^^^^^^^
  File "/usr/local/lib/python3.12/copy.py", line 259, in _reconstruct
    state = deepcopy(state, memo)
            ^^^^^^^^^^^^^^^^^^^^^
  File "/usr/local/lib/python3.12/copy.py", line 136, in deepcopy
    y = copier(x, memo)
        ^^^^^^^^^^^^^^^
  File "/usr/local/lib/python3.12/copy.py", line 221, in _deepcopy_dict
    y[deepcopy(key, memo)] = deepcopy(value, memo)
                             ^^^^^^^^^^^^^^^^^^^^^
  File "/usr/local/lib/python3.12/copy.py", line 151, in deepcopy
    rv = reductor(4)
         ^^^^^^^^^^^
TypeError: cannot pickle '_thread.lock' object
[2025-11-25T00:40:48.926+0000] {local_task_job_runner.py:245} INFO - ::endgroup::
