[2025-11-25T06:55:04.166+0000] {local_task_job_runner.py:123} INFO - ::group::Pre task execution logs
[2025-11-25T06:55:04.173+0000] {taskinstance.py:2612} INFO - Dependencies all met for dep_context=non-requeueable deps ti=<TaskInstance: stock_elt_with_dbt.dbt_transformations.dbt_debug manual__2025-11-25T06:54:51.123925+00:00 [queued]>
[2025-11-25T06:55:04.176+0000] {taskinstance.py:2612} INFO - Dependencies all met for dep_context=requeueable deps ti=<TaskInstance: stock_elt_with_dbt.dbt_transformations.dbt_debug manual__2025-11-25T06:54:51.123925+00:00 [queued]>
[2025-11-25T06:55:04.176+0000] {taskinstance.py:2865} INFO - Starting attempt 1 of 2
[2025-11-25T06:55:04.181+0000] {taskinstance.py:2888} INFO - Executing <Task(BashOperator): dbt_transformations.dbt_debug> on 2025-11-25 06:54:51.123925+00:00
[2025-11-25T06:55:04.186+0000] {standard_task_runner.py:104} INFO - Running: ['***', 'tasks', 'run', 'stock_elt_with_dbt', 'dbt_transformations.dbt_debug', 'manual__2025-11-25T06:54:51.123925+00:00', '--job-id', '4813', '--raw', '--subdir', 'DAGS_FOLDER/stock_elt_with_dbt.py', '--cfg-path', '/tmp/tmp_yvz9y7u']
[2025-11-25T06:55:04.187+0000] {standard_task_runner.py:105} INFO - Job 4813: Subtask dbt_transformations.dbt_debug
[2025-11-25T06:55:04.187+0000] {logging_mixin.py:190} WARNING - /home/***/.local/lib/python3.12/site-packages/***/task/task_runner/standard_task_runner.py:70 DeprecationWarning: This process (pid=5022) is multi-threaded, use of fork() may lead to deadlocks in the child.
[2025-11-25T06:55:04.188+0000] {standard_task_runner.py:72} INFO - Started process 5030 to run task
[2025-11-25T06:55:04.204+0000] {task_command.py:467} INFO - Running <TaskInstance: stock_elt_with_dbt.dbt_transformations.dbt_debug manual__2025-11-25T06:54:51.123925+00:00 [running]> on host a4b8d4f4105c
[2025-11-25T06:55:04.231+0000] {taskinstance.py:3131} INFO - Exporting env vars: AIRFLOW_CTX_DAG_OWNER='***' AIRFLOW_CTX_DAG_ID='stock_elt_with_dbt' AIRFLOW_CTX_TASK_ID='dbt_transformations.dbt_debug' AIRFLOW_CTX_EXECUTION_DATE='2025-11-25T06:54:51.123925+00:00' AIRFLOW_CTX_TRY_NUMBER='1' AIRFLOW_CTX_DAG_RUN_ID='manual__2025-11-25T06:54:51.123925+00:00'
[2025-11-25T06:55:04.232+0000] {taskinstance.py:731} INFO - ::endgroup::
[2025-11-25T06:55:04.233+0000] {subprocess.py:63} INFO - Tmp dir root location: /tmp
[2025-11-25T06:55:04.233+0000] {subprocess.py:75} INFO - Running command: ['/usr/bin/bash', '-c', 'cd /opt/***/stock_analytics && dbt debug --profiles-dir .']
[2025-11-25T06:55:04.237+0000] {subprocess.py:86} INFO - Output:
[2025-11-25T06:55:05.219+0000] {subprocess.py:93} INFO - [0m06:55:05  Running with dbt=1.7.0
[2025-11-25T06:55:05.220+0000] {subprocess.py:93} INFO - [0m06:55:05  dbt version: 1.7.0
[2025-11-25T06:55:05.220+0000] {subprocess.py:93} INFO - [0m06:55:05  python version: 3.12.5
[2025-11-25T06:55:05.220+0000] {subprocess.py:93} INFO - [0m06:55:05  python path: /home/***/.local/bin/python
[2025-11-25T06:55:05.220+0000] {subprocess.py:93} INFO - [0m06:55:05  os info: Linux-6.10.14-linuxkit-aarch64-with-glibc2.36
[2025-11-25T06:55:05.478+0000] {subprocess.py:93} INFO - [0m06:55:05  Using profiles dir at .
[2025-11-25T06:55:05.478+0000] {subprocess.py:93} INFO - [0m06:55:05  Using profiles.yml file at ./profiles.yml
[2025-11-25T06:55:05.478+0000] {subprocess.py:93} INFO - [0m06:55:05  Using dbt_project.yml file at /opt/***/stock_analytics/dbt_project.yml
[2025-11-25T06:55:05.478+0000] {subprocess.py:93} INFO - [0m06:55:05  adapter type: snowflake
[2025-11-25T06:55:05.479+0000] {subprocess.py:93} INFO - [0m06:55:05  adapter version: 1.7.0
[2025-11-25T06:55:05.502+0000] {subprocess.py:93} INFO - [0m06:55:05  Configuration:
[2025-11-25T06:55:05.502+0000] {subprocess.py:93} INFO - [0m06:55:05    profiles.yml file [[32mOK found and valid[0m]
[2025-11-25T06:55:05.502+0000] {subprocess.py:93} INFO - [0m06:55:05    dbt_project.yml file [[32mOK found and valid[0m]
[2025-11-25T06:55:05.502+0000] {subprocess.py:93} INFO - [0m06:55:05  Required dependencies:
[2025-11-25T06:55:05.504+0000] {subprocess.py:93} INFO - [0m06:55:05   - git [[32mOK found[0m]
[2025-11-25T06:55:05.504+0000] {subprocess.py:93} INFO - 
[2025-11-25T06:55:05.505+0000] {subprocess.py:93} INFO - [0m06:55:05  Connection:
[2025-11-25T06:55:05.505+0000] {subprocess.py:93} INFO - [0m06:55:05    account: lvb17920
[2025-11-25T06:55:05.505+0000] {subprocess.py:93} INFO - [0m06:55:05    user: CHIPMUNK
[2025-11-25T06:55:05.505+0000] {subprocess.py:93} INFO - [0m06:55:05    database: TRAINING_DB
[2025-11-25T06:55:05.505+0000] {subprocess.py:93} INFO - [0m06:55:05    warehouse: XSMALL_WH
[2025-11-25T06:55:05.506+0000] {subprocess.py:93} INFO - [0m06:55:05    role: TRAINING_ROLE
[2025-11-25T06:55:05.506+0000] {subprocess.py:93} INFO - [0m06:55:05    schema: raw
[2025-11-25T06:55:05.506+0000] {subprocess.py:93} INFO - [0m06:55:05    authenticator: None
[2025-11-25T06:55:05.506+0000] {subprocess.py:93} INFO - [0m06:55:05    private_key_path: None
[2025-11-25T06:55:05.506+0000] {subprocess.py:93} INFO - [0m06:55:05    token: None
[2025-11-25T06:55:05.507+0000] {subprocess.py:93} INFO - [0m06:55:05    oauth_client_id: None
[2025-11-25T06:55:05.507+0000] {subprocess.py:93} INFO - [0m06:55:05    query_tag: None
[2025-11-25T06:55:05.507+0000] {subprocess.py:93} INFO - [0m06:55:05    client_session_keep_alive: False
[2025-11-25T06:55:05.507+0000] {subprocess.py:93} INFO - [0m06:55:05    host: None
[2025-11-25T06:55:05.507+0000] {subprocess.py:93} INFO - [0m06:55:05    port: None
[2025-11-25T06:55:05.508+0000] {subprocess.py:93} INFO - [0m06:55:05    proxy_host: None
[2025-11-25T06:55:05.508+0000] {subprocess.py:93} INFO - [0m06:55:05    proxy_port: None
[2025-11-25T06:55:05.508+0000] {subprocess.py:93} INFO - [0m06:55:05    protocol: None
[2025-11-25T06:55:05.508+0000] {subprocess.py:93} INFO - [0m06:55:05    connect_retries: 1
[2025-11-25T06:55:05.508+0000] {subprocess.py:93} INFO - [0m06:55:05    connect_timeout: None
[2025-11-25T06:55:05.509+0000] {subprocess.py:93} INFO - [0m06:55:05    retry_on_database_errors: False
[2025-11-25T06:55:05.509+0000] {subprocess.py:93} INFO - [0m06:55:05    retry_all: False
[2025-11-25T06:55:05.509+0000] {subprocess.py:93} INFO - [0m06:55:05    insecure_mode: False
[2025-11-25T06:55:05.509+0000] {subprocess.py:93} INFO - [0m06:55:05    reuse_connections: None
[2025-11-25T06:55:05.510+0000] {subprocess.py:93} INFO - [0m06:55:05  Registered adapter: snowflake=1.7.0
[2025-11-25T06:55:06.222+0000] {subprocess.py:93} INFO - [0m06:55:06    Connection test: [[32mOK connection ok[0m]
[2025-11-25T06:55:06.223+0000] {subprocess.py:93} INFO - 
[2025-11-25T06:55:06.223+0000] {subprocess.py:93} INFO - [0m06:55:06  [32mAll checks passed![0m
[2025-11-25T06:55:07.039+0000] {subprocess.py:97} INFO - Command exited with return code 0
[2025-11-25T06:55:07.049+0000] {taskinstance.py:340} INFO - ::group::Post task execution logs
[2025-11-25T06:55:07.050+0000] {taskinstance.py:352} INFO - Marking task as SUCCESS. dag_id=stock_elt_with_dbt, task_id=dbt_transformations.dbt_debug, run_id=manual__2025-11-25T06:54:51.123925+00:00, execution_date=20251125T065451, start_date=20251125T065504, end_date=20251125T065507
[2025-11-25T06:55:07.060+0000] {local_task_job_runner.py:266} INFO - Task exited with return code 0
[2025-11-25T06:55:07.070+0000] {taskinstance.py:3900} INFO - 1 downstream tasks scheduled from follow-on schedule check
[2025-11-25T06:55:07.070+0000] {local_task_job_runner.py:245} INFO - ::endgroup::
