[2025-11-25T00:38:17.801+0000] {local_task_job_runner.py:123} INFO - ::group::Pre task execution logs
[2025-11-25T00:38:17.808+0000] {taskinstance.py:2612} INFO - Dependencies all met for dep_context=non-requeueable deps ti=<TaskInstance: yfinance_to_snowflake_etl.extract scheduled__2024-04-08T18:00:00+00:00 [queued]>
[2025-11-25T00:38:17.813+0000] {taskinstance.py:2612} INFO - Dependencies all met for dep_context=requeueable deps ti=<TaskInstance: yfinance_to_snowflake_etl.extract scheduled__2024-04-08T18:00:00+00:00 [queued]>
[2025-11-25T00:38:17.814+0000] {taskinstance.py:2865} INFO - Starting attempt 1 of 1
[2025-11-25T00:38:17.821+0000] {taskinstance.py:2888} INFO - Executing <Task(_PythonDecoratedOperator): extract> on 2024-04-08 18:00:00+00:00
[2025-11-25T00:38:17.829+0000] {logging_mixin.py:190} WARNING - /home/***/.local/lib/python3.12/site-packages/***/task/task_runner/standard_task_runner.py:70 DeprecationWarning: This process (pid=71540) is multi-threaded, use of fork() may lead to deadlocks in the child.
[2025-11-25T00:38:17.829+0000] {standard_task_runner.py:104} INFO - Running: ['***', 'tasks', 'run', 'yfinance_to_snowflake_etl', 'extract', 'scheduled__2024-04-08T18:00:00+00:00', '--job-id', '3334', '--raw', '--subdir', 'DAGS_FOLDER/yfinance_to_snowflake_etl.py', '--cfg-path', '/tmp/tmp2vm0vrwv']
[2025-11-25T00:38:17.830+0000] {standard_task_runner.py:72} INFO - Started process 71592 to run task
[2025-11-25T00:38:17.831+0000] {standard_task_runner.py:105} INFO - Job 3334: Subtask extract
[2025-11-25T00:38:17.856+0000] {task_command.py:467} INFO - Running <TaskInstance: yfinance_to_snowflake_etl.extract scheduled__2024-04-08T18:00:00+00:00 [running]> on host fd57ff944215
[2025-11-25T00:38:17.894+0000] {taskinstance.py:3131} INFO - Exporting env vars: AIRFLOW_CTX_DAG_OWNER='***' AIRFLOW_CTX_DAG_ID='yfinance_to_snowflake_etl' AIRFLOW_CTX_TASK_ID='extract' AIRFLOW_CTX_EXECUTION_DATE='2024-04-08T18:00:00+00:00' AIRFLOW_CTX_TRY_NUMBER='1' AIRFLOW_CTX_DAG_RUN_ID='scheduled__2024-04-08T18:00:00+00:00'
[2025-11-25T00:38:17.894+0000] {taskinstance.py:731} INFO - ::endgroup::
[2025-11-25T00:38:17.897+0000] {logging_mixin.py:190} WARNING - /opt/***/dags/yfinance_to_snowflake_etl.py:48 FutureWarning: YF.download() has changed argument auto_adjust default to True
[2025-11-25T00:38:18.000+0000] {logging_mixin.py:190} WARNING - [*********************100%***********************]  1 of 1 completed
[2025-11-25T00:38:18.001+0000] {multi.py:185} ERROR - 
1 Failed download:
[2025-11-25T00:38:18.001+0000] {multi.py:198} ERROR - ['AAPL']: YFRateLimitError('Too Many Requests. Rate limited. Try after a while.')
[2025-11-25T00:38:18.004+0000] {logging_mixin.py:190} INFO - Error: No data available for symbol AAPL. Retrying in 2.0 seconds...
[2025-11-25T00:38:20.005+0000] {logging_mixin.py:190} WARNING - /opt/***/dags/yfinance_to_snowflake_etl.py:48 FutureWarning: YF.download() has changed argument auto_adjust default to True
[2025-11-25T00:38:20.120+0000] {logging_mixin.py:190} WARNING - [*********************100%***********************]  1 of 1 completed
[2025-11-25T00:38:20.120+0000] {multi.py:185} ERROR - 
1 Failed download:
[2025-11-25T00:38:20.120+0000] {multi.py:198} ERROR - ['AAPL']: YFRateLimitError('Too Many Requests. Rate limited. Try after a while.')
[2025-11-25T00:38:20.121+0000] {logging_mixin.py:190} INFO - Max retries reached. Unable to download stock data for AAPL.
[2025-11-25T00:38:20.121+0000] {logging_mixin.py:190} INFO - No data returned for AAPL
[2025-11-25T00:38:20.122+0000] {logging_mixin.py:190} WARNING - /opt/***/dags/yfinance_to_snowflake_etl.py:48 FutureWarning: YF.download() has changed argument auto_adjust default to True
[2025-11-25T00:38:20.325+0000] {logging_mixin.py:190} WARNING - [*********************100%***********************]  1 of 1 completed
[2025-11-25T00:38:20.325+0000] {multi.py:185} ERROR - 
1 Failed download:
[2025-11-25T00:38:20.325+0000] {multi.py:198} ERROR - ['TSLA']: YFRateLimitError('Too Many Requests. Rate limited. Try after a while.')
[2025-11-25T00:38:20.326+0000] {logging_mixin.py:190} INFO - Error: No data available for symbol TSLA. Retrying in 2.0 seconds...
[2025-11-25T00:38:22.327+0000] {logging_mixin.py:190} WARNING - /opt/***/dags/yfinance_to_snowflake_etl.py:48 FutureWarning: YF.download() has changed argument auto_adjust default to True
[2025-11-25T00:38:22.505+0000] {logging_mixin.py:190} WARNING - [*********************100%***********************]  1 of 1 completed
[2025-11-25T00:38:22.506+0000] {multi.py:185} ERROR - 
1 Failed download:
[2025-11-25T00:38:22.506+0000] {multi.py:198} ERROR - ['TSLA']: YFRateLimitError('Too Many Requests. Rate limited. Try after a while.')
[2025-11-25T00:38:22.507+0000] {logging_mixin.py:190} INFO - Max retries reached. Unable to download stock data for TSLA.
[2025-11-25T00:38:22.507+0000] {logging_mixin.py:190} INFO - No data returned for TSLA
[2025-11-25T00:38:22.507+0000] {python.py:240} INFO - Done. Returned value was: []
[2025-11-25T00:38:22.514+0000] {taskinstance.py:340} INFO - ::group::Post task execution logs
[2025-11-25T00:38:22.514+0000] {taskinstance.py:352} INFO - Marking task as SUCCESS. dag_id=yfinance_to_snowflake_etl, task_id=extract, run_id=scheduled__2024-04-08T18:00:00+00:00, execution_date=20240408T180000, start_date=20251125T003817, end_date=20251125T003822
[2025-11-25T00:38:22.530+0000] {local_task_job_runner.py:266} INFO - Task exited with return code 0
[2025-11-25T00:38:22.534+0000] {local_task_job_runner.py:245} INFO - ::endgroup::
