[2025-11-25T20:26:17.397+0000] {local_task_job_runner.py:123} INFO - ::group::Pre task execution logs
[2025-11-25T20:26:17.409+0000] {taskinstance.py:2612} INFO - Dependencies all met for dep_context=non-requeueable deps ti=<TaskInstance: stock_elt_with_dbt.dbt_transformations.dbt_run_core scheduled__2025-11-24T18:30:00+00:00 [queued]>
[2025-11-25T20:26:17.412+0000] {taskinstance.py:2612} INFO - Dependencies all met for dep_context=requeueable deps ti=<TaskInstance: stock_elt_with_dbt.dbt_transformations.dbt_run_core scheduled__2025-11-24T18:30:00+00:00 [queued]>
[2025-11-25T20:26:17.412+0000] {taskinstance.py:2865} INFO - Starting attempt 1 of 2
[2025-11-25T20:26:17.417+0000] {taskinstance.py:2888} INFO - Executing <Task(BashOperator): dbt_transformations.dbt_run_core> on 2025-11-24 18:30:00+00:00
[2025-11-25T20:26:17.420+0000] {logging_mixin.py:190} WARNING - /home/***/.local/lib/python3.12/site-packages/***/task/task_runner/standard_task_runner.py:70 DeprecationWarning: This process (pid=18314) is multi-threaded, use of fork() may lead to deadlocks in the child.
[2025-11-25T20:26:17.421+0000] {standard_task_runner.py:72} INFO - Started process 18321 to run task
[2025-11-25T20:26:17.421+0000] {standard_task_runner.py:104} INFO - Running: ['***', 'tasks', 'run', 'stock_elt_with_dbt', 'dbt_transformations.dbt_run_core', 'scheduled__2025-11-24T18:30:00+00:00', '--job-id', '4890', '--raw', '--subdir', 'DAGS_FOLDER/stock_elt_with_dbt.py', '--cfg-path', '/tmp/tmpayyqydlh']
[2025-11-25T20:26:17.421+0000] {standard_task_runner.py:105} INFO - Job 4890: Subtask dbt_transformations.dbt_run_core
[2025-11-25T20:26:17.438+0000] {task_command.py:467} INFO - Running <TaskInstance: stock_elt_with_dbt.dbt_transformations.dbt_run_core scheduled__2025-11-24T18:30:00+00:00 [running]> on host a4b8d4f4105c
[2025-11-25T20:26:17.466+0000] {taskinstance.py:3131} INFO - Exporting env vars: AIRFLOW_CTX_DAG_OWNER='***' AIRFLOW_CTX_DAG_ID='stock_elt_with_dbt' AIRFLOW_CTX_TASK_ID='dbt_transformations.dbt_run_core' AIRFLOW_CTX_EXECUTION_DATE='2025-11-24T18:30:00+00:00' AIRFLOW_CTX_TRY_NUMBER='1' AIRFLOW_CTX_DAG_RUN_ID='scheduled__2025-11-24T18:30:00+00:00'
[2025-11-25T20:26:17.467+0000] {taskinstance.py:731} INFO - ::endgroup::
[2025-11-25T20:26:17.468+0000] {subprocess.py:63} INFO - Tmp dir root location: /tmp
[2025-11-25T20:26:17.468+0000] {subprocess.py:75} INFO - Running command: ['/usr/bin/bash', '-c', 'cd /opt/***/stock_analytics && dbt run --profiles-dir . --select output.core.*']
[2025-11-25T20:26:17.472+0000] {subprocess.py:86} INFO - Output:
[2025-11-25T20:26:18.499+0000] {subprocess.py:93} INFO - [0m20:26:18  Running with dbt=1.7.0
[2025-11-25T20:26:18.801+0000] {subprocess.py:93} INFO - [0m20:26:18  Registered adapter: snowflake=1.7.0
[2025-11-25T20:26:18.830+0000] {subprocess.py:93} INFO - [0m20:26:18  Found 6 models, 5 tests, 2 snapshots, 1 source, 0 exposures, 0 metrics, 470 macros, 0 groups, 0 semantic models
[2025-11-25T20:26:18.831+0000] {subprocess.py:93} INFO - [0m20:26:18
[2025-11-25T20:26:20.514+0000] {subprocess.py:93} INFO - [0m20:26:20  Concurrency: 4 threads (target='dev')
[2025-11-25T20:26:20.515+0000] {subprocess.py:93} INFO - [0m20:26:20
[2025-11-25T20:26:20.526+0000] {subprocess.py:93} INFO - [0m20:26:20  1 of 3 START sql table model analytics.stock_moving_averages ................... [RUN]
[2025-11-25T20:26:20.527+0000] {subprocess.py:93} INFO - [0m20:26:20  2 of 3 START sql table model analytics.stock_rsi ............................... [RUN]
[2025-11-25T20:26:22.745+0000] {subprocess.py:93} INFO - [0m20:26:22  2 of 3 OK created sql table model analytics.stock_rsi .......................... [[32mSUCCESS 1[0m in 2.22s]
[2025-11-25T20:26:22.871+0000] {subprocess.py:93} INFO - [0m20:26:22  1 of 3 OK created sql table model analytics.stock_moving_averages .............. [[32mSUCCESS 1[0m in 2.34s]
[2025-11-25T20:26:22.874+0000] {subprocess.py:93} INFO - [0m20:26:22  3 of 3 START sql table model analytics.stock_technical_indicators .............. [RUN]
[2025-11-25T20:26:26.685+0000] {subprocess.py:93} INFO - [0m20:26:26  3 of 3 OK created sql table model analytics.stock_technical_indicators ......... [[32mSUCCESS 1[0m in 3.81s]
[2025-11-25T20:26:26.692+0000] {subprocess.py:93} INFO - [0m20:26:26
[2025-11-25T20:26:26.693+0000] {subprocess.py:93} INFO - [0m20:26:26  Finished running 3 table models in 0 hours 0 minutes and 7.86 seconds (7.86s).
[2025-11-25T20:26:26.705+0000] {subprocess.py:93} INFO - [0m20:26:26
[2025-11-25T20:26:26.706+0000] {subprocess.py:93} INFO - [0m20:26:26  [32mCompleted successfully[0m
[2025-11-25T20:26:26.706+0000] {subprocess.py:93} INFO - [0m20:26:26
[2025-11-25T20:26:26.706+0000] {subprocess.py:93} INFO - [0m20:26:26  Done. PASS=3 WARN=0 ERROR=0 SKIP=0 TOTAL=3
[2025-11-25T20:26:27.346+0000] {subprocess.py:97} INFO - Command exited with return code 0
[2025-11-25T20:26:27.360+0000] {taskinstance.py:340} INFO - ::group::Post task execution logs
[2025-11-25T20:26:27.360+0000] {taskinstance.py:352} INFO - Marking task as SUCCESS. dag_id=stock_elt_with_dbt, task_id=dbt_transformations.dbt_run_core, run_id=scheduled__2025-11-24T18:30:00+00:00, execution_date=20251124T183000, start_date=20251125T202617, end_date=20251125T202627
[2025-11-25T20:26:27.479+0000] {local_task_job_runner.py:266} INFO - Task exited with return code 0
[2025-11-25T20:26:27.488+0000] {taskinstance.py:3900} INFO - 1 downstream tasks scheduled from follow-on schedule check
[2025-11-25T20:26:27.488+0000] {local_task_job_runner.py:245} INFO - ::endgroup::
