[2025-11-25T07:02:12.532+0000] {local_task_job_runner.py:123} INFO - ::group::Pre task execution logs
[2025-11-25T07:02:12.538+0000] {taskinstance.py:2612} INFO - Dependencies all met for dep_context=non-requeueable deps ti=<TaskInstance: stock_elt_with_dbt.dbt_transformations.dbt_run_staging scheduled__2025-11-21T18:00:00+00:00 [queued]>
[2025-11-25T07:02:12.540+0000] {taskinstance.py:2612} INFO - Dependencies all met for dep_context=requeueable deps ti=<TaskInstance: stock_elt_with_dbt.dbt_transformations.dbt_run_staging scheduled__2025-11-21T18:00:00+00:00 [queued]>
[2025-11-25T07:02:12.541+0000] {taskinstance.py:2865} INFO - Starting attempt 1 of 2
[2025-11-25T07:02:12.544+0000] {taskinstance.py:2888} INFO - Executing <Task(BashOperator): dbt_transformations.dbt_run_staging> on 2025-11-21 18:00:00+00:00
[2025-11-25T07:02:12.548+0000] {logging_mixin.py:190} WARNING - /home/***/.local/lib/python3.12/site-packages/***/task/task_runner/standard_task_runner.py:70 DeprecationWarning: This process (pid=6424) is multi-threaded, use of fork() may lead to deadlocks in the child.
[2025-11-25T07:02:12.549+0000] {standard_task_runner.py:72} INFO - Started process 6431 to run task
[2025-11-25T07:02:12.549+0000] {standard_task_runner.py:104} INFO - Running: ['***', 'tasks', 'run', 'stock_elt_with_dbt', 'dbt_transformations.dbt_run_staging', 'scheduled__2025-11-21T18:00:00+00:00', '--job-id', '4843', '--raw', '--subdir', 'DAGS_FOLDER/stock_elt_with_dbt.py', '--cfg-path', '/tmp/tmp463gxnxr']
[2025-11-25T07:02:12.549+0000] {standard_task_runner.py:105} INFO - Job 4843: Subtask dbt_transformations.dbt_run_staging
[2025-11-25T07:02:12.567+0000] {task_command.py:467} INFO - Running <TaskInstance: stock_elt_with_dbt.dbt_transformations.dbt_run_staging scheduled__2025-11-21T18:00:00+00:00 [running]> on host a4b8d4f4105c
[2025-11-25T07:02:12.596+0000] {taskinstance.py:3131} INFO - Exporting env vars: AIRFLOW_CTX_DAG_OWNER='***' AIRFLOW_CTX_DAG_ID='stock_elt_with_dbt' AIRFLOW_CTX_TASK_ID='dbt_transformations.dbt_run_staging' AIRFLOW_CTX_EXECUTION_DATE='2025-11-21T18:00:00+00:00' AIRFLOW_CTX_TRY_NUMBER='1' AIRFLOW_CTX_DAG_RUN_ID='scheduled__2025-11-21T18:00:00+00:00'
[2025-11-25T07:02:12.597+0000] {taskinstance.py:731} INFO - ::endgroup::
[2025-11-25T07:02:12.599+0000] {subprocess.py:63} INFO - Tmp dir root location: /tmp
[2025-11-25T07:02:12.599+0000] {subprocess.py:75} INFO - Running command: ['/usr/bin/bash', '-c', 'cd /opt/***/stock_analytics && dbt run --profiles-dir . --select input.staging.*']
[2025-11-25T07:02:12.609+0000] {subprocess.py:86} INFO - Output:
[2025-11-25T07:02:13.623+0000] {subprocess.py:93} INFO - [0m07:02:13  Running with dbt=1.7.0
[2025-11-25T07:02:13.951+0000] {subprocess.py:93} INFO - [0m07:02:13  Registered adapter: snowflake=1.7.0
[2025-11-25T07:02:13.980+0000] {subprocess.py:93} INFO - [0m07:02:13  Found 6 models, 5 tests, 2 snapshots, 1 source, 0 exposures, 0 metrics, 470 macros, 0 groups, 0 semantic models
[2025-11-25T07:02:13.981+0000] {subprocess.py:93} INFO - [0m07:02:13
[2025-11-25T07:02:15.864+0000] {subprocess.py:93} INFO - [0m07:02:15  Concurrency: 4 threads (target='dev')
[2025-11-25T07:02:15.864+0000] {subprocess.py:93} INFO - [0m07:02:15
[2025-11-25T07:02:15.875+0000] {subprocess.py:93} INFO - [0m07:02:15  1 of 1 START sql view model staging.stg_stock_prices ........................... [RUN]
[2025-11-25T07:02:16.709+0000] {subprocess.py:93} INFO - [0m07:02:16  1 of 1 OK created sql view model staging.stg_stock_prices ...................... [[32mSUCCESS 1[0m in 0.83s]
[2025-11-25T07:02:16.712+0000] {subprocess.py:93} INFO - [0m07:02:16
[2025-11-25T07:02:16.713+0000] {subprocess.py:93} INFO - [0m07:02:16  Finished running 1 view model in 0 hours 0 minutes and 2.73 seconds (2.73s).
[2025-11-25T07:02:16.767+0000] {subprocess.py:93} INFO - [0m07:02:16
[2025-11-25T07:02:16.767+0000] {subprocess.py:93} INFO - [0m07:02:16  [32mCompleted successfully[0m
[2025-11-25T07:02:16.768+0000] {subprocess.py:93} INFO - [0m07:02:16
[2025-11-25T07:02:16.768+0000] {subprocess.py:93} INFO - [0m07:02:16  Done. PASS=1 WARN=0 ERROR=0 SKIP=0 TOTAL=1
[2025-11-25T07:02:17.421+0000] {subprocess.py:97} INFO - Command exited with return code 0
[2025-11-25T07:02:17.432+0000] {taskinstance.py:340} INFO - ::group::Post task execution logs
[2025-11-25T07:02:17.433+0000] {taskinstance.py:352} INFO - Marking task as SUCCESS. dag_id=stock_elt_with_dbt, task_id=dbt_transformations.dbt_run_staging, run_id=scheduled__2025-11-21T18:00:00+00:00, execution_date=20251121T180000, start_date=20251125T070212, end_date=20251125T070217
[2025-11-25T07:02:17.454+0000] {local_task_job_runner.py:266} INFO - Task exited with return code 0
[2025-11-25T07:02:17.466+0000] {taskinstance.py:3900} INFO - 1 downstream tasks scheduled from follow-on schedule check
[2025-11-25T07:02:17.466+0000] {local_task_job_runner.py:245} INFO - ::endgroup::
