[2025-11-25T07:02:18.926+0000] {local_task_job_runner.py:123} INFO - ::group::Pre task execution logs
[2025-11-25T07:02:18.932+0000] {taskinstance.py:2612} INFO - Dependencies all met for dep_context=non-requeueable deps ti=<TaskInstance: stock_elt_with_dbt.dbt_transformations.dbt_run_core scheduled__2025-11-21T18:00:00+00:00 [queued]>
[2025-11-25T07:02:18.935+0000] {taskinstance.py:2612} INFO - Dependencies all met for dep_context=requeueable deps ti=<TaskInstance: stock_elt_with_dbt.dbt_transformations.dbt_run_core scheduled__2025-11-21T18:00:00+00:00 [queued]>
[2025-11-25T07:02:18.935+0000] {taskinstance.py:2865} INFO - Starting attempt 1 of 2
[2025-11-25T07:02:18.939+0000] {taskinstance.py:2888} INFO - Executing <Task(BashOperator): dbt_transformations.dbt_run_core> on 2025-11-21 18:00:00+00:00
[2025-11-25T07:02:18.943+0000] {logging_mixin.py:190} WARNING - /home/***/.local/lib/python3.12/site-packages/***/task/task_runner/standard_task_runner.py:70 DeprecationWarning: This process (pid=6492) is multi-threaded, use of fork() may lead to deadlocks in the child.
[2025-11-25T07:02:18.944+0000] {standard_task_runner.py:72} INFO - Started process 6501 to run task
[2025-11-25T07:02:18.944+0000] {standard_task_runner.py:104} INFO - Running: ['***', 'tasks', 'run', 'stock_elt_with_dbt', 'dbt_transformations.dbt_run_core', 'scheduled__2025-11-21T18:00:00+00:00', '--job-id', '4844', '--raw', '--subdir', 'DAGS_FOLDER/stock_elt_with_dbt.py', '--cfg-path', '/tmp/tmp1_adb0ew']
[2025-11-25T07:02:18.944+0000] {standard_task_runner.py:105} INFO - Job 4844: Subtask dbt_transformations.dbt_run_core
[2025-11-25T07:02:18.962+0000] {task_command.py:467} INFO - Running <TaskInstance: stock_elt_with_dbt.dbt_transformations.dbt_run_core scheduled__2025-11-21T18:00:00+00:00 [running]> on host a4b8d4f4105c
[2025-11-25T07:02:18.988+0000] {taskinstance.py:3131} INFO - Exporting env vars: AIRFLOW_CTX_DAG_OWNER='***' AIRFLOW_CTX_DAG_ID='stock_elt_with_dbt' AIRFLOW_CTX_TASK_ID='dbt_transformations.dbt_run_core' AIRFLOW_CTX_EXECUTION_DATE='2025-11-21T18:00:00+00:00' AIRFLOW_CTX_TRY_NUMBER='1' AIRFLOW_CTX_DAG_RUN_ID='scheduled__2025-11-21T18:00:00+00:00'
[2025-11-25T07:02:18.988+0000] {taskinstance.py:731} INFO - ::endgroup::
[2025-11-25T07:02:18.989+0000] {subprocess.py:63} INFO - Tmp dir root location: /tmp
[2025-11-25T07:02:18.990+0000] {subprocess.py:75} INFO - Running command: ['/usr/bin/bash', '-c', 'cd /opt/***/stock_analytics && dbt run --profiles-dir . --select output.core.*']
[2025-11-25T07:02:18.994+0000] {subprocess.py:86} INFO - Output:
[2025-11-25T07:02:20.020+0000] {subprocess.py:93} INFO - [0m07:02:20  Running with dbt=1.7.0
[2025-11-25T07:02:20.320+0000] {subprocess.py:93} INFO - [0m07:02:20  Registered adapter: snowflake=1.7.0
[2025-11-25T07:02:20.349+0000] {subprocess.py:93} INFO - [0m07:02:20  Found 6 models, 5 tests, 2 snapshots, 1 source, 0 exposures, 0 metrics, 470 macros, 0 groups, 0 semantic models
[2025-11-25T07:02:20.350+0000] {subprocess.py:93} INFO - [0m07:02:20
[2025-11-25T07:02:21.967+0000] {subprocess.py:93} INFO - [0m07:02:21  Concurrency: 4 threads (target='dev')
[2025-11-25T07:02:21.968+0000] {subprocess.py:93} INFO - [0m07:02:21
[2025-11-25T07:02:21.977+0000] {subprocess.py:93} INFO - [0m07:02:21  1 of 3 START sql table model analytics.stock_moving_averages ................... [RUN]
[2025-11-25T07:02:21.978+0000] {subprocess.py:93} INFO - [0m07:02:21  2 of 3 START sql table model analytics.stock_rsi ............................... [RUN]
[2025-11-25T07:02:24.061+0000] {subprocess.py:93} INFO - [0m07:02:24  1 of 3 OK created sql table model analytics.stock_moving_averages .............. [[32mSUCCESS 1[0m in 2.08s]
[2025-11-25T07:02:24.083+0000] {subprocess.py:93} INFO - [0m07:02:24  2 of 3 OK created sql table model analytics.stock_rsi .......................... [[32mSUCCESS 1[0m in 2.10s]
[2025-11-25T07:02:24.085+0000] {subprocess.py:93} INFO - [0m07:02:24  3 of 3 START sql table model analytics.stock_technical_indicators .............. [RUN]
[2025-11-25T07:02:27.891+0000] {subprocess.py:93} INFO - [0m07:02:27  3 of 3 OK created sql table model analytics.stock_technical_indicators ......... [[32mSUCCESS 1[0m in 3.80s]
[2025-11-25T07:02:27.896+0000] {subprocess.py:93} INFO - [0m07:02:27
[2025-11-25T07:02:27.897+0000] {subprocess.py:93} INFO - [0m07:02:27  Finished running 3 table models in 0 hours 0 minutes and 7.55 seconds (7.55s).
[2025-11-25T07:02:27.909+0000] {subprocess.py:93} INFO - [0m07:02:27
[2025-11-25T07:02:27.909+0000] {subprocess.py:93} INFO - [0m07:02:27  [32mCompleted successfully[0m
[2025-11-25T07:02:27.910+0000] {subprocess.py:93} INFO - [0m07:02:27
[2025-11-25T07:02:27.911+0000] {subprocess.py:93} INFO - [0m07:02:27  Done. PASS=3 WARN=0 ERROR=0 SKIP=0 TOTAL=3
[2025-11-25T07:02:28.580+0000] {subprocess.py:97} INFO - Command exited with return code 0
[2025-11-25T07:02:28.591+0000] {taskinstance.py:340} INFO - ::group::Post task execution logs
[2025-11-25T07:02:28.592+0000] {taskinstance.py:352} INFO - Marking task as SUCCESS. dag_id=stock_elt_with_dbt, task_id=dbt_transformations.dbt_run_core, run_id=scheduled__2025-11-21T18:00:00+00:00, execution_date=20251121T180000, start_date=20251125T070218, end_date=20251125T070228
[2025-11-25T07:02:28.629+0000] {local_task_job_runner.py:266} INFO - Task exited with return code 0
[2025-11-25T07:02:28.639+0000] {taskinstance.py:3900} INFO - 1 downstream tasks scheduled from follow-on schedule check
[2025-11-25T07:02:28.639+0000] {local_task_job_runner.py:245} INFO - ::endgroup::
