[2025-11-25T20:35:24.984+0000] {local_task_job_runner.py:123} INFO - ::group::Pre task execution logs
[2025-11-25T20:35:24.989+0000] {taskinstance.py:2612} INFO - Dependencies all met for dep_context=non-requeueable deps ti=<TaskInstance: stock_elt_with_dbt.dbt_transformations.dbt_run_core manual__2025-11-25T20:35:09.180245+00:00 [queued]>
[2025-11-25T20:35:24.993+0000] {taskinstance.py:2612} INFO - Dependencies all met for dep_context=requeueable deps ti=<TaskInstance: stock_elt_with_dbt.dbt_transformations.dbt_run_core manual__2025-11-25T20:35:09.180245+00:00 [queued]>
[2025-11-25T20:35:24.993+0000] {taskinstance.py:2865} INFO - Starting attempt 1 of 2
[2025-11-25T20:35:24.997+0000] {taskinstance.py:2888} INFO - Executing <Task(BashOperator): dbt_transformations.dbt_run_core> on 2025-11-25 20:35:09.180245+00:00
[2025-11-25T20:35:25.000+0000] {logging_mixin.py:190} WARNING - /home/***/.local/lib/python3.12/site-packages/***/task/task_runner/standard_task_runner.py:70 DeprecationWarning: This process (pid=20965) is multi-threaded, use of fork() may lead to deadlocks in the child.
[2025-11-25T20:35:25.001+0000] {standard_task_runner.py:72} INFO - Started process 20995 to run task
[2025-11-25T20:35:25.000+0000] {standard_task_runner.py:104} INFO - Running: ['***', 'tasks', 'run', 'stock_elt_with_dbt', 'dbt_transformations.dbt_run_core', 'manual__2025-11-25T20:35:09.180245+00:00', '--job-id', '4941', '--raw', '--subdir', 'DAGS_FOLDER/stock_elt_with_dbt.py', '--cfg-path', '/tmp/tmp7ehelm4p']
[2025-11-25T20:35:25.001+0000] {standard_task_runner.py:105} INFO - Job 4941: Subtask dbt_transformations.dbt_run_core
[2025-11-25T20:35:25.018+0000] {task_command.py:467} INFO - Running <TaskInstance: stock_elt_with_dbt.dbt_transformations.dbt_run_core manual__2025-11-25T20:35:09.180245+00:00 [running]> on host a4b8d4f4105c
[2025-11-25T20:35:25.049+0000] {taskinstance.py:3131} INFO - Exporting env vars: AIRFLOW_CTX_DAG_OWNER='***' AIRFLOW_CTX_DAG_ID='stock_elt_with_dbt' AIRFLOW_CTX_TASK_ID='dbt_transformations.dbt_run_core' AIRFLOW_CTX_EXECUTION_DATE='2025-11-25T20:35:09.180245+00:00' AIRFLOW_CTX_TRY_NUMBER='1' AIRFLOW_CTX_DAG_RUN_ID='manual__2025-11-25T20:35:09.180245+00:00'
[2025-11-25T20:35:25.050+0000] {taskinstance.py:731} INFO - ::endgroup::
[2025-11-25T20:35:25.051+0000] {subprocess.py:63} INFO - Tmp dir root location: /tmp
[2025-11-25T20:35:25.051+0000] {subprocess.py:75} INFO - Running command: ['/usr/bin/bash', '-c', 'cd /opt/***/stock_analytics && dbt run --profiles-dir . --select output.core.*']
[2025-11-25T20:35:25.055+0000] {subprocess.py:86} INFO - Output:
[2025-11-25T20:35:26.247+0000] {subprocess.py:93} INFO - [0m20:35:26  Running with dbt=1.7.0
[2025-11-25T20:35:26.563+0000] {subprocess.py:93} INFO - [0m20:35:26  Registered adapter: snowflake=1.7.0
[2025-11-25T20:35:26.589+0000] {subprocess.py:93} INFO - [0m20:35:26  Found 6 models, 5 tests, 2 snapshots, 1 source, 0 exposures, 0 metrics, 470 macros, 0 groups, 0 semantic models
[2025-11-25T20:35:26.590+0000] {subprocess.py:93} INFO - [0m20:35:26
[2025-11-25T20:35:31.114+0000] {subprocess.py:93} INFO - [0m20:35:31  Concurrency: 4 threads (target='dev')
[2025-11-25T20:35:31.115+0000] {subprocess.py:93} INFO - [0m20:35:31
[2025-11-25T20:35:31.126+0000] {subprocess.py:93} INFO - [0m20:35:31  1 of 3 START sql table model analytics.stock_moving_averages ................... [RUN]
[2025-11-25T20:35:31.126+0000] {subprocess.py:93} INFO - [0m20:35:31  2 of 3 START sql table model analytics.stock_rsi ............................... [RUN]
[2025-11-25T20:35:32.570+0000] {subprocess.py:93} INFO - [0m20:35:32  2 of 3 OK created sql table model analytics.stock_rsi .......................... [[32mSUCCESS 1[0m in 1.44s]
[2025-11-25T20:35:32.607+0000] {subprocess.py:93} INFO - [0m20:35:32  1 of 3 OK created sql table model analytics.stock_moving_averages .............. [[32mSUCCESS 1[0m in 1.48s]
[2025-11-25T20:35:32.610+0000] {subprocess.py:93} INFO - [0m20:35:32  3 of 3 START sql table model analytics.stock_technical_indicators .............. [RUN]
[2025-11-25T20:35:34.249+0000] {subprocess.py:93} INFO - [0m20:35:34  3 of 3 OK created sql table model analytics.stock_technical_indicators ......... [[32mSUCCESS 1[0m in 1.64s]
[2025-11-25T20:35:34.253+0000] {subprocess.py:93} INFO - [0m20:35:34
[2025-11-25T20:35:34.253+0000] {subprocess.py:93} INFO - [0m20:35:34  Finished running 3 table models in 0 hours 0 minutes and 7.66 seconds (7.66s).
[2025-11-25T20:35:34.261+0000] {subprocess.py:93} INFO - [0m20:35:34
[2025-11-25T20:35:34.262+0000] {subprocess.py:93} INFO - [0m20:35:34  [32mCompleted successfully[0m
[2025-11-25T20:35:34.262+0000] {subprocess.py:93} INFO - [0m20:35:34
[2025-11-25T20:35:34.262+0000] {subprocess.py:93} INFO - [0m20:35:34  Done. PASS=3 WARN=0 ERROR=0 SKIP=0 TOTAL=3
[2025-11-25T20:35:34.833+0000] {subprocess.py:97} INFO - Command exited with return code 0
[2025-11-25T20:35:34.843+0000] {taskinstance.py:340} INFO - ::group::Post task execution logs
[2025-11-25T20:35:34.844+0000] {taskinstance.py:352} INFO - Marking task as SUCCESS. dag_id=stock_elt_with_dbt, task_id=dbt_transformations.dbt_run_core, run_id=manual__2025-11-25T20:35:09.180245+00:00, execution_date=20251125T203509, start_date=20251125T203524, end_date=20251125T203534
[2025-11-25T20:35:35.012+0000] {local_task_job_runner.py:266} INFO - Task exited with return code 0
[2025-11-25T20:35:35.022+0000] {taskinstance.py:3900} INFO - 1 downstream tasks scheduled from follow-on schedule check
[2025-11-25T20:35:35.022+0000] {local_task_job_runner.py:245} INFO - ::endgroup::
