[2025-11-25T20:30:31.248+0000] {local_task_job_runner.py:123} INFO - ::group::Pre task execution logs
[2025-11-25T20:30:31.253+0000] {taskinstance.py:2612} INFO - Dependencies all met for dep_context=non-requeueable deps ti=<TaskInstance: stock_elt_with_dbt.dbt_transformations.dbt_snapshot manual__2025-11-25T02:23:25.714165+00:00 [queued]>
[2025-11-25T20:30:31.256+0000] {taskinstance.py:2612} INFO - Dependencies all met for dep_context=requeueable deps ti=<TaskInstance: stock_elt_with_dbt.dbt_transformations.dbt_snapshot manual__2025-11-25T02:23:25.714165+00:00 [queued]>
[2025-11-25T20:30:31.256+0000] {taskinstance.py:2865} INFO - Starting attempt 5 of 6
[2025-11-25T20:30:31.260+0000] {taskinstance.py:2888} INFO - Executing <Task(BashOperator): dbt_transformations.dbt_snapshot> on 2025-11-25 02:23:25.714165+00:00
[2025-11-25T20:30:31.263+0000] {logging_mixin.py:190} WARNING - /home/***/.local/lib/python3.12/site-packages/***/task/task_runner/standard_task_runner.py:70 DeprecationWarning: This process (pid=19461) is multi-threaded, use of fork() may lead to deadlocks in the child.
[2025-11-25T20:30:31.264+0000] {standard_task_runner.py:72} INFO - Started process 19469 to run task
[2025-11-25T20:30:31.263+0000] {standard_task_runner.py:104} INFO - Running: ['***', 'tasks', 'run', 'stock_elt_with_dbt', 'dbt_transformations.dbt_snapshot', 'manual__2025-11-25T02:23:25.714165+00:00', '--job-id', '4910', '--raw', '--subdir', 'DAGS_FOLDER/stock_elt_with_dbt.py', '--cfg-path', '/tmp/tmpf98u9bd0']
[2025-11-25T20:30:31.264+0000] {standard_task_runner.py:105} INFO - Job 4910: Subtask dbt_transformations.dbt_snapshot
[2025-11-25T20:30:31.279+0000] {task_command.py:467} INFO - Running <TaskInstance: stock_elt_with_dbt.dbt_transformations.dbt_snapshot manual__2025-11-25T02:23:25.714165+00:00 [running]> on host a4b8d4f4105c
[2025-11-25T20:30:31.302+0000] {taskinstance.py:3131} INFO - Exporting env vars: AIRFLOW_CTX_DAG_OWNER='***' AIRFLOW_CTX_DAG_ID='stock_elt_with_dbt' AIRFLOW_CTX_TASK_ID='dbt_transformations.dbt_snapshot' AIRFLOW_CTX_EXECUTION_DATE='2025-11-25T02:23:25.714165+00:00' AIRFLOW_CTX_TRY_NUMBER='5' AIRFLOW_CTX_DAG_RUN_ID='manual__2025-11-25T02:23:25.714165+00:00'
[2025-11-25T20:30:31.303+0000] {taskinstance.py:731} INFO - ::endgroup::
[2025-11-25T20:30:31.303+0000] {subprocess.py:63} INFO - Tmp dir root location: /tmp
[2025-11-25T20:30:31.304+0000] {subprocess.py:75} INFO - Running command: ['/usr/bin/bash', '-c', 'cd /opt/***/stock_analytics && dbt snapshot --profiles-dir .']
[2025-11-25T20:30:31.307+0000] {subprocess.py:86} INFO - Output:
[2025-11-25T20:30:32.309+0000] {subprocess.py:93} INFO - [0m20:30:32  Running with dbt=1.7.0
[2025-11-25T20:30:32.629+0000] {subprocess.py:93} INFO - [0m20:30:32  Registered adapter: snowflake=1.7.0
[2025-11-25T20:30:32.663+0000] {subprocess.py:93} INFO - [0m20:30:32  Found 6 models, 5 tests, 2 snapshots, 1 source, 0 exposures, 0 metrics, 470 macros, 0 groups, 0 semantic models
[2025-11-25T20:30:32.664+0000] {subprocess.py:93} INFO - [0m20:30:32
[2025-11-25T20:30:37.626+0000] {subprocess.py:93} INFO - [0m20:30:37  Concurrency: 4 threads (target='dev')
[2025-11-25T20:30:37.627+0000] {subprocess.py:93} INFO - [0m20:30:37
[2025-11-25T20:30:37.633+0000] {subprocess.py:93} INFO - [0m20:30:37  1 of 2 START snapshot snapshots.rsi_signals_snapshot ........................... [RUN]
[2025-11-25T20:30:37.633+0000] {subprocess.py:93} INFO - [0m20:30:37  2 of 2 START snapshot snapshots.stock_prices_snapshot .......................... [RUN]
[2025-11-25T20:30:42.755+0000] {subprocess.py:93} INFO - [0m20:30:42  1 of 2 OK snapshotted snapshots.rsi_signals_snapshot ........................... [[32mSUCCESS 0[0m in 5.12s]
[2025-11-25T20:30:43.398+0000] {subprocess.py:93} INFO - [0m20:30:43  2 of 2 OK snapshotted snapshots.stock_prices_snapshot .......................... [[32mSUCCESS 0[0m in 5.76s]
[2025-11-25T20:30:43.400+0000] {subprocess.py:93} INFO - [0m20:30:43
[2025-11-25T20:30:43.401+0000] {subprocess.py:93} INFO - [0m20:30:43  Finished running 2 snapshots in 0 hours 0 minutes and 10.74 seconds (10.74s).
[2025-11-25T20:30:43.407+0000] {subprocess.py:93} INFO - [0m20:30:43
[2025-11-25T20:30:43.407+0000] {subprocess.py:93} INFO - [0m20:30:43  [32mCompleted successfully[0m
[2025-11-25T20:30:43.407+0000] {subprocess.py:93} INFO - [0m20:30:43
[2025-11-25T20:30:43.408+0000] {subprocess.py:93} INFO - [0m20:30:43  Done. PASS=2 WARN=0 ERROR=0 SKIP=0 TOTAL=2
[2025-11-25T20:30:44.005+0000] {subprocess.py:97} INFO - Command exited with return code 0
[2025-11-25T20:30:44.015+0000] {taskinstance.py:340} INFO - ::group::Post task execution logs
[2025-11-25T20:30:44.016+0000] {taskinstance.py:352} INFO - Marking task as SUCCESS. dag_id=stock_elt_with_dbt, task_id=dbt_transformations.dbt_snapshot, run_id=manual__2025-11-25T02:23:25.714165+00:00, execution_date=20251125T022325, start_date=20251125T203031, end_date=20251125T203044
[2025-11-25T20:30:44.034+0000] {local_task_job_runner.py:266} INFO - Task exited with return code 0
[2025-11-25T20:30:44.042+0000] {taskinstance.py:3900} INFO - 1 downstream tasks scheduled from follow-on schedule check
[2025-11-25T20:30:44.043+0000] {local_task_job_runner.py:245} INFO - ::endgroup::
