[2025-11-25T00:32:04.300+0000] {local_task_job_runner.py:123} INFO - ::group::Pre task execution logs
[2025-11-25T00:32:04.309+0000] {taskinstance.py:2612} INFO - Dependencies all met for dep_context=non-requeueable deps ti=<TaskInstance: yfinance_to_snowflake_etl.load_many scheduled__2022-11-04T18:00:00+00:00 [queued]>
[2025-11-25T00:32:04.312+0000] {taskinstance.py:2612} INFO - Dependencies all met for dep_context=requeueable deps ti=<TaskInstance: yfinance_to_snowflake_etl.load_many scheduled__2022-11-04T18:00:00+00:00 [queued]>
[2025-11-25T00:32:04.313+0000] {taskinstance.py:2865} INFO - Starting attempt 1 of 1
[2025-11-25T00:32:04.324+0000] {taskinstance.py:2888} INFO - Executing <Task(_PythonDecoratedOperator): load_many> on 2022-11-04 18:00:00+00:00
[2025-11-25T00:32:04.328+0000] {logging_mixin.py:190} WARNING - /home/***/.local/lib/python3.12/site-packages/***/task/task_runner/standard_task_runner.py:70 DeprecationWarning: This process (pid=62517) is multi-threaded, use of fork() may lead to deadlocks in the child.
[2025-11-25T00:32:04.329+0000] {standard_task_runner.py:72} INFO - Started process 62571 to run task
[2025-11-25T00:32:04.330+0000] {standard_task_runner.py:104} INFO - Running: ['***', 'tasks', 'run', 'yfinance_to_snowflake_etl', 'load_many', 'scheduled__2022-11-04T18:00:00+00:00', '--job-id', '2254', '--raw', '--subdir', 'DAGS_FOLDER/yfinance_to_snowflake_etl.py', '--cfg-path', '/tmp/tmpupi46ag_']
[2025-11-25T00:32:04.331+0000] {standard_task_runner.py:105} INFO - Job 2254: Subtask load_many
[2025-11-25T00:32:04.357+0000] {task_command.py:467} INFO - Running <TaskInstance: yfinance_to_snowflake_etl.load_many scheduled__2022-11-04T18:00:00+00:00 [running]> on host fd57ff944215
[2025-11-25T00:32:04.409+0000] {taskinstance.py:3131} INFO - Exporting env vars: AIRFLOW_CTX_DAG_OWNER='***' AIRFLOW_CTX_DAG_ID='yfinance_to_snowflake_etl' AIRFLOW_CTX_TASK_ID='load_many' AIRFLOW_CTX_EXECUTION_DATE='2022-11-04T18:00:00+00:00' AIRFLOW_CTX_TRY_NUMBER='1' AIRFLOW_CTX_DAG_RUN_ID='scheduled__2022-11-04T18:00:00+00:00'
[2025-11-25T00:32:04.411+0000] {taskinstance.py:731} INFO - ::endgroup::
[2025-11-25T00:32:04.585+0000] {cursor.py:1156} INFO - Number of results in first chunk: 1
[2025-11-25T00:32:04.692+0000] {cursor.py:1156} INFO - Number of results in first chunk: 1
[2025-11-25T00:32:04.841+0000] {cursor.py:1156} INFO - Number of results in first chunk: 1
[2025-11-25T00:32:04.841+0000] {python.py:240} INFO - Done. Returned value was: None
[2025-11-25T00:32:04.845+0000] {taskinstance.py:340} INFO - ::group::Post task execution logs
[2025-11-25T00:32:04.845+0000] {taskinstance.py:352} INFO - Marking task as SUCCESS. dag_id=yfinance_to_snowflake_etl, task_id=load_many, run_id=scheduled__2022-11-04T18:00:00+00:00, execution_date=20221104T180000, start_date=20251125T003204, end_date=20251125T003204
[2025-11-25T00:32:04.884+0000] {local_task_job_runner.py:266} INFO - Task exited with return code 0
[2025-11-25T00:32:04.891+0000] {taskinstance.py:3900} INFO - 0 downstream tasks scheduled from follow-on schedule check
[2025-11-25T00:32:04.891+0000] {local_task_job_runner.py:245} INFO - ::endgroup::
