[2025-11-25T06:57:09.055+0000] {local_task_job_runner.py:123} INFO - ::group::Pre task execution logs
[2025-11-25T06:57:09.063+0000] {taskinstance.py:2612} INFO - Dependencies all met for dep_context=non-requeueable deps ti=<TaskInstance: stock_elt_with_dbt.dbt_transformations.dbt_run_staging manual__2025-11-25T02:28:16.718638+00:00 [queued]>
[2025-11-25T06:57:09.066+0000] {taskinstance.py:2612} INFO - Dependencies all met for dep_context=requeueable deps ti=<TaskInstance: stock_elt_with_dbt.dbt_transformations.dbt_run_staging manual__2025-11-25T02:28:16.718638+00:00 [queued]>
[2025-11-25T06:57:09.066+0000] {taskinstance.py:2865} INFO - Starting attempt 1 of 2
[2025-11-25T06:57:09.071+0000] {taskinstance.py:2888} INFO - Executing <Task(BashOperator): dbt_transformations.dbt_run_staging> on 2025-11-25 02:28:16.718638+00:00
[2025-11-25T06:57:09.076+0000] {standard_task_runner.py:104} INFO - Running: ['***', 'tasks', 'run', 'stock_elt_with_dbt', 'dbt_transformations.dbt_run_staging', 'manual__2025-11-25T02:28:16.718638+00:00', '--job-id', '4829', '--raw', '--subdir', 'DAGS_FOLDER/stock_elt_with_dbt.py', '--cfg-path', '/tmp/tmpb_knuv7f']
[2025-11-25T06:57:09.077+0000] {standard_task_runner.py:105} INFO - Job 4829: Subtask dbt_transformations.dbt_run_staging
[2025-11-25T06:57:09.077+0000] {logging_mixin.py:190} WARNING - /home/***/.local/lib/python3.12/site-packages/***/task/task_runner/standard_task_runner.py:70 DeprecationWarning: This process (pid=5633) is multi-threaded, use of fork() may lead to deadlocks in the child.
[2025-11-25T06:57:09.078+0000] {standard_task_runner.py:72} INFO - Started process 5646 to run task
[2025-11-25T06:57:09.096+0000] {task_command.py:467} INFO - Running <TaskInstance: stock_elt_with_dbt.dbt_transformations.dbt_run_staging manual__2025-11-25T02:28:16.718638+00:00 [running]> on host a4b8d4f4105c
[2025-11-25T06:57:09.129+0000] {taskinstance.py:3131} INFO - Exporting env vars: AIRFLOW_CTX_DAG_OWNER='***' AIRFLOW_CTX_DAG_ID='stock_elt_with_dbt' AIRFLOW_CTX_TASK_ID='dbt_transformations.dbt_run_staging' AIRFLOW_CTX_EXECUTION_DATE='2025-11-25T02:28:16.718638+00:00' AIRFLOW_CTX_TRY_NUMBER='1' AIRFLOW_CTX_DAG_RUN_ID='manual__2025-11-25T02:28:16.718638+00:00'
[2025-11-25T06:57:09.130+0000] {taskinstance.py:731} INFO - ::endgroup::
[2025-11-25T06:57:09.131+0000] {subprocess.py:63} INFO - Tmp dir root location: /tmp
[2025-11-25T06:57:09.132+0000] {subprocess.py:75} INFO - Running command: ['/usr/bin/bash', '-c', 'cd /opt/***/stock_analytics && dbt run --profiles-dir . --select input.staging.*']
[2025-11-25T06:57:09.137+0000] {subprocess.py:86} INFO - Output:
[2025-11-25T06:57:10.331+0000] {subprocess.py:93} INFO - [0m06:57:10  Running with dbt=1.7.0
[2025-11-25T06:57:10.714+0000] {subprocess.py:93} INFO - [0m06:57:10  Registered adapter: snowflake=1.7.0
[2025-11-25T06:57:10.782+0000] {subprocess.py:93} INFO - [0m06:57:10  Found 6 models, 5 tests, 2 snapshots, 1 source, 0 exposures, 0 metrics, 470 macros, 0 groups, 0 semantic models
[2025-11-25T06:57:10.784+0000] {subprocess.py:93} INFO - [0m06:57:10
[2025-11-25T06:57:12.111+0000] {subprocess.py:93} INFO - [0m06:57:12  Concurrency: 4 threads (target='dev')
[2025-11-25T06:57:12.111+0000] {subprocess.py:93} INFO - [0m06:57:12
[2025-11-25T06:57:12.120+0000] {subprocess.py:93} INFO - [0m06:57:12  1 of 1 START sql view model staging.stg_stock_prices ........................... [RUN]
[2025-11-25T06:57:12.994+0000] {subprocess.py:93} INFO - [0m06:57:12  1 of 1 OK created sql view model staging.stg_stock_prices ...................... [[32mSUCCESS 1[0m in 0.87s]
[2025-11-25T06:57:13.001+0000] {subprocess.py:93} INFO - [0m06:57:13
[2025-11-25T06:57:13.002+0000] {subprocess.py:93} INFO - [0m06:57:13  Finished running 1 view model in 0 hours 0 minutes and 2.22 seconds (2.22s).
[2025-11-25T06:57:13.009+0000] {subprocess.py:93} INFO - [0m06:57:13
[2025-11-25T06:57:13.009+0000] {subprocess.py:93} INFO - [0m06:57:13  [32mCompleted successfully[0m
[2025-11-25T06:57:13.010+0000] {subprocess.py:93} INFO - [0m06:57:13
[2025-11-25T06:57:13.010+0000] {subprocess.py:93} INFO - [0m06:57:13  Done. PASS=1 WARN=0 ERROR=0 SKIP=0 TOTAL=1
[2025-11-25T06:57:13.673+0000] {subprocess.py:97} INFO - Command exited with return code 0
[2025-11-25T06:57:13.697+0000] {taskinstance.py:340} INFO - ::group::Post task execution logs
[2025-11-25T06:57:13.697+0000] {taskinstance.py:352} INFO - Marking task as SUCCESS. dag_id=stock_elt_with_dbt, task_id=dbt_transformations.dbt_run_staging, run_id=manual__2025-11-25T02:28:16.718638+00:00, execution_date=20251125T022816, start_date=20251125T065709, end_date=20251125T065713
[2025-11-25T06:57:13.711+0000] {local_task_job_runner.py:266} INFO - Task exited with return code 0
[2025-11-25T06:57:13.722+0000] {taskinstance.py:3900} INFO - 1 downstream tasks scheduled from follow-on schedule check
[2025-11-25T06:57:13.722+0000] {local_task_job_runner.py:245} INFO - ::endgroup::
