[2025-11-25T00:36:38.550+0000] {local_task_job_runner.py:123} INFO - ::group::Pre task execution logs
[2025-11-25T00:36:38.559+0000] {taskinstance.py:2612} INFO - Dependencies all met for dep_context=non-requeueable deps ti=<TaskInstance: yfinance_to_snowflake_etl.extract scheduled__2023-12-05T18:00:00+00:00 [queued]>
[2025-11-25T00:36:38.562+0000] {taskinstance.py:2612} INFO - Dependencies all met for dep_context=requeueable deps ti=<TaskInstance: yfinance_to_snowflake_etl.extract scheduled__2023-12-05T18:00:00+00:00 [queued]>
[2025-11-25T00:36:38.562+0000] {taskinstance.py:2865} INFO - Starting attempt 1 of 1
[2025-11-25T00:36:38.567+0000] {taskinstance.py:2888} INFO - Executing <Task(_PythonDecoratedOperator): extract> on 2023-12-05 18:00:00+00:00
[2025-11-25T00:36:38.570+0000] {logging_mixin.py:190} WARNING - /home/***/.local/lib/python3.12/site-packages/***/task/task_runner/standard_task_runner.py:70 DeprecationWarning: This process (pid=69219) is multi-threaded, use of fork() may lead to deadlocks in the child.
[2025-11-25T00:36:38.571+0000] {standard_task_runner.py:72} INFO - Started process 69278 to run task
[2025-11-25T00:36:38.571+0000] {standard_task_runner.py:104} INFO - Running: ['***', 'tasks', 'run', 'yfinance_to_snowflake_etl', 'extract', 'scheduled__2023-12-05T18:00:00+00:00', '--job-id', '3053', '--raw', '--subdir', 'DAGS_FOLDER/yfinance_to_snowflake_etl.py', '--cfg-path', '/tmp/tmpy3yxgjy_']
[2025-11-25T00:36:38.572+0000] {standard_task_runner.py:105} INFO - Job 3053: Subtask extract
[2025-11-25T00:36:38.591+0000] {task_command.py:467} INFO - Running <TaskInstance: yfinance_to_snowflake_etl.extract scheduled__2023-12-05T18:00:00+00:00 [running]> on host fd57ff944215
[2025-11-25T00:36:38.625+0000] {taskinstance.py:3131} INFO - Exporting env vars: AIRFLOW_CTX_DAG_OWNER='***' AIRFLOW_CTX_DAG_ID='yfinance_to_snowflake_etl' AIRFLOW_CTX_TASK_ID='extract' AIRFLOW_CTX_EXECUTION_DATE='2023-12-05T18:00:00+00:00' AIRFLOW_CTX_TRY_NUMBER='1' AIRFLOW_CTX_DAG_RUN_ID='scheduled__2023-12-05T18:00:00+00:00'
[2025-11-25T00:36:38.626+0000] {taskinstance.py:731} INFO - ::endgroup::
[2025-11-25T00:36:38.628+0000] {logging_mixin.py:190} WARNING - /opt/***/dags/yfinance_to_snowflake_etl.py:48 FutureWarning: YF.download() has changed argument auto_adjust default to True
[2025-11-25T00:36:38.793+0000] {logging_mixin.py:190} WARNING - [*********************100%***********************]  1 of 1 completed
[2025-11-25T00:36:38.793+0000] {multi.py:185} ERROR - 
1 Failed download:
[2025-11-25T00:36:38.794+0000] {multi.py:198} ERROR - ['AAPL']: YFRateLimitError('Too Many Requests. Rate limited. Try after a while.')
[2025-11-25T00:36:38.796+0000] {logging_mixin.py:190} INFO - Error: No data available for symbol AAPL. Retrying in 2.0 seconds...
[2025-11-25T00:36:40.799+0000] {logging_mixin.py:190} WARNING - /opt/***/dags/yfinance_to_snowflake_etl.py:48 FutureWarning: YF.download() has changed argument auto_adjust default to True
[2025-11-25T00:36:41.045+0000] {logging_mixin.py:190} WARNING - [*********************100%***********************]  1 of 1 completed
[2025-11-25T00:36:41.045+0000] {multi.py:185} ERROR - 
1 Failed download:
[2025-11-25T00:36:41.045+0000] {multi.py:198} ERROR - ['AAPL']: YFRateLimitError('Too Many Requests. Rate limited. Try after a while.')
[2025-11-25T00:36:41.047+0000] {logging_mixin.py:190} INFO - Max retries reached. Unable to download stock data for AAPL.
[2025-11-25T00:36:41.047+0000] {logging_mixin.py:190} INFO - No data returned for AAPL
[2025-11-25T00:36:41.048+0000] {logging_mixin.py:190} WARNING - /opt/***/dags/yfinance_to_snowflake_etl.py:48 FutureWarning: YF.download() has changed argument auto_adjust default to True
[2025-11-25T00:36:41.375+0000] {logging_mixin.py:190} WARNING - [*********************100%***********************]  1 of 1 completed
[2025-11-25T00:36:41.376+0000] {multi.py:185} ERROR - 
1 Failed download:
[2025-11-25T00:36:41.376+0000] {multi.py:198} ERROR - ['TSLA']: YFRateLimitError('Too Many Requests. Rate limited. Try after a while.')
[2025-11-25T00:36:41.377+0000] {logging_mixin.py:190} INFO - Error: No data available for symbol TSLA. Retrying in 2.0 seconds...
[2025-11-25T00:36:43.379+0000] {logging_mixin.py:190} WARNING - /opt/***/dags/yfinance_to_snowflake_etl.py:48 FutureWarning: YF.download() has changed argument auto_adjust default to True
[2025-11-25T00:36:43.581+0000] {logging_mixin.py:190} WARNING - [*********************100%***********************]  1 of 1 completed
[2025-11-25T00:36:43.583+0000] {multi.py:185} ERROR - 
1 Failed download:
[2025-11-25T00:36:43.586+0000] {multi.py:198} ERROR - ['TSLA']: YFRateLimitError('Too Many Requests. Rate limited. Try after a while.')
[2025-11-25T00:36:43.589+0000] {logging_mixin.py:190} INFO - Max retries reached. Unable to download stock data for TSLA.
[2025-11-25T00:36:43.593+0000] {logging_mixin.py:190} INFO - No data returned for TSLA
[2025-11-25T00:36:43.597+0000] {python.py:240} INFO - Done. Returned value was: []
[2025-11-25T00:36:43.671+0000] {taskinstance.py:340} INFO - ::group::Post task execution logs
[2025-11-25T00:36:43.672+0000] {taskinstance.py:352} INFO - Marking task as SUCCESS. dag_id=yfinance_to_snowflake_etl, task_id=extract, run_id=scheduled__2023-12-05T18:00:00+00:00, execution_date=20231205T180000, start_date=20251125T003638, end_date=20251125T003643
[2025-11-25T00:36:43.775+0000] {local_task_job_runner.py:266} INFO - Task exited with return code 0
[2025-11-25T00:36:43.801+0000] {local_task_job_runner.py:245} INFO - ::endgroup::
