[2025-11-24T23:55:49.551+0000] {local_task_job_runner.py:123} INFO - ::group::Pre task execution logs
[2025-11-24T23:55:49.559+0000] {taskinstance.py:2612} INFO - Dependencies all met for dep_context=non-requeueable deps ti=<TaskInstance: yfinance_to_snowflake_etl.load_many scheduled__2020-06-11T18:00:00+00:00 [queued]>
[2025-11-24T23:55:49.563+0000] {taskinstance.py:2612} INFO - Dependencies all met for dep_context=requeueable deps ti=<TaskInstance: yfinance_to_snowflake_etl.load_many scheduled__2020-06-11T18:00:00+00:00 [queued]>
[2025-11-24T23:55:49.563+0000] {taskinstance.py:2865} INFO - Starting attempt 1 of 1
[2025-11-24T23:55:49.569+0000] {taskinstance.py:2888} INFO - Executing <Task(_PythonDecoratedOperator): load_many> on 2020-06-11 18:00:00+00:00
[2025-11-24T23:55:49.574+0000] {logging_mixin.py:190} WARNING - /home/***/.local/lib/python3.12/site-packages/***/task/task_runner/standard_task_runner.py:70 DeprecationWarning: This process (pid=11685) is multi-threaded, use of fork() may lead to deadlocks in the child.
[2025-11-24T23:55:49.575+0000] {standard_task_runner.py:72} INFO - Started process 11743 to run task
[2025-11-24T23:55:49.575+0000] {standard_task_runner.py:104} INFO - Running: ['***', 'tasks', 'run', 'yfinance_to_snowflake_etl', 'load_many', 'scheduled__2020-06-11T18:00:00+00:00', '--job-id', '376', '--raw', '--subdir', 'DAGS_FOLDER/yfinance_to_snowflake_etl.py', '--cfg-path', '/tmp/tmp_u5ak18r']
[2025-11-24T23:55:49.575+0000] {standard_task_runner.py:105} INFO - Job 376: Subtask load_many
[2025-11-24T23:55:49.598+0000] {task_command.py:467} INFO - Running <TaskInstance: yfinance_to_snowflake_etl.load_many scheduled__2020-06-11T18:00:00+00:00 [running]> on host fd57ff944215
[2025-11-24T23:55:49.788+0000] {taskinstance.py:3131} INFO - Exporting env vars: AIRFLOW_CTX_DAG_OWNER='***' AIRFLOW_CTX_DAG_ID='yfinance_to_snowflake_etl' AIRFLOW_CTX_TASK_ID='load_many' AIRFLOW_CTX_EXECUTION_DATE='2020-06-11T18:00:00+00:00' AIRFLOW_CTX_TRY_NUMBER='1' AIRFLOW_CTX_DAG_RUN_ID='scheduled__2020-06-11T18:00:00+00:00'
[2025-11-24T23:55:49.792+0000] {taskinstance.py:731} INFO - ::endgroup::
[2025-11-24T23:55:50.217+0000] {cursor.py:1156} INFO - Number of results in first chunk: 1
[2025-11-24T23:55:50.532+0000] {cursor.py:1156} INFO - Number of results in first chunk: 1
[2025-11-24T23:55:50.620+0000] {cursor.py:1156} INFO - Number of results in first chunk: 1
[2025-11-24T23:55:50.621+0000] {python.py:240} INFO - Done. Returned value was: None
[2025-11-24T23:55:50.624+0000] {taskinstance.py:340} INFO - ::group::Post task execution logs
[2025-11-24T23:55:50.625+0000] {taskinstance.py:352} INFO - Marking task as SUCCESS. dag_id=yfinance_to_snowflake_etl, task_id=load_many, run_id=scheduled__2020-06-11T18:00:00+00:00, execution_date=20200611T180000, start_date=20251124T235549, end_date=20251124T235550
[2025-11-24T23:55:50.664+0000] {local_task_job_runner.py:266} INFO - Task exited with return code 0
[2025-11-24T23:55:50.670+0000] {taskinstance.py:3900} INFO - 0 downstream tasks scheduled from follow-on schedule check
[2025-11-24T23:55:50.670+0000] {local_task_job_runner.py:245} INFO - ::endgroup::
