[2025-11-25T20:30:22.154+0000] {local_task_job_runner.py:123} INFO - ::group::Pre task execution logs
[2025-11-25T20:30:22.161+0000] {taskinstance.py:2612} INFO - Dependencies all met for dep_context=non-requeueable deps ti=<TaskInstance: stock_elt_with_dbt.dbt_transformations.dbt_run_core manual__2025-11-25T02:23:25.714165+00:00 [queued]>
[2025-11-25T20:30:22.164+0000] {taskinstance.py:2612} INFO - Dependencies all met for dep_context=requeueable deps ti=<TaskInstance: stock_elt_with_dbt.dbt_transformations.dbt_run_core manual__2025-11-25T02:23:25.714165+00:00 [queued]>
[2025-11-25T20:30:22.164+0000] {taskinstance.py:2865} INFO - Starting attempt 3 of 4
[2025-11-25T20:30:22.169+0000] {taskinstance.py:2888} INFO - Executing <Task(BashOperator): dbt_transformations.dbt_run_core> on 2025-11-25 02:23:25.714165+00:00
[2025-11-25T20:30:22.172+0000] {logging_mixin.py:190} WARNING - /home/***/.local/lib/python3.12/site-packages/***/task/task_runner/standard_task_runner.py:70 DeprecationWarning: This process (pid=19385) is multi-threaded, use of fork() may lead to deadlocks in the child.
[2025-11-25T20:30:22.173+0000] {standard_task_runner.py:72} INFO - Started process 19393 to run task
[2025-11-25T20:30:22.173+0000] {standard_task_runner.py:104} INFO - Running: ['***', 'tasks', 'run', 'stock_elt_with_dbt', 'dbt_transformations.dbt_run_core', 'manual__2025-11-25T02:23:25.714165+00:00', '--job-id', '4909', '--raw', '--subdir', 'DAGS_FOLDER/stock_elt_with_dbt.py', '--cfg-path', '/tmp/tmpb8vtiq0o']
[2025-11-25T20:30:22.173+0000] {standard_task_runner.py:105} INFO - Job 4909: Subtask dbt_transformations.dbt_run_core
[2025-11-25T20:30:22.190+0000] {task_command.py:467} INFO - Running <TaskInstance: stock_elt_with_dbt.dbt_transformations.dbt_run_core manual__2025-11-25T02:23:25.714165+00:00 [running]> on host a4b8d4f4105c
[2025-11-25T20:30:22.216+0000] {taskinstance.py:3131} INFO - Exporting env vars: AIRFLOW_CTX_DAG_OWNER='***' AIRFLOW_CTX_DAG_ID='stock_elt_with_dbt' AIRFLOW_CTX_TASK_ID='dbt_transformations.dbt_run_core' AIRFLOW_CTX_EXECUTION_DATE='2025-11-25T02:23:25.714165+00:00' AIRFLOW_CTX_TRY_NUMBER='3' AIRFLOW_CTX_DAG_RUN_ID='manual__2025-11-25T02:23:25.714165+00:00'
[2025-11-25T20:30:22.216+0000] {taskinstance.py:731} INFO - ::endgroup::
[2025-11-25T20:30:22.217+0000] {subprocess.py:63} INFO - Tmp dir root location: /tmp
[2025-11-25T20:30:22.218+0000] {subprocess.py:75} INFO - Running command: ['/usr/bin/bash', '-c', 'cd /opt/***/stock_analytics && dbt run --profiles-dir . --select output.core.*']
[2025-11-25T20:30:22.221+0000] {subprocess.py:86} INFO - Output:
[2025-11-25T20:30:23.327+0000] {subprocess.py:93} INFO - [0m20:30:23  Running with dbt=1.7.0
[2025-11-25T20:30:23.664+0000] {subprocess.py:93} INFO - [0m20:30:23  Registered adapter: snowflake=1.7.0
[2025-11-25T20:30:23.690+0000] {subprocess.py:93} INFO - [0m20:30:23  Found 6 models, 5 tests, 2 snapshots, 1 source, 0 exposures, 0 metrics, 470 macros, 0 groups, 0 semantic models
[2025-11-25T20:30:23.691+0000] {subprocess.py:93} INFO - [0m20:30:23
[2025-11-25T20:30:25.395+0000] {subprocess.py:93} INFO - [0m20:30:25  Concurrency: 4 threads (target='dev')
[2025-11-25T20:30:25.396+0000] {subprocess.py:93} INFO - [0m20:30:25
[2025-11-25T20:30:25.406+0000] {subprocess.py:93} INFO - [0m20:30:25  1 of 3 START sql table model analytics.stock_moving_averages ................... [RUN]
[2025-11-25T20:30:25.407+0000] {subprocess.py:93} INFO - [0m20:30:25  2 of 3 START sql table model analytics.stock_rsi ............................... [RUN]
[2025-11-25T20:30:27.484+0000] {subprocess.py:93} INFO - [0m20:30:27  2 of 3 OK created sql table model analytics.stock_rsi .......................... [[32mSUCCESS 1[0m in 2.07s]
[2025-11-25T20:30:27.644+0000] {subprocess.py:93} INFO - [0m20:30:27  1 of 3 OK created sql table model analytics.stock_moving_averages .............. [[32mSUCCESS 1[0m in 2.23s]
[2025-11-25T20:30:27.647+0000] {subprocess.py:93} INFO - [0m20:30:27  3 of 3 START sql table model analytics.stock_technical_indicators .............. [RUN]
[2025-11-25T20:30:29.260+0000] {subprocess.py:93} INFO - [0m20:30:29  3 of 3 OK created sql table model analytics.stock_technical_indicators ......... [[32mSUCCESS 1[0m in 1.61s]
[2025-11-25T20:30:29.267+0000] {subprocess.py:93} INFO - [0m20:30:29
[2025-11-25T20:30:29.267+0000] {subprocess.py:93} INFO - [0m20:30:29  Finished running 3 table models in 0 hours 0 minutes and 5.57 seconds (5.57s).
[2025-11-25T20:30:29.279+0000] {subprocess.py:93} INFO - [0m20:30:29
[2025-11-25T20:30:29.280+0000] {subprocess.py:93} INFO - [0m20:30:29  [32mCompleted successfully[0m
[2025-11-25T20:30:29.280+0000] {subprocess.py:93} INFO - [0m20:30:29
[2025-11-25T20:30:29.281+0000] {subprocess.py:93} INFO - [0m20:30:29  Done. PASS=3 WARN=0 ERROR=0 SKIP=0 TOTAL=3
[2025-11-25T20:30:29.886+0000] {subprocess.py:97} INFO - Command exited with return code 0
[2025-11-25T20:30:29.896+0000] {taskinstance.py:340} INFO - ::group::Post task execution logs
[2025-11-25T20:30:29.896+0000] {taskinstance.py:352} INFO - Marking task as SUCCESS. dag_id=stock_elt_with_dbt, task_id=dbt_transformations.dbt_run_core, run_id=manual__2025-11-25T02:23:25.714165+00:00, execution_date=20251125T022325, start_date=20251125T203022, end_date=20251125T203029
[2025-11-25T20:30:30.056+0000] {local_task_job_runner.py:266} INFO - Task exited with return code 0
[2025-11-25T20:30:30.065+0000] {taskinstance.py:3900} INFO - 1 downstream tasks scheduled from follow-on schedule check
[2025-11-25T20:30:30.066+0000] {local_task_job_runner.py:245} INFO - ::endgroup::
