[2025-11-25T07:28:01.425+0000] {local_task_job_runner.py:123} INFO - ::group::Pre task execution logs
[2025-11-25T07:28:01.430+0000] {taskinstance.py:2612} INFO - Dependencies all met for dep_context=non-requeueable deps ti=<TaskInstance: stock_elt_with_dbt.dbt_transformations.dbt_debug manual__2025-11-25T02:28:16.718638+00:00 [queued]>
[2025-11-25T07:28:01.433+0000] {taskinstance.py:2612} INFO - Dependencies all met for dep_context=requeueable deps ti=<TaskInstance: stock_elt_with_dbt.dbt_transformations.dbt_debug manual__2025-11-25T02:28:16.718638+00:00 [queued]>
[2025-11-25T07:28:01.433+0000] {taskinstance.py:2865} INFO - Starting attempt 2 of 3
[2025-11-25T07:28:01.438+0000] {taskinstance.py:2888} INFO - Executing <Task(BashOperator): dbt_transformations.dbt_debug> on 2025-11-25 02:28:16.718638+00:00
[2025-11-25T07:28:01.441+0000] {logging_mixin.py:190} WARNING - /home/***/.local/lib/python3.12/site-packages/***/task/task_runner/standard_task_runner.py:70 DeprecationWarning: This process (pid=8793) is multi-threaded, use of fork() may lead to deadlocks in the child.
[2025-11-25T07:28:01.442+0000] {standard_task_runner.py:72} INFO - Started process 8810 to run task
[2025-11-25T07:28:01.442+0000] {standard_task_runner.py:104} INFO - Running: ['***', 'tasks', 'run', 'stock_elt_with_dbt', 'dbt_transformations.dbt_debug', 'manual__2025-11-25T02:28:16.718638+00:00', '--job-id', '4866', '--raw', '--subdir', 'DAGS_FOLDER/stock_elt_with_dbt.py', '--cfg-path', '/tmp/tmpttd4p2c7']
[2025-11-25T07:28:01.443+0000] {standard_task_runner.py:105} INFO - Job 4866: Subtask dbt_transformations.dbt_debug
[2025-11-25T07:28:01.460+0000] {task_command.py:467} INFO - Running <TaskInstance: stock_elt_with_dbt.dbt_transformations.dbt_debug manual__2025-11-25T02:28:16.718638+00:00 [running]> on host a4b8d4f4105c
[2025-11-25T07:28:01.490+0000] {taskinstance.py:3131} INFO - Exporting env vars: AIRFLOW_CTX_DAG_OWNER='***' AIRFLOW_CTX_DAG_ID='stock_elt_with_dbt' AIRFLOW_CTX_TASK_ID='dbt_transformations.dbt_debug' AIRFLOW_CTX_EXECUTION_DATE='2025-11-25T02:28:16.718638+00:00' AIRFLOW_CTX_TRY_NUMBER='2' AIRFLOW_CTX_DAG_RUN_ID='manual__2025-11-25T02:28:16.718638+00:00'
[2025-11-25T07:28:01.491+0000] {taskinstance.py:731} INFO - ::endgroup::
[2025-11-25T07:28:01.492+0000] {subprocess.py:63} INFO - Tmp dir root location: /tmp
[2025-11-25T07:28:01.492+0000] {subprocess.py:75} INFO - Running command: ['/usr/bin/bash', '-c', 'cd /opt/***/stock_analytics && dbt debug --profiles-dir .']
[2025-11-25T07:28:01.497+0000] {subprocess.py:86} INFO - Output:
[2025-11-25T07:28:02.593+0000] {subprocess.py:93} INFO - [0m07:28:02  Running with dbt=1.7.0
[2025-11-25T07:28:02.595+0000] {subprocess.py:93} INFO - [0m07:28:02  dbt version: 1.7.0
[2025-11-25T07:28:02.596+0000] {subprocess.py:93} INFO - [0m07:28:02  python version: 3.12.5
[2025-11-25T07:28:02.597+0000] {subprocess.py:93} INFO - [0m07:28:02  python path: /home/***/.local/bin/python
[2025-11-25T07:28:02.597+0000] {subprocess.py:93} INFO - [0m07:28:02  os info: Linux-6.10.14-linuxkit-aarch64-with-glibc2.36
[2025-11-25T07:28:02.904+0000] {subprocess.py:93} INFO - [0m07:28:02  Using profiles dir at .
[2025-11-25T07:28:02.904+0000] {subprocess.py:93} INFO - [0m07:28:02  Using profiles.yml file at ./profiles.yml
[2025-11-25T07:28:02.904+0000] {subprocess.py:93} INFO - [0m07:28:02  Using dbt_project.yml file at /opt/***/stock_analytics/dbt_project.yml
[2025-11-25T07:28:02.905+0000] {subprocess.py:93} INFO - [0m07:28:02  adapter type: snowflake
[2025-11-25T07:28:02.905+0000] {subprocess.py:93} INFO - [0m07:28:02  adapter version: 1.7.0
[2025-11-25T07:28:02.929+0000] {subprocess.py:93} INFO - [0m07:28:02  Configuration:
[2025-11-25T07:28:02.929+0000] {subprocess.py:93} INFO - [0m07:28:02    profiles.yml file [[32mOK found and valid[0m]
[2025-11-25T07:28:02.930+0000] {subprocess.py:93} INFO - [0m07:28:02    dbt_project.yml file [[32mOK found and valid[0m]
[2025-11-25T07:28:02.930+0000] {subprocess.py:93} INFO - [0m07:28:02  Required dependencies:
[2025-11-25T07:28:02.932+0000] {subprocess.py:93} INFO - [0m07:28:02   - git [[32mOK found[0m]
[2025-11-25T07:28:02.932+0000] {subprocess.py:93} INFO - 
[2025-11-25T07:28:02.932+0000] {subprocess.py:93} INFO - [0m07:28:02  Connection:
[2025-11-25T07:28:02.932+0000] {subprocess.py:93} INFO - [0m07:28:02    account: lvb17920
[2025-11-25T07:28:02.932+0000] {subprocess.py:93} INFO - [0m07:28:02    user: CHIPMUNK
[2025-11-25T07:28:02.932+0000] {subprocess.py:93} INFO - [0m07:28:02    database: TRAINING_DB
[2025-11-25T07:28:02.933+0000] {subprocess.py:93} INFO - [0m07:28:02    warehouse: XSMALL_WH
[2025-11-25T07:28:02.933+0000] {subprocess.py:93} INFO - [0m07:28:02    role: TRAINING_ROLE
[2025-11-25T07:28:02.933+0000] {subprocess.py:93} INFO - [0m07:28:02    schema: raw
[2025-11-25T07:28:02.933+0000] {subprocess.py:93} INFO - [0m07:28:02    authenticator: None
[2025-11-25T07:28:02.933+0000] {subprocess.py:93} INFO - [0m07:28:02    private_key_path: None
[2025-11-25T07:28:02.934+0000] {subprocess.py:93} INFO - [0m07:28:02    token: None
[2025-11-25T07:28:02.934+0000] {subprocess.py:93} INFO - [0m07:28:02    oauth_client_id: None
[2025-11-25T07:28:02.934+0000] {subprocess.py:93} INFO - [0m07:28:02    query_tag: None
[2025-11-25T07:28:02.934+0000] {subprocess.py:93} INFO - [0m07:28:02    client_session_keep_alive: False
[2025-11-25T07:28:02.934+0000] {subprocess.py:93} INFO - [0m07:28:02    host: None
[2025-11-25T07:28:02.935+0000] {subprocess.py:93} INFO - [0m07:28:02    port: None
[2025-11-25T07:28:02.935+0000] {subprocess.py:93} INFO - [0m07:28:02    proxy_host: None
[2025-11-25T07:28:02.935+0000] {subprocess.py:93} INFO - [0m07:28:02    proxy_port: None
[2025-11-25T07:28:02.935+0000] {subprocess.py:93} INFO - [0m07:28:02    protocol: None
[2025-11-25T07:28:02.935+0000] {subprocess.py:93} INFO - [0m07:28:02    connect_retries: 1
[2025-11-25T07:28:02.936+0000] {subprocess.py:93} INFO - [0m07:28:02    connect_timeout: None
[2025-11-25T07:28:02.936+0000] {subprocess.py:93} INFO - [0m07:28:02    retry_on_database_errors: False
[2025-11-25T07:28:02.936+0000] {subprocess.py:93} INFO - [0m07:28:02    retry_all: False
[2025-11-25T07:28:02.936+0000] {subprocess.py:93} INFO - [0m07:28:02    insecure_mode: False
[2025-11-25T07:28:02.936+0000] {subprocess.py:93} INFO - [0m07:28:02    reuse_connections: None
[2025-11-25T07:28:02.936+0000] {subprocess.py:93} INFO - [0m07:28:02  Registered adapter: snowflake=1.7.0
[2025-11-25T07:28:03.496+0000] {subprocess.py:93} INFO - [0m07:28:03    Connection test: [[32mOK connection ok[0m]
[2025-11-25T07:28:03.496+0000] {subprocess.py:93} INFO - 
[2025-11-25T07:28:03.497+0000] {subprocess.py:93} INFO - [0m07:28:03  [32mAll checks passed![0m
[2025-11-25T07:28:04.210+0000] {subprocess.py:97} INFO - Command exited with return code 0
[2025-11-25T07:28:04.221+0000] {taskinstance.py:340} INFO - ::group::Post task execution logs
[2025-11-25T07:28:04.221+0000] {taskinstance.py:352} INFO - Marking task as SUCCESS. dag_id=stock_elt_with_dbt, task_id=dbt_transformations.dbt_debug, run_id=manual__2025-11-25T02:28:16.718638+00:00, execution_date=20251125T022816, start_date=20251125T072801, end_date=20251125T072804
[2025-11-25T07:28:04.233+0000] {local_task_job_runner.py:266} INFO - Task exited with return code 0
[2025-11-25T07:28:04.246+0000] {taskinstance.py:3900} INFO - 1 downstream tasks scheduled from follow-on schedule check
[2025-11-25T07:28:04.247+0000] {local_task_job_runner.py:245} INFO - ::endgroup::
