[2025-11-25T01:13:53.429+0000] {local_task_job_runner.py:123} INFO - ::group::Pre task execution logs
[2025-11-25T01:13:53.435+0000] {taskinstance.py:2612} INFO - Dependencies all met for dep_context=non-requeueable deps ti=<TaskInstance: yfinance_to_snowflake_etl.load_many manual__2025-11-25T01:13:47.364788+00:00 [queued]>
[2025-11-25T01:13:53.438+0000] {taskinstance.py:2612} INFO - Dependencies all met for dep_context=requeueable deps ti=<TaskInstance: yfinance_to_snowflake_etl.load_many manual__2025-11-25T01:13:47.364788+00:00 [queued]>
[2025-11-25T01:13:53.438+0000] {taskinstance.py:2865} INFO - Starting attempt 1 of 1
[2025-11-25T01:13:53.441+0000] {taskinstance.py:2888} INFO - Executing <Task(_PythonDecoratedOperator): load_many> on 2025-11-25 01:13:47.364788+00:00
[2025-11-25T01:13:53.445+0000] {logging_mixin.py:190} WARNING - /home/***/.local/lib/python3.12/site-packages/***/task/task_runner/standard_task_runner.py:70 DeprecationWarning: This process (pid=82433) is multi-threaded, use of fork() may lead to deadlocks in the child.
[2025-11-25T01:13:53.446+0000] {standard_task_runner.py:72} INFO - Started process 82436 to run task
[2025-11-25T01:13:53.445+0000] {standard_task_runner.py:104} INFO - Running: ['***', 'tasks', 'run', 'yfinance_to_snowflake_etl', 'load_many', 'manual__2025-11-25T01:13:47.364788+00:00', '--job-id', '4769', '--raw', '--subdir', 'DAGS_FOLDER/yfinance_to_snowflake_etl.py', '--cfg-path', '/tmp/tmpfzie0tmz']
[2025-11-25T01:13:53.446+0000] {standard_task_runner.py:105} INFO - Job 4769: Subtask load_many
[2025-11-25T01:13:53.463+0000] {task_command.py:467} INFO - Running <TaskInstance: yfinance_to_snowflake_etl.load_many manual__2025-11-25T01:13:47.364788+00:00 [running]> on host fd57ff944215
[2025-11-25T01:13:53.501+0000] {taskinstance.py:3131} INFO - Exporting env vars: AIRFLOW_CTX_DAG_OWNER='***' AIRFLOW_CTX_DAG_ID='yfinance_to_snowflake_etl' AIRFLOW_CTX_TASK_ID='load_many' AIRFLOW_CTX_EXECUTION_DATE='2025-11-25T01:13:47.364788+00:00' AIRFLOW_CTX_TRY_NUMBER='1' AIRFLOW_CTX_DAG_RUN_ID='manual__2025-11-25T01:13:47.364788+00:00'
[2025-11-25T01:13:53.502+0000] {taskinstance.py:731} INFO - ::endgroup::
[2025-11-25T01:13:53.699+0000] {cursor.py:1156} INFO - Number of results in first chunk: 1
[2025-11-25T01:13:54.159+0000] {cursor.py:1156} INFO - Number of results in first chunk: 1
[2025-11-25T01:13:54.160+0000] {cursor.py:1359} WARNING - No parameters provided to executemany, returning without doing anything.
[2025-11-25T01:13:54.264+0000] {cursor.py:1156} INFO - Number of results in first chunk: 1
[2025-11-25T01:13:54.265+0000] {python.py:240} INFO - Done. Returned value was: None
[2025-11-25T01:13:54.276+0000] {taskinstance.py:340} INFO - ::group::Post task execution logs
[2025-11-25T01:13:54.276+0000] {taskinstance.py:352} INFO - Marking task as SUCCESS. dag_id=yfinance_to_snowflake_etl, task_id=load_many, run_id=manual__2025-11-25T01:13:47.364788+00:00, execution_date=20251125T011347, start_date=20251125T011353, end_date=20251125T011354
[2025-11-25T01:13:54.315+0000] {local_task_job_runner.py:266} INFO - Task exited with return code 0
[2025-11-25T01:13:54.327+0000] {taskinstance.py:3900} INFO - 0 downstream tasks scheduled from follow-on schedule check
[2025-11-25T01:13:54.327+0000] {local_task_job_runner.py:245} INFO - ::endgroup::
