[2025-11-25T00:41:53.494+0000] {local_task_job_runner.py:123} INFO - ::group::Pre task execution logs
[2025-11-25T00:41:53.502+0000] {taskinstance.py:2612} INFO - Dependencies all met for dep_context=non-requeueable deps ti=<TaskInstance: yfinance_to_snowflake_etl.load_many scheduled__2025-02-07T18:00:00+00:00 [queued]>
[2025-11-25T00:41:53.505+0000] {taskinstance.py:2612} INFO - Dependencies all met for dep_context=requeueable deps ti=<TaskInstance: yfinance_to_snowflake_etl.load_many scheduled__2025-02-07T18:00:00+00:00 [queued]>
[2025-11-25T00:41:53.506+0000] {taskinstance.py:2865} INFO - Starting attempt 1 of 1
[2025-11-25T00:41:53.512+0000] {taskinstance.py:2888} INFO - Executing <Task(_PythonDecoratedOperator): load_many> on 2025-02-07 18:00:00+00:00
[2025-11-25T00:41:53.518+0000] {logging_mixin.py:190} WARNING - /home/***/.local/lib/python3.12/site-packages/***/task/task_runner/standard_task_runner.py:70 DeprecationWarning: This process (pid=77295) is multi-threaded, use of fork() may lead to deadlocks in the child.
[2025-11-25T00:41:53.522+0000] {standard_task_runner.py:72} INFO - Started process 77357 to run task
[2025-11-25T00:41:53.518+0000] {standard_task_runner.py:104} INFO - Running: ['***', 'tasks', 'run', 'yfinance_to_snowflake_etl', 'load_many', 'scheduled__2025-02-07T18:00:00+00:00', '--job-id', '4144', '--raw', '--subdir', 'DAGS_FOLDER/yfinance_to_snowflake_etl.py', '--cfg-path', '/tmp/tmp76l74uhx']
[2025-11-25T00:41:53.522+0000] {standard_task_runner.py:105} INFO - Job 4144: Subtask load_many
[2025-11-25T00:41:53.550+0000] {task_command.py:467} INFO - Running <TaskInstance: yfinance_to_snowflake_etl.load_many scheduled__2025-02-07T18:00:00+00:00 [running]> on host fd57ff944215
[2025-11-25T00:41:53.609+0000] {taskinstance.py:3131} INFO - Exporting env vars: AIRFLOW_CTX_DAG_OWNER='***' AIRFLOW_CTX_DAG_ID='yfinance_to_snowflake_etl' AIRFLOW_CTX_TASK_ID='load_many' AIRFLOW_CTX_EXECUTION_DATE='2025-02-07T18:00:00+00:00' AIRFLOW_CTX_TRY_NUMBER='1' AIRFLOW_CTX_DAG_RUN_ID='scheduled__2025-02-07T18:00:00+00:00'
[2025-11-25T00:41:53.610+0000] {taskinstance.py:731} INFO - ::endgroup::
[2025-11-25T00:41:53.611+0000] {logging_mixin.py:190} INFO - Loading 0 records to Snowflake
[2025-11-25T00:41:53.774+0000] {cursor.py:1156} INFO - Number of results in first chunk: 1
[2025-11-25T00:41:53.872+0000] {cursor.py:1156} INFO - Number of results in first chunk: 1
[2025-11-25T00:41:54.126+0000] {cursor.py:1156} INFO - Number of results in first chunk: 1
[2025-11-25T00:41:54.127+0000] {logging_mixin.py:190} INFO - Table TRAINING_DB.RAW.STOCK_PRICE ready
[2025-11-25T00:41:54.127+0000] {logging_mixin.py:190} INFO - Successfully loaded 0 records
[2025-11-25T00:41:54.303+0000] {cursor.py:1156} INFO - Number of results in first chunk: 1
[2025-11-25T00:41:54.304+0000] {logging_mixin.py:190} INFO - Total rows in TRAINING_DB.RAW.STOCK_PRICE: 0
[2025-11-25T00:41:54.304+0000] {python.py:240} INFO - Done. Returned value was: None
[2025-11-25T00:41:54.307+0000] {taskinstance.py:340} INFO - ::group::Post task execution logs
[2025-11-25T00:41:54.308+0000] {taskinstance.py:352} INFO - Marking task as SUCCESS. dag_id=yfinance_to_snowflake_etl, task_id=load_many, run_id=scheduled__2025-02-07T18:00:00+00:00, execution_date=20250207T180000, start_date=20251125T004153, end_date=20251125T004154
[2025-11-25T00:41:54.324+0000] {local_task_job_runner.py:266} INFO - Task exited with return code 0
[2025-11-25T00:41:54.330+0000] {taskinstance.py:3900} INFO - 0 downstream tasks scheduled from follow-on schedule check
[2025-11-25T00:41:54.331+0000] {local_task_job_runner.py:245} INFO - ::endgroup::
