[2025-11-25T00:31:24.687+0000] {local_task_job_runner.py:123} INFO - ::group::Pre task execution logs
[2025-11-25T00:31:24.693+0000] {taskinstance.py:2612} INFO - Dependencies all met for dep_context=non-requeueable deps ti=<TaskInstance: yfinance_to_snowflake_etl.extract manual__2025-11-25T00:31:22.973695+00:00 [queued]>
[2025-11-25T00:31:24.695+0000] {taskinstance.py:2612} INFO - Dependencies all met for dep_context=requeueable deps ti=<TaskInstance: yfinance_to_snowflake_etl.extract manual__2025-11-25T00:31:22.973695+00:00 [queued]>
[2025-11-25T00:31:24.695+0000] {taskinstance.py:2865} INFO - Starting attempt 1 of 1
[2025-11-25T00:31:24.700+0000] {taskinstance.py:2888} INFO - Executing <Task(_PythonDecoratedOperator): extract> on 2025-11-25 00:31:22.973695+00:00
[2025-11-25T00:31:24.702+0000] {logging_mixin.py:190} WARNING - /home/***/.local/lib/python3.12/site-packages/***/task/task_runner/standard_task_runner.py:70 DeprecationWarning: This process (pid=61514) is multi-threaded, use of fork() may lead to deadlocks in the child.
[2025-11-25T00:31:24.703+0000] {standard_task_runner.py:72} INFO - Started process 61559 to run task
[2025-11-25T00:31:24.703+0000] {standard_task_runner.py:104} INFO - Running: ['***', 'tasks', 'run', 'yfinance_to_snowflake_etl', 'extract', 'manual__2025-11-25T00:31:22.973695+00:00', '--job-id', '2141', '--raw', '--subdir', 'DAGS_FOLDER/yfinance_to_snowflake_etl.py', '--cfg-path', '/tmp/tmputrpfotx']
[2025-11-25T00:31:24.703+0000] {standard_task_runner.py:105} INFO - Job 2141: Subtask extract
[2025-11-25T00:31:24.721+0000] {task_command.py:467} INFO - Running <TaskInstance: yfinance_to_snowflake_etl.extract manual__2025-11-25T00:31:22.973695+00:00 [running]> on host fd57ff944215
[2025-11-25T00:31:24.749+0000] {taskinstance.py:3131} INFO - Exporting env vars: AIRFLOW_CTX_DAG_OWNER='***' AIRFLOW_CTX_DAG_ID='yfinance_to_snowflake_etl' AIRFLOW_CTX_TASK_ID='extract' AIRFLOW_CTX_EXECUTION_DATE='2025-11-25T00:31:22.973695+00:00' AIRFLOW_CTX_TRY_NUMBER='1' AIRFLOW_CTX_DAG_RUN_ID='manual__2025-11-25T00:31:22.973695+00:00'
[2025-11-25T00:31:24.750+0000] {taskinstance.py:731} INFO - ::endgroup::
[2025-11-25T00:31:24.752+0000] {logging_mixin.py:190} WARNING - /opt/***/dags/yfinance_to_snowflake_etl.py:48 FutureWarning: YF.download() has changed argument auto_adjust default to True
[2025-11-25T00:31:25.018+0000] {logging_mixin.py:190} WARNING - [*********************100%***********************]  1 of 1 completed
[2025-11-25T00:31:25.019+0000] {multi.py:185} ERROR - 
1 Failed download:
[2025-11-25T00:31:25.019+0000] {multi.py:198} ERROR - ['AAPL']: YFPricesMissingError('possibly delisted; no price data found  (period="180d") (Yahoo error = "Invalid input - interval="1d" is not supported. Valid intervals: [1m, 2m, 5m, 15m, 30m, 60m, 90m, 1h, 4h, 1d, 5d, 1wk, 1mo, 3mo]")')
[2025-11-25T00:31:25.022+0000] {logging_mixin.py:190} INFO - Error: No data available for symbol AAPL. Retrying in 2.0 seconds...
[2025-11-25T00:31:27.025+0000] {logging_mixin.py:190} WARNING - /opt/***/dags/yfinance_to_snowflake_etl.py:48 FutureWarning: YF.download() has changed argument auto_adjust default to True
[2025-11-25T00:31:27.252+0000] {logging_mixin.py:190} WARNING - [*********************100%***********************]  1 of 1 completed
[2025-11-25T00:31:27.253+0000] {multi.py:185} ERROR - 
1 Failed download:
[2025-11-25T00:31:27.253+0000] {multi.py:198} ERROR - ['AAPL']: YFPricesMissingError('possibly delisted; no price data found  (period="180d") (Yahoo error = "Invalid input - interval="1d" is not supported. Valid intervals: [1m, 2m, 5m, 15m, 30m, 60m, 90m, 1h, 4h, 1d, 5d, 1wk, 1mo, 3mo]")')
[2025-11-25T00:31:27.255+0000] {logging_mixin.py:190} INFO - Max retries reached. Unable to download stock data for AAPL.
[2025-11-25T00:31:27.261+0000] {logging_mixin.py:190} INFO - No data returned for AAPL
[2025-11-25T00:31:27.264+0000] {logging_mixin.py:190} WARNING - /opt/***/dags/yfinance_to_snowflake_etl.py:48 FutureWarning: YF.download() has changed argument auto_adjust default to True
[2025-11-25T00:31:27.494+0000] {logging_mixin.py:190} WARNING - [*********************100%***********************]  1 of 1 completed
[2025-11-25T00:31:27.496+0000] {multi.py:185} ERROR - 
1 Failed download:
[2025-11-25T00:31:27.498+0000] {multi.py:198} ERROR - ['TSLA']: YFPricesMissingError('possibly delisted; no price data found  (period="180d") (Yahoo error = "Invalid input - interval="1d" is not supported. Valid intervals: [1m, 2m, 5m, 15m, 30m, 60m, 90m, 1h, 4h, 1d, 5d, 1wk, 1mo, 3mo]")')
[2025-11-25T00:31:27.504+0000] {logging_mixin.py:190} INFO - Error: No data available for symbol TSLA. Retrying in 2.0 seconds...
[2025-11-25T00:31:29.511+0000] {logging_mixin.py:190} WARNING - /opt/***/dags/yfinance_to_snowflake_etl.py:48 FutureWarning: YF.download() has changed argument auto_adjust default to True
[2025-11-25T00:31:29.869+0000] {logging_mixin.py:190} WARNING - [*********************100%***********************]  1 of 1 completed
[2025-11-25T00:31:29.870+0000] {multi.py:185} ERROR - 
1 Failed download:
[2025-11-25T00:31:29.870+0000] {multi.py:198} ERROR - ['TSLA']: YFPricesMissingError('possibly delisted; no price data found  (period="180d") (Yahoo error = "Invalid input - interval="1d" is not supported. Valid intervals: [1m, 2m, 5m, 15m, 30m, 60m, 90m, 1h, 4h, 1d, 5d, 1wk, 1mo, 3mo]")')
[2025-11-25T00:31:29.872+0000] {logging_mixin.py:190} INFO - Max retries reached. Unable to download stock data for TSLA.
[2025-11-25T00:31:29.873+0000] {logging_mixin.py:190} INFO - No data returned for TSLA
[2025-11-25T00:31:29.875+0000] {python.py:240} INFO - Done. Returned value was: []
[2025-11-25T00:31:29.899+0000] {taskinstance.py:340} INFO - ::group::Post task execution logs
[2025-11-25T00:31:29.902+0000] {taskinstance.py:352} INFO - Marking task as SUCCESS. dag_id=yfinance_to_snowflake_etl, task_id=extract, run_id=manual__2025-11-25T00:31:22.973695+00:00, execution_date=20251125T003122, start_date=20251125T003124, end_date=20251125T003129
[2025-11-25T00:31:29.959+0000] {local_task_job_runner.py:266} INFO - Task exited with return code 0
[2025-11-25T00:31:29.963+0000] {local_task_job_runner.py:245} INFO - ::endgroup::
