[2025-11-25T00:41:49.290+0000] {local_task_job_runner.py:123} INFO - ::group::Pre task execution logs
[2025-11-25T00:41:49.302+0000] {taskinstance.py:2612} INFO - Dependencies all met for dep_context=non-requeueable deps ti=<TaskInstance: yfinance_to_snowflake_etl.extract scheduled__2025-02-17T18:00:00+00:00 [queued]>
[2025-11-25T00:41:49.305+0000] {taskinstance.py:2612} INFO - Dependencies all met for dep_context=requeueable deps ti=<TaskInstance: yfinance_to_snowflake_etl.extract scheduled__2025-02-17T18:00:00+00:00 [queued]>
[2025-11-25T00:41:49.306+0000] {taskinstance.py:2865} INFO - Starting attempt 1 of 1
[2025-11-25T00:41:49.313+0000] {taskinstance.py:2888} INFO - Executing <Task(_PythonDecoratedOperator): extract> on 2025-02-17 18:00:00+00:00
[2025-11-25T00:41:49.318+0000] {logging_mixin.py:190} WARNING - /home/***/.local/lib/python3.12/site-packages/***/task/task_runner/standard_task_runner.py:70 DeprecationWarning: This process (pid=77059) is multi-threaded, use of fork() may lead to deadlocks in the child.
[2025-11-25T00:41:49.319+0000] {standard_task_runner.py:72} INFO - Started process 77115 to run task
[2025-11-25T00:41:49.319+0000] {standard_task_runner.py:104} INFO - Running: ['***', 'tasks', 'run', 'yfinance_to_snowflake_etl', 'extract', 'scheduled__2025-02-17T18:00:00+00:00', '--job-id', '4111', '--raw', '--subdir', 'DAGS_FOLDER/yfinance_to_snowflake_etl.py', '--cfg-path', '/tmp/tmpc6gpcuiv']
[2025-11-25T00:41:49.319+0000] {standard_task_runner.py:105} INFO - Job 4111: Subtask extract
[2025-11-25T00:41:49.341+0000] {task_command.py:467} INFO - Running <TaskInstance: yfinance_to_snowflake_etl.extract scheduled__2025-02-17T18:00:00+00:00 [running]> on host fd57ff944215
[2025-11-25T00:41:49.378+0000] {taskinstance.py:3131} INFO - Exporting env vars: AIRFLOW_CTX_DAG_OWNER='***' AIRFLOW_CTX_DAG_ID='yfinance_to_snowflake_etl' AIRFLOW_CTX_TASK_ID='extract' AIRFLOW_CTX_EXECUTION_DATE='2025-02-17T18:00:00+00:00' AIRFLOW_CTX_TRY_NUMBER='1' AIRFLOW_CTX_DAG_RUN_ID='scheduled__2025-02-17T18:00:00+00:00'
[2025-11-25T00:41:49.379+0000] {taskinstance.py:731} INFO - ::endgroup::
[2025-11-25T00:41:49.380+0000] {logging_mixin.py:190} INFO - Starting extraction for symbols: ['AAPL', 'TSLA']
[2025-11-25T00:41:49.381+0000] {logging_mixin.py:190} INFO - Period: "180d", Interval: "1d"
[2025-11-25T00:41:49.382+0000] {logging_mixin.py:190} WARNING - /opt/***/dags/yfinance_to_snowflake_etl.py:44 FutureWarning: YF.download() has changed argument auto_adjust default to True
[2025-11-25T00:41:49.710+0000] {logging_mixin.py:190} WARNING - [*********************100%***********************]  1 of 1 completed
[2025-11-25T00:41:49.710+0000] {multi.py:185} ERROR - 
1 Failed download:
[2025-11-25T00:41:49.710+0000] {multi.py:198} ERROR - ['AAPL']: YFPricesMissingError('possibly delisted; no price data found  (period="180d") (Yahoo error = "Invalid input - interval="1d" is not supported. Valid intervals: [1m, 2m, 5m, 15m, 30m, 60m, 90m, 1h, 4h, 1d, 5d, 1wk, 1mo, 3mo]")')
[2025-11-25T00:41:49.713+0000] {logging_mixin.py:190} INFO - No data available for symbol AAPL
[2025-11-25T00:41:49.713+0000] {logging_mixin.py:190} INFO - Skipping AAPL - no data returned
[2025-11-25T00:41:49.714+0000] {logging_mixin.py:190} WARNING - /opt/***/dags/yfinance_to_snowflake_etl.py:44 FutureWarning: YF.download() has changed argument auto_adjust default to True
[2025-11-25T00:41:49.992+0000] {logging_mixin.py:190} WARNING - [*********************100%***********************]  1 of 1 completed
[2025-11-25T00:41:49.992+0000] {multi.py:185} ERROR - 
1 Failed download:
[2025-11-25T00:41:49.992+0000] {multi.py:198} ERROR - ['TSLA']: YFPricesMissingError('possibly delisted; no price data found  (period="180d") (Yahoo error = "Invalid input - interval="1d" is not supported. Valid intervals: [1m, 2m, 5m, 15m, 30m, 60m, 90m, 1h, 4h, 1d, 5d, 1wk, 1mo, 3mo]")')
[2025-11-25T00:41:49.994+0000] {logging_mixin.py:190} INFO - No data available for symbol TSLA
[2025-11-25T00:41:49.994+0000] {logging_mixin.py:190} INFO - Skipping TSLA - no data returned
[2025-11-25T00:41:49.994+0000] {logging_mixin.py:190} INFO - Total records extracted: 0
[2025-11-25T00:41:49.994+0000] {python.py:240} INFO - Done. Returned value was: []
[2025-11-25T00:41:50.004+0000] {taskinstance.py:340} INFO - ::group::Post task execution logs
[2025-11-25T00:41:50.005+0000] {taskinstance.py:352} INFO - Marking task as SUCCESS. dag_id=yfinance_to_snowflake_etl, task_id=extract, run_id=scheduled__2025-02-17T18:00:00+00:00, execution_date=20250217T180000, start_date=20251125T004149, end_date=20251125T004150
[2025-11-25T00:41:50.034+0000] {local_task_job_runner.py:266} INFO - Task exited with return code 0
[2025-11-25T00:41:50.039+0000] {local_task_job_runner.py:245} INFO - ::endgroup::
