[2025-11-25T00:33:06.874+0000] {local_task_job_runner.py:123} INFO - ::group::Pre task execution logs
[2025-11-25T00:33:06.880+0000] {taskinstance.py:2612} INFO - Dependencies all met for dep_context=non-requeueable deps ti=<TaskInstance: yfinance_to_snowflake_etl.extract scheduled__2023-02-16T18:00:00+00:00 [queued]>
[2025-11-25T00:33:06.883+0000] {taskinstance.py:2612} INFO - Dependencies all met for dep_context=requeueable deps ti=<TaskInstance: yfinance_to_snowflake_etl.extract scheduled__2023-02-16T18:00:00+00:00 [queued]>
[2025-11-25T00:33:06.883+0000] {taskinstance.py:2865} INFO - Starting attempt 1 of 1
[2025-11-25T00:33:06.887+0000] {taskinstance.py:2888} INFO - Executing <Task(_PythonDecoratedOperator): extract> on 2023-02-16 18:00:00+00:00
[2025-11-25T00:33:06.890+0000] {logging_mixin.py:190} WARNING - /home/***/.local/lib/python3.12/site-packages/***/task/task_runner/standard_task_runner.py:70 DeprecationWarning: This process (pid=63934) is multi-threaded, use of fork() may lead to deadlocks in the child.
[2025-11-25T00:33:06.891+0000] {standard_task_runner.py:72} INFO - Started process 64010 to run task
[2025-11-25T00:33:06.891+0000] {standard_task_runner.py:104} INFO - Running: ['***', 'tasks', 'run', 'yfinance_to_snowflake_etl', 'extract', 'scheduled__2023-02-16T18:00:00+00:00', '--job-id', '2428', '--raw', '--subdir', 'DAGS_FOLDER/yfinance_to_snowflake_etl.py', '--cfg-path', '/tmp/tmpsd2dbkb_']
[2025-11-25T00:33:06.891+0000] {standard_task_runner.py:105} INFO - Job 2428: Subtask extract
[2025-11-25T00:33:06.907+0000] {task_command.py:467} INFO - Running <TaskInstance: yfinance_to_snowflake_etl.extract scheduled__2023-02-16T18:00:00+00:00 [running]> on host fd57ff944215
[2025-11-25T00:33:06.935+0000] {taskinstance.py:3131} INFO - Exporting env vars: AIRFLOW_CTX_DAG_OWNER='***' AIRFLOW_CTX_DAG_ID='yfinance_to_snowflake_etl' AIRFLOW_CTX_TASK_ID='extract' AIRFLOW_CTX_EXECUTION_DATE='2023-02-16T18:00:00+00:00' AIRFLOW_CTX_TRY_NUMBER='1' AIRFLOW_CTX_DAG_RUN_ID='scheduled__2023-02-16T18:00:00+00:00'
[2025-11-25T00:33:06.936+0000] {taskinstance.py:731} INFO - ::endgroup::
[2025-11-25T00:33:06.938+0000] {logging_mixin.py:190} WARNING - /opt/***/dags/yfinance_to_snowflake_etl.py:48 FutureWarning: YF.download() has changed argument auto_adjust default to True
[2025-11-25T00:33:07.206+0000] {logging_mixin.py:190} WARNING - [*********************100%***********************]  1 of 1 completed
[2025-11-25T00:33:07.206+0000] {multi.py:185} ERROR - 
1 Failed download:
[2025-11-25T00:33:07.206+0000] {multi.py:198} ERROR - ['AAPL']: YFPricesMissingError('possibly delisted; no price data found  (period="180d") (Yahoo error = "Invalid input - interval="1d" is not supported. Valid intervals: [1m, 2m, 5m, 15m, 30m, 60m, 90m, 1h, 4h, 1d, 5d, 1wk, 1mo, 3mo]")')
[2025-11-25T00:33:07.209+0000] {logging_mixin.py:190} INFO - Error: No data available for symbol AAPL. Retrying in 2.0 seconds...
[2025-11-25T00:33:09.211+0000] {logging_mixin.py:190} WARNING - /opt/***/dags/yfinance_to_snowflake_etl.py:48 FutureWarning: YF.download() has changed argument auto_adjust default to True
[2025-11-25T00:33:09.472+0000] {logging_mixin.py:190} WARNING - [*********************100%***********************]  1 of 1 completed
[2025-11-25T00:33:09.473+0000] {multi.py:185} ERROR - 
1 Failed download:
[2025-11-25T00:33:09.473+0000] {multi.py:198} ERROR - ['AAPL']: YFPricesMissingError('possibly delisted; no price data found  (period="180d") (Yahoo error = "Invalid input - interval="1d" is not supported. Valid intervals: [1m, 2m, 5m, 15m, 30m, 60m, 90m, 1h, 4h, 1d, 5d, 1wk, 1mo, 3mo]")')
[2025-11-25T00:33:09.474+0000] {logging_mixin.py:190} INFO - Max retries reached. Unable to download stock data for AAPL.
[2025-11-25T00:33:09.474+0000] {logging_mixin.py:190} INFO - No data returned for AAPL
[2025-11-25T00:33:09.475+0000] {logging_mixin.py:190} WARNING - /opt/***/dags/yfinance_to_snowflake_etl.py:48 FutureWarning: YF.download() has changed argument auto_adjust default to True
[2025-11-25T00:33:09.663+0000] {logging_mixin.py:190} WARNING - [*********************100%***********************]  1 of 1 completed
[2025-11-25T00:33:09.663+0000] {multi.py:185} ERROR - 
1 Failed download:
[2025-11-25T00:33:09.664+0000] {multi.py:198} ERROR - ['TSLA']: YFPricesMissingError('possibly delisted; no price data found  (period="180d") (Yahoo error = "Invalid input - interval="1d" is not supported. Valid intervals: [1m, 2m, 5m, 15m, 30m, 60m, 90m, 1h, 4h, 1d, 5d, 1wk, 1mo, 3mo]")')
[2025-11-25T00:33:09.665+0000] {logging_mixin.py:190} INFO - Error: No data available for symbol TSLA. Retrying in 2.0 seconds...
[2025-11-25T00:33:11.666+0000] {logging_mixin.py:190} WARNING - /opt/***/dags/yfinance_to_snowflake_etl.py:48 FutureWarning: YF.download() has changed argument auto_adjust default to True
[2025-11-25T00:33:11.959+0000] {logging_mixin.py:190} WARNING - [*********************100%***********************]  1 of 1 completed
[2025-11-25T00:33:11.960+0000] {multi.py:185} ERROR - 
1 Failed download:
[2025-11-25T00:33:11.962+0000] {multi.py:198} ERROR - ['TSLA']: YFPricesMissingError('possibly delisted; no price data found  (period="180d") (Yahoo error = "Invalid input - interval="1d" is not supported. Valid intervals: [1m, 2m, 5m, 15m, 30m, 60m, 90m, 1h, 4h, 1d, 5d, 1wk, 1mo, 3mo]")')
[2025-11-25T00:33:11.966+0000] {logging_mixin.py:190} INFO - Max retries reached. Unable to download stock data for TSLA.
[2025-11-25T00:33:11.968+0000] {logging_mixin.py:190} INFO - No data returned for TSLA
[2025-11-25T00:33:11.973+0000] {python.py:240} INFO - Done. Returned value was: []
[2025-11-25T00:33:12.007+0000] {taskinstance.py:340} INFO - ::group::Post task execution logs
[2025-11-25T00:33:12.009+0000] {taskinstance.py:352} INFO - Marking task as SUCCESS. dag_id=yfinance_to_snowflake_etl, task_id=extract, run_id=scheduled__2023-02-16T18:00:00+00:00, execution_date=20230216T180000, start_date=20251125T003306, end_date=20251125T003312
[2025-11-25T00:33:12.091+0000] {local_task_job_runner.py:266} INFO - Task exited with return code 0
[2025-11-25T00:33:12.104+0000] {local_task_job_runner.py:245} INFO - ::endgroup::
