[2025-11-25T20:33:40.894+0000] {local_task_job_runner.py:123} INFO - ::group::Pre task execution logs
[2025-11-25T20:33:40.901+0000] {taskinstance.py:2612} INFO - Dependencies all met for dep_context=non-requeueable deps ti=<TaskInstance: stock_elt_with_dbt.dbt_transformations.dbt_snapshot manual__2025-11-25T20:33:13+00:00 [queued]>
[2025-11-25T20:33:40.904+0000] {taskinstance.py:2612} INFO - Dependencies all met for dep_context=requeueable deps ti=<TaskInstance: stock_elt_with_dbt.dbt_transformations.dbt_snapshot manual__2025-11-25T20:33:13+00:00 [queued]>
[2025-11-25T20:33:40.904+0000] {taskinstance.py:2865} INFO - Starting attempt 1 of 2
[2025-11-25T20:33:40.909+0000] {taskinstance.py:2888} INFO - Executing <Task(BashOperator): dbt_transformations.dbt_snapshot> on 2025-11-25 20:33:13+00:00
[2025-11-25T20:33:40.912+0000] {logging_mixin.py:190} WARNING - /home/***/.local/lib/python3.12/site-packages/***/task/task_runner/standard_task_runner.py:70 DeprecationWarning: This process (pid=20411) is multi-threaded, use of fork() may lead to deadlocks in the child.
[2025-11-25T20:33:40.913+0000] {standard_task_runner.py:72} INFO - Started process 20419 to run task
[2025-11-25T20:33:40.913+0000] {standard_task_runner.py:104} INFO - Running: ['***', 'tasks', 'run', 'stock_elt_with_dbt', 'dbt_transformations.dbt_snapshot', 'manual__2025-11-25T20:33:13+00:00', '--job-id', '4927', '--raw', '--subdir', 'DAGS_FOLDER/stock_elt_with_dbt.py', '--cfg-path', '/tmp/tmpuvy4oa07']
[2025-11-25T20:33:40.913+0000] {standard_task_runner.py:105} INFO - Job 4927: Subtask dbt_transformations.dbt_snapshot
[2025-11-25T20:33:40.928+0000] {task_command.py:467} INFO - Running <TaskInstance: stock_elt_with_dbt.dbt_transformations.dbt_snapshot manual__2025-11-25T20:33:13+00:00 [running]> on host a4b8d4f4105c
[2025-11-25T20:33:40.953+0000] {taskinstance.py:3131} INFO - Exporting env vars: AIRFLOW_CTX_DAG_OWNER='***' AIRFLOW_CTX_DAG_ID='stock_elt_with_dbt' AIRFLOW_CTX_TASK_ID='dbt_transformations.dbt_snapshot' AIRFLOW_CTX_EXECUTION_DATE='2025-11-25T20:33:13+00:00' AIRFLOW_CTX_TRY_NUMBER='1' AIRFLOW_CTX_DAG_RUN_ID='manual__2025-11-25T20:33:13+00:00'
[2025-11-25T20:33:40.954+0000] {taskinstance.py:731} INFO - ::endgroup::
[2025-11-25T20:33:40.955+0000] {subprocess.py:63} INFO - Tmp dir root location: /tmp
[2025-11-25T20:33:40.955+0000] {subprocess.py:75} INFO - Running command: ['/usr/bin/bash', '-c', 'cd /opt/***/stock_analytics && dbt snapshot --profiles-dir .']
[2025-11-25T20:33:40.959+0000] {subprocess.py:86} INFO - Output:
[2025-11-25T20:33:41.965+0000] {subprocess.py:93} INFO - [0m20:33:41  Running with dbt=1.7.0
[2025-11-25T20:33:42.268+0000] {subprocess.py:93} INFO - [0m20:33:42  Registered adapter: snowflake=1.7.0
[2025-11-25T20:33:42.297+0000] {subprocess.py:93} INFO - [0m20:33:42  Found 6 models, 5 tests, 2 snapshots, 1 source, 0 exposures, 0 metrics, 470 macros, 0 groups, 0 semantic models
[2025-11-25T20:33:42.299+0000] {subprocess.py:93} INFO - [0m20:33:42
[2025-11-25T20:33:44.756+0000] {subprocess.py:93} INFO - [0m20:33:44  Concurrency: 4 threads (target='dev')
[2025-11-25T20:33:44.757+0000] {subprocess.py:93} INFO - [0m20:33:44
[2025-11-25T20:33:44.767+0000] {subprocess.py:93} INFO - [0m20:33:44  1 of 2 START snapshot snapshots.rsi_signals_snapshot ........................... [RUN]
[2025-11-25T20:33:44.769+0000] {subprocess.py:93} INFO - [0m20:33:44  2 of 2 START snapshot snapshots.stock_prices_snapshot .......................... [RUN]
[2025-11-25T20:33:48.846+0000] {subprocess.py:93} INFO - [0m20:33:48  1 of 2 OK snapshotted snapshots.rsi_signals_snapshot ........................... [[32mSUCCESS 0[0m in 4.08s]
[2025-11-25T20:33:49.848+0000] {subprocess.py:93} INFO - [0m20:33:49  2 of 2 OK snapshotted snapshots.stock_prices_snapshot .......................... [[32mSUCCESS 0[0m in 5.08s]
[2025-11-25T20:33:49.855+0000] {subprocess.py:93} INFO - [0m20:33:49
[2025-11-25T20:33:49.856+0000] {subprocess.py:93} INFO - [0m20:33:49  Finished running 2 snapshots in 0 hours 0 minutes and 7.56 seconds (7.56s).
[2025-11-25T20:33:49.867+0000] {subprocess.py:93} INFO - [0m20:33:49
[2025-11-25T20:33:49.868+0000] {subprocess.py:93} INFO - [0m20:33:49  [32mCompleted successfully[0m
[2025-11-25T20:33:49.868+0000] {subprocess.py:93} INFO - [0m20:33:49
[2025-11-25T20:33:49.868+0000] {subprocess.py:93} INFO - [0m20:33:49  Done. PASS=2 WARN=0 ERROR=0 SKIP=0 TOTAL=2
[2025-11-25T20:33:50.494+0000] {subprocess.py:97} INFO - Command exited with return code 0
[2025-11-25T20:33:50.613+0000] {taskinstance.py:340} INFO - ::group::Post task execution logs
[2025-11-25T20:33:50.613+0000] {taskinstance.py:352} INFO - Marking task as SUCCESS. dag_id=stock_elt_with_dbt, task_id=dbt_transformations.dbt_snapshot, run_id=manual__2025-11-25T20:33:13+00:00, execution_date=20251125T203313, start_date=20251125T203340, end_date=20251125T203350
[2025-11-25T20:33:50.650+0000] {local_task_job_runner.py:266} INFO - Task exited with return code 0
[2025-11-25T20:33:50.659+0000] {taskinstance.py:3900} INFO - 1 downstream tasks scheduled from follow-on schedule check
[2025-11-25T20:33:50.660+0000] {local_task_job_runner.py:245} INFO - ::endgroup::
