[2025-11-25T20:28:18.227+0000] {local_task_job_runner.py:123} INFO - ::group::Pre task execution logs
[2025-11-25T20:28:18.233+0000] {taskinstance.py:2612} INFO - Dependencies all met for dep_context=non-requeueable deps ti=<TaskInstance: stock_elt_with_dbt.dbt_transformations.dbt_debug manual__2025-11-25T20:28:12+00:00 [queued]>
[2025-11-25T20:28:18.237+0000] {taskinstance.py:2612} INFO - Dependencies all met for dep_context=requeueable deps ti=<TaskInstance: stock_elt_with_dbt.dbt_transformations.dbt_debug manual__2025-11-25T20:28:12+00:00 [queued]>
[2025-11-25T20:28:18.237+0000] {taskinstance.py:2865} INFO - Starting attempt 1 of 2
[2025-11-25T20:28:18.241+0000] {taskinstance.py:2888} INFO - Executing <Task(BashOperator): dbt_transformations.dbt_debug> on 2025-11-25 20:28:12+00:00
[2025-11-25T20:28:18.244+0000] {logging_mixin.py:190} WARNING - /home/***/.local/lib/python3.12/site-packages/***/task/task_runner/standard_task_runner.py:70 DeprecationWarning: This process (pid=18781) is multi-threaded, use of fork() may lead to deadlocks in the child.
[2025-11-25T20:28:18.245+0000] {standard_task_runner.py:72} INFO - Started process 18789 to run task
[2025-11-25T20:28:18.245+0000] {standard_task_runner.py:104} INFO - Running: ['***', 'tasks', 'run', 'stock_elt_with_dbt', 'dbt_transformations.dbt_debug', 'manual__2025-11-25T20:28:12+00:00', '--job-id', '4898', '--raw', '--subdir', 'DAGS_FOLDER/stock_elt_with_dbt.py', '--cfg-path', '/tmp/tmppcm8uigf']
[2025-11-25T20:28:18.245+0000] {standard_task_runner.py:105} INFO - Job 4898: Subtask dbt_transformations.dbt_debug
[2025-11-25T20:28:18.261+0000] {task_command.py:467} INFO - Running <TaskInstance: stock_elt_with_dbt.dbt_transformations.dbt_debug manual__2025-11-25T20:28:12+00:00 [running]> on host a4b8d4f4105c
[2025-11-25T20:28:18.287+0000] {taskinstance.py:3131} INFO - Exporting env vars: AIRFLOW_CTX_DAG_OWNER='***' AIRFLOW_CTX_DAG_ID='stock_elt_with_dbt' AIRFLOW_CTX_TASK_ID='dbt_transformations.dbt_debug' AIRFLOW_CTX_EXECUTION_DATE='2025-11-25T20:28:12+00:00' AIRFLOW_CTX_TRY_NUMBER='1' AIRFLOW_CTX_DAG_RUN_ID='manual__2025-11-25T20:28:12+00:00'
[2025-11-25T20:28:18.287+0000] {taskinstance.py:731} INFO - ::endgroup::
[2025-11-25T20:28:18.288+0000] {subprocess.py:63} INFO - Tmp dir root location: /tmp
[2025-11-25T20:28:18.288+0000] {subprocess.py:75} INFO - Running command: ['/usr/bin/bash', '-c', 'cd /opt/***/stock_analytics && dbt debug --profiles-dir .']
[2025-11-25T20:28:18.292+0000] {subprocess.py:86} INFO - Output:
[2025-11-25T20:28:19.288+0000] {subprocess.py:93} INFO - [0m20:28:19  Running with dbt=1.7.0
[2025-11-25T20:28:19.289+0000] {subprocess.py:93} INFO - [0m20:28:19  dbt version: 1.7.0
[2025-11-25T20:28:19.289+0000] {subprocess.py:93} INFO - [0m20:28:19  python version: 3.12.5
[2025-11-25T20:28:19.290+0000] {subprocess.py:93} INFO - [0m20:28:19  python path: /home/***/.local/bin/python
[2025-11-25T20:28:19.290+0000] {subprocess.py:93} INFO - [0m20:28:19  os info: Linux-6.10.14-linuxkit-aarch64-with-glibc2.36
[2025-11-25T20:28:19.538+0000] {subprocess.py:93} INFO - [0m20:28:19  Using profiles dir at .
[2025-11-25T20:28:19.539+0000] {subprocess.py:93} INFO - [0m20:28:19  Using profiles.yml file at ./profiles.yml
[2025-11-25T20:28:19.539+0000] {subprocess.py:93} INFO - [0m20:28:19  Using dbt_project.yml file at /opt/***/stock_analytics/dbt_project.yml
[2025-11-25T20:28:19.539+0000] {subprocess.py:93} INFO - [0m20:28:19  adapter type: snowflake
[2025-11-25T20:28:19.540+0000] {subprocess.py:93} INFO - [0m20:28:19  adapter version: 1.7.0
[2025-11-25T20:28:19.563+0000] {subprocess.py:93} INFO - [0m20:28:19  Configuration:
[2025-11-25T20:28:19.563+0000] {subprocess.py:93} INFO - [0m20:28:19    profiles.yml file [[32mOK found and valid[0m]
[2025-11-25T20:28:19.563+0000] {subprocess.py:93} INFO - [0m20:28:19    dbt_project.yml file [[32mOK found and valid[0m]
[2025-11-25T20:28:19.563+0000] {subprocess.py:93} INFO - [0m20:28:19  Required dependencies:
[2025-11-25T20:28:19.565+0000] {subprocess.py:93} INFO - [0m20:28:19   - git [[32mOK found[0m]
[2025-11-25T20:28:19.565+0000] {subprocess.py:93} INFO - 
[2025-11-25T20:28:19.566+0000] {subprocess.py:93} INFO - [0m20:28:19  Connection:
[2025-11-25T20:28:19.566+0000] {subprocess.py:93} INFO - [0m20:28:19    account: lvb17920
[2025-11-25T20:28:19.566+0000] {subprocess.py:93} INFO - [0m20:28:19    user: CHIPMUNK
[2025-11-25T20:28:19.566+0000] {subprocess.py:93} INFO - [0m20:28:19    database: TRAINING_DB
[2025-11-25T20:28:19.566+0000] {subprocess.py:93} INFO - [0m20:28:19    warehouse: XSMALL_WH
[2025-11-25T20:28:19.567+0000] {subprocess.py:93} INFO - [0m20:28:19    role: TRAINING_ROLE
[2025-11-25T20:28:19.567+0000] {subprocess.py:93} INFO - [0m20:28:19    schema: raw
[2025-11-25T20:28:19.567+0000] {subprocess.py:93} INFO - [0m20:28:19    authenticator: None
[2025-11-25T20:28:19.567+0000] {subprocess.py:93} INFO - [0m20:28:19    private_key_path: None
[2025-11-25T20:28:19.567+0000] {subprocess.py:93} INFO - [0m20:28:19    token: None
[2025-11-25T20:28:19.568+0000] {subprocess.py:93} INFO - [0m20:28:19    oauth_client_id: None
[2025-11-25T20:28:19.568+0000] {subprocess.py:93} INFO - [0m20:28:19    query_tag: None
[2025-11-25T20:28:19.568+0000] {subprocess.py:93} INFO - [0m20:28:19    client_session_keep_alive: False
[2025-11-25T20:28:19.568+0000] {subprocess.py:93} INFO - [0m20:28:19    host: None
[2025-11-25T20:28:19.568+0000] {subprocess.py:93} INFO - [0m20:28:19    port: None
[2025-11-25T20:28:19.569+0000] {subprocess.py:93} INFO - [0m20:28:19    proxy_host: None
[2025-11-25T20:28:19.569+0000] {subprocess.py:93} INFO - [0m20:28:19    proxy_port: None
[2025-11-25T20:28:19.569+0000] {subprocess.py:93} INFO - [0m20:28:19    protocol: None
[2025-11-25T20:28:19.569+0000] {subprocess.py:93} INFO - [0m20:28:19    connect_retries: 1
[2025-11-25T20:28:19.569+0000] {subprocess.py:93} INFO - [0m20:28:19    connect_timeout: None
[2025-11-25T20:28:19.570+0000] {subprocess.py:93} INFO - [0m20:28:19    retry_on_database_errors: False
[2025-11-25T20:28:19.570+0000] {subprocess.py:93} INFO - [0m20:28:19    retry_all: False
[2025-11-25T20:28:19.570+0000] {subprocess.py:93} INFO - [0m20:28:19    insecure_mode: False
[2025-11-25T20:28:19.570+0000] {subprocess.py:93} INFO - [0m20:28:19    reuse_connections: None
[2025-11-25T20:28:19.571+0000] {subprocess.py:93} INFO - [0m20:28:19  Registered adapter: snowflake=1.7.0
[2025-11-25T20:28:20.095+0000] {subprocess.py:93} INFO - [0m20:28:20    Connection test: [[32mOK connection ok[0m]
[2025-11-25T20:28:20.095+0000] {subprocess.py:93} INFO - 
[2025-11-25T20:28:20.096+0000] {subprocess.py:93} INFO - [0m20:28:20  [32mAll checks passed![0m
[2025-11-25T20:28:20.748+0000] {subprocess.py:97} INFO - Command exited with return code 0
[2025-11-25T20:28:20.758+0000] {taskinstance.py:340} INFO - ::group::Post task execution logs
[2025-11-25T20:28:20.758+0000] {taskinstance.py:352} INFO - Marking task as SUCCESS. dag_id=stock_elt_with_dbt, task_id=dbt_transformations.dbt_debug, run_id=manual__2025-11-25T20:28:12+00:00, execution_date=20251125T202812, start_date=20251125T202818, end_date=20251125T202820
[2025-11-25T20:28:20.865+0000] {local_task_job_runner.py:266} INFO - Task exited with return code 0
[2025-11-25T20:28:20.875+0000] {taskinstance.py:3900} INFO - 1 downstream tasks scheduled from follow-on schedule check
[2025-11-25T20:28:20.875+0000] {local_task_job_runner.py:245} INFO - ::endgroup::
