[2025-11-25T00:40:20.471+0000] {local_task_job_runner.py:123} INFO - ::group::Pre task execution logs
[2025-11-25T00:40:20.479+0000] {taskinstance.py:2612} INFO - Dependencies all met for dep_context=non-requeueable deps ti=<TaskInstance: yfinance_to_snowflake_etl.load_many scheduled__2024-10-30T18:00:00+00:00 [queued]>
[2025-11-25T00:40:20.484+0000] {taskinstance.py:2612} INFO - Dependencies all met for dep_context=requeueable deps ti=<TaskInstance: yfinance_to_snowflake_etl.load_many scheduled__2024-10-30T18:00:00+00:00 [queued]>
[2025-11-25T00:40:20.485+0000] {taskinstance.py:2865} INFO - Starting attempt 1 of 1
[2025-11-25T00:40:20.492+0000] {taskinstance.py:2888} INFO - Executing <Task(_PythonDecoratedOperator): load_many> on 2024-10-30 18:00:00+00:00
[2025-11-25T00:40:20.497+0000] {logging_mixin.py:190} WARNING - /home/***/.local/lib/python3.12/site-packages/***/task/task_runner/standard_task_runner.py:70 DeprecationWarning: This process (pid=74870) is multi-threaded, use of fork() may lead to deadlocks in the child.
[2025-11-25T00:40:20.498+0000] {standard_task_runner.py:72} INFO - Started process 74915 to run task
[2025-11-25T00:40:20.498+0000] {standard_task_runner.py:104} INFO - Running: ['***', 'tasks', 'run', 'yfinance_to_snowflake_etl', 'load_many', 'scheduled__2024-10-30T18:00:00+00:00', '--job-id', '3804', '--raw', '--subdir', 'DAGS_FOLDER/yfinance_to_snowflake_etl.py', '--cfg-path', '/tmp/tmp2tje91l0']
[2025-11-25T00:40:20.499+0000] {standard_task_runner.py:105} INFO - Job 3804: Subtask load_many
[2025-11-25T00:40:20.528+0000] {task_command.py:467} INFO - Running <TaskInstance: yfinance_to_snowflake_etl.load_many scheduled__2024-10-30T18:00:00+00:00 [running]> on host fd57ff944215
[2025-11-25T00:40:20.570+0000] {taskinstance.py:3131} INFO - Exporting env vars: AIRFLOW_CTX_DAG_OWNER='***' AIRFLOW_CTX_DAG_ID='yfinance_to_snowflake_etl' AIRFLOW_CTX_TASK_ID='load_many' AIRFLOW_CTX_EXECUTION_DATE='2024-10-30T18:00:00+00:00' AIRFLOW_CTX_TRY_NUMBER='1' AIRFLOW_CTX_DAG_RUN_ID='scheduled__2024-10-30T18:00:00+00:00'
[2025-11-25T00:40:20.571+0000] {taskinstance.py:731} INFO - ::endgroup::
[2025-11-25T00:40:20.572+0000] {logging_mixin.py:190} INFO - Loading 0 records to Snowflake
[2025-11-25T00:40:20.735+0000] {cursor.py:1156} INFO - Number of results in first chunk: 1
[2025-11-25T00:40:20.887+0000] {cursor.py:1156} INFO - Number of results in first chunk: 1
[2025-11-25T00:40:21.074+0000] {cursor.py:1156} INFO - Number of results in first chunk: 1
[2025-11-25T00:40:21.075+0000] {logging_mixin.py:190} INFO - Table TRAINING_DB.RAW.STOCK_PRICE ready
[2025-11-25T00:40:21.075+0000] {logging_mixin.py:190} INFO - Successfully loaded 0 records
[2025-11-25T00:40:21.152+0000] {cursor.py:1156} INFO - Number of results in first chunk: 1
[2025-11-25T00:40:21.153+0000] {logging_mixin.py:190} INFO - Total rows in TRAINING_DB.RAW.STOCK_PRICE: 0
[2025-11-25T00:40:21.153+0000] {python.py:240} INFO - Done. Returned value was: None
[2025-11-25T00:40:21.158+0000] {taskinstance.py:340} INFO - ::group::Post task execution logs
[2025-11-25T00:40:21.158+0000] {taskinstance.py:352} INFO - Marking task as SUCCESS. dag_id=yfinance_to_snowflake_etl, task_id=load_many, run_id=scheduled__2024-10-30T18:00:00+00:00, execution_date=20241030T180000, start_date=20251125T004020, end_date=20251125T004021
[2025-11-25T00:40:21.182+0000] {local_task_job_runner.py:266} INFO - Task exited with return code 0
[2025-11-25T00:40:21.198+0000] {taskinstance.py:3900} INFO - 0 downstream tasks scheduled from follow-on schedule check
[2025-11-25T00:40:21.199+0000] {local_task_job_runner.py:245} INFO - ::endgroup::
