[2025-11-25T20:35:22.368+0000] {local_task_job_runner.py:123} INFO - ::group::Pre task execution logs
[2025-11-25T20:35:22.373+0000] {taskinstance.py:2612} INFO - Dependencies all met for dep_context=non-requeueable deps ti=<TaskInstance: stock_elt_with_dbt.dbt_transformations.dbt_run_core manual__2025-11-25T02:28:16.718638+00:00 [queued]>
[2025-11-25T20:35:22.376+0000] {taskinstance.py:2612} INFO - Dependencies all met for dep_context=requeueable deps ti=<TaskInstance: stock_elt_with_dbt.dbt_transformations.dbt_run_core manual__2025-11-25T02:28:16.718638+00:00 [queued]>
[2025-11-25T20:35:22.376+0000] {taskinstance.py:2865} INFO - Starting attempt 3 of 4
[2025-11-25T20:35:22.379+0000] {taskinstance.py:2888} INFO - Executing <Task(BashOperator): dbt_transformations.dbt_run_core> on 2025-11-25 02:28:16.718638+00:00
[2025-11-25T20:35:22.383+0000] {logging_mixin.py:190} WARNING - /home/***/.local/lib/python3.12/site-packages/***/task/task_runner/standard_task_runner.py:70 DeprecationWarning: This process (pid=20921) is multi-threaded, use of fork() may lead to deadlocks in the child.
[2025-11-25T20:35:22.383+0000] {standard_task_runner.py:72} INFO - Started process 20942 to run task
[2025-11-25T20:35:22.383+0000] {standard_task_runner.py:104} INFO - Running: ['***', 'tasks', 'run', 'stock_elt_with_dbt', 'dbt_transformations.dbt_run_core', 'manual__2025-11-25T02:28:16.718638+00:00', '--job-id', '4940', '--raw', '--subdir', 'DAGS_FOLDER/stock_elt_with_dbt.py', '--cfg-path', '/tmp/tmpf2sx7re9']
[2025-11-25T20:35:22.384+0000] {standard_task_runner.py:105} INFO - Job 4940: Subtask dbt_transformations.dbt_run_core
[2025-11-25T20:35:22.400+0000] {task_command.py:467} INFO - Running <TaskInstance: stock_elt_with_dbt.dbt_transformations.dbt_run_core manual__2025-11-25T02:28:16.718638+00:00 [running]> on host a4b8d4f4105c
[2025-11-25T20:35:22.426+0000] {taskinstance.py:3131} INFO - Exporting env vars: AIRFLOW_CTX_DAG_OWNER='***' AIRFLOW_CTX_DAG_ID='stock_elt_with_dbt' AIRFLOW_CTX_TASK_ID='dbt_transformations.dbt_run_core' AIRFLOW_CTX_EXECUTION_DATE='2025-11-25T02:28:16.718638+00:00' AIRFLOW_CTX_TRY_NUMBER='3' AIRFLOW_CTX_DAG_RUN_ID='manual__2025-11-25T02:28:16.718638+00:00'
[2025-11-25T20:35:22.426+0000] {taskinstance.py:731} INFO - ::endgroup::
[2025-11-25T20:35:22.427+0000] {subprocess.py:63} INFO - Tmp dir root location: /tmp
[2025-11-25T20:35:22.428+0000] {subprocess.py:75} INFO - Running command: ['/usr/bin/bash', '-c', 'cd /opt/***/stock_analytics && dbt run --profiles-dir . --select output.core.*']
[2025-11-25T20:35:22.432+0000] {subprocess.py:86} INFO - Output:
[2025-11-25T20:35:23.513+0000] {subprocess.py:93} INFO - [0m20:35:23  Running with dbt=1.7.0
[2025-11-25T20:35:23.890+0000] {subprocess.py:93} INFO - [0m20:35:23  Registered adapter: snowflake=1.7.0
[2025-11-25T20:35:23.947+0000] {subprocess.py:93} INFO - [0m20:35:23  Found 6 models, 5 tests, 2 snapshots, 1 source, 0 exposures, 0 metrics, 470 macros, 0 groups, 0 semantic models
[2025-11-25T20:35:23.949+0000] {subprocess.py:93} INFO - [0m20:35:23
[2025-11-25T20:35:25.333+0000] {subprocess.py:93} INFO - [0m20:35:25  Concurrency: 4 threads (target='dev')
[2025-11-25T20:35:25.333+0000] {subprocess.py:93} INFO - [0m20:35:25
[2025-11-25T20:35:25.338+0000] {subprocess.py:93} INFO - [0m20:35:25  1 of 3 START sql table model analytics.stock_moving_averages ................... [RUN]
[2025-11-25T20:35:25.338+0000] {subprocess.py:93} INFO - [0m20:35:25  2 of 3 START sql table model analytics.stock_rsi ............................... [RUN]
[2025-11-25T20:35:28.870+0000] {subprocess.py:93} INFO - [0m20:35:28  1 of 3 OK created sql table model analytics.stock_moving_averages .............. [[32mSUCCESS 1[0m in 3.53s]
[2025-11-25T20:35:29.313+0000] {subprocess.py:93} INFO - [0m20:35:29  2 of 3 OK created sql table model analytics.stock_rsi .......................... [[32mSUCCESS 1[0m in 3.97s]
[2025-11-25T20:35:29.315+0000] {subprocess.py:93} INFO - [0m20:35:29  3 of 3 START sql table model analytics.stock_technical_indicators .............. [RUN]
[2025-11-25T20:35:32.290+0000] {subprocess.py:93} INFO - [0m20:35:32  3 of 3 OK created sql table model analytics.stock_technical_indicators ......... [[32mSUCCESS 1[0m in 2.97s]
[2025-11-25T20:35:32.297+0000] {subprocess.py:93} INFO - [0m20:35:32
[2025-11-25T20:35:32.297+0000] {subprocess.py:93} INFO - [0m20:35:32  Finished running 3 table models in 0 hours 0 minutes and 8.35 seconds (8.35s).
[2025-11-25T20:35:32.308+0000] {subprocess.py:93} INFO - [0m20:35:32
[2025-11-25T20:35:32.309+0000] {subprocess.py:93} INFO - [0m20:35:32  [32mCompleted successfully[0m
[2025-11-25T20:35:32.309+0000] {subprocess.py:93} INFO - [0m20:35:32
[2025-11-25T20:35:32.310+0000] {subprocess.py:93} INFO - [0m20:35:32  Done. PASS=3 WARN=0 ERROR=0 SKIP=0 TOTAL=3
[2025-11-25T20:35:32.869+0000] {subprocess.py:97} INFO - Command exited with return code 0
[2025-11-25T20:35:32.878+0000] {taskinstance.py:340} INFO - ::group::Post task execution logs
[2025-11-25T20:35:32.878+0000] {taskinstance.py:352} INFO - Marking task as SUCCESS. dag_id=stock_elt_with_dbt, task_id=dbt_transformations.dbt_run_core, run_id=manual__2025-11-25T02:28:16.718638+00:00, execution_date=20251125T022816, start_date=20251125T203522, end_date=20251125T203532
[2025-11-25T20:35:33.035+0000] {local_task_job_runner.py:266} INFO - Task exited with return code 0
[2025-11-25T20:35:33.044+0000] {taskinstance.py:3900} INFO - 1 downstream tasks scheduled from follow-on schedule check
[2025-11-25T20:35:33.045+0000] {local_task_job_runner.py:245} INFO - ::endgroup::
