[2025-11-25T06:57:15.236+0000] {local_task_job_runner.py:123} INFO - ::group::Pre task execution logs
[2025-11-25T06:57:15.242+0000] {taskinstance.py:2612} INFO - Dependencies all met for dep_context=non-requeueable deps ti=<TaskInstance: stock_elt_with_dbt.dbt_transformations.dbt_run_core manual__2025-11-25T02:28:16.718638+00:00 [queued]>
[2025-11-25T06:57:15.245+0000] {taskinstance.py:2612} INFO - Dependencies all met for dep_context=requeueable deps ti=<TaskInstance: stock_elt_with_dbt.dbt_transformations.dbt_run_core manual__2025-11-25T02:28:16.718638+00:00 [queued]>
[2025-11-25T06:57:15.245+0000] {taskinstance.py:2865} INFO - Starting attempt 1 of 2
[2025-11-25T06:57:15.249+0000] {taskinstance.py:2888} INFO - Executing <Task(BashOperator): dbt_transformations.dbt_run_core> on 2025-11-25 02:28:16.718638+00:00
[2025-11-25T06:57:15.253+0000] {logging_mixin.py:190} WARNING - /home/***/.local/lib/python3.12/site-packages/***/task/task_runner/standard_task_runner.py:70 DeprecationWarning: This process (pid=5836) is multi-threaded, use of fork() may lead to deadlocks in the child.
[2025-11-25T06:57:15.254+0000] {standard_task_runner.py:72} INFO - Started process 5851 to run task
[2025-11-25T06:57:15.254+0000] {standard_task_runner.py:104} INFO - Running: ['***', 'tasks', 'run', 'stock_elt_with_dbt', 'dbt_transformations.dbt_run_core', 'manual__2025-11-25T02:28:16.718638+00:00', '--job-id', '4837', '--raw', '--subdir', 'DAGS_FOLDER/stock_elt_with_dbt.py', '--cfg-path', '/tmp/tmp9pguu30v']
[2025-11-25T06:57:15.254+0000] {standard_task_runner.py:105} INFO - Job 4837: Subtask dbt_transformations.dbt_run_core
[2025-11-25T06:57:15.278+0000] {task_command.py:467} INFO - Running <TaskInstance: stock_elt_with_dbt.dbt_transformations.dbt_run_core manual__2025-11-25T02:28:16.718638+00:00 [running]> on host a4b8d4f4105c
[2025-11-25T06:57:15.314+0000] {taskinstance.py:3131} INFO - Exporting env vars: AIRFLOW_CTX_DAG_OWNER='***' AIRFLOW_CTX_DAG_ID='stock_elt_with_dbt' AIRFLOW_CTX_TASK_ID='dbt_transformations.dbt_run_core' AIRFLOW_CTX_EXECUTION_DATE='2025-11-25T02:28:16.718638+00:00' AIRFLOW_CTX_TRY_NUMBER='1' AIRFLOW_CTX_DAG_RUN_ID='manual__2025-11-25T02:28:16.718638+00:00'
[2025-11-25T06:57:15.314+0000] {taskinstance.py:731} INFO - ::endgroup::
[2025-11-25T06:57:15.316+0000] {subprocess.py:63} INFO - Tmp dir root location: /tmp
[2025-11-25T06:57:15.316+0000] {subprocess.py:75} INFO - Running command: ['/usr/bin/bash', '-c', 'cd /opt/***/stock_analytics && dbt run --profiles-dir . --select output.core.*']
[2025-11-25T06:57:15.321+0000] {subprocess.py:86} INFO - Output:
[2025-11-25T06:57:16.561+0000] {subprocess.py:93} INFO - [0m06:57:16  Running with dbt=1.7.0
[2025-11-25T06:57:16.895+0000] {subprocess.py:93} INFO - [0m06:57:16  Registered adapter: snowflake=1.7.0
[2025-11-25T06:57:16.926+0000] {subprocess.py:93} INFO - [0m06:57:16  Found 6 models, 5 tests, 2 snapshots, 1 source, 0 exposures, 0 metrics, 470 macros, 0 groups, 0 semantic models
[2025-11-25T06:57:16.928+0000] {subprocess.py:93} INFO - [0m06:57:16
[2025-11-25T06:57:18.461+0000] {subprocess.py:93} INFO - [0m06:57:18  Concurrency: 4 threads (target='dev')
[2025-11-25T06:57:18.461+0000] {subprocess.py:93} INFO - [0m06:57:18
[2025-11-25T06:57:18.466+0000] {subprocess.py:93} INFO - [0m06:57:18  1 of 3 START sql table model analytics.stock_moving_averages ................... [RUN]
[2025-11-25T06:57:18.467+0000] {subprocess.py:93} INFO - [0m06:57:18  2 of 3 START sql table model analytics.stock_rsi ............................... [RUN]
[2025-11-25T06:57:19.772+0000] {subprocess.py:93} INFO - [0m06:57:19  1 of 3 OK created sql table model analytics.stock_moving_averages .............. [[32mSUCCESS 1[0m in 1.30s]
[2025-11-25T06:57:19.938+0000] {subprocess.py:93} INFO - [0m06:57:19  2 of 3 OK created sql table model analytics.stock_rsi .......................... [[32mSUCCESS 1[0m in 1.47s]
[2025-11-25T06:57:19.939+0000] {subprocess.py:93} INFO - [0m06:57:19  3 of 3 START sql table model analytics.stock_technical_indicators .............. [RUN]
[2025-11-25T06:57:21.441+0000] {subprocess.py:93} INFO - [0m06:57:21  3 of 3 OK created sql table model analytics.stock_technical_indicators ......... [[32mSUCCESS 1[0m in 1.50s]
[2025-11-25T06:57:21.449+0000] {subprocess.py:93} INFO - [0m06:57:21
[2025-11-25T06:57:21.449+0000] {subprocess.py:93} INFO - [0m06:57:21  Finished running 3 table models in 0 hours 0 minutes and 4.52 seconds (4.52s).
[2025-11-25T06:57:21.462+0000] {subprocess.py:93} INFO - [0m06:57:21
[2025-11-25T06:57:21.462+0000] {subprocess.py:93} INFO - [0m06:57:21  [32mCompleted successfully[0m
[2025-11-25T06:57:21.463+0000] {subprocess.py:93} INFO - [0m06:57:21
[2025-11-25T06:57:21.463+0000] {subprocess.py:93} INFO - [0m06:57:21  Done. PASS=3 WARN=0 ERROR=0 SKIP=0 TOTAL=3
[2025-11-25T06:57:22.082+0000] {subprocess.py:97} INFO - Command exited with return code 0
[2025-11-25T06:57:22.092+0000] {taskinstance.py:340} INFO - ::group::Post task execution logs
[2025-11-25T06:57:22.093+0000] {taskinstance.py:352} INFO - Marking task as SUCCESS. dag_id=stock_elt_with_dbt, task_id=dbt_transformations.dbt_run_core, run_id=manual__2025-11-25T02:28:16.718638+00:00, execution_date=20251125T022816, start_date=20251125T065715, end_date=20251125T065722
[2025-11-25T06:57:22.107+0000] {local_task_job_runner.py:266} INFO - Task exited with return code 0
[2025-11-25T06:57:22.117+0000] {taskinstance.py:3900} INFO - 1 downstream tasks scheduled from follow-on schedule check
[2025-11-25T06:57:22.118+0000] {local_task_job_runner.py:245} INFO - ::endgroup::
