[2025-11-25T07:28:11.420+0000] {local_task_job_runner.py:123} INFO - ::group::Pre task execution logs
[2025-11-25T07:28:11.427+0000] {taskinstance.py:2612} INFO - Dependencies all met for dep_context=non-requeueable deps ti=<TaskInstance: stock_elt_with_dbt.dbt_transformations.dbt_run_core manual__2025-11-25T02:28:16.718638+00:00 [queued]>
[2025-11-25T07:28:11.433+0000] {taskinstance.py:2612} INFO - Dependencies all met for dep_context=requeueable deps ti=<TaskInstance: stock_elt_with_dbt.dbt_transformations.dbt_run_core manual__2025-11-25T02:28:16.718638+00:00 [queued]>
[2025-11-25T07:28:11.434+0000] {taskinstance.py:2865} INFO - Starting attempt 2 of 3
[2025-11-25T07:28:11.439+0000] {taskinstance.py:2888} INFO - Executing <Task(BashOperator): dbt_transformations.dbt_run_core> on 2025-11-25 02:28:16.718638+00:00
[2025-11-25T07:28:11.443+0000] {logging_mixin.py:190} WARNING - /home/***/.local/lib/python3.12/site-packages/***/task/task_runner/standard_task_runner.py:70 DeprecationWarning: This process (pid=8988) is multi-threaded, use of fork() may lead to deadlocks in the child.
[2025-11-25T07:28:11.444+0000] {standard_task_runner.py:72} INFO - Started process 9004 to run task
[2025-11-25T07:28:11.444+0000] {standard_task_runner.py:104} INFO - Running: ['***', 'tasks', 'run', 'stock_elt_with_dbt', 'dbt_transformations.dbt_run_core', 'manual__2025-11-25T02:28:16.718638+00:00', '--job-id', '4869', '--raw', '--subdir', 'DAGS_FOLDER/stock_elt_with_dbt.py', '--cfg-path', '/tmp/tmp1icbr_ue']
[2025-11-25T07:28:11.445+0000] {standard_task_runner.py:105} INFO - Job 4869: Subtask dbt_transformations.dbt_run_core
[2025-11-25T07:28:11.463+0000] {task_command.py:467} INFO - Running <TaskInstance: stock_elt_with_dbt.dbt_transformations.dbt_run_core manual__2025-11-25T02:28:16.718638+00:00 [running]> on host a4b8d4f4105c
[2025-11-25T07:28:11.498+0000] {taskinstance.py:3131} INFO - Exporting env vars: AIRFLOW_CTX_DAG_OWNER='***' AIRFLOW_CTX_DAG_ID='stock_elt_with_dbt' AIRFLOW_CTX_TASK_ID='dbt_transformations.dbt_run_core' AIRFLOW_CTX_EXECUTION_DATE='2025-11-25T02:28:16.718638+00:00' AIRFLOW_CTX_TRY_NUMBER='2' AIRFLOW_CTX_DAG_RUN_ID='manual__2025-11-25T02:28:16.718638+00:00'
[2025-11-25T07:28:11.498+0000] {taskinstance.py:731} INFO - ::endgroup::
[2025-11-25T07:28:11.500+0000] {subprocess.py:63} INFO - Tmp dir root location: /tmp
[2025-11-25T07:28:11.500+0000] {subprocess.py:75} INFO - Running command: ['/usr/bin/bash', '-c', 'cd /opt/***/stock_analytics && dbt run --profiles-dir . --select output.core.*']
[2025-11-25T07:28:11.507+0000] {subprocess.py:86} INFO - Output:
[2025-11-25T07:28:12.595+0000] {subprocess.py:93} INFO - [0m07:28:12  Running with dbt=1.7.0
[2025-11-25T07:28:12.969+0000] {subprocess.py:93} INFO - [0m07:28:12  Registered adapter: snowflake=1.7.0
[2025-11-25T07:28:13.028+0000] {subprocess.py:93} INFO - [0m07:28:13  Found 6 models, 5 tests, 2 snapshots, 1 source, 0 exposures, 0 metrics, 470 macros, 0 groups, 0 semantic models
[2025-11-25T07:28:13.029+0000] {subprocess.py:93} INFO - [0m07:28:13
[2025-11-25T07:28:16.517+0000] {subprocess.py:93} INFO - [0m07:28:16  Concurrency: 4 threads (target='dev')
[2025-11-25T07:28:16.518+0000] {subprocess.py:93} INFO - [0m07:28:16
[2025-11-25T07:28:16.523+0000] {subprocess.py:93} INFO - [0m07:28:16  1 of 3 START sql table model analytics.stock_moving_averages ................... [RUN]
[2025-11-25T07:28:16.524+0000] {subprocess.py:93} INFO - [0m07:28:16  2 of 3 START sql table model analytics.stock_rsi ............................... [RUN]
[2025-11-25T07:28:19.837+0000] {subprocess.py:93} INFO - [0m07:28:19  1 of 3 OK created sql table model analytics.stock_moving_averages .............. [[32mSUCCESS 1[0m in 3.31s]
[2025-11-25T07:28:20.419+0000] {subprocess.py:93} INFO - [0m07:28:20  2 of 3 OK created sql table model analytics.stock_rsi .......................... [[32mSUCCESS 1[0m in 3.89s]
[2025-11-25T07:28:20.421+0000] {subprocess.py:93} INFO - [0m07:28:20  3 of 3 START sql table model analytics.stock_technical_indicators .............. [RUN]
[2025-11-25T07:28:22.272+0000] {subprocess.py:93} INFO - [0m07:28:22  3 of 3 OK created sql table model analytics.stock_technical_indicators ......... [[32mSUCCESS 1[0m in 1.85s]
[2025-11-25T07:28:22.275+0000] {subprocess.py:93} INFO - [0m07:28:22
[2025-11-25T07:28:22.275+0000] {subprocess.py:93} INFO - [0m07:28:22  Finished running 3 table models in 0 hours 0 minutes and 9.25 seconds (9.25s).
[2025-11-25T07:28:22.281+0000] {subprocess.py:93} INFO - [0m07:28:22
[2025-11-25T07:28:22.281+0000] {subprocess.py:93} INFO - [0m07:28:22  [32mCompleted successfully[0m
[2025-11-25T07:28:22.282+0000] {subprocess.py:93} INFO - [0m07:28:22
[2025-11-25T07:28:22.282+0000] {subprocess.py:93} INFO - [0m07:28:22  Done. PASS=3 WARN=0 ERROR=0 SKIP=0 TOTAL=3
[2025-11-25T07:28:22.976+0000] {subprocess.py:97} INFO - Command exited with return code 0
[2025-11-25T07:28:22.992+0000] {taskinstance.py:340} INFO - ::group::Post task execution logs
[2025-11-25T07:28:22.993+0000] {taskinstance.py:352} INFO - Marking task as SUCCESS. dag_id=stock_elt_with_dbt, task_id=dbt_transformations.dbt_run_core, run_id=manual__2025-11-25T02:28:16.718638+00:00, execution_date=20251125T022816, start_date=20251125T072811, end_date=20251125T072822
[2025-11-25T07:28:23.047+0000] {local_task_job_runner.py:266} INFO - Task exited with return code 0
[2025-11-25T07:28:23.060+0000] {taskinstance.py:3900} INFO - 1 downstream tasks scheduled from follow-on schedule check
[2025-11-25T07:28:23.061+0000] {local_task_job_runner.py:245} INFO - ::endgroup::
