[2025-11-25T00:40:48.142+0000] {local_task_job_runner.py:123} INFO - ::group::Pre task execution logs
[2025-11-25T00:40:48.149+0000] {taskinstance.py:2612} INFO - Dependencies all met for dep_context=non-requeueable deps ti=<TaskInstance: yfinance_to_snowflake_etl.extract scheduled__2024-11-27T18:00:00+00:00 [queued]>
[2025-11-25T00:40:48.151+0000] {taskinstance.py:2612} INFO - Dependencies all met for dep_context=requeueable deps ti=<TaskInstance: yfinance_to_snowflake_etl.extract scheduled__2024-11-27T18:00:00+00:00 [queued]>
[2025-11-25T00:40:48.151+0000] {taskinstance.py:2865} INFO - Starting attempt 1 of 1
[2025-11-25T00:40:48.156+0000] {taskinstance.py:2888} INFO - Executing <Task(_PythonDecoratedOperator): extract> on 2024-11-27 18:00:00+00:00
[2025-11-25T00:40:48.160+0000] {logging_mixin.py:190} WARNING - /home/***/.local/lib/python3.12/site-packages/***/task/task_runner/standard_task_runner.py:70 DeprecationWarning: This process (pid=75714) is multi-threaded, use of fork() may lead to deadlocks in the child.
[2025-11-25T00:40:48.160+0000] {standard_task_runner.py:104} INFO - Running: ['***', 'tasks', 'run', 'yfinance_to_snowflake_etl', 'extract', 'scheduled__2024-11-27T18:00:00+00:00', '--job-id', '3926', '--raw', '--subdir', 'DAGS_FOLDER/yfinance_to_snowflake_etl.py', '--cfg-path', '/tmp/tmp_l_albh7']
[2025-11-25T00:40:48.161+0000] {standard_task_runner.py:72} INFO - Started process 75817 to run task
[2025-11-25T00:40:48.161+0000] {standard_task_runner.py:105} INFO - Job 3926: Subtask extract
[2025-11-25T00:40:48.180+0000] {task_command.py:467} INFO - Running <TaskInstance: yfinance_to_snowflake_etl.extract scheduled__2024-11-27T18:00:00+00:00 [running]> on host fd57ff944215
[2025-11-25T00:40:48.215+0000] {taskinstance.py:3131} INFO - Exporting env vars: AIRFLOW_CTX_DAG_OWNER='***' AIRFLOW_CTX_DAG_ID='yfinance_to_snowflake_etl' AIRFLOW_CTX_TASK_ID='extract' AIRFLOW_CTX_EXECUTION_DATE='2024-11-27T18:00:00+00:00' AIRFLOW_CTX_TRY_NUMBER='1' AIRFLOW_CTX_DAG_RUN_ID='scheduled__2024-11-27T18:00:00+00:00'
[2025-11-25T00:40:48.216+0000] {taskinstance.py:731} INFO - ::endgroup::
[2025-11-25T00:40:48.218+0000] {logging_mixin.py:190} INFO - Starting extraction for symbols: ['AAPL', 'TSLA']
[2025-11-25T00:40:48.218+0000] {logging_mixin.py:190} INFO - Period: "180d", Interval: "1d"
[2025-11-25T00:40:48.219+0000] {logging_mixin.py:190} WARNING - /opt/***/dags/yfinance_to_snowflake_etl.py:44 FutureWarning: YF.download() has changed argument auto_adjust default to True
[2025-11-25T00:40:48.585+0000] {logging_mixin.py:190} WARNING - [*********************100%***********************]  1 of 1 completed
[2025-11-25T00:40:48.585+0000] {multi.py:185} ERROR - 
1 Failed download:
[2025-11-25T00:40:48.587+0000] {multi.py:198} ERROR - ['AAPL']: YFPricesMissingError('possibly delisted; no price data found  (period="180d") (Yahoo error = "Invalid input - interval="1d" is not supported. Valid intervals: [1m, 2m, 5m, 15m, 30m, 60m, 90m, 1h, 4h, 1d, 5d, 1wk, 1mo, 3mo]")')
[2025-11-25T00:40:48.598+0000] {logging_mixin.py:190} INFO - No data available for symbol AAPL
[2025-11-25T00:40:48.598+0000] {logging_mixin.py:190} INFO - Skipping AAPL - no data returned
[2025-11-25T00:40:48.599+0000] {logging_mixin.py:190} WARNING - /opt/***/dags/yfinance_to_snowflake_etl.py:44 FutureWarning: YF.download() has changed argument auto_adjust default to True
[2025-11-25T00:40:48.861+0000] {logging_mixin.py:190} WARNING - [*********************100%***********************]  1 of 1 completed
[2025-11-25T00:40:48.861+0000] {multi.py:185} ERROR - 
1 Failed download:
[2025-11-25T00:40:48.862+0000] {multi.py:198} ERROR - ['TSLA']: YFPricesMissingError('possibly delisted; no price data found  (period="180d") (Yahoo error = "Invalid input - interval="1d" is not supported. Valid intervals: [1m, 2m, 5m, 15m, 30m, 60m, 90m, 1h, 4h, 1d, 5d, 1wk, 1mo, 3mo]")')
[2025-11-25T00:40:48.865+0000] {logging_mixin.py:190} INFO - No data available for symbol TSLA
[2025-11-25T00:40:48.866+0000] {logging_mixin.py:190} INFO - Skipping TSLA - no data returned
[2025-11-25T00:40:48.866+0000] {logging_mixin.py:190} INFO - Total records extracted: 0
[2025-11-25T00:40:48.867+0000] {python.py:240} INFO - Done. Returned value was: []
[2025-11-25T00:40:48.900+0000] {taskinstance.py:340} INFO - ::group::Post task execution logs
[2025-11-25T00:40:48.901+0000] {taskinstance.py:352} INFO - Marking task as SUCCESS. dag_id=yfinance_to_snowflake_etl, task_id=extract, run_id=scheduled__2024-11-27T18:00:00+00:00, execution_date=20241127T180000, start_date=20251125T004048, end_date=20251125T004048
[2025-11-25T00:40:48.958+0000] {local_task_job_runner.py:266} INFO - Task exited with return code 0
[2025-11-25T00:40:48.976+0000] {local_task_job_runner.py:245} INFO - ::endgroup::
