[2025-11-25T20:28:40.335+0000] {local_task_job_runner.py:123} INFO - ::group::Pre task execution logs
[2025-11-25T20:28:40.342+0000] {taskinstance.py:2612} INFO - Dependencies all met for dep_context=non-requeueable deps ti=<TaskInstance: stock_elt_with_dbt.dbt_transformations.dbt_snapshot manual__2025-11-25T20:28:12+00:00 [queued]>
[2025-11-25T20:28:40.346+0000] {taskinstance.py:2612} INFO - Dependencies all met for dep_context=requeueable deps ti=<TaskInstance: stock_elt_with_dbt.dbt_transformations.dbt_snapshot manual__2025-11-25T20:28:12+00:00 [queued]>
[2025-11-25T20:28:40.346+0000] {taskinstance.py:2865} INFO - Starting attempt 1 of 2
[2025-11-25T20:28:40.350+0000] {taskinstance.py:2888} INFO - Executing <Task(BashOperator): dbt_transformations.dbt_snapshot> on 2025-11-25 20:28:12+00:00
[2025-11-25T20:28:40.354+0000] {logging_mixin.py:190} WARNING - /home/***/.local/lib/python3.12/site-packages/***/task/task_runner/standard_task_runner.py:70 DeprecationWarning: This process (pid=18973) is multi-threaded, use of fork() may lead to deadlocks in the child.
[2025-11-25T20:28:40.354+0000] {standard_task_runner.py:72} INFO - Started process 18983 to run task
[2025-11-25T20:28:40.354+0000] {standard_task_runner.py:104} INFO - Running: ['***', 'tasks', 'run', 'stock_elt_with_dbt', 'dbt_transformations.dbt_snapshot', 'manual__2025-11-25T20:28:12+00:00', '--job-id', '4901', '--raw', '--subdir', 'DAGS_FOLDER/stock_elt_with_dbt.py', '--cfg-path', '/tmp/tmpbl2srpo0']
[2025-11-25T20:28:40.355+0000] {standard_task_runner.py:105} INFO - Job 4901: Subtask dbt_transformations.dbt_snapshot
[2025-11-25T20:28:40.372+0000] {task_command.py:467} INFO - Running <TaskInstance: stock_elt_with_dbt.dbt_transformations.dbt_snapshot manual__2025-11-25T20:28:12+00:00 [running]> on host a4b8d4f4105c
[2025-11-25T20:28:40.411+0000] {taskinstance.py:3131} INFO - Exporting env vars: AIRFLOW_CTX_DAG_OWNER='***' AIRFLOW_CTX_DAG_ID='stock_elt_with_dbt' AIRFLOW_CTX_TASK_ID='dbt_transformations.dbt_snapshot' AIRFLOW_CTX_EXECUTION_DATE='2025-11-25T20:28:12+00:00' AIRFLOW_CTX_TRY_NUMBER='1' AIRFLOW_CTX_DAG_RUN_ID='manual__2025-11-25T20:28:12+00:00'
[2025-11-25T20:28:40.411+0000] {taskinstance.py:731} INFO - ::endgroup::
[2025-11-25T20:28:40.412+0000] {subprocess.py:63} INFO - Tmp dir root location: /tmp
[2025-11-25T20:28:40.413+0000] {subprocess.py:75} INFO - Running command: ['/usr/bin/bash', '-c', 'cd /opt/***/stock_analytics && dbt snapshot --profiles-dir .']
[2025-11-25T20:28:40.418+0000] {subprocess.py:86} INFO - Output:
[2025-11-25T20:28:41.466+0000] {subprocess.py:93} INFO - [0m20:28:41  Running with dbt=1.7.0
[2025-11-25T20:28:41.783+0000] {subprocess.py:93} INFO - [0m20:28:41  Registered adapter: snowflake=1.7.0
[2025-11-25T20:28:41.813+0000] {subprocess.py:93} INFO - [0m20:28:41  Found 6 models, 5 tests, 2 snapshots, 1 source, 0 exposures, 0 metrics, 470 macros, 0 groups, 0 semantic models
[2025-11-25T20:28:41.814+0000] {subprocess.py:93} INFO - [0m20:28:41
[2025-11-25T20:28:43.199+0000] {subprocess.py:93} INFO - [0m20:28:43  Concurrency: 4 threads (target='dev')
[2025-11-25T20:28:43.200+0000] {subprocess.py:93} INFO - [0m20:28:43
[2025-11-25T20:28:43.208+0000] {subprocess.py:93} INFO - [0m20:28:43  1 of 2 START snapshot snapshots.rsi_signals_snapshot ........................... [RUN]
[2025-11-25T20:28:43.208+0000] {subprocess.py:93} INFO - [0m20:28:43  2 of 2 START snapshot snapshots.stock_prices_snapshot .......................... [RUN]
[2025-11-25T20:28:47.690+0000] {subprocess.py:93} INFO - [0m20:28:47  2 of 2 OK snapshotted snapshots.stock_prices_snapshot .......................... [[32mSUCCESS 39[0m in 4.48s]
[2025-11-25T20:28:47.693+0000] {subprocess.py:93} INFO - [0m20:28:47  1 of 2 OK snapshotted snapshots.rsi_signals_snapshot ........................... [[32mSUCCESS 10[0m in 4.48s]
[2025-11-25T20:28:47.700+0000] {subprocess.py:93} INFO - [0m20:28:47
[2025-11-25T20:28:47.700+0000] {subprocess.py:93} INFO - [0m20:28:47  Finished running 2 snapshots in 0 hours 0 minutes and 5.89 seconds (5.89s).
[2025-11-25T20:28:47.710+0000] {subprocess.py:93} INFO - [0m20:28:47
[2025-11-25T20:28:47.711+0000] {subprocess.py:93} INFO - [0m20:28:47  [32mCompleted successfully[0m
[2025-11-25T20:28:47.711+0000] {subprocess.py:93} INFO - [0m20:28:47
[2025-11-25T20:28:47.712+0000] {subprocess.py:93} INFO - [0m20:28:47  Done. PASS=2 WARN=0 ERROR=0 SKIP=0 TOTAL=2
[2025-11-25T20:28:48.290+0000] {subprocess.py:97} INFO - Command exited with return code 0
[2025-11-25T20:28:48.300+0000] {taskinstance.py:340} INFO - ::group::Post task execution logs
[2025-11-25T20:28:48.300+0000] {taskinstance.py:352} INFO - Marking task as SUCCESS. dag_id=stock_elt_with_dbt, task_id=dbt_transformations.dbt_snapshot, run_id=manual__2025-11-25T20:28:12+00:00, execution_date=20251125T202812, start_date=20251125T202840, end_date=20251125T202848
[2025-11-25T20:28:48.443+0000] {local_task_job_runner.py:266} INFO - Task exited with return code 0
[2025-11-25T20:28:48.450+0000] {taskinstance.py:3900} INFO - 1 downstream tasks scheduled from follow-on schedule check
[2025-11-25T20:28:48.451+0000] {local_task_job_runner.py:245} INFO - ::endgroup::
