[2025-11-25T06:55:24.210+0000] {local_task_job_runner.py:123} INFO - ::group::Pre task execution logs
[2025-11-25T06:55:24.221+0000] {taskinstance.py:2612} INFO - Dependencies all met for dep_context=non-requeueable deps ti=<TaskInstance: stock_elt_with_dbt.dbt_transformations.dbt_snapshot manual__2025-11-25T06:54:51.123925+00:00 [queued]>
[2025-11-25T06:55:24.226+0000] {taskinstance.py:2612} INFO - Dependencies all met for dep_context=requeueable deps ti=<TaskInstance: stock_elt_with_dbt.dbt_transformations.dbt_snapshot manual__2025-11-25T06:54:51.123925+00:00 [queued]>
[2025-11-25T06:55:24.226+0000] {taskinstance.py:2865} INFO - Starting attempt 1 of 2
[2025-11-25T06:55:24.230+0000] {taskinstance.py:2888} INFO - Executing <Task(BashOperator): dbt_transformations.dbt_snapshot> on 2025-11-25 06:54:51.123925+00:00
[2025-11-25T06:55:24.235+0000] {standard_task_runner.py:104} INFO - Running: ['***', 'tasks', 'run', 'stock_elt_with_dbt', 'dbt_transformations.dbt_snapshot', 'manual__2025-11-25T06:54:51.123925+00:00', '--job-id', '4816', '--raw', '--subdir', 'DAGS_FOLDER/stock_elt_with_dbt.py', '--cfg-path', '/tmp/tmphc_g82ei']
[2025-11-25T06:55:24.235+0000] {logging_mixin.py:190} WARNING - /home/***/.local/lib/python3.12/site-packages/***/task/task_runner/standard_task_runner.py:70 DeprecationWarning: This process (pid=5200) is multi-threaded, use of fork() may lead to deadlocks in the child.
[2025-11-25T06:55:24.236+0000] {standard_task_runner.py:105} INFO - Job 4816: Subtask dbt_transformations.dbt_snapshot
[2025-11-25T06:55:24.236+0000] {standard_task_runner.py:72} INFO - Started process 5209 to run task
[2025-11-25T06:55:24.251+0000] {task_command.py:467} INFO - Running <TaskInstance: stock_elt_with_dbt.dbt_transformations.dbt_snapshot manual__2025-11-25T06:54:51.123925+00:00 [running]> on host a4b8d4f4105c
[2025-11-25T06:55:24.277+0000] {taskinstance.py:3131} INFO - Exporting env vars: AIRFLOW_CTX_DAG_OWNER='***' AIRFLOW_CTX_DAG_ID='stock_elt_with_dbt' AIRFLOW_CTX_TASK_ID='dbt_transformations.dbt_snapshot' AIRFLOW_CTX_EXECUTION_DATE='2025-11-25T06:54:51.123925+00:00' AIRFLOW_CTX_TRY_NUMBER='1' AIRFLOW_CTX_DAG_RUN_ID='manual__2025-11-25T06:54:51.123925+00:00'
[2025-11-25T06:55:24.278+0000] {taskinstance.py:731} INFO - ::endgroup::
[2025-11-25T06:55:24.279+0000] {subprocess.py:63} INFO - Tmp dir root location: /tmp
[2025-11-25T06:55:24.279+0000] {subprocess.py:75} INFO - Running command: ['/usr/bin/bash', '-c', 'cd /opt/***/stock_analytics && dbt snapshot --profiles-dir .']
[2025-11-25T06:55:24.285+0000] {subprocess.py:86} INFO - Output:
[2025-11-25T06:55:25.328+0000] {subprocess.py:93} INFO - [0m06:55:25  Running with dbt=1.7.0
[2025-11-25T06:55:25.637+0000] {subprocess.py:93} INFO - [0m06:55:25  Registered adapter: snowflake=1.7.0
[2025-11-25T06:55:25.662+0000] {subprocess.py:93} INFO - [0m06:55:25  Found 6 models, 5 tests, 2 snapshots, 1 source, 0 exposures, 0 metrics, 470 macros, 0 groups, 0 semantic models
[2025-11-25T06:55:25.663+0000] {subprocess.py:93} INFO - [0m06:55:25
[2025-11-25T06:55:29.279+0000] {subprocess.py:93} INFO - [0m06:55:29  Concurrency: 4 threads (target='dev')
[2025-11-25T06:55:29.279+0000] {subprocess.py:93} INFO - [0m06:55:29
[2025-11-25T06:55:29.291+0000] {subprocess.py:93} INFO - [0m06:55:29  1 of 2 START snapshot snapshots.rsi_signals_snapshot ........................... [RUN]
[2025-11-25T06:55:29.292+0000] {subprocess.py:93} INFO - [0m06:55:29  2 of 2 START snapshot snapshots.stock_prices_snapshot .......................... [RUN]
[2025-11-25T06:55:33.144+0000] {subprocess.py:93} INFO - [0m06:55:33  2 of 2 OK snapshotted snapshots.stock_prices_snapshot .......................... [[32mSUCCESS 34[0m in 3.85s]
[2025-11-25T06:55:33.248+0000] {subprocess.py:93} INFO - [0m06:55:33  1 of 2 OK snapshotted snapshots.rsi_signals_snapshot ........................... [[32mSUCCESS 14[0m in 3.95s]
[2025-11-25T06:55:33.256+0000] {subprocess.py:93} INFO - [0m06:55:33
[2025-11-25T06:55:33.256+0000] {subprocess.py:93} INFO - [0m06:55:33  Finished running 2 snapshots in 0 hours 0 minutes and 7.59 seconds (7.59s).
[2025-11-25T06:55:33.269+0000] {subprocess.py:93} INFO - [0m06:55:33
[2025-11-25T06:55:33.269+0000] {subprocess.py:93} INFO - [0m06:55:33  [32mCompleted successfully[0m
[2025-11-25T06:55:33.270+0000] {subprocess.py:93} INFO - [0m06:55:33
[2025-11-25T06:55:33.270+0000] {subprocess.py:93} INFO - [0m06:55:33  Done. PASS=2 WARN=0 ERROR=0 SKIP=0 TOTAL=2
[2025-11-25T06:55:33.997+0000] {subprocess.py:97} INFO - Command exited with return code 0
[2025-11-25T06:55:34.007+0000] {taskinstance.py:340} INFO - ::group::Post task execution logs
[2025-11-25T06:55:34.007+0000] {taskinstance.py:352} INFO - Marking task as SUCCESS. dag_id=stock_elt_with_dbt, task_id=dbt_transformations.dbt_snapshot, run_id=manual__2025-11-25T06:54:51.123925+00:00, execution_date=20251125T065451, start_date=20251125T065524, end_date=20251125T065534
[2025-11-25T06:55:34.015+0000] {local_task_job_runner.py:266} INFO - Task exited with return code 0
[2025-11-25T06:55:34.023+0000] {taskinstance.py:3900} INFO - 1 downstream tasks scheduled from follow-on schedule check
[2025-11-25T06:55:34.024+0000] {local_task_job_runner.py:245} INFO - ::endgroup::
