[2025-11-25T20:31:02.405+0000] {local_task_job_runner.py:123} INFO - ::group::Pre task execution logs
[2025-11-25T20:31:02.411+0000] {taskinstance.py:2612} INFO - Dependencies all met for dep_context=non-requeueable deps ti=<TaskInstance: stock_elt_with_dbt.dbt_transformations.dbt_run_core manual__2025-11-25T20:30:39.921949+00:00 [queued]>
[2025-11-25T20:31:02.414+0000] {taskinstance.py:2612} INFO - Dependencies all met for dep_context=requeueable deps ti=<TaskInstance: stock_elt_with_dbt.dbt_transformations.dbt_run_core manual__2025-11-25T20:30:39.921949+00:00 [queued]>
[2025-11-25T20:31:02.415+0000] {taskinstance.py:2865} INFO - Starting attempt 1 of 2
[2025-11-25T20:31:02.419+0000] {taskinstance.py:2888} INFO - Executing <Task(BashOperator): dbt_transformations.dbt_run_core> on 2025-11-25 20:30:39.921949+00:00
[2025-11-25T20:31:02.422+0000] {logging_mixin.py:190} WARNING - /home/***/.local/lib/python3.12/site-packages/***/task/task_runner/standard_task_runner.py:70 DeprecationWarning: This process (pid=19802) is multi-threaded, use of fork() may lead to deadlocks in the child.
[2025-11-25T20:31:02.423+0000] {standard_task_runner.py:72} INFO - Started process 19811 to run task
[2025-11-25T20:31:02.422+0000] {standard_task_runner.py:104} INFO - Running: ['***', 'tasks', 'run', 'stock_elt_with_dbt', 'dbt_transformations.dbt_run_core', 'manual__2025-11-25T20:30:39.921949+00:00', '--job-id', '4919', '--raw', '--subdir', 'DAGS_FOLDER/stock_elt_with_dbt.py', '--cfg-path', '/tmp/tmp4vuivet0']
[2025-11-25T20:31:02.423+0000] {standard_task_runner.py:105} INFO - Job 4919: Subtask dbt_transformations.dbt_run_core
[2025-11-25T20:31:02.438+0000] {task_command.py:467} INFO - Running <TaskInstance: stock_elt_with_dbt.dbt_transformations.dbt_run_core manual__2025-11-25T20:30:39.921949+00:00 [running]> on host a4b8d4f4105c
[2025-11-25T20:31:02.465+0000] {taskinstance.py:3131} INFO - Exporting env vars: AIRFLOW_CTX_DAG_OWNER='***' AIRFLOW_CTX_DAG_ID='stock_elt_with_dbt' AIRFLOW_CTX_TASK_ID='dbt_transformations.dbt_run_core' AIRFLOW_CTX_EXECUTION_DATE='2025-11-25T20:30:39.921949+00:00' AIRFLOW_CTX_TRY_NUMBER='1' AIRFLOW_CTX_DAG_RUN_ID='manual__2025-11-25T20:30:39.921949+00:00'
[2025-11-25T20:31:02.465+0000] {taskinstance.py:731} INFO - ::endgroup::
[2025-11-25T20:31:02.466+0000] {subprocess.py:63} INFO - Tmp dir root location: /tmp
[2025-11-25T20:31:02.467+0000] {subprocess.py:75} INFO - Running command: ['/usr/bin/bash', '-c', 'cd /opt/***/stock_analytics && dbt run --profiles-dir . --select output.core.*']
[2025-11-25T20:31:02.470+0000] {subprocess.py:86} INFO - Output:
[2025-11-25T20:31:03.556+0000] {subprocess.py:93} INFO - [0m20:31:03  Running with dbt=1.7.0
[2025-11-25T20:31:03.875+0000] {subprocess.py:93} INFO - [0m20:31:03  Registered adapter: snowflake=1.7.0
[2025-11-25T20:31:03.904+0000] {subprocess.py:93} INFO - [0m20:31:03  Found 6 models, 5 tests, 2 snapshots, 1 source, 0 exposures, 0 metrics, 470 macros, 0 groups, 0 semantic models
[2025-11-25T20:31:03.905+0000] {subprocess.py:93} INFO - [0m20:31:03
[2025-11-25T20:31:05.456+0000] {subprocess.py:93} INFO - [0m20:31:05  Concurrency: 4 threads (target='dev')
[2025-11-25T20:31:05.457+0000] {subprocess.py:93} INFO - [0m20:31:05
[2025-11-25T20:31:05.469+0000] {subprocess.py:93} INFO - [0m20:31:05  1 of 3 START sql table model analytics.stock_moving_averages ................... [RUN]
[2025-11-25T20:31:05.470+0000] {subprocess.py:93} INFO - [0m20:31:05  2 of 3 START sql table model analytics.stock_rsi ............................... [RUN]
[2025-11-25T20:31:07.050+0000] {subprocess.py:93} INFO - [0m20:31:07  2 of 3 OK created sql table model analytics.stock_rsi .......................... [[32mSUCCESS 1[0m in 1.58s]
[2025-11-25T20:31:07.107+0000] {subprocess.py:93} INFO - [0m20:31:07  1 of 3 OK created sql table model analytics.stock_moving_averages .............. [[32mSUCCESS 1[0m in 1.63s]
[2025-11-25T20:31:07.110+0000] {subprocess.py:93} INFO - [0m20:31:07  3 of 3 START sql table model analytics.stock_technical_indicators .............. [RUN]
[2025-11-25T20:31:09.619+0000] {subprocess.py:93} INFO - [0m20:31:09  3 of 3 OK created sql table model analytics.stock_technical_indicators ......... [[32mSUCCESS 1[0m in 2.51s]
[2025-11-25T20:31:09.626+0000] {subprocess.py:93} INFO - [0m20:31:09
[2025-11-25T20:31:09.626+0000] {subprocess.py:93} INFO - [0m20:31:09  Finished running 3 table models in 0 hours 0 minutes and 5.72 seconds (5.72s).
[2025-11-25T20:31:09.638+0000] {subprocess.py:93} INFO - [0m20:31:09
[2025-11-25T20:31:09.639+0000] {subprocess.py:93} INFO - [0m20:31:09  [32mCompleted successfully[0m
[2025-11-25T20:31:09.639+0000] {subprocess.py:93} INFO - [0m20:31:09
[2025-11-25T20:31:09.639+0000] {subprocess.py:93} INFO - [0m20:31:09  Done. PASS=3 WARN=0 ERROR=0 SKIP=0 TOTAL=3
[2025-11-25T20:31:10.234+0000] {subprocess.py:97} INFO - Command exited with return code 0
[2025-11-25T20:31:10.244+0000] {taskinstance.py:340} INFO - ::group::Post task execution logs
[2025-11-25T20:31:10.244+0000] {taskinstance.py:352} INFO - Marking task as SUCCESS. dag_id=stock_elt_with_dbt, task_id=dbt_transformations.dbt_run_core, run_id=manual__2025-11-25T20:30:39.921949+00:00, execution_date=20251125T203039, start_date=20251125T203102, end_date=20251125T203110
[2025-11-25T20:31:10.362+0000] {local_task_job_runner.py:266} INFO - Task exited with return code 0
[2025-11-25T20:31:10.371+0000] {taskinstance.py:3900} INFO - 1 downstream tasks scheduled from follow-on schedule check
[2025-11-25T20:31:10.371+0000] {local_task_job_runner.py:245} INFO - ::endgroup::
