[2025-11-25T00:41:49.330+0000] {local_task_job_runner.py:123} INFO - ::group::Pre task execution logs
[2025-11-25T00:41:49.339+0000] {taskinstance.py:2612} INFO - Dependencies all met for dep_context=non-requeueable deps ti=<TaskInstance: yfinance_to_snowflake_etl.extract scheduled__2025-02-14T18:00:00+00:00 [queued]>
[2025-11-25T00:41:49.343+0000] {taskinstance.py:2612} INFO - Dependencies all met for dep_context=requeueable deps ti=<TaskInstance: yfinance_to_snowflake_etl.extract scheduled__2025-02-14T18:00:00+00:00 [queued]>
[2025-11-25T00:41:49.343+0000] {taskinstance.py:2865} INFO - Starting attempt 1 of 1
[2025-11-25T00:41:49.348+0000] {taskinstance.py:2888} INFO - Executing <Task(_PythonDecoratedOperator): extract> on 2025-02-14 18:00:00+00:00
[2025-11-25T00:41:49.352+0000] {logging_mixin.py:190} WARNING - /home/***/.local/lib/python3.12/site-packages/***/task/task_runner/standard_task_runner.py:70 DeprecationWarning: This process (pid=77055) is multi-threaded, use of fork() may lead to deadlocks in the child.
[2025-11-25T00:41:49.354+0000] {standard_task_runner.py:72} INFO - Started process 77117 to run task
[2025-11-25T00:41:49.354+0000] {standard_task_runner.py:104} INFO - Running: ['***', 'tasks', 'run', 'yfinance_to_snowflake_etl', 'extract', 'scheduled__2025-02-14T18:00:00+00:00', '--job-id', '4112', '--raw', '--subdir', 'DAGS_FOLDER/yfinance_to_snowflake_etl.py', '--cfg-path', '/tmp/tmp8n_dwluw']
[2025-11-25T00:41:49.355+0000] {standard_task_runner.py:105} INFO - Job 4112: Subtask extract
[2025-11-25T00:41:49.375+0000] {task_command.py:467} INFO - Running <TaskInstance: yfinance_to_snowflake_etl.extract scheduled__2025-02-14T18:00:00+00:00 [running]> on host fd57ff944215
[2025-11-25T00:41:49.411+0000] {taskinstance.py:3131} INFO - Exporting env vars: AIRFLOW_CTX_DAG_OWNER='***' AIRFLOW_CTX_DAG_ID='yfinance_to_snowflake_etl' AIRFLOW_CTX_TASK_ID='extract' AIRFLOW_CTX_EXECUTION_DATE='2025-02-14T18:00:00+00:00' AIRFLOW_CTX_TRY_NUMBER='1' AIRFLOW_CTX_DAG_RUN_ID='scheduled__2025-02-14T18:00:00+00:00'
[2025-11-25T00:41:49.413+0000] {taskinstance.py:731} INFO - ::endgroup::
[2025-11-25T00:41:49.415+0000] {logging_mixin.py:190} INFO - Starting extraction for symbols: ['AAPL', 'TSLA']
[2025-11-25T00:41:49.416+0000] {logging_mixin.py:190} INFO - Period: "180d", Interval: "1d"
[2025-11-25T00:41:49.417+0000] {logging_mixin.py:190} WARNING - /opt/***/dags/yfinance_to_snowflake_etl.py:44 FutureWarning: YF.download() has changed argument auto_adjust default to True
[2025-11-25T00:41:49.805+0000] {logging_mixin.py:190} WARNING - [*********************100%***********************]  1 of 1 completed
[2025-11-25T00:41:49.805+0000] {multi.py:185} ERROR - 
1 Failed download:
[2025-11-25T00:41:49.805+0000] {multi.py:198} ERROR - ['AAPL']: YFPricesMissingError('possibly delisted; no price data found  (period="180d") (Yahoo error = "Invalid input - interval="1d" is not supported. Valid intervals: [1m, 2m, 5m, 15m, 30m, 60m, 90m, 1h, 4h, 1d, 5d, 1wk, 1mo, 3mo]")')
[2025-11-25T00:41:49.809+0000] {logging_mixin.py:190} INFO - No data available for symbol AAPL
[2025-11-25T00:41:49.809+0000] {logging_mixin.py:190} INFO - Skipping AAPL - no data returned
[2025-11-25T00:41:49.809+0000] {logging_mixin.py:190} WARNING - /opt/***/dags/yfinance_to_snowflake_etl.py:44 FutureWarning: YF.download() has changed argument auto_adjust default to True
[2025-11-25T00:41:50.143+0000] {logging_mixin.py:190} WARNING - [*********************100%***********************]  1 of 1 completed
[2025-11-25T00:41:50.144+0000] {multi.py:185} ERROR - 
1 Failed download:
[2025-11-25T00:41:50.145+0000] {multi.py:198} ERROR - ['TSLA']: YFPricesMissingError('possibly delisted; no price data found  (period="180d") (Yahoo error = "Invalid input - interval="1d" is not supported. Valid intervals: [1m, 2m, 5m, 15m, 30m, 60m, 90m, 1h, 4h, 1d, 5d, 1wk, 1mo, 3mo]")')
[2025-11-25T00:41:50.147+0000] {logging_mixin.py:190} INFO - No data available for symbol TSLA
[2025-11-25T00:41:50.148+0000] {logging_mixin.py:190} INFO - Skipping TSLA - no data returned
[2025-11-25T00:41:50.148+0000] {logging_mixin.py:190} INFO - Total records extracted: 0
[2025-11-25T00:41:50.149+0000] {python.py:240} INFO - Done. Returned value was: []
[2025-11-25T00:41:50.164+0000] {taskinstance.py:340} INFO - ::group::Post task execution logs
[2025-11-25T00:41:50.164+0000] {taskinstance.py:352} INFO - Marking task as SUCCESS. dag_id=yfinance_to_snowflake_etl, task_id=extract, run_id=scheduled__2025-02-14T18:00:00+00:00, execution_date=20250214T180000, start_date=20251125T004149, end_date=20251125T004150
[2025-11-25T00:41:50.271+0000] {local_task_job_runner.py:266} INFO - Task exited with return code 0
[2025-11-25T00:41:50.280+0000] {local_task_job_runner.py:245} INFO - ::endgroup::
