[2025-11-25T18:00:16.238+0000] {local_task_job_runner.py:123} INFO - ::group::Pre task execution logs
[2025-11-25T18:00:16.244+0000] {taskinstance.py:2612} INFO - Dependencies all met for dep_context=non-requeueable deps ti=<TaskInstance: stock_elt_with_dbt.dbt_transformations.dbt_debug scheduled__2025-11-24T18:00:00+00:00 [queued]>
[2025-11-25T18:00:16.246+0000] {taskinstance.py:2612} INFO - Dependencies all met for dep_context=requeueable deps ti=<TaskInstance: stock_elt_with_dbt.dbt_transformations.dbt_debug scheduled__2025-11-24T18:00:00+00:00 [queued]>
[2025-11-25T18:00:16.246+0000] {taskinstance.py:2865} INFO - Starting attempt 1 of 2
[2025-11-25T18:00:16.250+0000] {taskinstance.py:2888} INFO - Executing <Task(BashOperator): dbt_transformations.dbt_debug> on 2025-11-24 18:00:00+00:00
[2025-11-25T18:00:16.254+0000] {logging_mixin.py:190} WARNING - /home/***/.local/lib/python3.12/site-packages/***/task/task_runner/standard_task_runner.py:70 DeprecationWarning: This process (pid=16365) is multi-threaded, use of fork() may lead to deadlocks in the child.
[2025-11-25T18:00:16.255+0000] {standard_task_runner.py:72} INFO - Started process 16374 to run task
[2025-11-25T18:00:16.255+0000] {standard_task_runner.py:104} INFO - Running: ['***', 'tasks', 'run', 'stock_elt_with_dbt', 'dbt_transformations.dbt_debug', 'scheduled__2025-11-24T18:00:00+00:00', '--job-id', '4881', '--raw', '--subdir', 'DAGS_FOLDER/stock_elt_with_dbt.py', '--cfg-path', '/tmp/tmp89nq4fh_']
[2025-11-25T18:00:16.255+0000] {standard_task_runner.py:105} INFO - Job 4881: Subtask dbt_transformations.dbt_debug
[2025-11-25T18:00:16.271+0000] {task_command.py:467} INFO - Running <TaskInstance: stock_elt_with_dbt.dbt_transformations.dbt_debug scheduled__2025-11-24T18:00:00+00:00 [running]> on host a4b8d4f4105c
[2025-11-25T18:00:16.296+0000] {taskinstance.py:3131} INFO - Exporting env vars: AIRFLOW_CTX_DAG_OWNER='***' AIRFLOW_CTX_DAG_ID='stock_elt_with_dbt' AIRFLOW_CTX_TASK_ID='dbt_transformations.dbt_debug' AIRFLOW_CTX_EXECUTION_DATE='2025-11-24T18:00:00+00:00' AIRFLOW_CTX_TRY_NUMBER='1' AIRFLOW_CTX_DAG_RUN_ID='scheduled__2025-11-24T18:00:00+00:00'
[2025-11-25T18:00:16.297+0000] {taskinstance.py:731} INFO - ::endgroup::
[2025-11-25T18:00:16.297+0000] {subprocess.py:63} INFO - Tmp dir root location: /tmp
[2025-11-25T18:00:16.298+0000] {subprocess.py:75} INFO - Running command: ['/usr/bin/bash', '-c', 'cd /opt/***/stock_analytics && dbt debug --profiles-dir .']
[2025-11-25T18:00:16.302+0000] {subprocess.py:86} INFO - Output:
[2025-11-25T18:00:17.328+0000] {subprocess.py:93} INFO - [0m18:00:17  Running with dbt=1.7.0
[2025-11-25T18:00:17.328+0000] {subprocess.py:93} INFO - [0m18:00:17  dbt version: 1.7.0
[2025-11-25T18:00:17.328+0000] {subprocess.py:93} INFO - [0m18:00:17  python version: 3.12.5
[2025-11-25T18:00:17.329+0000] {subprocess.py:93} INFO - [0m18:00:17  python path: /home/***/.local/bin/python
[2025-11-25T18:00:17.329+0000] {subprocess.py:93} INFO - [0m18:00:17  os info: Linux-6.10.14-linuxkit-aarch64-with-glibc2.36
[2025-11-25T18:00:17.590+0000] {subprocess.py:93} INFO - [0m18:00:17  Using profiles dir at .
[2025-11-25T18:00:17.590+0000] {subprocess.py:93} INFO - [0m18:00:17  Using profiles.yml file at ./profiles.yml
[2025-11-25T18:00:17.591+0000] {subprocess.py:93} INFO - [0m18:00:17  Using dbt_project.yml file at /opt/***/stock_analytics/dbt_project.yml
[2025-11-25T18:00:17.591+0000] {subprocess.py:93} INFO - [0m18:00:17  adapter type: snowflake
[2025-11-25T18:00:17.591+0000] {subprocess.py:93} INFO - [0m18:00:17  adapter version: 1.7.0
[2025-11-25T18:00:17.613+0000] {subprocess.py:93} INFO - [0m18:00:17  Configuration:
[2025-11-25T18:00:17.614+0000] {subprocess.py:93} INFO - [0m18:00:17    profiles.yml file [[32mOK found and valid[0m]
[2025-11-25T18:00:17.614+0000] {subprocess.py:93} INFO - [0m18:00:17    dbt_project.yml file [[32mOK found and valid[0m]
[2025-11-25T18:00:17.614+0000] {subprocess.py:93} INFO - [0m18:00:17  Required dependencies:
[2025-11-25T18:00:17.616+0000] {subprocess.py:93} INFO - [0m18:00:17   - git [[32mOK found[0m]
[2025-11-25T18:00:17.616+0000] {subprocess.py:93} INFO - 
[2025-11-25T18:00:17.616+0000] {subprocess.py:93} INFO - [0m18:00:17  Connection:
[2025-11-25T18:00:17.617+0000] {subprocess.py:93} INFO - [0m18:00:17    account: lvb17920
[2025-11-25T18:00:17.617+0000] {subprocess.py:93} INFO - [0m18:00:17    user: CHIPMUNK
[2025-11-25T18:00:17.617+0000] {subprocess.py:93} INFO - [0m18:00:17    database: TRAINING_DB
[2025-11-25T18:00:17.617+0000] {subprocess.py:93} INFO - [0m18:00:17    warehouse: XSMALL_WH
[2025-11-25T18:00:17.618+0000] {subprocess.py:93} INFO - [0m18:00:17    role: TRAINING_ROLE
[2025-11-25T18:00:17.618+0000] {subprocess.py:93} INFO - [0m18:00:17    schema: raw
[2025-11-25T18:00:17.618+0000] {subprocess.py:93} INFO - [0m18:00:17    authenticator: None
[2025-11-25T18:00:17.618+0000] {subprocess.py:93} INFO - [0m18:00:17    private_key_path: None
[2025-11-25T18:00:17.618+0000] {subprocess.py:93} INFO - [0m18:00:17    token: None
[2025-11-25T18:00:17.619+0000] {subprocess.py:93} INFO - [0m18:00:17    oauth_client_id: None
[2025-11-25T18:00:17.619+0000] {subprocess.py:93} INFO - [0m18:00:17    query_tag: None
[2025-11-25T18:00:17.619+0000] {subprocess.py:93} INFO - [0m18:00:17    client_session_keep_alive: False
[2025-11-25T18:00:17.619+0000] {subprocess.py:93} INFO - [0m18:00:17    host: None
[2025-11-25T18:00:17.619+0000] {subprocess.py:93} INFO - [0m18:00:17    port: None
[2025-11-25T18:00:17.620+0000] {subprocess.py:93} INFO - [0m18:00:17    proxy_host: None
[2025-11-25T18:00:17.620+0000] {subprocess.py:93} INFO - [0m18:00:17    proxy_port: None
[2025-11-25T18:00:17.620+0000] {subprocess.py:93} INFO - [0m18:00:17    protocol: None
[2025-11-25T18:00:17.620+0000] {subprocess.py:93} INFO - [0m18:00:17    connect_retries: 1
[2025-11-25T18:00:17.621+0000] {subprocess.py:93} INFO - [0m18:00:17    connect_timeout: None
[2025-11-25T18:00:17.621+0000] {subprocess.py:93} INFO - [0m18:00:17    retry_on_database_errors: False
[2025-11-25T18:00:17.621+0000] {subprocess.py:93} INFO - [0m18:00:17    retry_all: False
[2025-11-25T18:00:17.621+0000] {subprocess.py:93} INFO - [0m18:00:17    insecure_mode: False
[2025-11-25T18:00:17.621+0000] {subprocess.py:93} INFO - [0m18:00:17    reuse_connections: None
[2025-11-25T18:00:17.622+0000] {subprocess.py:93} INFO - [0m18:00:17  Registered adapter: snowflake=1.7.0
[2025-11-25T18:00:20.043+0000] {subprocess.py:93} INFO - [0m18:00:20    Connection test: [[32mOK connection ok[0m]
[2025-11-25T18:00:20.044+0000] {subprocess.py:93} INFO - 
[2025-11-25T18:00:20.044+0000] {subprocess.py:93} INFO - [0m18:00:20  [32mAll checks passed![0m
[2025-11-25T18:00:20.655+0000] {subprocess.py:97} INFO - Command exited with return code 0
[2025-11-25T18:00:20.664+0000] {taskinstance.py:340} INFO - ::group::Post task execution logs
[2025-11-25T18:00:20.664+0000] {taskinstance.py:352} INFO - Marking task as SUCCESS. dag_id=stock_elt_with_dbt, task_id=dbt_transformations.dbt_debug, run_id=scheduled__2025-11-24T18:00:00+00:00, execution_date=20251124T180000, start_date=20251125T180016, end_date=20251125T180020
[2025-11-25T18:00:20.698+0000] {local_task_job_runner.py:266} INFO - Task exited with return code 0
[2025-11-25T18:00:20.708+0000] {taskinstance.py:3900} INFO - 1 downstream tasks scheduled from follow-on schedule check
[2025-11-25T18:00:20.709+0000] {local_task_job_runner.py:245} INFO - ::endgroup::
