[2025-11-25T00:31:40.916+0000] {local_task_job_runner.py:123} INFO - ::group::Pre task execution logs
[2025-11-25T00:31:40.922+0000] {taskinstance.py:2612} INFO - Dependencies all met for dep_context=non-requeueable deps ti=<TaskInstance: yfinance_to_snowflake_etl.extract scheduled__2022-10-28T18:00:00+00:00 [queued]>
[2025-11-25T00:31:40.924+0000] {taskinstance.py:2612} INFO - Dependencies all met for dep_context=requeueable deps ti=<TaskInstance: yfinance_to_snowflake_etl.extract scheduled__2022-10-28T18:00:00+00:00 [queued]>
[2025-11-25T00:31:40.924+0000] {taskinstance.py:2865} INFO - Starting attempt 1 of 1
[2025-11-25T00:31:40.928+0000] {taskinstance.py:2888} INFO - Executing <Task(_PythonDecoratedOperator): extract> on 2022-10-28 18:00:00+00:00
[2025-11-25T00:31:40.931+0000] {logging_mixin.py:190} WARNING - /home/***/.local/lib/python3.12/site-packages/***/task/task_runner/standard_task_runner.py:70 DeprecationWarning: This process (pid=61825) is multi-threaded, use of fork() may lead to deadlocks in the child.
[2025-11-25T00:31:40.931+0000] {standard_task_runner.py:72} INFO - Started process 61906 to run task
[2025-11-25T00:31:40.931+0000] {standard_task_runner.py:104} INFO - Running: ['***', 'tasks', 'run', 'yfinance_to_snowflake_etl', 'extract', 'scheduled__2022-10-28T18:00:00+00:00', '--job-id', '2189', '--raw', '--subdir', 'DAGS_FOLDER/yfinance_to_snowflake_etl.py', '--cfg-path', '/tmp/tmp6rdlv_jo']
[2025-11-25T00:31:40.932+0000] {standard_task_runner.py:105} INFO - Job 2189: Subtask extract
[2025-11-25T00:31:40.947+0000] {task_command.py:467} INFO - Running <TaskInstance: yfinance_to_snowflake_etl.extract scheduled__2022-10-28T18:00:00+00:00 [running]> on host fd57ff944215
[2025-11-25T00:31:40.973+0000] {taskinstance.py:3131} INFO - Exporting env vars: AIRFLOW_CTX_DAG_OWNER='***' AIRFLOW_CTX_DAG_ID='yfinance_to_snowflake_etl' AIRFLOW_CTX_TASK_ID='extract' AIRFLOW_CTX_EXECUTION_DATE='2022-10-28T18:00:00+00:00' AIRFLOW_CTX_TRY_NUMBER='1' AIRFLOW_CTX_DAG_RUN_ID='scheduled__2022-10-28T18:00:00+00:00'
[2025-11-25T00:31:40.974+0000] {taskinstance.py:731} INFO - ::endgroup::
[2025-11-25T00:31:40.975+0000] {logging_mixin.py:190} WARNING - /opt/***/dags/yfinance_to_snowflake_etl.py:48 FutureWarning: YF.download() has changed argument auto_adjust default to True
[2025-11-25T00:31:41.283+0000] {logging_mixin.py:190} WARNING - [*********************100%***********************]  1 of 1 completed
[2025-11-25T00:31:41.284+0000] {multi.py:185} ERROR - 
1 Failed download:
[2025-11-25T00:31:41.285+0000] {multi.py:198} ERROR - ['AAPL']: YFPricesMissingError('possibly delisted; no price data found  (period="180d") (Yahoo error = "Invalid input - interval="1d" is not supported. Valid intervals: [1m, 2m, 5m, 15m, 30m, 60m, 90m, 1h, 4h, 1d, 5d, 1wk, 1mo, 3mo]")')
[2025-11-25T00:31:41.289+0000] {logging_mixin.py:190} INFO - Error: No data available for symbol AAPL. Retrying in 2.0 seconds...
[2025-11-25T00:31:43.293+0000] {logging_mixin.py:190} WARNING - /opt/***/dags/yfinance_to_snowflake_etl.py:48 FutureWarning: YF.download() has changed argument auto_adjust default to True
[2025-11-25T00:31:43.499+0000] {logging_mixin.py:190} WARNING - [*********************100%***********************]  1 of 1 completed
[2025-11-25T00:31:43.500+0000] {multi.py:185} ERROR - 
1 Failed download:
[2025-11-25T00:31:43.500+0000] {multi.py:198} ERROR - ['AAPL']: YFPricesMissingError('possibly delisted; no price data found  (period="180d") (Yahoo error = "Invalid input - interval="1d" is not supported. Valid intervals: [1m, 2m, 5m, 15m, 30m, 60m, 90m, 1h, 4h, 1d, 5d, 1wk, 1mo, 3mo]")')
[2025-11-25T00:31:43.502+0000] {logging_mixin.py:190} INFO - Max retries reached. Unable to download stock data for AAPL.
[2025-11-25T00:31:43.502+0000] {logging_mixin.py:190} INFO - No data returned for AAPL
[2025-11-25T00:31:43.503+0000] {logging_mixin.py:190} WARNING - /opt/***/dags/yfinance_to_snowflake_etl.py:48 FutureWarning: YF.download() has changed argument auto_adjust default to True
[2025-11-25T00:31:43.693+0000] {logging_mixin.py:190} WARNING - [*********************100%***********************]  1 of 1 completed
[2025-11-25T00:31:43.694+0000] {multi.py:185} ERROR - 
1 Failed download:
[2025-11-25T00:31:43.694+0000] {multi.py:198} ERROR - ['TSLA']: YFPricesMissingError('possibly delisted; no price data found  (period="180d") (Yahoo error = "Invalid input - interval="1d" is not supported. Valid intervals: [1m, 2m, 5m, 15m, 30m, 60m, 90m, 1h, 4h, 1d, 5d, 1wk, 1mo, 3mo]")')
[2025-11-25T00:31:43.698+0000] {logging_mixin.py:190} INFO - Error: No data available for symbol TSLA. Retrying in 2.0 seconds...
[2025-11-25T00:31:45.699+0000] {logging_mixin.py:190} WARNING - /opt/***/dags/yfinance_to_snowflake_etl.py:48 FutureWarning: YF.download() has changed argument auto_adjust default to True
[2025-11-25T00:31:45.971+0000] {logging_mixin.py:190} WARNING - [*********************100%***********************]  1 of 1 completed
[2025-11-25T00:31:45.972+0000] {multi.py:185} ERROR - 
1 Failed download:
[2025-11-25T00:31:45.972+0000] {multi.py:198} ERROR - ['TSLA']: YFPricesMissingError('possibly delisted; no price data found  (period="180d") (Yahoo error = "Invalid input - interval="1d" is not supported. Valid intervals: [1m, 2m, 5m, 15m, 30m, 60m, 90m, 1h, 4h, 1d, 5d, 1wk, 1mo, 3mo]")')
[2025-11-25T00:31:45.973+0000] {logging_mixin.py:190} INFO - Max retries reached. Unable to download stock data for TSLA.
[2025-11-25T00:31:45.973+0000] {logging_mixin.py:190} INFO - No data returned for TSLA
[2025-11-25T00:31:45.974+0000] {python.py:240} INFO - Done. Returned value was: []
[2025-11-25T00:31:45.983+0000] {taskinstance.py:340} INFO - ::group::Post task execution logs
[2025-11-25T00:31:45.983+0000] {taskinstance.py:352} INFO - Marking task as SUCCESS. dag_id=yfinance_to_snowflake_etl, task_id=extract, run_id=scheduled__2022-10-28T18:00:00+00:00, execution_date=20221028T180000, start_date=20251125T003140, end_date=20251125T003145
[2025-11-25T00:31:45.996+0000] {local_task_job_runner.py:266} INFO - Task exited with return code 0
[2025-11-25T00:31:46.000+0000] {local_task_job_runner.py:245} INFO - ::endgroup::
