[2025-11-25T00:33:06.046+0000] {local_task_job_runner.py:123} INFO - ::group::Pre task execution logs
[2025-11-25T00:33:06.062+0000] {taskinstance.py:2612} INFO - Dependencies all met for dep_context=non-requeueable deps ti=<TaskInstance: yfinance_to_snowflake_etl.extract scheduled__2023-01-31T18:00:00+00:00 [queued]>
[2025-11-25T00:33:06.067+0000] {taskinstance.py:2612} INFO - Dependencies all met for dep_context=requeueable deps ti=<TaskInstance: yfinance_to_snowflake_etl.extract scheduled__2023-01-31T18:00:00+00:00 [queued]>
[2025-11-25T00:33:06.067+0000] {taskinstance.py:2865} INFO - Starting attempt 1 of 1
[2025-11-25T00:33:06.129+0000] {taskinstance.py:2888} INFO - Executing <Task(_PythonDecoratedOperator): extract> on 2023-01-31 18:00:00+00:00
[2025-11-25T00:33:06.136+0000] {logging_mixin.py:190} WARNING - /home/***/.local/lib/python3.12/site-packages/***/task/task_runner/standard_task_runner.py:70 DeprecationWarning: This process (pid=63899) is multi-threaded, use of fork() may lead to deadlocks in the child.
[2025-11-25T00:33:06.137+0000] {standard_task_runner.py:72} INFO - Started process 63942 to run task
[2025-11-25T00:33:06.138+0000] {standard_task_runner.py:104} INFO - Running: ['***', 'tasks', 'run', 'yfinance_to_snowflake_etl', 'extract', 'scheduled__2023-01-31T18:00:00+00:00', '--job-id', '2415', '--raw', '--subdir', 'DAGS_FOLDER/yfinance_to_snowflake_etl.py', '--cfg-path', '/tmp/tmpj5lvkq16']
[2025-11-25T00:33:06.139+0000] {standard_task_runner.py:105} INFO - Job 2415: Subtask extract
[2025-11-25T00:33:06.183+0000] {task_command.py:467} INFO - Running <TaskInstance: yfinance_to_snowflake_etl.extract scheduled__2023-01-31T18:00:00+00:00 [running]> on host fd57ff944215
[2025-11-25T00:33:06.243+0000] {taskinstance.py:3131} INFO - Exporting env vars: AIRFLOW_CTX_DAG_OWNER='***' AIRFLOW_CTX_DAG_ID='yfinance_to_snowflake_etl' AIRFLOW_CTX_TASK_ID='extract' AIRFLOW_CTX_EXECUTION_DATE='2023-01-31T18:00:00+00:00' AIRFLOW_CTX_TRY_NUMBER='1' AIRFLOW_CTX_DAG_RUN_ID='scheduled__2023-01-31T18:00:00+00:00'
[2025-11-25T00:33:06.245+0000] {taskinstance.py:731} INFO - ::endgroup::
[2025-11-25T00:33:06.248+0000] {logging_mixin.py:190} WARNING - /opt/***/dags/yfinance_to_snowflake_etl.py:48 FutureWarning: YF.download() has changed argument auto_adjust default to True
[2025-11-25T00:33:06.574+0000] {logging_mixin.py:190} WARNING - [*********************100%***********************]  1 of 1 completed
[2025-11-25T00:33:06.576+0000] {multi.py:185} ERROR - 
1 Failed download:
[2025-11-25T00:33:06.577+0000] {multi.py:198} ERROR - ['AAPL']: YFPricesMissingError('possibly delisted; no price data found  (period="180d") (Yahoo error = "Invalid input - interval="1d" is not supported. Valid intervals: [1m, 2m, 5m, 15m, 30m, 60m, 90m, 1h, 4h, 1d, 5d, 1wk, 1mo, 3mo]")')
[2025-11-25T00:33:06.581+0000] {logging_mixin.py:190} INFO - Error: No data available for symbol AAPL. Retrying in 2.0 seconds...
[2025-11-25T00:33:08.583+0000] {logging_mixin.py:190} WARNING - /opt/***/dags/yfinance_to_snowflake_etl.py:48 FutureWarning: YF.download() has changed argument auto_adjust default to True
[2025-11-25T00:33:08.901+0000] {logging_mixin.py:190} WARNING - [*********************100%***********************]  1 of 1 completed
[2025-11-25T00:33:08.901+0000] {multi.py:185} ERROR - 
1 Failed download:
[2025-11-25T00:33:08.901+0000] {multi.py:198} ERROR - ['AAPL']: YFPricesMissingError('possibly delisted; no price data found  (period="180d") (Yahoo error = "Invalid input - interval="1d" is not supported. Valid intervals: [1m, 2m, 5m, 15m, 30m, 60m, 90m, 1h, 4h, 1d, 5d, 1wk, 1mo, 3mo]")')
[2025-11-25T00:33:08.903+0000] {logging_mixin.py:190} INFO - Max retries reached. Unable to download stock data for AAPL.
[2025-11-25T00:33:08.903+0000] {logging_mixin.py:190} INFO - No data returned for AAPL
[2025-11-25T00:33:08.903+0000] {logging_mixin.py:190} WARNING - /opt/***/dags/yfinance_to_snowflake_etl.py:48 FutureWarning: YF.download() has changed argument auto_adjust default to True
[2025-11-25T00:33:09.146+0000] {logging_mixin.py:190} WARNING - [*********************100%***********************]  1 of 1 completed
[2025-11-25T00:33:09.146+0000] {multi.py:185} ERROR - 
1 Failed download:
[2025-11-25T00:33:09.146+0000] {multi.py:198} ERROR - ['TSLA']: YFPricesMissingError('possibly delisted; no price data found  (period="180d") (Yahoo error = "Invalid input - interval="1d" is not supported. Valid intervals: [1m, 2m, 5m, 15m, 30m, 60m, 90m, 1h, 4h, 1d, 5d, 1wk, 1mo, 3mo]")')
[2025-11-25T00:33:09.148+0000] {logging_mixin.py:190} INFO - Error: No data available for symbol TSLA. Retrying in 2.0 seconds...
[2025-11-25T00:33:11.149+0000] {logging_mixin.py:190} WARNING - /opt/***/dags/yfinance_to_snowflake_etl.py:48 FutureWarning: YF.download() has changed argument auto_adjust default to True
[2025-11-25T00:33:11.567+0000] {logging_mixin.py:190} WARNING - [*********************100%***********************]  1 of 1 completed
[2025-11-25T00:33:11.568+0000] {multi.py:185} ERROR - 
1 Failed download:
[2025-11-25T00:33:11.570+0000] {multi.py:198} ERROR - ['TSLA']: YFPricesMissingError('possibly delisted; no price data found  (period="180d") (Yahoo error = "Invalid input - interval="1d" is not supported. Valid intervals: [1m, 2m, 5m, 15m, 30m, 60m, 90m, 1h, 4h, 1d, 5d, 1wk, 1mo, 3mo]")')
[2025-11-25T00:33:11.574+0000] {logging_mixin.py:190} INFO - Max retries reached. Unable to download stock data for TSLA.
[2025-11-25T00:33:11.577+0000] {logging_mixin.py:190} INFO - No data returned for TSLA
[2025-11-25T00:33:11.578+0000] {python.py:240} INFO - Done. Returned value was: []
[2025-11-25T00:33:11.601+0000] {taskinstance.py:340} INFO - ::group::Post task execution logs
[2025-11-25T00:33:11.601+0000] {taskinstance.py:352} INFO - Marking task as SUCCESS. dag_id=yfinance_to_snowflake_etl, task_id=extract, run_id=scheduled__2023-01-31T18:00:00+00:00, execution_date=20230131T180000, start_date=20251125T003306, end_date=20251125T003311
[2025-11-25T00:33:11.678+0000] {local_task_job_runner.py:266} INFO - Task exited with return code 0
[2025-11-25T00:33:11.697+0000] {local_task_job_runner.py:245} INFO - ::endgroup::
