[2025-11-25T00:36:47.193+0000] {local_task_job_runner.py:123} INFO - ::group::Pre task execution logs
[2025-11-25T00:36:47.202+0000] {taskinstance.py:2612} INFO - Dependencies all met for dep_context=non-requeueable deps ti=<TaskInstance: yfinance_to_snowflake_etl.load_many scheduled__2023-11-17T18:00:00+00:00 [queued]>
[2025-11-25T00:36:47.206+0000] {taskinstance.py:2612} INFO - Dependencies all met for dep_context=requeueable deps ti=<TaskInstance: yfinance_to_snowflake_etl.load_many scheduled__2023-11-17T18:00:00+00:00 [queued]>
[2025-11-25T00:36:47.207+0000] {taskinstance.py:2865} INFO - Starting attempt 1 of 1
[2025-11-25T00:36:47.213+0000] {taskinstance.py:2888} INFO - Executing <Task(_PythonDecoratedOperator): load_many> on 2023-11-17 18:00:00+00:00
[2025-11-25T00:36:47.217+0000] {logging_mixin.py:190} WARNING - /home/***/.local/lib/python3.12/site-packages/***/task/task_runner/standard_task_runner.py:70 DeprecationWarning: This process (pid=69516) is multi-threaded, use of fork() may lead to deadlocks in the child.
[2025-11-25T00:36:47.217+0000] {standard_task_runner.py:72} INFO - Started process 69548 to run task
[2025-11-25T00:36:47.217+0000] {standard_task_runner.py:104} INFO - Running: ['***', 'tasks', 'run', 'yfinance_to_snowflake_etl', 'load_many', 'scheduled__2023-11-17T18:00:00+00:00', '--job-id', '3080', '--raw', '--subdir', 'DAGS_FOLDER/yfinance_to_snowflake_etl.py', '--cfg-path', '/tmp/tmpd3rdb5f6']
[2025-11-25T00:36:47.218+0000] {standard_task_runner.py:105} INFO - Job 3080: Subtask load_many
[2025-11-25T00:36:47.238+0000] {task_command.py:467} INFO - Running <TaskInstance: yfinance_to_snowflake_etl.load_many scheduled__2023-11-17T18:00:00+00:00 [running]> on host fd57ff944215
[2025-11-25T00:36:47.282+0000] {taskinstance.py:3131} INFO - Exporting env vars: AIRFLOW_CTX_DAG_OWNER='***' AIRFLOW_CTX_DAG_ID='yfinance_to_snowflake_etl' AIRFLOW_CTX_TASK_ID='load_many' AIRFLOW_CTX_EXECUTION_DATE='2023-11-17T18:00:00+00:00' AIRFLOW_CTX_TRY_NUMBER='1' AIRFLOW_CTX_DAG_RUN_ID='scheduled__2023-11-17T18:00:00+00:00'
[2025-11-25T00:36:47.283+0000] {taskinstance.py:731} INFO - ::endgroup::
[2025-11-25T00:36:47.489+0000] {cursor.py:1156} INFO - Number of results in first chunk: 1
[2025-11-25T00:36:47.667+0000] {cursor.py:1156} INFO - Number of results in first chunk: 1
[2025-11-25T00:36:47.861+0000] {cursor.py:1156} INFO - Number of results in first chunk: 1
[2025-11-25T00:36:47.862+0000] {python.py:240} INFO - Done. Returned value was: None
[2025-11-25T00:36:47.871+0000] {taskinstance.py:340} INFO - ::group::Post task execution logs
[2025-11-25T00:36:47.871+0000] {taskinstance.py:352} INFO - Marking task as SUCCESS. dag_id=yfinance_to_snowflake_etl, task_id=load_many, run_id=scheduled__2023-11-17T18:00:00+00:00, execution_date=20231117T180000, start_date=20251125T003647, end_date=20251125T003647
[2025-11-25T00:36:47.896+0000] {local_task_job_runner.py:266} INFO - Task exited with return code 0
[2025-11-25T00:36:47.904+0000] {taskinstance.py:3900} INFO - 0 downstream tasks scheduled from follow-on schedule check
[2025-11-25T00:36:47.906+0000] {local_task_job_runner.py:245} INFO - ::endgroup::
