[2025-11-25T06:55:14.206+0000] {local_task_job_runner.py:123} INFO - ::group::Pre task execution logs
[2025-11-25T06:55:14.216+0000] {taskinstance.py:2612} INFO - Dependencies all met for dep_context=non-requeueable deps ti=<TaskInstance: stock_elt_with_dbt.dbt_transformations.dbt_run_core manual__2025-11-25T06:54:51.123925+00:00 [queued]>
[2025-11-25T06:55:14.220+0000] {taskinstance.py:2612} INFO - Dependencies all met for dep_context=requeueable deps ti=<TaskInstance: stock_elt_with_dbt.dbt_transformations.dbt_run_core manual__2025-11-25T06:54:51.123925+00:00 [queued]>
[2025-11-25T06:55:14.220+0000] {taskinstance.py:2865} INFO - Starting attempt 1 of 2
[2025-11-25T06:55:14.227+0000] {taskinstance.py:2888} INFO - Executing <Task(BashOperator): dbt_transformations.dbt_run_core> on 2025-11-25 06:54:51.123925+00:00
[2025-11-25T06:55:14.232+0000] {standard_task_runner.py:104} INFO - Running: ['***', 'tasks', 'run', 'stock_elt_with_dbt', 'dbt_transformations.dbt_run_core', 'manual__2025-11-25T06:54:51.123925+00:00', '--job-id', '4815', '--raw', '--subdir', 'DAGS_FOLDER/stock_elt_with_dbt.py', '--cfg-path', '/tmp/tmpr568x8ok']
[2025-11-25T06:55:14.233+0000] {standard_task_runner.py:105} INFO - Job 4815: Subtask dbt_transformations.dbt_run_core
[2025-11-25T06:55:14.232+0000] {logging_mixin.py:190} WARNING - /home/***/.local/lib/python3.12/site-packages/***/task/task_runner/standard_task_runner.py:70 DeprecationWarning: This process (pid=5118) is multi-threaded, use of fork() may lead to deadlocks in the child.
[2025-11-25T06:55:14.233+0000] {standard_task_runner.py:72} INFO - Started process 5126 to run task
[2025-11-25T06:55:14.249+0000] {task_command.py:467} INFO - Running <TaskInstance: stock_elt_with_dbt.dbt_transformations.dbt_run_core manual__2025-11-25T06:54:51.123925+00:00 [running]> on host a4b8d4f4105c
[2025-11-25T06:55:14.275+0000] {taskinstance.py:3131} INFO - Exporting env vars: AIRFLOW_CTX_DAG_OWNER='***' AIRFLOW_CTX_DAG_ID='stock_elt_with_dbt' AIRFLOW_CTX_TASK_ID='dbt_transformations.dbt_run_core' AIRFLOW_CTX_EXECUTION_DATE='2025-11-25T06:54:51.123925+00:00' AIRFLOW_CTX_TRY_NUMBER='1' AIRFLOW_CTX_DAG_RUN_ID='manual__2025-11-25T06:54:51.123925+00:00'
[2025-11-25T06:55:14.276+0000] {taskinstance.py:731} INFO - ::endgroup::
[2025-11-25T06:55:14.277+0000] {subprocess.py:63} INFO - Tmp dir root location: /tmp
[2025-11-25T06:55:14.277+0000] {subprocess.py:75} INFO - Running command: ['/usr/bin/bash', '-c', 'cd /opt/***/stock_analytics && dbt run --profiles-dir . --select output.core.*']
[2025-11-25T06:55:14.281+0000] {subprocess.py:86} INFO - Output:
[2025-11-25T06:55:15.278+0000] {subprocess.py:93} INFO - [0m06:55:15  Running with dbt=1.7.0
[2025-11-25T06:55:15.588+0000] {subprocess.py:93} INFO - [0m06:55:15  Registered adapter: snowflake=1.7.0
[2025-11-25T06:55:15.618+0000] {subprocess.py:93} INFO - [0m06:55:15  Found 6 models, 5 tests, 2 snapshots, 1 source, 0 exposures, 0 metrics, 470 macros, 0 groups, 0 semantic models
[2025-11-25T06:55:15.620+0000] {subprocess.py:93} INFO - [0m06:55:15
[2025-11-25T06:55:16.918+0000] {subprocess.py:93} INFO - [0m06:55:16  Concurrency: 4 threads (target='dev')
[2025-11-25T06:55:16.919+0000] {subprocess.py:93} INFO - [0m06:55:16
[2025-11-25T06:55:16.929+0000] {subprocess.py:93} INFO - [0m06:55:16  1 of 3 START sql table model analytics.stock_moving_averages ................... [RUN]
[2025-11-25T06:55:16.930+0000] {subprocess.py:93} INFO - [0m06:55:16  2 of 3 START sql table model analytics.stock_rsi ............................... [RUN]
[2025-11-25T06:55:18.407+0000] {subprocess.py:93} INFO - [0m06:55:18  2 of 3 OK created sql table model analytics.stock_rsi .......................... [[32mSUCCESS 1[0m in 1.47s]
[2025-11-25T06:55:18.755+0000] {subprocess.py:93} INFO - [0m06:55:18  1 of 3 OK created sql table model analytics.stock_moving_averages .............. [[32mSUCCESS 1[0m in 1.82s]
[2025-11-25T06:55:18.757+0000] {subprocess.py:93} INFO - [0m06:55:18  3 of 3 START sql table model analytics.stock_technical_indicators .............. [RUN]
[2025-11-25T06:55:20.293+0000] {subprocess.py:93} INFO - [0m06:55:20  3 of 3 OK created sql table model analytics.stock_technical_indicators ......... [[32mSUCCESS 1[0m in 1.53s]
[2025-11-25T06:55:20.298+0000] {subprocess.py:93} INFO - [0m06:55:20
[2025-11-25T06:55:20.299+0000] {subprocess.py:93} INFO - [0m06:55:20  Finished running 3 table models in 0 hours 0 minutes and 4.68 seconds (4.68s).
[2025-11-25T06:55:20.311+0000] {subprocess.py:93} INFO - [0m06:55:20
[2025-11-25T06:55:20.311+0000] {subprocess.py:93} INFO - [0m06:55:20  [32mCompleted successfully[0m
[2025-11-25T06:55:20.312+0000] {subprocess.py:93} INFO - [0m06:55:20
[2025-11-25T06:55:20.312+0000] {subprocess.py:93} INFO - [0m06:55:20  Done. PASS=3 WARN=0 ERROR=0 SKIP=0 TOTAL=3
[2025-11-25T06:55:21.016+0000] {subprocess.py:97} INFO - Command exited with return code 0
[2025-11-25T06:55:21.026+0000] {taskinstance.py:340} INFO - ::group::Post task execution logs
[2025-11-25T06:55:21.027+0000] {taskinstance.py:352} INFO - Marking task as SUCCESS. dag_id=stock_elt_with_dbt, task_id=dbt_transformations.dbt_run_core, run_id=manual__2025-11-25T06:54:51.123925+00:00, execution_date=20251125T065451, start_date=20251125T065514, end_date=20251125T065521
[2025-11-25T06:55:21.034+0000] {local_task_job_runner.py:266} INFO - Task exited with return code 0
[2025-11-25T06:55:21.042+0000] {taskinstance.py:3900} INFO - 1 downstream tasks scheduled from follow-on schedule check
[2025-11-25T06:55:21.043+0000] {local_task_job_runner.py:245} INFO - ::endgroup::
