[2025-11-25T20:26:28.333+0000] {local_task_job_runner.py:123} INFO - ::group::Pre task execution logs
[2025-11-25T20:26:28.340+0000] {taskinstance.py:2612} INFO - Dependencies all met for dep_context=non-requeueable deps ti=<TaskInstance: stock_elt_with_dbt.dbt_transformations.dbt_snapshot scheduled__2025-11-24T18:30:00+00:00 [queued]>
[2025-11-25T20:26:28.343+0000] {taskinstance.py:2612} INFO - Dependencies all met for dep_context=requeueable deps ti=<TaskInstance: stock_elt_with_dbt.dbt_transformations.dbt_snapshot scheduled__2025-11-24T18:30:00+00:00 [queued]>
[2025-11-25T20:26:28.343+0000] {taskinstance.py:2865} INFO - Starting attempt 1 of 2
[2025-11-25T20:26:28.348+0000] {taskinstance.py:2888} INFO - Executing <Task(BashOperator): dbt_transformations.dbt_snapshot> on 2025-11-24 18:30:00+00:00
[2025-11-25T20:26:28.352+0000] {logging_mixin.py:190} WARNING - /home/***/.local/lib/python3.12/site-packages/***/task/task_runner/standard_task_runner.py:70 DeprecationWarning: This process (pid=18389) is multi-threaded, use of fork() may lead to deadlocks in the child.
[2025-11-25T20:26:28.352+0000] {standard_task_runner.py:72} INFO - Started process 18396 to run task
[2025-11-25T20:26:28.352+0000] {standard_task_runner.py:104} INFO - Running: ['***', 'tasks', 'run', 'stock_elt_with_dbt', 'dbt_transformations.dbt_snapshot', 'scheduled__2025-11-24T18:30:00+00:00', '--job-id', '4891', '--raw', '--subdir', 'DAGS_FOLDER/stock_elt_with_dbt.py', '--cfg-path', '/tmp/tmpr5lfu_n2']
[2025-11-25T20:26:28.352+0000] {standard_task_runner.py:105} INFO - Job 4891: Subtask dbt_transformations.dbt_snapshot
[2025-11-25T20:26:28.369+0000] {task_command.py:467} INFO - Running <TaskInstance: stock_elt_with_dbt.dbt_transformations.dbt_snapshot scheduled__2025-11-24T18:30:00+00:00 [running]> on host a4b8d4f4105c
[2025-11-25T20:26:28.396+0000] {taskinstance.py:3131} INFO - Exporting env vars: AIRFLOW_CTX_DAG_OWNER='***' AIRFLOW_CTX_DAG_ID='stock_elt_with_dbt' AIRFLOW_CTX_TASK_ID='dbt_transformations.dbt_snapshot' AIRFLOW_CTX_EXECUTION_DATE='2025-11-24T18:30:00+00:00' AIRFLOW_CTX_TRY_NUMBER='1' AIRFLOW_CTX_DAG_RUN_ID='scheduled__2025-11-24T18:30:00+00:00'
[2025-11-25T20:26:28.396+0000] {taskinstance.py:731} INFO - ::endgroup::
[2025-11-25T20:26:28.397+0000] {subprocess.py:63} INFO - Tmp dir root location: /tmp
[2025-11-25T20:26:28.398+0000] {subprocess.py:75} INFO - Running command: ['/usr/bin/bash', '-c', 'cd /opt/***/stock_analytics && dbt snapshot --profiles-dir .']
[2025-11-25T20:26:28.402+0000] {subprocess.py:86} INFO - Output:
[2025-11-25T20:26:29.390+0000] {subprocess.py:93} INFO - [0m20:26:29  Running with dbt=1.7.0
[2025-11-25T20:26:29.702+0000] {subprocess.py:93} INFO - [0m20:26:29  Registered adapter: snowflake=1.7.0
[2025-11-25T20:26:29.732+0000] {subprocess.py:93} INFO - [0m20:26:29  Found 6 models, 5 tests, 2 snapshots, 1 source, 0 exposures, 0 metrics, 470 macros, 0 groups, 0 semantic models
[2025-11-25T20:26:29.734+0000] {subprocess.py:93} INFO - [0m20:26:29
[2025-11-25T20:26:31.167+0000] {subprocess.py:93} INFO - [0m20:26:31  Concurrency: 4 threads (target='dev')
[2025-11-25T20:26:31.167+0000] {subprocess.py:93} INFO - [0m20:26:31
[2025-11-25T20:26:31.177+0000] {subprocess.py:93} INFO - [0m20:26:31  1 of 2 START snapshot snapshots.rsi_signals_snapshot ........................... [RUN]
[2025-11-25T20:26:31.177+0000] {subprocess.py:93} INFO - [0m20:26:31  2 of 2 START snapshot snapshots.stock_prices_snapshot .......................... [RUN]
[2025-11-25T20:26:35.461+0000] {subprocess.py:93} INFO - [0m20:26:35  1 of 2 OK snapshotted snapshots.rsi_signals_snapshot ........................... [[32mSUCCESS 0[0m in 4.28s]
[2025-11-25T20:26:36.041+0000] {subprocess.py:93} INFO - [0m20:26:36  2 of 2 OK snapshotted snapshots.stock_prices_snapshot .......................... [[32mSUCCESS 0[0m in 4.86s]
[2025-11-25T20:26:36.046+0000] {subprocess.py:93} INFO - [0m20:26:36
[2025-11-25T20:26:36.047+0000] {subprocess.py:93} INFO - [0m20:26:36  Finished running 2 snapshots in 0 hours 0 minutes and 6.31 seconds (6.31s).
[2025-11-25T20:26:36.056+0000] {subprocess.py:93} INFO - [0m20:26:36
[2025-11-25T20:26:36.056+0000] {subprocess.py:93} INFO - [0m20:26:36  [32mCompleted successfully[0m
[2025-11-25T20:26:36.056+0000] {subprocess.py:93} INFO - [0m20:26:36
[2025-11-25T20:26:36.057+0000] {subprocess.py:93} INFO - [0m20:26:36  Done. PASS=2 WARN=0 ERROR=0 SKIP=0 TOTAL=2
[2025-11-25T20:26:36.620+0000] {subprocess.py:97} INFO - Command exited with return code 0
[2025-11-25T20:26:36.736+0000] {taskinstance.py:340} INFO - ::group::Post task execution logs
[2025-11-25T20:26:36.736+0000] {taskinstance.py:352} INFO - Marking task as SUCCESS. dag_id=stock_elt_with_dbt, task_id=dbt_transformations.dbt_snapshot, run_id=scheduled__2025-11-24T18:30:00+00:00, execution_date=20251124T183000, start_date=20251125T202628, end_date=20251125T202636
[2025-11-25T20:26:36.748+0000] {local_task_job_runner.py:266} INFO - Task exited with return code 0
[2025-11-25T20:26:36.756+0000] {taskinstance.py:3900} INFO - 1 downstream tasks scheduled from follow-on schedule check
[2025-11-25T20:26:36.757+0000] {local_task_job_runner.py:245} INFO - ::endgroup::
