[2025-11-25T02:37:54.680+0000] {local_task_job_runner.py:123} INFO - ::group::Pre task execution logs
[2025-11-25T02:37:54.686+0000] {taskinstance.py:2612} INFO - Dependencies all met for dep_context=non-requeueable deps ti=<TaskInstance: stock_elt_with_dbt.dbt_transformations.dbt_run_staging manual__2025-11-25T02:37:37+00:00 [queued]>
[2025-11-25T02:37:54.689+0000] {taskinstance.py:2612} INFO - Dependencies all met for dep_context=requeueable deps ti=<TaskInstance: stock_elt_with_dbt.dbt_transformations.dbt_run_staging manual__2025-11-25T02:37:37+00:00 [queued]>
[2025-11-25T02:37:54.689+0000] {taskinstance.py:2865} INFO - Starting attempt 1 of 2
[2025-11-25T02:37:54.693+0000] {taskinstance.py:2888} INFO - Executing <Task(BashOperator): dbt_transformations.dbt_run_staging> on 2025-11-25 02:37:37+00:00
[2025-11-25T02:37:54.697+0000] {standard_task_runner.py:104} INFO - Running: ['***', 'tasks', 'run', 'stock_elt_with_dbt', 'dbt_transformations.dbt_run_staging', 'manual__2025-11-25T02:37:37+00:00', '--job-id', '4799', '--raw', '--subdir', 'DAGS_FOLDER/stock_elt_with_dbt.py', '--cfg-path', '/tmp/tmpgl6kwy29']
[2025-11-25T02:37:54.698+0000] {standard_task_runner.py:105} INFO - Job 4799: Subtask dbt_transformations.dbt_run_staging
[2025-11-25T02:37:54.697+0000] {logging_mixin.py:190} WARNING - /home/***/.local/lib/python3.12/site-packages/***/task/task_runner/standard_task_runner.py:70 DeprecationWarning: This process (pid=409) is multi-threaded, use of fork() may lead to deadlocks in the child.
[2025-11-25T02:37:54.698+0000] {standard_task_runner.py:72} INFO - Started process 418 to run task
[2025-11-25T02:37:54.713+0000] {task_command.py:467} INFO - Running <TaskInstance: stock_elt_with_dbt.dbt_transformations.dbt_run_staging manual__2025-11-25T02:37:37+00:00 [running]> on host a4b8d4f4105c
[2025-11-25T02:37:54.741+0000] {taskinstance.py:3131} INFO - Exporting env vars: AIRFLOW_CTX_DAG_OWNER='***' AIRFLOW_CTX_DAG_ID='stock_elt_with_dbt' AIRFLOW_CTX_TASK_ID='dbt_transformations.dbt_run_staging' AIRFLOW_CTX_EXECUTION_DATE='2025-11-25T02:37:37+00:00' AIRFLOW_CTX_TRY_NUMBER='1' AIRFLOW_CTX_DAG_RUN_ID='manual__2025-11-25T02:37:37+00:00'
[2025-11-25T02:37:54.742+0000] {taskinstance.py:731} INFO - ::endgroup::
[2025-11-25T02:37:54.743+0000] {subprocess.py:63} INFO - Tmp dir root location: /tmp
[2025-11-25T02:37:54.743+0000] {subprocess.py:75} INFO - Running command: ['/usr/bin/bash', '-c', 'cd /opt/***/stock_analytics && dbt run --profiles-dir . --select input.staging.*']
[2025-11-25T02:37:54.749+0000] {subprocess.py:86} INFO - Output:
[2025-11-25T02:37:55.808+0000] {subprocess.py:93} INFO - [0m02:37:55  Running with dbt=1.7.0
[2025-11-25T02:37:56.133+0000] {subprocess.py:93} INFO - [0m02:37:56  Registered adapter: snowflake=1.7.0
[2025-11-25T02:37:56.138+0000] {subprocess.py:93} INFO - [0m02:37:56  Unable to do partial parsing because saved manifest not found. Starting full parse.
[2025-11-25T02:37:56.597+0000] {subprocess.py:93} INFO - [0m02:37:56  Found 6 models, 5 tests, 1 source, 0 exposures, 0 metrics, 469 macros, 0 groups, 0 semantic models
[2025-11-25T02:37:56.599+0000] {subprocess.py:93} INFO - [0m02:37:56
[2025-11-25T02:37:58.475+0000] {subprocess.py:93} INFO - [0m02:37:58  Concurrency: 4 threads (target='dev')
[2025-11-25T02:37:58.476+0000] {subprocess.py:93} INFO - [0m02:37:58
[2025-11-25T02:37:58.486+0000] {subprocess.py:93} INFO - [0m02:37:58  1 of 1 START sql view model raw_staging.stg_stock_prices ....................... [RUN]
[2025-11-25T02:37:59.215+0000] {subprocess.py:93} INFO - [0m02:37:59  1 of 1 OK created sql view model raw_staging.stg_stock_prices .................. [[32mSUCCESS 1[0m in 0.73s]
[2025-11-25T02:37:59.219+0000] {subprocess.py:93} INFO - [0m02:37:59
[2025-11-25T02:37:59.219+0000] {subprocess.py:93} INFO - [0m02:37:59  Finished running 1 view model in 0 hours 0 minutes and 2.62 seconds (2.62s).
[2025-11-25T02:37:59.226+0000] {subprocess.py:93} INFO - [0m02:37:59
[2025-11-25T02:37:59.227+0000] {subprocess.py:93} INFO - [0m02:37:59  [32mCompleted successfully[0m
[2025-11-25T02:37:59.227+0000] {subprocess.py:93} INFO - [0m02:37:59
[2025-11-25T02:37:59.227+0000] {subprocess.py:93} INFO - [0m02:37:59  Done. PASS=1 WARN=0 ERROR=0 SKIP=0 TOTAL=1
[2025-11-25T02:37:59.843+0000] {subprocess.py:97} INFO - Command exited with return code 0
[2025-11-25T02:37:59.852+0000] {taskinstance.py:340} INFO - ::group::Post task execution logs
[2025-11-25T02:37:59.852+0000] {taskinstance.py:352} INFO - Marking task as SUCCESS. dag_id=stock_elt_with_dbt, task_id=dbt_transformations.dbt_run_staging, run_id=manual__2025-11-25T02:37:37+00:00, execution_date=20251125T023737, start_date=20251125T023754, end_date=20251125T023759
[2025-11-25T02:37:59.862+0000] {local_task_job_runner.py:266} INFO - Task exited with return code 0
[2025-11-25T02:37:59.870+0000] {taskinstance.py:3900} INFO - 1 downstream tasks scheduled from follow-on schedule check
[2025-11-25T02:37:59.871+0000] {local_task_job_runner.py:245} INFO - ::endgroup::
