[2025-11-25T07:07:38.645+0000] {local_task_job_runner.py:123} INFO - ::group::Pre task execution logs
[2025-11-25T07:07:38.652+0000] {taskinstance.py:2612} INFO - Dependencies all met for dep_context=non-requeueable deps ti=<TaskInstance: stock_elt_with_dbt.dbt_transformations.dbt_snapshot scheduled__2025-11-21T18:00:00+00:00 [queued]>
[2025-11-25T07:07:38.655+0000] {taskinstance.py:2612} INFO - Dependencies all met for dep_context=requeueable deps ti=<TaskInstance: stock_elt_with_dbt.dbt_transformations.dbt_snapshot scheduled__2025-11-21T18:00:00+00:00 [queued]>
[2025-11-25T07:07:38.655+0000] {taskinstance.py:2865} INFO - Starting attempt 2 of 2
[2025-11-25T07:07:38.659+0000] {taskinstance.py:2888} INFO - Executing <Task(BashOperator): dbt_transformations.dbt_snapshot> on 2025-11-21 18:00:00+00:00
[2025-11-25T07:07:38.664+0000] {logging_mixin.py:190} WARNING - /home/***/.local/lib/python3.12/site-packages/***/task/task_runner/standard_task_runner.py:70 DeprecationWarning: This process (pid=7499) is multi-threaded, use of fork() may lead to deadlocks in the child.
[2025-11-25T07:07:38.664+0000] {standard_task_runner.py:72} INFO - Started process 7507 to run task
[2025-11-25T07:07:38.664+0000] {standard_task_runner.py:104} INFO - Running: ['***', 'tasks', 'run', 'stock_elt_with_dbt', 'dbt_transformations.dbt_snapshot', 'scheduled__2025-11-21T18:00:00+00:00', '--job-id', '4857', '--raw', '--subdir', 'DAGS_FOLDER/stock_elt_with_dbt.py', '--cfg-path', '/tmp/tmpntxa74m3']
[2025-11-25T07:07:38.665+0000] {standard_task_runner.py:105} INFO - Job 4857: Subtask dbt_transformations.dbt_snapshot
[2025-11-25T07:07:38.684+0000] {task_command.py:467} INFO - Running <TaskInstance: stock_elt_with_dbt.dbt_transformations.dbt_snapshot scheduled__2025-11-21T18:00:00+00:00 [running]> on host a4b8d4f4105c
[2025-11-25T07:07:38.710+0000] {taskinstance.py:3131} INFO - Exporting env vars: AIRFLOW_CTX_DAG_OWNER='***' AIRFLOW_CTX_DAG_ID='stock_elt_with_dbt' AIRFLOW_CTX_TASK_ID='dbt_transformations.dbt_snapshot' AIRFLOW_CTX_EXECUTION_DATE='2025-11-21T18:00:00+00:00' AIRFLOW_CTX_TRY_NUMBER='2' AIRFLOW_CTX_DAG_RUN_ID='scheduled__2025-11-21T18:00:00+00:00'
[2025-11-25T07:07:38.711+0000] {taskinstance.py:731} INFO - ::endgroup::
[2025-11-25T07:07:38.712+0000] {subprocess.py:63} INFO - Tmp dir root location: /tmp
[2025-11-25T07:07:38.712+0000] {subprocess.py:75} INFO - Running command: ['/usr/bin/bash', '-c', 'cd /opt/***/stock_analytics && dbt snapshot --profiles-dir .']
[2025-11-25T07:07:38.717+0000] {subprocess.py:86} INFO - Output:
[2025-11-25T07:07:39.894+0000] {subprocess.py:93} INFO - [0m07:07:39  Running with dbt=1.7.0
[2025-11-25T07:07:40.246+0000] {subprocess.py:93} INFO - [0m07:07:40  Registered adapter: snowflake=1.7.0
[2025-11-25T07:07:40.282+0000] {subprocess.py:93} INFO - [0m07:07:40  Found 6 models, 5 tests, 2 snapshots, 1 source, 0 exposures, 0 metrics, 470 macros, 0 groups, 0 semantic models
[2025-11-25T07:07:40.283+0000] {subprocess.py:93} INFO - [0m07:07:40
[2025-11-25T07:07:41.742+0000] {subprocess.py:93} INFO - [0m07:07:41  Concurrency: 4 threads (target='dev')
[2025-11-25T07:07:41.743+0000] {subprocess.py:93} INFO - [0m07:07:41
[2025-11-25T07:07:41.754+0000] {subprocess.py:93} INFO - [0m07:07:41  1 of 2 START snapshot snapshots.rsi_signals_snapshot ........................... [RUN]
[2025-11-25T07:07:41.755+0000] {subprocess.py:93} INFO - [0m07:07:41  2 of 2 START snapshot snapshots.stock_prices_snapshot .......................... [RUN]
[2025-11-25T07:07:45.489+0000] {subprocess.py:93} INFO - [0m07:07:45  1 of 2 OK snapshotted snapshots.rsi_signals_snapshot ........................... [[32mSUCCESS 0[0m in 3.73s]
[2025-11-25T07:07:46.879+0000] {subprocess.py:93} INFO - [0m07:07:46  2 of 2 OK snapshotted snapshots.stock_prices_snapshot .......................... [[32mSUCCESS 0[0m in 5.12s]
[2025-11-25T07:07:46.885+0000] {subprocess.py:93} INFO - [0m07:07:46
[2025-11-25T07:07:46.885+0000] {subprocess.py:93} INFO - [0m07:07:46  Finished running 2 snapshots in 0 hours 0 minutes and 6.60 seconds (6.60s).
[2025-11-25T07:07:46.895+0000] {subprocess.py:93} INFO - [0m07:07:46
[2025-11-25T07:07:46.895+0000] {subprocess.py:93} INFO - [0m07:07:46  [32mCompleted successfully[0m
[2025-11-25T07:07:46.896+0000] {subprocess.py:93} INFO - [0m07:07:46
[2025-11-25T07:07:46.896+0000] {subprocess.py:93} INFO - [0m07:07:46  Done. PASS=2 WARN=0 ERROR=0 SKIP=0 TOTAL=2
[2025-11-25T07:07:47.730+0000] {subprocess.py:97} INFO - Command exited with return code 0
[2025-11-25T07:07:47.741+0000] {taskinstance.py:340} INFO - ::group::Post task execution logs
[2025-11-25T07:07:47.741+0000] {taskinstance.py:352} INFO - Marking task as SUCCESS. dag_id=stock_elt_with_dbt, task_id=dbt_transformations.dbt_snapshot, run_id=scheduled__2025-11-21T18:00:00+00:00, execution_date=20251121T180000, start_date=20251125T070738, end_date=20251125T070747
[2025-11-25T07:07:47.772+0000] {local_task_job_runner.py:266} INFO - Task exited with return code 0
[2025-11-25T07:07:47.799+0000] {taskinstance.py:3900} INFO - 1 downstream tasks scheduled from follow-on schedule check
[2025-11-25T07:07:47.801+0000] {local_task_job_runner.py:245} INFO - ::endgroup::
