[2025-11-25T20:26:10.301+0000] {local_task_job_runner.py:123} INFO - ::group::Pre task execution logs
[2025-11-25T20:26:10.308+0000] {taskinstance.py:2612} INFO - Dependencies all met for dep_context=non-requeueable deps ti=<TaskInstance: stock_elt_with_dbt.dbt_transformations.dbt_run_staging scheduled__2025-11-24T18:30:00+00:00 [queued]>
[2025-11-25T20:26:10.311+0000] {taskinstance.py:2612} INFO - Dependencies all met for dep_context=requeueable deps ti=<TaskInstance: stock_elt_with_dbt.dbt_transformations.dbt_run_staging scheduled__2025-11-24T18:30:00+00:00 [queued]>
[2025-11-25T20:26:10.315+0000] {taskinstance.py:2865} INFO - Starting attempt 1 of 2
[2025-11-25T20:26:10.320+0000] {taskinstance.py:2888} INFO - Executing <Task(BashOperator): dbt_transformations.dbt_run_staging> on 2025-11-24 18:30:00+00:00
[2025-11-25T20:26:10.324+0000] {logging_mixin.py:190} WARNING - /home/***/.local/lib/python3.12/site-packages/***/task/task_runner/standard_task_runner.py:70 DeprecationWarning: This process (pid=18245) is multi-threaded, use of fork() may lead to deadlocks in the child.
[2025-11-25T20:26:10.324+0000] {standard_task_runner.py:72} INFO - Started process 18253 to run task
[2025-11-25T20:26:10.324+0000] {standard_task_runner.py:104} INFO - Running: ['***', 'tasks', 'run', 'stock_elt_with_dbt', 'dbt_transformations.dbt_run_staging', 'scheduled__2025-11-24T18:30:00+00:00', '--job-id', '4889', '--raw', '--subdir', 'DAGS_FOLDER/stock_elt_with_dbt.py', '--cfg-path', '/tmp/tmplayoa6p3']
[2025-11-25T20:26:10.325+0000] {standard_task_runner.py:105} INFO - Job 4889: Subtask dbt_transformations.dbt_run_staging
[2025-11-25T20:26:10.344+0000] {task_command.py:467} INFO - Running <TaskInstance: stock_elt_with_dbt.dbt_transformations.dbt_run_staging scheduled__2025-11-24T18:30:00+00:00 [running]> on host a4b8d4f4105c
[2025-11-25T20:26:10.372+0000] {taskinstance.py:3131} INFO - Exporting env vars: AIRFLOW_CTX_DAG_OWNER='***' AIRFLOW_CTX_DAG_ID='stock_elt_with_dbt' AIRFLOW_CTX_TASK_ID='dbt_transformations.dbt_run_staging' AIRFLOW_CTX_EXECUTION_DATE='2025-11-24T18:30:00+00:00' AIRFLOW_CTX_TRY_NUMBER='1' AIRFLOW_CTX_DAG_RUN_ID='scheduled__2025-11-24T18:30:00+00:00'
[2025-11-25T20:26:10.373+0000] {taskinstance.py:731} INFO - ::endgroup::
[2025-11-25T20:26:10.374+0000] {subprocess.py:63} INFO - Tmp dir root location: /tmp
[2025-11-25T20:26:10.374+0000] {subprocess.py:75} INFO - Running command: ['/usr/bin/bash', '-c', 'cd /opt/***/stock_analytics && dbt run --profiles-dir . --select input.staging.*']
[2025-11-25T20:26:10.379+0000] {subprocess.py:86} INFO - Output:
[2025-11-25T20:26:11.395+0000] {subprocess.py:93} INFO - [0m20:26:11  Running with dbt=1.7.0
[2025-11-25T20:26:11.699+0000] {subprocess.py:93} INFO - [0m20:26:11  Registered adapter: snowflake=1.7.0
[2025-11-25T20:26:11.734+0000] {subprocess.py:93} INFO - [0m20:26:11  Found 6 models, 5 tests, 2 snapshots, 1 source, 0 exposures, 0 metrics, 470 macros, 0 groups, 0 semantic models
[2025-11-25T20:26:11.735+0000] {subprocess.py:93} INFO - [0m20:26:11
[2025-11-25T20:26:14.322+0000] {subprocess.py:93} INFO - [0m20:26:14  Concurrency: 4 threads (target='dev')
[2025-11-25T20:26:14.322+0000] {subprocess.py:93} INFO - [0m20:26:14
[2025-11-25T20:26:14.332+0000] {subprocess.py:93} INFO - [0m20:26:14  1 of 1 START sql view model staging.stg_stock_prices ........................... [RUN]
[2025-11-25T20:26:15.436+0000] {subprocess.py:93} INFO - [0m20:26:15  1 of 1 OK created sql view model staging.stg_stock_prices ...................... [[32mSUCCESS 1[0m in 1.10s]
[2025-11-25T20:26:15.442+0000] {subprocess.py:93} INFO - [0m20:26:15
[2025-11-25T20:26:15.443+0000] {subprocess.py:93} INFO - [0m20:26:15  Finished running 1 view model in 0 hours 0 minutes and 3.71 seconds (3.71s).
[2025-11-25T20:26:15.454+0000] {subprocess.py:93} INFO - [0m20:26:15
[2025-11-25T20:26:15.455+0000] {subprocess.py:93} INFO - [0m20:26:15  [32mCompleted successfully[0m
[2025-11-25T20:26:15.455+0000] {subprocess.py:93} INFO - [0m20:26:15
[2025-11-25T20:26:15.455+0000] {subprocess.py:93} INFO - [0m20:26:15  Done. PASS=1 WARN=0 ERROR=0 SKIP=0 TOTAL=1
[2025-11-25T20:26:16.053+0000] {subprocess.py:97} INFO - Command exited with return code 0
[2025-11-25T20:26:16.064+0000] {taskinstance.py:340} INFO - ::group::Post task execution logs
[2025-11-25T20:26:16.064+0000] {taskinstance.py:352} INFO - Marking task as SUCCESS. dag_id=stock_elt_with_dbt, task_id=dbt_transformations.dbt_run_staging, run_id=scheduled__2025-11-24T18:30:00+00:00, execution_date=20251124T183000, start_date=20251125T202610, end_date=20251125T202616
[2025-11-25T20:26:16.192+0000] {local_task_job_runner.py:266} INFO - Task exited with return code 0
[2025-11-25T20:26:16.204+0000] {taskinstance.py:3900} INFO - 1 downstream tasks scheduled from follow-on schedule check
[2025-11-25T20:26:16.205+0000] {local_task_job_runner.py:245} INFO - ::endgroup::
