[2025-11-25T20:28:15.033+0000] {local_task_job_runner.py:123} INFO - ::group::Pre task execution logs
[2025-11-25T20:28:15.040+0000] {taskinstance.py:2612} INFO - Dependencies all met for dep_context=non-requeueable deps ti=<TaskInstance: stock_elt_with_dbt.dbt_transformations.dbt_deps manual__2025-11-25T20:28:12+00:00 [queued]>
[2025-11-25T20:28:15.045+0000] {taskinstance.py:2612} INFO - Dependencies all met for dep_context=requeueable deps ti=<TaskInstance: stock_elt_with_dbt.dbt_transformations.dbt_deps manual__2025-11-25T20:28:12+00:00 [queued]>
[2025-11-25T20:28:15.045+0000] {taskinstance.py:2865} INFO - Starting attempt 1 of 2
[2025-11-25T20:28:15.052+0000] {taskinstance.py:2888} INFO - Executing <Task(BashOperator): dbt_transformations.dbt_deps> on 2025-11-25 20:28:12+00:00
[2025-11-25T20:28:15.057+0000] {logging_mixin.py:190} WARNING - /home/***/.local/lib/python3.12/site-packages/***/task/task_runner/standard_task_runner.py:70 DeprecationWarning: This process (pid=18769) is multi-threaded, use of fork() may lead to deadlocks in the child.
[2025-11-25T20:28:15.057+0000] {standard_task_runner.py:104} INFO - Running: ['***', 'tasks', 'run', 'stock_elt_with_dbt', 'dbt_transformations.dbt_deps', 'manual__2025-11-25T20:28:12+00:00', '--job-id', '4897', '--raw', '--subdir', 'DAGS_FOLDER/stock_elt_with_dbt.py', '--cfg-path', '/tmp/tmp0k879_5l']
[2025-11-25T20:28:15.059+0000] {standard_task_runner.py:105} INFO - Job 4897: Subtask dbt_transformations.dbt_deps
[2025-11-25T20:28:15.058+0000] {standard_task_runner.py:72} INFO - Started process 18777 to run task
[2025-11-25T20:28:15.081+0000] {task_command.py:467} INFO - Running <TaskInstance: stock_elt_with_dbt.dbt_transformations.dbt_deps manual__2025-11-25T20:28:12+00:00 [running]> on host a4b8d4f4105c
[2025-11-25T20:28:15.118+0000] {taskinstance.py:3131} INFO - Exporting env vars: AIRFLOW_CTX_DAG_OWNER='***' AIRFLOW_CTX_DAG_ID='stock_elt_with_dbt' AIRFLOW_CTX_TASK_ID='dbt_transformations.dbt_deps' AIRFLOW_CTX_EXECUTION_DATE='2025-11-25T20:28:12+00:00' AIRFLOW_CTX_TRY_NUMBER='1' AIRFLOW_CTX_DAG_RUN_ID='manual__2025-11-25T20:28:12+00:00'
[2025-11-25T20:28:15.119+0000] {taskinstance.py:731} INFO - ::endgroup::
[2025-11-25T20:28:15.120+0000] {subprocess.py:63} INFO - Tmp dir root location: /tmp
[2025-11-25T20:28:15.120+0000] {subprocess.py:75} INFO - Running command: ['/usr/bin/bash', '-c', 'cd /opt/***/stock_analytics && dbt deps --profiles-dir .']
[2025-11-25T20:28:15.126+0000] {subprocess.py:86} INFO - Output:
[2025-11-25T20:28:16.142+0000] {subprocess.py:93} INFO - [0m20:28:16  Running with dbt=1.7.0
[2025-11-25T20:28:16.173+0000] {subprocess.py:93} INFO - [0m20:28:16  Warning: No packages were found in packages.yml
[2025-11-25T20:28:16.174+0000] {subprocess.py:93} INFO - [0m20:28:16  Warning: No packages were found in packages.yml
[2025-11-25T20:28:16.786+0000] {subprocess.py:97} INFO - Command exited with return code 0
[2025-11-25T20:28:16.796+0000] {taskinstance.py:340} INFO - ::group::Post task execution logs
[2025-11-25T20:28:16.797+0000] {taskinstance.py:352} INFO - Marking task as SUCCESS. dag_id=stock_elt_with_dbt, task_id=dbt_transformations.dbt_deps, run_id=manual__2025-11-25T20:28:12+00:00, execution_date=20251125T202812, start_date=20251125T202815, end_date=20251125T202816
[2025-11-25T20:28:16.951+0000] {local_task_job_runner.py:266} INFO - Task exited with return code 0
[2025-11-25T20:28:16.962+0000] {taskinstance.py:3900} INFO - 1 downstream tasks scheduled from follow-on schedule check
[2025-11-25T20:28:16.963+0000] {local_task_job_runner.py:245} INFO - ::endgroup::
