[2025-11-25T00:43:46.432+0000] {local_task_job_runner.py:123} INFO - ::group::Pre task execution logs
[2025-11-25T00:43:46.444+0000] {taskinstance.py:2612} INFO - Dependencies all met for dep_context=non-requeueable deps ti=<TaskInstance: yfinance_to_snowflake_etl.load_many scheduled__2025-09-08T18:00:00+00:00 [queued]>
[2025-11-25T00:43:46.453+0000] {taskinstance.py:2612} INFO - Dependencies all met for dep_context=requeueable deps ti=<TaskInstance: yfinance_to_snowflake_etl.load_many scheduled__2025-09-08T18:00:00+00:00 [queued]>
[2025-11-25T00:43:46.454+0000] {taskinstance.py:2865} INFO - Starting attempt 1 of 1
[2025-11-25T00:43:46.462+0000] {taskinstance.py:2888} INFO - Executing <Task(_PythonDecoratedOperator): load_many> on 2025-09-08 18:00:00+00:00
[2025-11-25T00:43:46.466+0000] {logging_mixin.py:190} WARNING - /home/***/.local/lib/python3.12/site-packages/***/task/task_runner/standard_task_runner.py:70 DeprecationWarning: This process (pid=80295) is multi-threaded, use of fork() may lead to deadlocks in the child.
[2025-11-25T00:43:46.467+0000] {standard_task_runner.py:72} INFO - Started process 80354 to run task
[2025-11-25T00:43:46.467+0000] {standard_task_runner.py:104} INFO - Running: ['***', 'tasks', 'run', 'yfinance_to_snowflake_etl', 'load_many', 'scheduled__2025-09-08T18:00:00+00:00', '--job-id', '4568', '--raw', '--subdir', 'DAGS_FOLDER/yfinance_to_snowflake_etl.py', '--cfg-path', '/tmp/tmp163ted21']
[2025-11-25T00:43:46.468+0000] {standard_task_runner.py:105} INFO - Job 4568: Subtask load_many
[2025-11-25T00:43:46.501+0000] {task_command.py:467} INFO - Running <TaskInstance: yfinance_to_snowflake_etl.load_many scheduled__2025-09-08T18:00:00+00:00 [running]> on host fd57ff944215
[2025-11-25T00:43:46.552+0000] {taskinstance.py:3131} INFO - Exporting env vars: AIRFLOW_CTX_DAG_OWNER='***' AIRFLOW_CTX_DAG_ID='yfinance_to_snowflake_etl' AIRFLOW_CTX_TASK_ID='load_many' AIRFLOW_CTX_EXECUTION_DATE='2025-09-08T18:00:00+00:00' AIRFLOW_CTX_TRY_NUMBER='1' AIRFLOW_CTX_DAG_RUN_ID='scheduled__2025-09-08T18:00:00+00:00'
[2025-11-25T00:43:46.553+0000] {taskinstance.py:731} INFO - ::endgroup::
[2025-11-25T00:43:46.554+0000] {logging_mixin.py:190} INFO - Loading 0 records to Snowflake
[2025-11-25T00:43:46.745+0000] {cursor.py:1156} INFO - Number of results in first chunk: 1
[2025-11-25T00:43:46.829+0000] {cursor.py:1156} INFO - Number of results in first chunk: 1
[2025-11-25T00:43:47.028+0000] {cursor.py:1156} INFO - Number of results in first chunk: 1
[2025-11-25T00:43:47.029+0000] {logging_mixin.py:190} INFO - Table TRAINING_DB.RAW.STOCK_PRICE ready
[2025-11-25T00:43:47.029+0000] {logging_mixin.py:190} INFO - Successfully loaded 0 records
[2025-11-25T00:43:47.173+0000] {cursor.py:1156} INFO - Number of results in first chunk: 1
[2025-11-25T00:43:47.174+0000] {logging_mixin.py:190} INFO - Total rows in TRAINING_DB.RAW.STOCK_PRICE: 0
[2025-11-25T00:43:47.174+0000] {python.py:240} INFO - Done. Returned value was: None
[2025-11-25T00:43:47.180+0000] {taskinstance.py:340} INFO - ::group::Post task execution logs
[2025-11-25T00:43:47.181+0000] {taskinstance.py:352} INFO - Marking task as SUCCESS. dag_id=yfinance_to_snowflake_etl, task_id=load_many, run_id=scheduled__2025-09-08T18:00:00+00:00, execution_date=20250908T180000, start_date=20251125T004346, end_date=20251125T004347
[2025-11-25T00:43:47.198+0000] {local_task_job_runner.py:266} INFO - Task exited with return code 0
[2025-11-25T00:43:47.203+0000] {local_task_job_runner.py:245} INFO - ::endgroup::
