[2025-11-25T20:26:06.324+0000] {local_task_job_runner.py:123} INFO - ::group::Pre task execution logs
[2025-11-25T20:26:06.331+0000] {taskinstance.py:2612} INFO - Dependencies all met for dep_context=non-requeueable deps ti=<TaskInstance: stock_elt_with_dbt.dbt_transformations.dbt_debug scheduled__2025-11-24T18:30:00+00:00 [queued]>
[2025-11-25T20:26:06.334+0000] {taskinstance.py:2612} INFO - Dependencies all met for dep_context=requeueable deps ti=<TaskInstance: stock_elt_with_dbt.dbt_transformations.dbt_debug scheduled__2025-11-24T18:30:00+00:00 [queued]>
[2025-11-25T20:26:06.334+0000] {taskinstance.py:2865} INFO - Starting attempt 1 of 2
[2025-11-25T20:26:06.339+0000] {taskinstance.py:2888} INFO - Executing <Task(BashOperator): dbt_transformations.dbt_debug> on 2025-11-24 18:30:00+00:00
[2025-11-25T20:26:06.342+0000] {logging_mixin.py:190} WARNING - /home/***/.local/lib/python3.12/site-packages/***/task/task_runner/standard_task_runner.py:70 DeprecationWarning: This process (pid=18206) is multi-threaded, use of fork() may lead to deadlocks in the child.
[2025-11-25T20:26:06.343+0000] {standard_task_runner.py:72} INFO - Started process 18213 to run task
[2025-11-25T20:26:06.343+0000] {standard_task_runner.py:104} INFO - Running: ['***', 'tasks', 'run', 'stock_elt_with_dbt', 'dbt_transformations.dbt_debug', 'scheduled__2025-11-24T18:30:00+00:00', '--job-id', '4888', '--raw', '--subdir', 'DAGS_FOLDER/stock_elt_with_dbt.py', '--cfg-path', '/tmp/tmpzump470f']
[2025-11-25T20:26:06.343+0000] {standard_task_runner.py:105} INFO - Job 4888: Subtask dbt_transformations.dbt_debug
[2025-11-25T20:26:06.359+0000] {task_command.py:467} INFO - Running <TaskInstance: stock_elt_with_dbt.dbt_transformations.dbt_debug scheduled__2025-11-24T18:30:00+00:00 [running]> on host a4b8d4f4105c
[2025-11-25T20:26:06.387+0000] {taskinstance.py:3131} INFO - Exporting env vars: AIRFLOW_CTX_DAG_OWNER='***' AIRFLOW_CTX_DAG_ID='stock_elt_with_dbt' AIRFLOW_CTX_TASK_ID='dbt_transformations.dbt_debug' AIRFLOW_CTX_EXECUTION_DATE='2025-11-24T18:30:00+00:00' AIRFLOW_CTX_TRY_NUMBER='1' AIRFLOW_CTX_DAG_RUN_ID='scheduled__2025-11-24T18:30:00+00:00'
[2025-11-25T20:26:06.387+0000] {taskinstance.py:731} INFO - ::endgroup::
[2025-11-25T20:26:06.389+0000] {subprocess.py:63} INFO - Tmp dir root location: /tmp
[2025-11-25T20:26:06.389+0000] {subprocess.py:75} INFO - Running command: ['/usr/bin/bash', '-c', 'cd /opt/***/stock_analytics && dbt debug --profiles-dir .']
[2025-11-25T20:26:06.393+0000] {subprocess.py:86} INFO - Output:
[2025-11-25T20:26:07.549+0000] {subprocess.py:93} INFO - [0m20:26:07  Running with dbt=1.7.0
[2025-11-25T20:26:07.550+0000] {subprocess.py:93} INFO - [0m20:26:07  dbt version: 1.7.0
[2025-11-25T20:26:07.551+0000] {subprocess.py:93} INFO - [0m20:26:07  python version: 3.12.5
[2025-11-25T20:26:07.551+0000] {subprocess.py:93} INFO - [0m20:26:07  python path: /home/***/.local/bin/python
[2025-11-25T20:26:07.551+0000] {subprocess.py:93} INFO - [0m20:26:07  os info: Linux-6.10.14-linuxkit-aarch64-with-glibc2.36
[2025-11-25T20:26:07.840+0000] {subprocess.py:93} INFO - [0m20:26:07  Using profiles dir at .
[2025-11-25T20:26:07.840+0000] {subprocess.py:93} INFO - [0m20:26:07  Using profiles.yml file at ./profiles.yml
[2025-11-25T20:26:07.841+0000] {subprocess.py:93} INFO - [0m20:26:07  Using dbt_project.yml file at /opt/***/stock_analytics/dbt_project.yml
[2025-11-25T20:26:07.841+0000] {subprocess.py:93} INFO - [0m20:26:07  adapter type: snowflake
[2025-11-25T20:26:07.841+0000] {subprocess.py:93} INFO - [0m20:26:07  adapter version: 1.7.0
[2025-11-25T20:26:07.864+0000] {subprocess.py:93} INFO - [0m20:26:07  Configuration:
[2025-11-25T20:26:07.864+0000] {subprocess.py:93} INFO - [0m20:26:07    profiles.yml file [[32mOK found and valid[0m]
[2025-11-25T20:26:07.864+0000] {subprocess.py:93} INFO - [0m20:26:07    dbt_project.yml file [[32mOK found and valid[0m]
[2025-11-25T20:26:07.864+0000] {subprocess.py:93} INFO - [0m20:26:07  Required dependencies:
[2025-11-25T20:26:07.867+0000] {subprocess.py:93} INFO - [0m20:26:07   - git [[32mOK found[0m]
[2025-11-25T20:26:07.867+0000] {subprocess.py:93} INFO - 
[2025-11-25T20:26:07.867+0000] {subprocess.py:93} INFO - [0m20:26:07  Connection:
[2025-11-25T20:26:07.867+0000] {subprocess.py:93} INFO - [0m20:26:07    account: lvb17920
[2025-11-25T20:26:07.867+0000] {subprocess.py:93} INFO - [0m20:26:07    user: CHIPMUNK
[2025-11-25T20:26:07.867+0000] {subprocess.py:93} INFO - [0m20:26:07    database: TRAINING_DB
[2025-11-25T20:26:07.868+0000] {subprocess.py:93} INFO - [0m20:26:07    warehouse: XSMALL_WH
[2025-11-25T20:26:07.868+0000] {subprocess.py:93} INFO - [0m20:26:07    role: TRAINING_ROLE
[2025-11-25T20:26:07.868+0000] {subprocess.py:93} INFO - [0m20:26:07    schema: raw
[2025-11-25T20:26:07.868+0000] {subprocess.py:93} INFO - [0m20:26:07    authenticator: None
[2025-11-25T20:26:07.869+0000] {subprocess.py:93} INFO - [0m20:26:07    private_key_path: None
[2025-11-25T20:26:07.869+0000] {subprocess.py:93} INFO - [0m20:26:07    token: None
[2025-11-25T20:26:07.869+0000] {subprocess.py:93} INFO - [0m20:26:07    oauth_client_id: None
[2025-11-25T20:26:07.869+0000] {subprocess.py:93} INFO - [0m20:26:07    query_tag: None
[2025-11-25T20:26:07.869+0000] {subprocess.py:93} INFO - [0m20:26:07    client_session_keep_alive: False
[2025-11-25T20:26:07.869+0000] {subprocess.py:93} INFO - [0m20:26:07    host: None
[2025-11-25T20:26:07.870+0000] {subprocess.py:93} INFO - [0m20:26:07    port: None
[2025-11-25T20:26:07.870+0000] {subprocess.py:93} INFO - [0m20:26:07    proxy_host: None
[2025-11-25T20:26:07.870+0000] {subprocess.py:93} INFO - [0m20:26:07    proxy_port: None
[2025-11-25T20:26:07.870+0000] {subprocess.py:93} INFO - [0m20:26:07    protocol: None
[2025-11-25T20:26:07.870+0000] {subprocess.py:93} INFO - [0m20:26:07    connect_retries: 1
[2025-11-25T20:26:07.871+0000] {subprocess.py:93} INFO - [0m20:26:07    connect_timeout: None
[2025-11-25T20:26:07.871+0000] {subprocess.py:93} INFO - [0m20:26:07    retry_on_database_errors: False
[2025-11-25T20:26:07.871+0000] {subprocess.py:93} INFO - [0m20:26:07    retry_all: False
[2025-11-25T20:26:07.871+0000] {subprocess.py:93} INFO - [0m20:26:07    insecure_mode: False
[2025-11-25T20:26:07.871+0000] {subprocess.py:93} INFO - [0m20:26:07    reuse_connections: None
[2025-11-25T20:26:07.872+0000] {subprocess.py:93} INFO - [0m20:26:07  Registered adapter: snowflake=1.7.0
[2025-11-25T20:26:08.665+0000] {subprocess.py:93} INFO - [0m20:26:08    Connection test: [[32mOK connection ok[0m]
[2025-11-25T20:26:08.665+0000] {subprocess.py:93} INFO - 
[2025-11-25T20:26:08.666+0000] {subprocess.py:93} INFO - [0m20:26:08  [32mAll checks passed![0m
[2025-11-25T20:26:09.294+0000] {subprocess.py:97} INFO - Command exited with return code 0
[2025-11-25T20:26:09.304+0000] {taskinstance.py:340} INFO - ::group::Post task execution logs
[2025-11-25T20:26:09.304+0000] {taskinstance.py:352} INFO - Marking task as SUCCESS. dag_id=stock_elt_with_dbt, task_id=dbt_transformations.dbt_debug, run_id=scheduled__2025-11-24T18:30:00+00:00, execution_date=20251124T183000, start_date=20251125T202606, end_date=20251125T202609
[2025-11-25T20:26:09.410+0000] {local_task_job_runner.py:266} INFO - Task exited with return code 0
[2025-11-25T20:26:09.419+0000] {taskinstance.py:3900} INFO - 1 downstream tasks scheduled from follow-on schedule check
[2025-11-25T20:26:09.420+0000] {local_task_job_runner.py:245} INFO - ::endgroup::
