[2025-11-25T07:04:51.233+0000] {local_task_job_runner.py:123} INFO - ::group::Pre task execution logs
[2025-11-25T07:04:51.239+0000] {taskinstance.py:2612} INFO - Dependencies all met for dep_context=non-requeueable deps ti=<TaskInstance: stock_elt_with_dbt.dbt_transformations.dbt_run_staging manual__2025-11-25T07:04:34+00:00 [queued]>
[2025-11-25T07:04:51.242+0000] {taskinstance.py:2612} INFO - Dependencies all met for dep_context=requeueable deps ti=<TaskInstance: stock_elt_with_dbt.dbt_transformations.dbt_run_staging manual__2025-11-25T07:04:34+00:00 [queued]>
[2025-11-25T07:04:51.242+0000] {taskinstance.py:2865} INFO - Starting attempt 1 of 2
[2025-11-25T07:04:51.246+0000] {taskinstance.py:2888} INFO - Executing <Task(BashOperator): dbt_transformations.dbt_run_staging> on 2025-11-25 07:04:34+00:00
[2025-11-25T07:04:51.250+0000] {logging_mixin.py:190} WARNING - /home/***/.local/lib/python3.12/site-packages/***/task/task_runner/standard_task_runner.py:70 DeprecationWarning: This process (pid=7065) is multi-threaded, use of fork() may lead to deadlocks in the child.
[2025-11-25T07:04:51.251+0000] {standard_task_runner.py:72} INFO - Started process 7073 to run task
[2025-11-25T07:04:51.251+0000] {standard_task_runner.py:104} INFO - Running: ['***', 'tasks', 'run', 'stock_elt_with_dbt', 'dbt_transformations.dbt_run_staging', 'manual__2025-11-25T07:04:34+00:00', '--job-id', '4853', '--raw', '--subdir', 'DAGS_FOLDER/stock_elt_with_dbt.py', '--cfg-path', '/tmp/tmph8e43d25']
[2025-11-25T07:04:51.251+0000] {standard_task_runner.py:105} INFO - Job 4853: Subtask dbt_transformations.dbt_run_staging
[2025-11-25T07:04:51.267+0000] {task_command.py:467} INFO - Running <TaskInstance: stock_elt_with_dbt.dbt_transformations.dbt_run_staging manual__2025-11-25T07:04:34+00:00 [running]> on host a4b8d4f4105c
[2025-11-25T07:04:51.293+0000] {taskinstance.py:3131} INFO - Exporting env vars: AIRFLOW_CTX_DAG_OWNER='***' AIRFLOW_CTX_DAG_ID='stock_elt_with_dbt' AIRFLOW_CTX_TASK_ID='dbt_transformations.dbt_run_staging' AIRFLOW_CTX_EXECUTION_DATE='2025-11-25T07:04:34+00:00' AIRFLOW_CTX_TRY_NUMBER='1' AIRFLOW_CTX_DAG_RUN_ID='manual__2025-11-25T07:04:34+00:00'
[2025-11-25T07:04:51.294+0000] {taskinstance.py:731} INFO - ::endgroup::
[2025-11-25T07:04:51.295+0000] {subprocess.py:63} INFO - Tmp dir root location: /tmp
[2025-11-25T07:04:51.295+0000] {subprocess.py:75} INFO - Running command: ['/usr/bin/bash', '-c', 'cd /opt/***/stock_analytics && dbt run --profiles-dir . --select input.staging.*']
[2025-11-25T07:04:51.299+0000] {subprocess.py:86} INFO - Output:
[2025-11-25T07:04:52.330+0000] {subprocess.py:93} INFO - [0m07:04:52  Running with dbt=1.7.0
[2025-11-25T07:04:52.728+0000] {subprocess.py:93} INFO - [0m07:04:52  Registered adapter: snowflake=1.7.0
[2025-11-25T07:04:52.760+0000] {subprocess.py:93} INFO - [0m07:04:52  Found 6 models, 5 tests, 2 snapshots, 1 source, 0 exposures, 0 metrics, 470 macros, 0 groups, 0 semantic models
[2025-11-25T07:04:52.761+0000] {subprocess.py:93} INFO - [0m07:04:52
[2025-11-25T07:04:54.272+0000] {subprocess.py:93} INFO - [0m07:04:54  Concurrency: 4 threads (target='dev')
[2025-11-25T07:04:54.273+0000] {subprocess.py:93} INFO - [0m07:04:54
[2025-11-25T07:04:54.281+0000] {subprocess.py:93} INFO - [0m07:04:54  1 of 1 START sql view model staging.stg_stock_prices ........................... [RUN]
[2025-11-25T07:04:55.067+0000] {subprocess.py:93} INFO - [0m07:04:55  1 of 1 OK created sql view model staging.stg_stock_prices ...................... [[32mSUCCESS 1[0m in 0.78s]
[2025-11-25T07:04:55.072+0000] {subprocess.py:93} INFO - [0m07:04:55
[2025-11-25T07:04:55.073+0000] {subprocess.py:93} INFO - [0m07:04:55  Finished running 1 view model in 0 hours 0 minutes and 2.31 seconds (2.31s).
[2025-11-25T07:04:55.133+0000] {subprocess.py:93} INFO - [0m07:04:55
[2025-11-25T07:04:55.133+0000] {subprocess.py:93} INFO - [0m07:04:55  [32mCompleted successfully[0m
[2025-11-25T07:04:55.133+0000] {subprocess.py:93} INFO - [0m07:04:55
[2025-11-25T07:04:55.134+0000] {subprocess.py:93} INFO - [0m07:04:55  Done. PASS=1 WARN=0 ERROR=0 SKIP=0 TOTAL=1
[2025-11-25T07:04:55.736+0000] {subprocess.py:97} INFO - Command exited with return code 0
[2025-11-25T07:04:55.753+0000] {taskinstance.py:340} INFO - ::group::Post task execution logs
[2025-11-25T07:04:55.754+0000] {taskinstance.py:352} INFO - Marking task as SUCCESS. dag_id=stock_elt_with_dbt, task_id=dbt_transformations.dbt_run_staging, run_id=manual__2025-11-25T07:04:34+00:00, execution_date=20251125T070434, start_date=20251125T070451, end_date=20251125T070455
[2025-11-25T07:04:55.801+0000] {local_task_job_runner.py:266} INFO - Task exited with return code 0
[2025-11-25T07:04:55.819+0000] {taskinstance.py:3900} INFO - 1 downstream tasks scheduled from follow-on schedule check
[2025-11-25T07:04:55.821+0000] {local_task_job_runner.py:245} INFO - ::endgroup::
