[2025-11-25T00:40:15.917+0000] {local_task_job_runner.py:123} INFO - ::group::Pre task execution logs
[2025-11-25T00:40:15.923+0000] {taskinstance.py:2612} INFO - Dependencies all met for dep_context=non-requeueable deps ti=<TaskInstance: yfinance_to_snowflake_etl.extract scheduled__2024-11-06T18:00:00+00:00 [queued]>
[2025-11-25T00:40:15.926+0000] {taskinstance.py:2612} INFO - Dependencies all met for dep_context=requeueable deps ti=<TaskInstance: yfinance_to_snowflake_etl.extract scheduled__2024-11-06T18:00:00+00:00 [queued]>
[2025-11-25T00:40:15.926+0000] {taskinstance.py:2865} INFO - Starting attempt 1 of 1
[2025-11-25T00:40:15.930+0000] {taskinstance.py:2888} INFO - Executing <Task(_PythonDecoratedOperator): extract> on 2024-11-06 18:00:00+00:00
[2025-11-25T00:40:15.934+0000] {logging_mixin.py:190} WARNING - /home/***/.local/lib/python3.12/site-packages/***/task/task_runner/standard_task_runner.py:70 DeprecationWarning: This process (pid=74632) is multi-threaded, use of fork() may lead to deadlocks in the child.
[2025-11-25T00:40:15.934+0000] {standard_task_runner.py:72} INFO - Started process 74742 to run task
[2025-11-25T00:40:15.934+0000] {standard_task_runner.py:104} INFO - Running: ['***', 'tasks', 'run', 'yfinance_to_snowflake_etl', 'extract', 'scheduled__2024-11-06T18:00:00+00:00', '--job-id', '3776', '--raw', '--subdir', 'DAGS_FOLDER/yfinance_to_snowflake_etl.py', '--cfg-path', '/tmp/tmp5te0_rbl']
[2025-11-25T00:40:15.935+0000] {standard_task_runner.py:105} INFO - Job 3776: Subtask extract
[2025-11-25T00:40:15.953+0000] {task_command.py:467} INFO - Running <TaskInstance: yfinance_to_snowflake_etl.extract scheduled__2024-11-06T18:00:00+00:00 [running]> on host fd57ff944215
[2025-11-25T00:40:15.987+0000] {taskinstance.py:3131} INFO - Exporting env vars: AIRFLOW_CTX_DAG_OWNER='***' AIRFLOW_CTX_DAG_ID='yfinance_to_snowflake_etl' AIRFLOW_CTX_TASK_ID='extract' AIRFLOW_CTX_EXECUTION_DATE='2024-11-06T18:00:00+00:00' AIRFLOW_CTX_TRY_NUMBER='1' AIRFLOW_CTX_DAG_RUN_ID='scheduled__2024-11-06T18:00:00+00:00'
[2025-11-25T00:40:15.988+0000] {taskinstance.py:731} INFO - ::endgroup::
[2025-11-25T00:40:15.989+0000] {logging_mixin.py:190} INFO - Starting extraction for symbols: ['AAPL', 'TSLA']
[2025-11-25T00:40:15.989+0000] {logging_mixin.py:190} INFO - Period: "180d", Interval: "1d"
[2025-11-25T00:40:15.990+0000] {logging_mixin.py:190} WARNING - /opt/***/dags/yfinance_to_snowflake_etl.py:44 FutureWarning: YF.download() has changed argument auto_adjust default to True
[2025-11-25T00:40:16.679+0000] {logging_mixin.py:190} WARNING - [*********************100%***********************]  1 of 1 completed
[2025-11-25T00:40:16.679+0000] {multi.py:185} ERROR - 
1 Failed download:
[2025-11-25T00:40:16.679+0000] {multi.py:198} ERROR - ['AAPL']: YFPricesMissingError('possibly delisted; no price data found  (period="180d") (Yahoo error = "Invalid input - interval="1d" is not supported. Valid intervals: [1m, 2m, 5m, 15m, 30m, 60m, 90m, 1h, 4h, 1d, 5d, 1wk, 1mo, 3mo]")')
[2025-11-25T00:40:16.682+0000] {logging_mixin.py:190} INFO - No data available for symbol AAPL
[2025-11-25T00:40:16.682+0000] {logging_mixin.py:190} INFO - Skipping AAPL - no data returned
[2025-11-25T00:40:16.683+0000] {logging_mixin.py:190} WARNING - /opt/***/dags/yfinance_to_snowflake_etl.py:44 FutureWarning: YF.download() has changed argument auto_adjust default to True
[2025-11-25T00:40:17.015+0000] {logging_mixin.py:190} WARNING - [*********************100%***********************]  1 of 1 completed
[2025-11-25T00:40:17.016+0000] {multi.py:185} ERROR - 
1 Failed download:
[2025-11-25T00:40:17.016+0000] {multi.py:198} ERROR - ['TSLA']: YFPricesMissingError('possibly delisted; no price data found  (period="180d") (Yahoo error = "Invalid input - interval="1d" is not supported. Valid intervals: [1m, 2m, 5m, 15m, 30m, 60m, 90m, 1h, 4h, 1d, 5d, 1wk, 1mo, 3mo]")')
[2025-11-25T00:40:17.017+0000] {logging_mixin.py:190} INFO - No data available for symbol TSLA
[2025-11-25T00:40:17.017+0000] {logging_mixin.py:190} INFO - Skipping TSLA - no data returned
[2025-11-25T00:40:17.017+0000] {logging_mixin.py:190} INFO - Total records extracted: 0
[2025-11-25T00:40:17.017+0000] {python.py:240} INFO - Done. Returned value was: []
[2025-11-25T00:40:17.026+0000] {taskinstance.py:340} INFO - ::group::Post task execution logs
[2025-11-25T00:40:17.027+0000] {taskinstance.py:352} INFO - Marking task as SUCCESS. dag_id=yfinance_to_snowflake_etl, task_id=extract, run_id=scheduled__2024-11-06T18:00:00+00:00, execution_date=20241106T180000, start_date=20251125T004015, end_date=20251125T004017
[2025-11-25T00:40:17.069+0000] {local_task_job_runner.py:266} INFO - Task exited with return code 0
[2025-11-25T00:40:17.073+0000] {local_task_job_runner.py:245} INFO - ::endgroup::
