[2025-11-25T00:37:58.137+0000] {local_task_job_runner.py:123} INFO - ::group::Pre task execution logs
[2025-11-25T00:37:58.143+0000] {taskinstance.py:2612} INFO - Dependencies all met for dep_context=non-requeueable deps ti=<TaskInstance: yfinance_to_snowflake_etl.extract scheduled__2024-03-27T18:00:00+00:00 [queued]>
[2025-11-25T00:37:58.147+0000] {taskinstance.py:2612} INFO - Dependencies all met for dep_context=requeueable deps ti=<TaskInstance: yfinance_to_snowflake_etl.extract scheduled__2024-03-27T18:00:00+00:00 [queued]>
[2025-11-25T00:37:58.147+0000] {taskinstance.py:2865} INFO - Starting attempt 1 of 1
[2025-11-25T00:37:58.151+0000] {taskinstance.py:2888} INFO - Executing <Task(_PythonDecoratedOperator): extract> on 2024-03-27 18:00:00+00:00
[2025-11-25T00:37:58.157+0000] {logging_mixin.py:190} WARNING - /home/***/.local/lib/python3.12/site-packages/***/task/task_runner/standard_task_runner.py:70 DeprecationWarning: This process (pid=71183) is multi-threaded, use of fork() may lead to deadlocks in the child.
[2025-11-25T00:37:58.158+0000] {standard_task_runner.py:72} INFO - Started process 71247 to run task
[2025-11-25T00:37:58.157+0000] {standard_task_runner.py:104} INFO - Running: ['***', 'tasks', 'run', 'yfinance_to_snowflake_etl', 'extract', 'scheduled__2024-03-27T18:00:00+00:00', '--job-id', '3295', '--raw', '--subdir', 'DAGS_FOLDER/yfinance_to_snowflake_etl.py', '--cfg-path', '/tmp/tmpe9fpdtlo']
[2025-11-25T00:37:58.158+0000] {standard_task_runner.py:105} INFO - Job 3295: Subtask extract
[2025-11-25T00:37:58.177+0000] {task_command.py:467} INFO - Running <TaskInstance: yfinance_to_snowflake_etl.extract scheduled__2024-03-27T18:00:00+00:00 [running]> on host fd57ff944215
[2025-11-25T00:37:58.211+0000] {taskinstance.py:3131} INFO - Exporting env vars: AIRFLOW_CTX_DAG_OWNER='***' AIRFLOW_CTX_DAG_ID='yfinance_to_snowflake_etl' AIRFLOW_CTX_TASK_ID='extract' AIRFLOW_CTX_EXECUTION_DATE='2024-03-27T18:00:00+00:00' AIRFLOW_CTX_TRY_NUMBER='1' AIRFLOW_CTX_DAG_RUN_ID='scheduled__2024-03-27T18:00:00+00:00'
[2025-11-25T00:37:58.211+0000] {taskinstance.py:731} INFO - ::endgroup::
[2025-11-25T00:37:58.213+0000] {logging_mixin.py:190} WARNING - /opt/***/dags/yfinance_to_snowflake_etl.py:48 FutureWarning: YF.download() has changed argument auto_adjust default to True
[2025-11-25T00:37:58.346+0000] {logging_mixin.py:190} WARNING - [*********************100%***********************]  1 of 1 completed
[2025-11-25T00:37:58.346+0000] {multi.py:185} ERROR - 
1 Failed download:
[2025-11-25T00:37:58.346+0000] {multi.py:198} ERROR - ['AAPL']: YFRateLimitError('Too Many Requests. Rate limited. Try after a while.')
[2025-11-25T00:37:58.349+0000] {logging_mixin.py:190} INFO - Error: No data available for symbol AAPL. Retrying in 2.0 seconds...
[2025-11-25T00:38:00.350+0000] {logging_mixin.py:190} WARNING - /opt/***/dags/yfinance_to_snowflake_etl.py:48 FutureWarning: YF.download() has changed argument auto_adjust default to True
[2025-11-25T00:38:00.550+0000] {logging_mixin.py:190} WARNING - [*********************100%***********************]  1 of 1 completed
[2025-11-25T00:38:00.550+0000] {multi.py:185} ERROR - 
1 Failed download:
[2025-11-25T00:38:00.550+0000] {multi.py:198} ERROR - ['AAPL']: YFRateLimitError('Too Many Requests. Rate limited. Try after a while.')
[2025-11-25T00:38:00.552+0000] {logging_mixin.py:190} INFO - Max retries reached. Unable to download stock data for AAPL.
[2025-11-25T00:38:00.552+0000] {logging_mixin.py:190} INFO - No data returned for AAPL
[2025-11-25T00:38:00.553+0000] {logging_mixin.py:190} WARNING - /opt/***/dags/yfinance_to_snowflake_etl.py:48 FutureWarning: YF.download() has changed argument auto_adjust default to True
[2025-11-25T00:38:00.714+0000] {logging_mixin.py:190} WARNING - [*********************100%***********************]  1 of 1 completed
[2025-11-25T00:38:00.714+0000] {multi.py:185} ERROR - 
1 Failed download:
[2025-11-25T00:38:00.714+0000] {multi.py:198} ERROR - ['TSLA']: YFRateLimitError('Too Many Requests. Rate limited. Try after a while.')
[2025-11-25T00:38:00.716+0000] {logging_mixin.py:190} INFO - Error: No data available for symbol TSLA. Retrying in 2.0 seconds...
[2025-11-25T00:38:02.718+0000] {logging_mixin.py:190} WARNING - /opt/***/dags/yfinance_to_snowflake_etl.py:48 FutureWarning: YF.download() has changed argument auto_adjust default to True
[2025-11-25T00:38:02.859+0000] {logging_mixin.py:190} WARNING - [*********************100%***********************]  1 of 1 completed
[2025-11-25T00:38:02.859+0000] {multi.py:185} ERROR - 
1 Failed download:
[2025-11-25T00:38:02.860+0000] {multi.py:198} ERROR - ['TSLA']: YFRateLimitError('Too Many Requests. Rate limited. Try after a while.')
[2025-11-25T00:38:02.863+0000] {logging_mixin.py:190} INFO - Max retries reached. Unable to download stock data for TSLA.
[2025-11-25T00:38:02.864+0000] {logging_mixin.py:190} INFO - No data returned for TSLA
[2025-11-25T00:38:02.865+0000] {python.py:240} INFO - Done. Returned value was: []
[2025-11-25T00:38:02.895+0000] {taskinstance.py:340} INFO - ::group::Post task execution logs
[2025-11-25T00:38:02.896+0000] {taskinstance.py:352} INFO - Marking task as SUCCESS. dag_id=yfinance_to_snowflake_etl, task_id=extract, run_id=scheduled__2024-03-27T18:00:00+00:00, execution_date=20240327T180000, start_date=20251125T003758, end_date=20251125T003802
[2025-11-25T00:38:02.925+0000] {local_task_job_runner.py:266} INFO - Task exited with return code 0
[2025-11-25T00:38:02.938+0000] {local_task_job_runner.py:245} INFO - ::endgroup::
