[2025-11-25T07:02:04.908+0000] {local_task_job_runner.py:123} INFO - ::group::Pre task execution logs
[2025-11-25T07:02:04.914+0000] {taskinstance.py:2612} INFO - Dependencies all met for dep_context=non-requeueable deps ti=<TaskInstance: stock_elt_with_dbt.dbt_transformations.dbt_deps scheduled__2025-11-21T18:00:00+00:00 [queued]>
[2025-11-25T07:02:04.917+0000] {taskinstance.py:2612} INFO - Dependencies all met for dep_context=requeueable deps ti=<TaskInstance: stock_elt_with_dbt.dbt_transformations.dbt_deps scheduled__2025-11-21T18:00:00+00:00 [queued]>
[2025-11-25T07:02:04.917+0000] {taskinstance.py:2865} INFO - Starting attempt 4 of 4
[2025-11-25T07:02:04.922+0000] {taskinstance.py:2888} INFO - Executing <Task(BashOperator): dbt_transformations.dbt_deps> on 2025-11-21 18:00:00+00:00
[2025-11-25T07:02:04.926+0000] {logging_mixin.py:190} WARNING - /home/***/.local/lib/python3.12/site-packages/***/task/task_runner/standard_task_runner.py:70 DeprecationWarning: This process (pid=6382) is multi-threaded, use of fork() may lead to deadlocks in the child.
[2025-11-25T07:02:04.926+0000] {standard_task_runner.py:72} INFO - Started process 6390 to run task
[2025-11-25T07:02:04.926+0000] {standard_task_runner.py:104} INFO - Running: ['***', 'tasks', 'run', 'stock_elt_with_dbt', 'dbt_transformations.dbt_deps', 'scheduled__2025-11-21T18:00:00+00:00', '--job-id', '4841', '--raw', '--subdir', 'DAGS_FOLDER/stock_elt_with_dbt.py', '--cfg-path', '/tmp/tmpj71rl_ku']
[2025-11-25T07:02:04.927+0000] {standard_task_runner.py:105} INFO - Job 4841: Subtask dbt_transformations.dbt_deps
[2025-11-25T07:02:04.943+0000] {task_command.py:467} INFO - Running <TaskInstance: stock_elt_with_dbt.dbt_transformations.dbt_deps scheduled__2025-11-21T18:00:00+00:00 [running]> on host a4b8d4f4105c
[2025-11-25T07:02:04.967+0000] {taskinstance.py:3131} INFO - Exporting env vars: AIRFLOW_CTX_DAG_OWNER='***' AIRFLOW_CTX_DAG_ID='stock_elt_with_dbt' AIRFLOW_CTX_TASK_ID='dbt_transformations.dbt_deps' AIRFLOW_CTX_EXECUTION_DATE='2025-11-21T18:00:00+00:00' AIRFLOW_CTX_TRY_NUMBER='4' AIRFLOW_CTX_DAG_RUN_ID='scheduled__2025-11-21T18:00:00+00:00'
[2025-11-25T07:02:04.968+0000] {taskinstance.py:731} INFO - ::endgroup::
[2025-11-25T07:02:04.968+0000] {subprocess.py:63} INFO - Tmp dir root location: /tmp
[2025-11-25T07:02:04.969+0000] {subprocess.py:75} INFO - Running command: ['/usr/bin/bash', '-c', 'cd /opt/***/stock_analytics && dbt deps --profiles-dir .']
[2025-11-25T07:02:04.973+0000] {subprocess.py:86} INFO - Output:
[2025-11-25T07:02:06.018+0000] {subprocess.py:93} INFO - [0m07:02:06  Running with dbt=1.7.0
[2025-11-25T07:02:06.052+0000] {subprocess.py:93} INFO - [0m07:02:06  Warning: No packages were found in packages.yml
[2025-11-25T07:02:06.053+0000] {subprocess.py:93} INFO - [0m07:02:06  Warning: No packages were found in packages.yml
[2025-11-25T07:02:06.635+0000] {subprocess.py:97} INFO - Command exited with return code 0
[2025-11-25T07:02:06.648+0000] {taskinstance.py:340} INFO - ::group::Post task execution logs
[2025-11-25T07:02:06.648+0000] {taskinstance.py:352} INFO - Marking task as SUCCESS. dag_id=stock_elt_with_dbt, task_id=dbt_transformations.dbt_deps, run_id=scheduled__2025-11-21T18:00:00+00:00, execution_date=20251121T180000, start_date=20251125T070204, end_date=20251125T070206
[2025-11-25T07:02:06.688+0000] {local_task_job_runner.py:266} INFO - Task exited with return code 0
[2025-11-25T07:02:06.700+0000] {taskinstance.py:3900} INFO - 1 downstream tasks scheduled from follow-on schedule check
[2025-11-25T07:02:06.700+0000] {local_task_job_runner.py:245} INFO - ::endgroup::
