[2025-11-25T07:04:47.154+0000] {local_task_job_runner.py:123} INFO - ::group::Pre task execution logs
[2025-11-25T07:04:47.159+0000] {taskinstance.py:2612} INFO - Dependencies all met for dep_context=non-requeueable deps ti=<TaskInstance: stock_elt_with_dbt.dbt_transformations.dbt_debug manual__2025-11-25T07:04:34+00:00 [queued]>
[2025-11-25T07:04:47.162+0000] {taskinstance.py:2612} INFO - Dependencies all met for dep_context=requeueable deps ti=<TaskInstance: stock_elt_with_dbt.dbt_transformations.dbt_debug manual__2025-11-25T07:04:34+00:00 [queued]>
[2025-11-25T07:04:47.162+0000] {taskinstance.py:2865} INFO - Starting attempt 1 of 2
[2025-11-25T07:04:47.166+0000] {taskinstance.py:2888} INFO - Executing <Task(BashOperator): dbt_transformations.dbt_debug> on 2025-11-25 07:04:34+00:00
[2025-11-25T07:04:47.170+0000] {logging_mixin.py:190} WARNING - /home/***/.local/lib/python3.12/site-packages/***/task/task_runner/standard_task_runner.py:70 DeprecationWarning: This process (pid=7029) is multi-threaded, use of fork() may lead to deadlocks in the child.
[2025-11-25T07:04:47.170+0000] {standard_task_runner.py:72} INFO - Started process 7042 to run task
[2025-11-25T07:04:47.170+0000] {standard_task_runner.py:104} INFO - Running: ['***', 'tasks', 'run', 'stock_elt_with_dbt', 'dbt_transformations.dbt_debug', 'manual__2025-11-25T07:04:34+00:00', '--job-id', '4852', '--raw', '--subdir', 'DAGS_FOLDER/stock_elt_with_dbt.py', '--cfg-path', '/tmp/tmp90zwjr5z']
[2025-11-25T07:04:47.171+0000] {standard_task_runner.py:105} INFO - Job 4852: Subtask dbt_transformations.dbt_debug
[2025-11-25T07:04:47.186+0000] {task_command.py:467} INFO - Running <TaskInstance: stock_elt_with_dbt.dbt_transformations.dbt_debug manual__2025-11-25T07:04:34+00:00 [running]> on host a4b8d4f4105c
[2025-11-25T07:04:47.213+0000] {taskinstance.py:3131} INFO - Exporting env vars: AIRFLOW_CTX_DAG_OWNER='***' AIRFLOW_CTX_DAG_ID='stock_elt_with_dbt' AIRFLOW_CTX_TASK_ID='dbt_transformations.dbt_debug' AIRFLOW_CTX_EXECUTION_DATE='2025-11-25T07:04:34+00:00' AIRFLOW_CTX_TRY_NUMBER='1' AIRFLOW_CTX_DAG_RUN_ID='manual__2025-11-25T07:04:34+00:00'
[2025-11-25T07:04:47.214+0000] {taskinstance.py:731} INFO - ::endgroup::
[2025-11-25T07:04:47.215+0000] {subprocess.py:63} INFO - Tmp dir root location: /tmp
[2025-11-25T07:04:47.215+0000] {subprocess.py:75} INFO - Running command: ['/usr/bin/bash', '-c', 'cd /opt/***/stock_analytics && dbt debug --profiles-dir .']
[2025-11-25T07:04:47.219+0000] {subprocess.py:86} INFO - Output:
[2025-11-25T07:04:48.232+0000] {subprocess.py:93} INFO - [0m07:04:48  Running with dbt=1.7.0
[2025-11-25T07:04:48.233+0000] {subprocess.py:93} INFO - [0m07:04:48  dbt version: 1.7.0
[2025-11-25T07:04:48.233+0000] {subprocess.py:93} INFO - [0m07:04:48  python version: 3.12.5
[2025-11-25T07:04:48.233+0000] {subprocess.py:93} INFO - [0m07:04:48  python path: /home/***/.local/bin/python
[2025-11-25T07:04:48.234+0000] {subprocess.py:93} INFO - [0m07:04:48  os info: Linux-6.10.14-linuxkit-aarch64-with-glibc2.36
[2025-11-25T07:04:48.490+0000] {subprocess.py:93} INFO - [0m07:04:48  Using profiles dir at .
[2025-11-25T07:04:48.490+0000] {subprocess.py:93} INFO - [0m07:04:48  Using profiles.yml file at ./profiles.yml
[2025-11-25T07:04:48.490+0000] {subprocess.py:93} INFO - [0m07:04:48  Using dbt_project.yml file at /opt/***/stock_analytics/dbt_project.yml
[2025-11-25T07:04:48.491+0000] {subprocess.py:93} INFO - [0m07:04:48  adapter type: snowflake
[2025-11-25T07:04:48.491+0000] {subprocess.py:93} INFO - [0m07:04:48  adapter version: 1.7.0
[2025-11-25T07:04:48.514+0000] {subprocess.py:93} INFO - [0m07:04:48  Configuration:
[2025-11-25T07:04:48.514+0000] {subprocess.py:93} INFO - [0m07:04:48    profiles.yml file [[32mOK found and valid[0m]
[2025-11-25T07:04:48.515+0000] {subprocess.py:93} INFO - [0m07:04:48    dbt_project.yml file [[32mOK found and valid[0m]
[2025-11-25T07:04:48.515+0000] {subprocess.py:93} INFO - [0m07:04:48  Required dependencies:
[2025-11-25T07:04:48.517+0000] {subprocess.py:93} INFO - [0m07:04:48   - git [[32mOK found[0m]
[2025-11-25T07:04:48.517+0000] {subprocess.py:93} INFO - 
[2025-11-25T07:04:48.517+0000] {subprocess.py:93} INFO - [0m07:04:48  Connection:
[2025-11-25T07:04:48.517+0000] {subprocess.py:93} INFO - [0m07:04:48    account: lvb17920
[2025-11-25T07:04:48.517+0000] {subprocess.py:93} INFO - [0m07:04:48    user: CHIPMUNK
[2025-11-25T07:04:48.518+0000] {subprocess.py:93} INFO - [0m07:04:48    database: TRAINING_DB
[2025-11-25T07:04:48.518+0000] {subprocess.py:93} INFO - [0m07:04:48    warehouse: XSMALL_WH
[2025-11-25T07:04:48.518+0000] {subprocess.py:93} INFO - [0m07:04:48    role: TRAINING_ROLE
[2025-11-25T07:04:48.518+0000] {subprocess.py:93} INFO - [0m07:04:48    schema: raw
[2025-11-25T07:04:48.518+0000] {subprocess.py:93} INFO - [0m07:04:48    authenticator: None
[2025-11-25T07:04:48.519+0000] {subprocess.py:93} INFO - [0m07:04:48    private_key_path: None
[2025-11-25T07:04:48.519+0000] {subprocess.py:93} INFO - [0m07:04:48    token: None
[2025-11-25T07:04:48.519+0000] {subprocess.py:93} INFO - [0m07:04:48    oauth_client_id: None
[2025-11-25T07:04:48.519+0000] {subprocess.py:93} INFO - [0m07:04:48    query_tag: None
[2025-11-25T07:04:48.519+0000] {subprocess.py:93} INFO - [0m07:04:48    client_session_keep_alive: False
[2025-11-25T07:04:48.520+0000] {subprocess.py:93} INFO - [0m07:04:48    host: None
[2025-11-25T07:04:48.520+0000] {subprocess.py:93} INFO - [0m07:04:48    port: None
[2025-11-25T07:04:48.520+0000] {subprocess.py:93} INFO - [0m07:04:48    proxy_host: None
[2025-11-25T07:04:48.520+0000] {subprocess.py:93} INFO - [0m07:04:48    proxy_port: None
[2025-11-25T07:04:48.520+0000] {subprocess.py:93} INFO - [0m07:04:48    protocol: None
[2025-11-25T07:04:48.521+0000] {subprocess.py:93} INFO - [0m07:04:48    connect_retries: 1
[2025-11-25T07:04:48.521+0000] {subprocess.py:93} INFO - [0m07:04:48    connect_timeout: None
[2025-11-25T07:04:48.521+0000] {subprocess.py:93} INFO - [0m07:04:48    retry_on_database_errors: False
[2025-11-25T07:04:48.521+0000] {subprocess.py:93} INFO - [0m07:04:48    retry_all: False
[2025-11-25T07:04:48.521+0000] {subprocess.py:93} INFO - [0m07:04:48    insecure_mode: False
[2025-11-25T07:04:48.522+0000] {subprocess.py:93} INFO - [0m07:04:48    reuse_connections: None
[2025-11-25T07:04:48.522+0000] {subprocess.py:93} INFO - [0m07:04:48  Registered adapter: snowflake=1.7.0
[2025-11-25T07:04:49.351+0000] {subprocess.py:93} INFO - [0m07:04:49    Connection test: [[32mOK connection ok[0m]
[2025-11-25T07:04:49.353+0000] {subprocess.py:93} INFO - 
[2025-11-25T07:04:49.353+0000] {subprocess.py:93} INFO - [0m07:04:49  [32mAll checks passed![0m
[2025-11-25T07:04:49.996+0000] {subprocess.py:97} INFO - Command exited with return code 0
[2025-11-25T07:04:50.005+0000] {taskinstance.py:340} INFO - ::group::Post task execution logs
[2025-11-25T07:04:50.006+0000] {taskinstance.py:352} INFO - Marking task as SUCCESS. dag_id=stock_elt_with_dbt, task_id=dbt_transformations.dbt_debug, run_id=manual__2025-11-25T07:04:34+00:00, execution_date=20251125T070434, start_date=20251125T070447, end_date=20251125T070450
[2025-11-25T07:04:50.036+0000] {local_task_job_runner.py:266} INFO - Task exited with return code 0
[2025-11-25T07:04:50.046+0000] {taskinstance.py:3900} INFO - 1 downstream tasks scheduled from follow-on schedule check
[2025-11-25T07:04:50.047+0000] {local_task_job_runner.py:245} INFO - ::endgroup::
