[2025-11-24T23:38:31.894+0000] {processor.py:186} INFO - Started process (PID=521) to work on /opt/airflow/dags/yfinance_to_snowflake_etl.py
[2025-11-24T23:38:31.894+0000] {processor.py:914} INFO - Processing file /opt/airflow/dags/yfinance_to_snowflake_etl.py for tasks to queue
[2025-11-24T23:38:31.895+0000] {logging_mixin.py:190} INFO - [2025-11-24T23:38:31.895+0000] {dagbag.py:587} INFO - Filling up the DagBag from /opt/airflow/dags/yfinance_to_snowflake_etl.py
[2025-11-24T23:38:32.206+0000] {processor.py:927} WARNING - No viable dags retrieved from /opt/airflow/dags/yfinance_to_snowflake_etl.py
[2025-11-24T23:38:32.209+0000] {processor.py:208} INFO - Processing /opt/airflow/dags/yfinance_to_snowflake_etl.py took 0.317 seconds
[2025-11-24T23:39:02.506+0000] {processor.py:186} INFO - Started process (PID=532) to work on /opt/airflow/dags/yfinance_to_snowflake_etl.py
[2025-11-24T23:39:02.507+0000] {processor.py:914} INFO - Processing file /opt/airflow/dags/yfinance_to_snowflake_etl.py for tasks to queue
[2025-11-24T23:39:02.509+0000] {logging_mixin.py:190} INFO - [2025-11-24T23:39:02.509+0000] {dagbag.py:587} INFO - Filling up the DagBag from /opt/airflow/dags/yfinance_to_snowflake_etl.py
[2025-11-24T23:39:02.767+0000] {processor.py:927} WARNING - No viable dags retrieved from /opt/airflow/dags/yfinance_to_snowflake_etl.py
[2025-11-24T23:39:02.768+0000] {processor.py:208} INFO - Processing /opt/airflow/dags/yfinance_to_snowflake_etl.py took 0.266 seconds
[2025-11-24T23:39:32.832+0000] {processor.py:186} INFO - Started process (PID=543) to work on /opt/airflow/dags/yfinance_to_snowflake_etl.py
[2025-11-24T23:39:32.833+0000] {processor.py:914} INFO - Processing file /opt/airflow/dags/yfinance_to_snowflake_etl.py for tasks to queue
[2025-11-24T23:39:32.836+0000] {logging_mixin.py:190} INFO - [2025-11-24T23:39:32.835+0000] {dagbag.py:587} INFO - Filling up the DagBag from /opt/airflow/dags/yfinance_to_snowflake_etl.py
[2025-11-24T23:39:33.071+0000] {processor.py:927} WARNING - No viable dags retrieved from /opt/airflow/dags/yfinance_to_snowflake_etl.py
[2025-11-24T23:39:33.073+0000] {processor.py:208} INFO - Processing /opt/airflow/dags/yfinance_to_snowflake_etl.py took 0.246 seconds
[2025-11-24T23:40:03.268+0000] {processor.py:186} INFO - Started process (PID=554) to work on /opt/airflow/dags/yfinance_to_snowflake_etl.py
[2025-11-24T23:40:03.269+0000] {processor.py:914} INFO - Processing file /opt/airflow/dags/yfinance_to_snowflake_etl.py for tasks to queue
[2025-11-24T23:40:03.271+0000] {logging_mixin.py:190} INFO - [2025-11-24T23:40:03.270+0000] {dagbag.py:587} INFO - Filling up the DagBag from /opt/airflow/dags/yfinance_to_snowflake_etl.py
[2025-11-24T23:40:03.480+0000] {processor.py:927} WARNING - No viable dags retrieved from /opt/airflow/dags/yfinance_to_snowflake_etl.py
[2025-11-24T23:40:03.482+0000] {processor.py:208} INFO - Processing /opt/airflow/dags/yfinance_to_snowflake_etl.py took 0.217 seconds
[2025-11-24T23:40:33.560+0000] {processor.py:186} INFO - Started process (PID=564) to work on /opt/airflow/dags/yfinance_to_snowflake_etl.py
[2025-11-24T23:40:33.560+0000] {processor.py:914} INFO - Processing file /opt/airflow/dags/yfinance_to_snowflake_etl.py for tasks to queue
[2025-11-24T23:40:33.562+0000] {logging_mixin.py:190} INFO - [2025-11-24T23:40:33.562+0000] {dagbag.py:587} INFO - Filling up the DagBag from /opt/airflow/dags/yfinance_to_snowflake_etl.py
[2025-11-24T23:40:33.795+0000] {processor.py:927} WARNING - No viable dags retrieved from /opt/airflow/dags/yfinance_to_snowflake_etl.py
[2025-11-24T23:40:33.796+0000] {processor.py:208} INFO - Processing /opt/airflow/dags/yfinance_to_snowflake_etl.py took 0.240 seconds
[2025-11-24T23:41:04.130+0000] {processor.py:186} INFO - Started process (PID=575) to work on /opt/airflow/dags/yfinance_to_snowflake_etl.py
[2025-11-24T23:41:04.131+0000] {processor.py:914} INFO - Processing file /opt/airflow/dags/yfinance_to_snowflake_etl.py for tasks to queue
[2025-11-24T23:41:04.133+0000] {logging_mixin.py:190} INFO - [2025-11-24T23:41:04.132+0000] {dagbag.py:587} INFO - Filling up the DagBag from /opt/airflow/dags/yfinance_to_snowflake_etl.py
[2025-11-24T23:41:04.353+0000] {processor.py:927} WARNING - No viable dags retrieved from /opt/airflow/dags/yfinance_to_snowflake_etl.py
[2025-11-24T23:41:04.354+0000] {processor.py:208} INFO - Processing /opt/airflow/dags/yfinance_to_snowflake_etl.py took 0.229 seconds
[2025-11-24T23:41:34.438+0000] {processor.py:186} INFO - Started process (PID=586) to work on /opt/airflow/dags/yfinance_to_snowflake_etl.py
[2025-11-24T23:41:34.439+0000] {processor.py:914} INFO - Processing file /opt/airflow/dags/yfinance_to_snowflake_etl.py for tasks to queue
[2025-11-24T23:41:34.442+0000] {logging_mixin.py:190} INFO - [2025-11-24T23:41:34.441+0000] {dagbag.py:587} INFO - Filling up the DagBag from /opt/airflow/dags/yfinance_to_snowflake_etl.py
[2025-11-24T23:41:34.653+0000] {processor.py:927} WARNING - No viable dags retrieved from /opt/airflow/dags/yfinance_to_snowflake_etl.py
[2025-11-24T23:41:34.655+0000] {processor.py:208} INFO - Processing /opt/airflow/dags/yfinance_to_snowflake_etl.py took 0.221 seconds
[2025-11-24T23:42:04.943+0000] {processor.py:186} INFO - Started process (PID=597) to work on /opt/airflow/dags/yfinance_to_snowflake_etl.py
[2025-11-24T23:42:04.944+0000] {processor.py:914} INFO - Processing file /opt/airflow/dags/yfinance_to_snowflake_etl.py for tasks to queue
[2025-11-24T23:42:04.946+0000] {logging_mixin.py:190} INFO - [2025-11-24T23:42:04.946+0000] {dagbag.py:587} INFO - Filling up the DagBag from /opt/airflow/dags/yfinance_to_snowflake_etl.py
[2025-11-24T23:42:05.156+0000] {processor.py:927} WARNING - No viable dags retrieved from /opt/airflow/dags/yfinance_to_snowflake_etl.py
[2025-11-24T23:42:05.158+0000] {processor.py:208} INFO - Processing /opt/airflow/dags/yfinance_to_snowflake_etl.py took 0.219 seconds
[2025-11-24T23:42:35.253+0000] {processor.py:186} INFO - Started process (PID=608) to work on /opt/airflow/dags/yfinance_to_snowflake_etl.py
[2025-11-24T23:42:35.254+0000] {processor.py:914} INFO - Processing file /opt/airflow/dags/yfinance_to_snowflake_etl.py for tasks to queue
[2025-11-24T23:42:35.255+0000] {logging_mixin.py:190} INFO - [2025-11-24T23:42:35.255+0000] {dagbag.py:587} INFO - Filling up the DagBag from /opt/airflow/dags/yfinance_to_snowflake_etl.py
[2025-11-24T23:42:35.466+0000] {processor.py:927} WARNING - No viable dags retrieved from /opt/airflow/dags/yfinance_to_snowflake_etl.py
[2025-11-24T23:42:35.468+0000] {processor.py:208} INFO - Processing /opt/airflow/dags/yfinance_to_snowflake_etl.py took 0.219 seconds
[2025-11-24T23:42:54.605+0000] {processor.py:186} INFO - Started process (PID=619) to work on /opt/airflow/dags/yfinance_to_snowflake_etl.py
[2025-11-24T23:42:54.606+0000] {processor.py:914} INFO - Processing file /opt/airflow/dags/yfinance_to_snowflake_etl.py for tasks to queue
[2025-11-24T23:42:54.608+0000] {logging_mixin.py:190} INFO - [2025-11-24T23:42:54.607+0000] {dagbag.py:587} INFO - Filling up the DagBag from /opt/airflow/dags/yfinance_to_snowflake_etl.py
[2025-11-24T23:42:54.820+0000] {logging_mixin.py:190} INFO - [2025-11-24T23:42:54.820+0000] {base.py:84} INFO - Retrieving connection 'snowflake_conn'
[2025-11-24T23:42:54.821+0000] {logging_mixin.py:190} INFO - [2025-11-24T23:42:54.821+0000] {connection.py:413} INFO - Snowflake Connector for Python Version: 3.12.1, Python Version: 3.12.5, Platform: Linux-6.10.14-linuxkit-aarch64-with-glibc2.36
[2025-11-24T23:42:54.821+0000] {logging_mixin.py:190} INFO - [2025-11-24T23:42:54.821+0000] {connection.py:1196} INFO - Connecting to GLOBAL Snowflake domain
[2025-11-24T23:42:54.821+0000] {logging_mixin.py:190} INFO - [2025-11-24T23:42:54.821+0000] {connection.py:1277} INFO - This connection is in OCSP Fail Open Mode. TLS Certificates would be checked for validity and revocation status. Any other Certificate Revocation related exceptions or OCSP Responder failures would be disregarded in favor of connectivity.
[2025-11-24T23:42:55.720+0000] {processor.py:925} INFO - DAG(s) 'yfinance_to_snowflake_etl' retrieved from /opt/airflow/dags/yfinance_to_snowflake_etl.py
[2025-11-24T23:42:55.771+0000] {logging_mixin.py:190} INFO - [2025-11-24T23:42:55.771+0000] {override.py:1900} INFO - Created Permission View: can delete on DAG:yfinance_to_snowflake_etl
[2025-11-24T23:42:55.774+0000] {logging_mixin.py:190} INFO - [2025-11-24T23:42:55.774+0000] {override.py:1900} INFO - Created Permission View: can read on DAG:yfinance_to_snowflake_etl
[2025-11-24T23:42:55.775+0000] {logging_mixin.py:190} INFO - [2025-11-24T23:42:55.775+0000] {override.py:1900} INFO - Created Permission View: can edit on DAG:yfinance_to_snowflake_etl
[2025-11-24T23:42:55.777+0000] {logging_mixin.py:190} INFO - [2025-11-24T23:42:55.777+0000] {override.py:1900} INFO - Created Permission View: can read on DAG Run:yfinance_to_snowflake_etl
[2025-11-24T23:42:55.778+0000] {logging_mixin.py:190} INFO - [2025-11-24T23:42:55.778+0000] {override.py:1900} INFO - Created Permission View: can create on DAG Run:yfinance_to_snowflake_etl
[2025-11-24T23:42:55.780+0000] {logging_mixin.py:190} INFO - [2025-11-24T23:42:55.780+0000] {override.py:1900} INFO - Created Permission View: can delete on DAG Run:yfinance_to_snowflake_etl
[2025-11-24T23:42:55.781+0000] {logging_mixin.py:190} INFO - [2025-11-24T23:42:55.781+0000] {override.py:1900} INFO - Created Permission View: menu access on DAG Run:yfinance_to_snowflake_etl
[2025-11-24T23:42:55.781+0000] {logging_mixin.py:190} INFO - [2025-11-24T23:42:55.781+0000] {dag.py:3229} INFO - Sync 1 DAGs
[2025-11-24T23:42:55.785+0000] {logging_mixin.py:190} INFO - [2025-11-24T23:42:55.785+0000] {dag.py:3252} INFO - Creating ORM DAG for yfinance_to_snowflake_etl
[2025-11-24T23:42:55.788+0000] {logging_mixin.py:190} INFO - [2025-11-24T23:42:55.788+0000] {dag.py:4156} INFO - Setting next_dagrun for yfinance_to_snowflake_etl to 2020-01-01 18:00:00+00:00, run_after=2020-01-02 18:00:00+00:00
[2025-11-24T23:42:55.793+0000] {processor.py:208} INFO - Processing /opt/airflow/dags/yfinance_to_snowflake_etl.py took 1.192 seconds
[2025-11-24T23:43:26.024+0000] {processor.py:186} INFO - Started process (PID=630) to work on /opt/airflow/dags/yfinance_to_snowflake_etl.py
[2025-11-24T23:43:26.024+0000] {processor.py:914} INFO - Processing file /opt/airflow/dags/yfinance_to_snowflake_etl.py for tasks to queue
[2025-11-24T23:43:26.026+0000] {logging_mixin.py:190} INFO - [2025-11-24T23:43:26.025+0000] {dagbag.py:587} INFO - Filling up the DagBag from /opt/airflow/dags/yfinance_to_snowflake_etl.py
[2025-11-24T23:43:26.193+0000] {logging_mixin.py:190} INFO - [2025-11-24T23:43:26.193+0000] {base.py:84} INFO - Retrieving connection 'snowflake_conn'
[2025-11-24T23:43:26.194+0000] {logging_mixin.py:190} INFO - [2025-11-24T23:43:26.194+0000] {connection.py:413} INFO - Snowflake Connector for Python Version: 3.12.1, Python Version: 3.12.5, Platform: Linux-6.10.14-linuxkit-aarch64-with-glibc2.36
[2025-11-24T23:43:26.194+0000] {logging_mixin.py:190} INFO - [2025-11-24T23:43:26.194+0000] {connection.py:1196} INFO - Connecting to GLOBAL Snowflake domain
[2025-11-24T23:43:26.194+0000] {logging_mixin.py:190} INFO - [2025-11-24T23:43:26.194+0000] {connection.py:1277} INFO - This connection is in OCSP Fail Open Mode. TLS Certificates would be checked for validity and revocation status. Any other Certificate Revocation related exceptions or OCSP Responder failures would be disregarded in favor of connectivity.
[2025-11-24T23:43:27.185+0000] {processor.py:925} INFO - DAG(s) 'yfinance_to_snowflake_etl' retrieved from /opt/airflow/dags/yfinance_to_snowflake_etl.py
[2025-11-24T23:43:27.235+0000] {logging_mixin.py:190} INFO - [2025-11-24T23:43:27.235+0000] {dag.py:3229} INFO - Sync 1 DAGs
[2025-11-24T23:43:27.243+0000] {logging_mixin.py:190} INFO - [2025-11-24T23:43:27.243+0000] {dag.py:4156} INFO - Setting next_dagrun for yfinance_to_snowflake_etl to 2020-01-01 18:00:00+00:00, run_after=2020-01-02 18:00:00+00:00
[2025-11-24T23:43:27.249+0000] {processor.py:208} INFO - Processing /opt/airflow/dags/yfinance_to_snowflake_etl.py took 1.230 seconds
[2025-11-24T23:43:57.561+0000] {processor.py:186} INFO - Started process (PID=641) to work on /opt/airflow/dags/yfinance_to_snowflake_etl.py
[2025-11-24T23:43:57.562+0000] {processor.py:914} INFO - Processing file /opt/airflow/dags/yfinance_to_snowflake_etl.py for tasks to queue
[2025-11-24T23:43:57.564+0000] {logging_mixin.py:190} INFO - [2025-11-24T23:43:57.563+0000] {dagbag.py:587} INFO - Filling up the DagBag from /opt/airflow/dags/yfinance_to_snowflake_etl.py
[2025-11-24T23:43:57.771+0000] {logging_mixin.py:190} INFO - [2025-11-24T23:43:57.771+0000] {base.py:84} INFO - Retrieving connection 'snowflake_conn'
[2025-11-24T23:43:57.771+0000] {logging_mixin.py:190} INFO - [2025-11-24T23:43:57.771+0000] {connection.py:413} INFO - Snowflake Connector for Python Version: 3.12.1, Python Version: 3.12.5, Platform: Linux-6.10.14-linuxkit-aarch64-with-glibc2.36
[2025-11-24T23:43:57.772+0000] {logging_mixin.py:190} INFO - [2025-11-24T23:43:57.772+0000] {connection.py:1196} INFO - Connecting to GLOBAL Snowflake domain
[2025-11-24T23:43:57.772+0000] {logging_mixin.py:190} INFO - [2025-11-24T23:43:57.772+0000] {connection.py:1277} INFO - This connection is in OCSP Fail Open Mode. TLS Certificates would be checked for validity and revocation status. Any other Certificate Revocation related exceptions or OCSP Responder failures would be disregarded in favor of connectivity.
[2025-11-24T23:43:58.242+0000] {processor.py:925} INFO - DAG(s) 'yfinance_to_snowflake_etl' retrieved from /opt/airflow/dags/yfinance_to_snowflake_etl.py
[2025-11-24T23:43:58.289+0000] {logging_mixin.py:190} INFO - [2025-11-24T23:43:58.289+0000] {dag.py:3229} INFO - Sync 1 DAGs
[2025-11-24T23:43:58.296+0000] {logging_mixin.py:190} INFO - [2025-11-24T23:43:58.296+0000] {dag.py:4156} INFO - Setting next_dagrun for yfinance_to_snowflake_etl to 2020-01-01 18:00:00+00:00, run_after=2020-01-02 18:00:00+00:00
[2025-11-24T23:43:58.303+0000] {processor.py:208} INFO - Processing /opt/airflow/dags/yfinance_to_snowflake_etl.py took 0.746 seconds
[2025-11-24T23:44:28.630+0000] {processor.py:186} INFO - Started process (PID=652) to work on /opt/airflow/dags/yfinance_to_snowflake_etl.py
[2025-11-24T23:44:28.631+0000] {processor.py:914} INFO - Processing file /opt/airflow/dags/yfinance_to_snowflake_etl.py for tasks to queue
[2025-11-24T23:44:28.633+0000] {logging_mixin.py:190} INFO - [2025-11-24T23:44:28.633+0000] {dagbag.py:587} INFO - Filling up the DagBag from /opt/airflow/dags/yfinance_to_snowflake_etl.py
[2025-11-24T23:44:28.848+0000] {logging_mixin.py:190} INFO - [2025-11-24T23:44:28.848+0000] {base.py:84} INFO - Retrieving connection 'snowflake_conn'
[2025-11-24T23:44:28.848+0000] {logging_mixin.py:190} INFO - [2025-11-24T23:44:28.848+0000] {connection.py:413} INFO - Snowflake Connector for Python Version: 3.12.1, Python Version: 3.12.5, Platform: Linux-6.10.14-linuxkit-aarch64-with-glibc2.36
[2025-11-24T23:44:28.848+0000] {logging_mixin.py:190} INFO - [2025-11-24T23:44:28.848+0000] {connection.py:1196} INFO - Connecting to GLOBAL Snowflake domain
[2025-11-24T23:44:28.849+0000] {logging_mixin.py:190} INFO - [2025-11-24T23:44:28.848+0000] {connection.py:1277} INFO - This connection is in OCSP Fail Open Mode. TLS Certificates would be checked for validity and revocation status. Any other Certificate Revocation related exceptions or OCSP Responder failures would be disregarded in favor of connectivity.
[2025-11-24T23:44:29.276+0000] {processor.py:925} INFO - DAG(s) 'yfinance_to_snowflake_etl' retrieved from /opt/airflow/dags/yfinance_to_snowflake_etl.py
[2025-11-24T23:44:29.324+0000] {logging_mixin.py:190} INFO - [2025-11-24T23:44:29.324+0000] {dag.py:3229} INFO - Sync 1 DAGs
[2025-11-24T23:44:29.331+0000] {logging_mixin.py:190} INFO - [2025-11-24T23:44:29.331+0000] {dag.py:4156} INFO - Setting next_dagrun for yfinance_to_snowflake_etl to 2020-01-01 18:00:00+00:00, run_after=2020-01-02 18:00:00+00:00
[2025-11-24T23:44:29.337+0000] {processor.py:208} INFO - Processing /opt/airflow/dags/yfinance_to_snowflake_etl.py took 0.711 seconds
[2025-11-24T23:44:59.385+0000] {processor.py:186} INFO - Started process (PID=663) to work on /opt/airflow/dags/yfinance_to_snowflake_etl.py
[2025-11-24T23:44:59.385+0000] {processor.py:914} INFO - Processing file /opt/airflow/dags/yfinance_to_snowflake_etl.py for tasks to queue
[2025-11-24T23:44:59.387+0000] {logging_mixin.py:190} INFO - [2025-11-24T23:44:59.387+0000] {dagbag.py:587} INFO - Filling up the DagBag from /opt/airflow/dags/yfinance_to_snowflake_etl.py
[2025-11-24T23:44:59.691+0000] {logging_mixin.py:190} INFO - [2025-11-24T23:44:59.690+0000] {base.py:84} INFO - Retrieving connection 'snowflake_conn'
[2025-11-24T23:44:59.691+0000] {logging_mixin.py:190} INFO - [2025-11-24T23:44:59.691+0000] {connection.py:413} INFO - Snowflake Connector for Python Version: 3.12.1, Python Version: 3.12.5, Platform: Linux-6.10.14-linuxkit-aarch64-with-glibc2.36
[2025-11-24T23:44:59.691+0000] {logging_mixin.py:190} INFO - [2025-11-24T23:44:59.691+0000] {connection.py:1196} INFO - Connecting to GLOBAL Snowflake domain
[2025-11-24T23:44:59.692+0000] {logging_mixin.py:190} INFO - [2025-11-24T23:44:59.692+0000] {connection.py:1277} INFO - This connection is in OCSP Fail Open Mode. TLS Certificates would be checked for validity and revocation status. Any other Certificate Revocation related exceptions or OCSP Responder failures would be disregarded in favor of connectivity.
[2025-11-24T23:45:00.987+0000] {processor.py:925} INFO - DAG(s) 'yfinance_to_snowflake_etl' retrieved from /opt/airflow/dags/yfinance_to_snowflake_etl.py
[2025-11-24T23:45:01.033+0000] {logging_mixin.py:190} INFO - [2025-11-24T23:45:01.033+0000] {dag.py:3229} INFO - Sync 1 DAGs
[2025-11-24T23:45:01.041+0000] {logging_mixin.py:190} INFO - [2025-11-24T23:45:01.041+0000] {dag.py:4156} INFO - Setting next_dagrun for yfinance_to_snowflake_etl to 2020-01-01 18:00:00+00:00, run_after=2020-01-02 18:00:00+00:00
[2025-11-24T23:45:01.049+0000] {processor.py:208} INFO - Processing /opt/airflow/dags/yfinance_to_snowflake_etl.py took 1.668 seconds
[2025-11-24T23:47:56.460+0000] {processor.py:186} INFO - Started process (PID=674) to work on /opt/airflow/dags/yfinance_to_snowflake_etl.py
[2025-11-24T23:47:56.461+0000] {processor.py:914} INFO - Processing file /opt/airflow/dags/yfinance_to_snowflake_etl.py for tasks to queue
[2025-11-24T23:47:56.463+0000] {logging_mixin.py:190} INFO - [2025-11-24T23:47:56.463+0000] {dagbag.py:587} INFO - Filling up the DagBag from /opt/airflow/dags/yfinance_to_snowflake_etl.py
[2025-11-24T23:47:56.679+0000] {logging_mixin.py:190} INFO - [2025-11-24T23:47:56.679+0000] {base.py:84} INFO - Retrieving connection 'snowflake_conn'
[2025-11-24T23:47:56.680+0000] {logging_mixin.py:190} INFO - [2025-11-24T23:47:56.680+0000] {connection.py:413} INFO - Snowflake Connector for Python Version: 3.12.1, Python Version: 3.12.5, Platform: Linux-6.10.14-linuxkit-aarch64-with-glibc2.36
[2025-11-24T23:47:56.680+0000] {logging_mixin.py:190} INFO - [2025-11-24T23:47:56.680+0000] {connection.py:1196} INFO - Connecting to GLOBAL Snowflake domain
[2025-11-24T23:47:56.680+0000] {logging_mixin.py:190} INFO - [2025-11-24T23:47:56.680+0000] {connection.py:1277} INFO - This connection is in OCSP Fail Open Mode. TLS Certificates would be checked for validity and revocation status. Any other Certificate Revocation related exceptions or OCSP Responder failures would be disregarded in favor of connectivity.
[2025-11-24T23:47:57.287+0000] {processor.py:925} INFO - DAG(s) 'yfinance_to_snowflake_etl' retrieved from /opt/airflow/dags/yfinance_to_snowflake_etl.py
[2025-11-24T23:47:57.334+0000] {logging_mixin.py:190} INFO - [2025-11-24T23:47:57.334+0000] {dag.py:3229} INFO - Sync 1 DAGs
[2025-11-24T23:47:57.341+0000] {logging_mixin.py:190} INFO - [2025-11-24T23:47:57.341+0000] {dag.py:4156} INFO - Setting next_dagrun for yfinance_to_snowflake_etl to 2020-01-01 18:00:00+00:00, run_after=2020-01-02 18:00:00+00:00
[2025-11-24T23:47:57.348+0000] {processor.py:208} INFO - Processing /opt/airflow/dags/yfinance_to_snowflake_etl.py took 0.894 seconds
[2025-11-24T23:48:27.688+0000] {processor.py:186} INFO - Started process (PID=685) to work on /opt/airflow/dags/yfinance_to_snowflake_etl.py
[2025-11-24T23:48:27.693+0000] {processor.py:914} INFO - Processing file /opt/airflow/dags/yfinance_to_snowflake_etl.py for tasks to queue
[2025-11-24T23:48:27.694+0000] {logging_mixin.py:190} INFO - [2025-11-24T23:48:27.694+0000] {dagbag.py:587} INFO - Filling up the DagBag from /opt/airflow/dags/yfinance_to_snowflake_etl.py
[2025-11-24T23:48:27.918+0000] {logging_mixin.py:190} INFO - [2025-11-24T23:48:27.917+0000] {base.py:84} INFO - Retrieving connection 'snowflake_conn'
[2025-11-24T23:48:27.918+0000] {logging_mixin.py:190} INFO - [2025-11-24T23:48:27.918+0000] {connection.py:413} INFO - Snowflake Connector for Python Version: 3.12.1, Python Version: 3.12.5, Platform: Linux-6.10.14-linuxkit-aarch64-with-glibc2.36
[2025-11-24T23:48:27.918+0000] {logging_mixin.py:190} INFO - [2025-11-24T23:48:27.918+0000] {connection.py:1196} INFO - Connecting to GLOBAL Snowflake domain
[2025-11-24T23:48:27.918+0000] {logging_mixin.py:190} INFO - [2025-11-24T23:48:27.918+0000] {connection.py:1277} INFO - This connection is in OCSP Fail Open Mode. TLS Certificates would be checked for validity and revocation status. Any other Certificate Revocation related exceptions or OCSP Responder failures would be disregarded in favor of connectivity.
[2025-11-24T23:48:28.770+0000] {processor.py:925} INFO - DAG(s) 'yfinance_to_snowflake_etl' retrieved from /opt/airflow/dags/yfinance_to_snowflake_etl.py
[2025-11-24T23:48:28.801+0000] {logging_mixin.py:190} INFO - [2025-11-24T23:48:28.800+0000] {dag.py:3229} INFO - Sync 1 DAGs
[2025-11-24T23:48:28.807+0000] {logging_mixin.py:190} INFO - [2025-11-24T23:48:28.807+0000] {dag.py:4156} INFO - Setting next_dagrun for yfinance_to_snowflake_etl to 2020-01-01 18:00:00+00:00, run_after=2020-01-02 18:00:00+00:00
[2025-11-24T23:48:28.813+0000] {processor.py:208} INFO - Processing /opt/airflow/dags/yfinance_to_snowflake_etl.py took 1.130 seconds
[2025-11-24T23:48:58.989+0000] {processor.py:186} INFO - Started process (PID=1085) to work on /opt/airflow/dags/yfinance_to_snowflake_etl.py
[2025-11-24T23:48:58.990+0000] {processor.py:914} INFO - Processing file /opt/airflow/dags/yfinance_to_snowflake_etl.py for tasks to queue
[2025-11-24T23:48:58.992+0000] {logging_mixin.py:190} INFO - [2025-11-24T23:48:58.992+0000] {dagbag.py:587} INFO - Filling up the DagBag from /opt/airflow/dags/yfinance_to_snowflake_etl.py
[2025-11-24T23:48:59.280+0000] {logging_mixin.py:190} INFO - [2025-11-24T23:48:59.279+0000] {base.py:84} INFO - Retrieving connection 'snowflake_conn'
[2025-11-24T23:48:59.280+0000] {logging_mixin.py:190} INFO - [2025-11-24T23:48:59.280+0000] {connection.py:413} INFO - Snowflake Connector for Python Version: 3.12.1, Python Version: 3.12.5, Platform: Linux-6.10.14-linuxkit-aarch64-with-glibc2.36
[2025-11-24T23:48:59.280+0000] {logging_mixin.py:190} INFO - [2025-11-24T23:48:59.280+0000] {connection.py:1196} INFO - Connecting to GLOBAL Snowflake domain
[2025-11-24T23:48:59.281+0000] {logging_mixin.py:190} INFO - [2025-11-24T23:48:59.280+0000] {connection.py:1277} INFO - This connection is in OCSP Fail Open Mode. TLS Certificates would be checked for validity and revocation status. Any other Certificate Revocation related exceptions or OCSP Responder failures would be disregarded in favor of connectivity.
[2025-11-24T23:48:59.687+0000] {processor.py:925} INFO - DAG(s) 'yfinance_to_snowflake_etl' retrieved from /opt/airflow/dags/yfinance_to_snowflake_etl.py
[2025-11-24T23:48:59.729+0000] {logging_mixin.py:190} INFO - [2025-11-24T23:48:59.728+0000] {dag.py:3229} INFO - Sync 1 DAGs
[2025-11-24T23:48:59.742+0000] {processor.py:208} INFO - Processing /opt/airflow/dags/yfinance_to_snowflake_etl.py took 0.758 seconds
[2025-11-24T23:49:29.934+0000] {processor.py:186} INFO - Started process (PID=1908) to work on /opt/airflow/dags/yfinance_to_snowflake_etl.py
[2025-11-24T23:49:29.935+0000] {processor.py:914} INFO - Processing file /opt/airflow/dags/yfinance_to_snowflake_etl.py for tasks to queue
[2025-11-24T23:49:29.937+0000] {logging_mixin.py:190} INFO - [2025-11-24T23:49:29.937+0000] {dagbag.py:587} INFO - Filling up the DagBag from /opt/airflow/dags/yfinance_to_snowflake_etl.py
[2025-11-24T23:49:30.243+0000] {logging_mixin.py:190} INFO - [2025-11-24T23:49:30.243+0000] {base.py:84} INFO - Retrieving connection 'snowflake_conn'
[2025-11-24T23:49:30.243+0000] {logging_mixin.py:190} INFO - [2025-11-24T23:49:30.243+0000] {connection.py:413} INFO - Snowflake Connector for Python Version: 3.12.1, Python Version: 3.12.5, Platform: Linux-6.10.14-linuxkit-aarch64-with-glibc2.36
[2025-11-24T23:49:30.244+0000] {logging_mixin.py:190} INFO - [2025-11-24T23:49:30.244+0000] {connection.py:1196} INFO - Connecting to GLOBAL Snowflake domain
[2025-11-24T23:49:30.244+0000] {logging_mixin.py:190} INFO - [2025-11-24T23:49:30.244+0000] {connection.py:1277} INFO - This connection is in OCSP Fail Open Mode. TLS Certificates would be checked for validity and revocation status. Any other Certificate Revocation related exceptions or OCSP Responder failures would be disregarded in favor of connectivity.
[2025-11-24T23:49:30.998+0000] {processor.py:925} INFO - DAG(s) 'yfinance_to_snowflake_etl' retrieved from /opt/airflow/dags/yfinance_to_snowflake_etl.py
[2025-11-24T23:49:31.033+0000] {logging_mixin.py:190} INFO - [2025-11-24T23:49:31.033+0000] {dag.py:3229} INFO - Sync 1 DAGs
[2025-11-24T23:49:31.046+0000] {processor.py:208} INFO - Processing /opt/airflow/dags/yfinance_to_snowflake_etl.py took 1.116 seconds
[2025-11-24T23:50:01.154+0000] {processor.py:186} INFO - Started process (PID=2517) to work on /opt/airflow/dags/yfinance_to_snowflake_etl.py
[2025-11-24T23:50:01.155+0000] {processor.py:914} INFO - Processing file /opt/airflow/dags/yfinance_to_snowflake_etl.py for tasks to queue
[2025-11-24T23:50:01.156+0000] {logging_mixin.py:190} INFO - [2025-11-24T23:50:01.156+0000] {dagbag.py:587} INFO - Filling up the DagBag from /opt/airflow/dags/yfinance_to_snowflake_etl.py
[2025-11-24T23:50:01.379+0000] {logging_mixin.py:190} INFO - [2025-11-24T23:50:01.379+0000] {base.py:84} INFO - Retrieving connection 'snowflake_conn'
[2025-11-24T23:50:01.380+0000] {logging_mixin.py:190} INFO - [2025-11-24T23:50:01.380+0000] {connection.py:413} INFO - Snowflake Connector for Python Version: 3.12.1, Python Version: 3.12.5, Platform: Linux-6.10.14-linuxkit-aarch64-with-glibc2.36
[2025-11-24T23:50:01.380+0000] {logging_mixin.py:190} INFO - [2025-11-24T23:50:01.380+0000] {connection.py:1196} INFO - Connecting to GLOBAL Snowflake domain
[2025-11-24T23:50:01.380+0000] {logging_mixin.py:190} INFO - [2025-11-24T23:50:01.380+0000] {connection.py:1277} INFO - This connection is in OCSP Fail Open Mode. TLS Certificates would be checked for validity and revocation status. Any other Certificate Revocation related exceptions or OCSP Responder failures would be disregarded in favor of connectivity.
[2025-11-24T23:50:01.695+0000] {processor.py:925} INFO - DAG(s) 'yfinance_to_snowflake_etl' retrieved from /opt/airflow/dags/yfinance_to_snowflake_etl.py
[2025-11-24T23:50:01.731+0000] {logging_mixin.py:190} INFO - [2025-11-24T23:50:01.731+0000] {dag.py:3229} INFO - Sync 1 DAGs
[2025-11-24T23:50:01.746+0000] {processor.py:208} INFO - Processing /opt/airflow/dags/yfinance_to_snowflake_etl.py took 0.596 seconds
[2025-11-24T23:50:31.953+0000] {processor.py:186} INFO - Started process (PID=3338) to work on /opt/airflow/dags/yfinance_to_snowflake_etl.py
[2025-11-24T23:50:31.954+0000] {processor.py:914} INFO - Processing file /opt/airflow/dags/yfinance_to_snowflake_etl.py for tasks to queue
[2025-11-24T23:50:31.956+0000] {logging_mixin.py:190} INFO - [2025-11-24T23:50:31.956+0000] {dagbag.py:587} INFO - Filling up the DagBag from /opt/airflow/dags/yfinance_to_snowflake_etl.py
[2025-11-24T23:50:32.190+0000] {logging_mixin.py:190} INFO - [2025-11-24T23:50:32.190+0000] {base.py:84} INFO - Retrieving connection 'snowflake_conn'
[2025-11-24T23:50:32.190+0000] {logging_mixin.py:190} INFO - [2025-11-24T23:50:32.190+0000] {connection.py:413} INFO - Snowflake Connector for Python Version: 3.12.1, Python Version: 3.12.5, Platform: Linux-6.10.14-linuxkit-aarch64-with-glibc2.36
[2025-11-24T23:50:32.191+0000] {logging_mixin.py:190} INFO - [2025-11-24T23:50:32.191+0000] {connection.py:1196} INFO - Connecting to GLOBAL Snowflake domain
[2025-11-24T23:50:32.191+0000] {logging_mixin.py:190} INFO - [2025-11-24T23:50:32.191+0000] {connection.py:1277} INFO - This connection is in OCSP Fail Open Mode. TLS Certificates would be checked for validity and revocation status. Any other Certificate Revocation related exceptions or OCSP Responder failures would be disregarded in favor of connectivity.
[2025-11-24T23:50:32.718+0000] {processor.py:925} INFO - DAG(s) 'yfinance_to_snowflake_etl' retrieved from /opt/airflow/dags/yfinance_to_snowflake_etl.py
[2025-11-24T23:50:32.767+0000] {logging_mixin.py:190} INFO - [2025-11-24T23:50:32.766+0000] {dag.py:3229} INFO - Sync 1 DAGs
[2025-11-24T23:50:32.774+0000] {logging_mixin.py:190} INFO - [2025-11-24T23:50:32.774+0000] {dag.py:4156} INFO - Setting next_dagrun for yfinance_to_snowflake_etl to 2020-02-14 18:00:00+00:00, run_after=2020-02-17 18:00:00+00:00
[2025-11-24T23:50:32.780+0000] {processor.py:208} INFO - Processing /opt/airflow/dags/yfinance_to_snowflake_etl.py took 0.833 seconds
[2025-11-24T23:51:03.030+0000] {processor.py:186} INFO - Started process (PID=3943) to work on /opt/airflow/dags/yfinance_to_snowflake_etl.py
[2025-11-24T23:51:03.031+0000] {processor.py:914} INFO - Processing file /opt/airflow/dags/yfinance_to_snowflake_etl.py for tasks to queue
[2025-11-24T23:51:03.033+0000] {logging_mixin.py:190} INFO - [2025-11-24T23:51:03.033+0000] {dagbag.py:587} INFO - Filling up the DagBag from /opt/airflow/dags/yfinance_to_snowflake_etl.py
[2025-11-24T23:51:03.266+0000] {logging_mixin.py:190} INFO - [2025-11-24T23:51:03.266+0000] {base.py:84} INFO - Retrieving connection 'snowflake_conn'
[2025-11-24T23:51:03.267+0000] {logging_mixin.py:190} INFO - [2025-11-24T23:51:03.266+0000] {connection.py:413} INFO - Snowflake Connector for Python Version: 3.12.1, Python Version: 3.12.5, Platform: Linux-6.10.14-linuxkit-aarch64-with-glibc2.36
[2025-11-24T23:51:03.267+0000] {logging_mixin.py:190} INFO - [2025-11-24T23:51:03.267+0000] {connection.py:1196} INFO - Connecting to GLOBAL Snowflake domain
[2025-11-24T23:51:03.267+0000] {logging_mixin.py:190} INFO - [2025-11-24T23:51:03.267+0000] {connection.py:1277} INFO - This connection is in OCSP Fail Open Mode. TLS Certificates would be checked for validity and revocation status. Any other Certificate Revocation related exceptions or OCSP Responder failures would be disregarded in favor of connectivity.
[2025-11-24T23:51:03.546+0000] {processor.py:925} INFO - DAG(s) 'yfinance_to_snowflake_etl' retrieved from /opt/airflow/dags/yfinance_to_snowflake_etl.py
[2025-11-24T23:51:03.587+0000] {logging_mixin.py:190} INFO - [2025-11-24T23:51:03.587+0000] {dag.py:3229} INFO - Sync 1 DAGs
[2025-11-24T23:51:03.600+0000] {processor.py:208} INFO - Processing /opt/airflow/dags/yfinance_to_snowflake_etl.py took 0.576 seconds
[2025-11-24T23:51:33.793+0000] {processor.py:186} INFO - Started process (PID=4833) to work on /opt/airflow/dags/yfinance_to_snowflake_etl.py
[2025-11-24T23:51:33.794+0000] {processor.py:914} INFO - Processing file /opt/airflow/dags/yfinance_to_snowflake_etl.py for tasks to queue
[2025-11-24T23:51:33.796+0000] {logging_mixin.py:190} INFO - [2025-11-24T23:51:33.796+0000] {dagbag.py:587} INFO - Filling up the DagBag from /opt/airflow/dags/yfinance_to_snowflake_etl.py
[2025-11-24T23:51:34.058+0000] {logging_mixin.py:190} INFO - [2025-11-24T23:51:34.058+0000] {base.py:84} INFO - Retrieving connection 'snowflake_conn'
[2025-11-24T23:51:34.059+0000] {logging_mixin.py:190} INFO - [2025-11-24T23:51:34.059+0000] {connection.py:413} INFO - Snowflake Connector for Python Version: 3.12.1, Python Version: 3.12.5, Platform: Linux-6.10.14-linuxkit-aarch64-with-glibc2.36
[2025-11-24T23:51:34.060+0000] {logging_mixin.py:190} INFO - [2025-11-24T23:51:34.060+0000] {connection.py:1196} INFO - Connecting to GLOBAL Snowflake domain
[2025-11-24T23:51:34.060+0000] {logging_mixin.py:190} INFO - [2025-11-24T23:51:34.060+0000] {connection.py:1277} INFO - This connection is in OCSP Fail Open Mode. TLS Certificates would be checked for validity and revocation status. Any other Certificate Revocation related exceptions or OCSP Responder failures would be disregarded in favor of connectivity.
[2025-11-24T23:51:34.471+0000] {processor.py:925} INFO - DAG(s) 'yfinance_to_snowflake_etl' retrieved from /opt/airflow/dags/yfinance_to_snowflake_etl.py
[2025-11-24T23:51:34.550+0000] {logging_mixin.py:190} INFO - [2025-11-24T23:51:34.550+0000] {dag.py:3229} INFO - Sync 1 DAGs
[2025-11-24T23:51:34.675+0000] {processor.py:208} INFO - Processing /opt/airflow/dags/yfinance_to_snowflake_etl.py took 0.885 seconds
[2025-11-24T23:52:04.921+0000] {processor.py:186} INFO - Started process (PID=5580) to work on /opt/airflow/dags/yfinance_to_snowflake_etl.py
[2025-11-24T23:52:04.921+0000] {processor.py:914} INFO - Processing file /opt/airflow/dags/yfinance_to_snowflake_etl.py for tasks to queue
[2025-11-24T23:52:04.923+0000] {logging_mixin.py:190} INFO - [2025-11-24T23:52:04.923+0000] {dagbag.py:587} INFO - Filling up the DagBag from /opt/airflow/dags/yfinance_to_snowflake_etl.py
[2025-11-24T23:52:05.167+0000] {logging_mixin.py:190} INFO - [2025-11-24T23:52:05.167+0000] {base.py:84} INFO - Retrieving connection 'snowflake_conn'
[2025-11-24T23:52:05.168+0000] {logging_mixin.py:190} INFO - [2025-11-24T23:52:05.167+0000] {connection.py:413} INFO - Snowflake Connector for Python Version: 3.12.1, Python Version: 3.12.5, Platform: Linux-6.10.14-linuxkit-aarch64-with-glibc2.36
[2025-11-24T23:52:05.168+0000] {logging_mixin.py:190} INFO - [2025-11-24T23:52:05.168+0000] {connection.py:1196} INFO - Connecting to GLOBAL Snowflake domain
[2025-11-24T23:52:05.168+0000] {logging_mixin.py:190} INFO - [2025-11-24T23:52:05.168+0000] {connection.py:1277} INFO - This connection is in OCSP Fail Open Mode. TLS Certificates would be checked for validity and revocation status. Any other Certificate Revocation related exceptions or OCSP Responder failures would be disregarded in favor of connectivity.
[2025-11-24T23:52:05.703+0000] {processor.py:925} INFO - DAG(s) 'yfinance_to_snowflake_etl' retrieved from /opt/airflow/dags/yfinance_to_snowflake_etl.py
[2025-11-24T23:52:05.750+0000] {logging_mixin.py:190} INFO - [2025-11-24T23:52:05.750+0000] {dag.py:3229} INFO - Sync 1 DAGs
[2025-11-24T23:52:05.764+0000] {processor.py:208} INFO - Processing /opt/airflow/dags/yfinance_to_snowflake_etl.py took 0.847 seconds
[2025-11-24T23:52:35.959+0000] {processor.py:186} INFO - Started process (PID=6316) to work on /opt/airflow/dags/yfinance_to_snowflake_etl.py
[2025-11-24T23:52:35.960+0000] {processor.py:914} INFO - Processing file /opt/airflow/dags/yfinance_to_snowflake_etl.py for tasks to queue
[2025-11-24T23:52:35.963+0000] {logging_mixin.py:190} INFO - [2025-11-24T23:52:35.963+0000] {dagbag.py:587} INFO - Filling up the DagBag from /opt/airflow/dags/yfinance_to_snowflake_etl.py
[2025-11-24T23:52:36.206+0000] {logging_mixin.py:190} INFO - [2025-11-24T23:52:36.205+0000] {base.py:84} INFO - Retrieving connection 'snowflake_conn'
[2025-11-24T23:52:36.206+0000] {logging_mixin.py:190} INFO - [2025-11-24T23:52:36.206+0000] {connection.py:413} INFO - Snowflake Connector for Python Version: 3.12.1, Python Version: 3.12.5, Platform: Linux-6.10.14-linuxkit-aarch64-with-glibc2.36
[2025-11-24T23:52:36.206+0000] {logging_mixin.py:190} INFO - [2025-11-24T23:52:36.206+0000] {connection.py:1196} INFO - Connecting to GLOBAL Snowflake domain
[2025-11-24T23:52:36.206+0000] {logging_mixin.py:190} INFO - [2025-11-24T23:52:36.206+0000] {connection.py:1277} INFO - This connection is in OCSP Fail Open Mode. TLS Certificates would be checked for validity and revocation status. Any other Certificate Revocation related exceptions or OCSP Responder failures would be disregarded in favor of connectivity.
[2025-11-24T23:52:36.426+0000] {processor.py:925} INFO - DAG(s) 'yfinance_to_snowflake_etl' retrieved from /opt/airflow/dags/yfinance_to_snowflake_etl.py
[2025-11-24T23:52:36.464+0000] {logging_mixin.py:190} INFO - [2025-11-24T23:52:36.463+0000] {dag.py:3229} INFO - Sync 1 DAGs
[2025-11-24T23:52:36.471+0000] {logging_mixin.py:190} INFO - [2025-11-24T23:52:36.471+0000] {dag.py:4156} INFO - Setting next_dagrun for yfinance_to_snowflake_etl to 2020-04-01 18:00:00+00:00, run_after=2020-04-02 18:00:00+00:00
[2025-11-24T23:52:36.482+0000] {processor.py:208} INFO - Processing /opt/airflow/dags/yfinance_to_snowflake_etl.py took 0.529 seconds
[2025-11-24T23:53:06.660+0000] {processor.py:186} INFO - Started process (PID=7217) to work on /opt/airflow/dags/yfinance_to_snowflake_etl.py
[2025-11-24T23:53:06.661+0000] {processor.py:914} INFO - Processing file /opt/airflow/dags/yfinance_to_snowflake_etl.py for tasks to queue
[2025-11-24T23:53:06.662+0000] {logging_mixin.py:190} INFO - [2025-11-24T23:53:06.662+0000] {dagbag.py:587} INFO - Filling up the DagBag from /opt/airflow/dags/yfinance_to_snowflake_etl.py
[2025-11-24T23:53:06.895+0000] {logging_mixin.py:190} INFO - [2025-11-24T23:53:06.895+0000] {base.py:84} INFO - Retrieving connection 'snowflake_conn'
[2025-11-24T23:53:06.895+0000] {logging_mixin.py:190} INFO - [2025-11-24T23:53:06.895+0000] {connection.py:413} INFO - Snowflake Connector for Python Version: 3.12.1, Python Version: 3.12.5, Platform: Linux-6.10.14-linuxkit-aarch64-with-glibc2.36
[2025-11-24T23:53:06.896+0000] {logging_mixin.py:190} INFO - [2025-11-24T23:53:06.896+0000] {connection.py:1196} INFO - Connecting to GLOBAL Snowflake domain
[2025-11-24T23:53:06.896+0000] {logging_mixin.py:190} INFO - [2025-11-24T23:53:06.896+0000] {connection.py:1277} INFO - This connection is in OCSP Fail Open Mode. TLS Certificates would be checked for validity and revocation status. Any other Certificate Revocation related exceptions or OCSP Responder failures would be disregarded in favor of connectivity.
[2025-11-24T23:53:07.219+0000] {processor.py:925} INFO - DAG(s) 'yfinance_to_snowflake_etl' retrieved from /opt/airflow/dags/yfinance_to_snowflake_etl.py
[2025-11-24T23:53:07.257+0000] {logging_mixin.py:190} INFO - [2025-11-24T23:53:07.257+0000] {dag.py:3229} INFO - Sync 1 DAGs
[2025-11-24T23:53:07.269+0000] {processor.py:208} INFO - Processing /opt/airflow/dags/yfinance_to_snowflake_etl.py took 0.612 seconds
[2025-11-24T23:53:37.307+0000] {processor.py:186} INFO - Started process (PID=8116) to work on /opt/airflow/dags/yfinance_to_snowflake_etl.py
[2025-11-24T23:53:37.308+0000] {processor.py:914} INFO - Processing file /opt/airflow/dags/yfinance_to_snowflake_etl.py for tasks to queue
[2025-11-24T23:53:37.309+0000] {logging_mixin.py:190} INFO - [2025-11-24T23:53:37.309+0000] {dagbag.py:587} INFO - Filling up the DagBag from /opt/airflow/dags/yfinance_to_snowflake_etl.py
[2025-11-24T23:53:37.525+0000] {logging_mixin.py:190} INFO - [2025-11-24T23:53:37.525+0000] {base.py:84} INFO - Retrieving connection 'snowflake_conn'
[2025-11-24T23:53:37.525+0000] {logging_mixin.py:190} INFO - [2025-11-24T23:53:37.525+0000] {connection.py:413} INFO - Snowflake Connector for Python Version: 3.12.1, Python Version: 3.12.5, Platform: Linux-6.10.14-linuxkit-aarch64-with-glibc2.36
[2025-11-24T23:53:37.525+0000] {logging_mixin.py:190} INFO - [2025-11-24T23:53:37.525+0000] {connection.py:1196} INFO - Connecting to GLOBAL Snowflake domain
[2025-11-24T23:53:37.525+0000] {logging_mixin.py:190} INFO - [2025-11-24T23:53:37.525+0000] {connection.py:1277} INFO - This connection is in OCSP Fail Open Mode. TLS Certificates would be checked for validity and revocation status. Any other Certificate Revocation related exceptions or OCSP Responder failures would be disregarded in favor of connectivity.
[2025-11-24T23:53:37.840+0000] {processor.py:925} INFO - DAG(s) 'yfinance_to_snowflake_etl' retrieved from /opt/airflow/dags/yfinance_to_snowflake_etl.py
[2025-11-24T23:53:37.891+0000] {logging_mixin.py:190} INFO - [2025-11-24T23:53:37.891+0000] {dag.py:3229} INFO - Sync 1 DAGs
[2025-11-24T23:53:37.904+0000] {processor.py:208} INFO - Processing /opt/airflow/dags/yfinance_to_snowflake_etl.py took 0.600 seconds
[2025-11-24T23:54:08.113+0000] {processor.py:186} INFO - Started process (PID=8987) to work on /opt/airflow/dags/yfinance_to_snowflake_etl.py
[2025-11-24T23:54:08.114+0000] {processor.py:914} INFO - Processing file /opt/airflow/dags/yfinance_to_snowflake_etl.py for tasks to queue
[2025-11-24T23:54:08.118+0000] {logging_mixin.py:190} INFO - [2025-11-24T23:54:08.116+0000] {dagbag.py:587} INFO - Filling up the DagBag from /opt/airflow/dags/yfinance_to_snowflake_etl.py
[2025-11-24T23:54:08.384+0000] {logging_mixin.py:190} INFO - [2025-11-24T23:54:08.384+0000] {base.py:84} INFO - Retrieving connection 'snowflake_conn'
[2025-11-24T23:54:08.384+0000] {logging_mixin.py:190} INFO - [2025-11-24T23:54:08.384+0000] {connection.py:413} INFO - Snowflake Connector for Python Version: 3.12.1, Python Version: 3.12.5, Platform: Linux-6.10.14-linuxkit-aarch64-with-glibc2.36
[2025-11-24T23:54:08.385+0000] {logging_mixin.py:190} INFO - [2025-11-24T23:54:08.385+0000] {connection.py:1196} INFO - Connecting to GLOBAL Snowflake domain
[2025-11-24T23:54:08.385+0000] {logging_mixin.py:190} INFO - [2025-11-24T23:54:08.385+0000] {connection.py:1277} INFO - This connection is in OCSP Fail Open Mode. TLS Certificates would be checked for validity and revocation status. Any other Certificate Revocation related exceptions or OCSP Responder failures would be disregarded in favor of connectivity.
[2025-11-24T23:54:08.967+0000] {processor.py:925} INFO - DAG(s) 'yfinance_to_snowflake_etl' retrieved from /opt/airflow/dags/yfinance_to_snowflake_etl.py
[2025-11-24T23:54:09.022+0000] {logging_mixin.py:190} INFO - [2025-11-24T23:54:09.021+0000] {dag.py:3229} INFO - Sync 1 DAGs
[2025-11-24T23:54:09.036+0000] {logging_mixin.py:190} INFO - [2025-11-24T23:54:09.036+0000] {dag.py:4156} INFO - Setting next_dagrun for yfinance_to_snowflake_etl to 2020-05-14 18:00:00+00:00, run_after=2020-05-15 18:00:00+00:00
[2025-11-24T23:54:09.050+0000] {processor.py:208} INFO - Processing /opt/airflow/dags/yfinance_to_snowflake_etl.py took 0.946 seconds
[2025-11-24T23:54:39.284+0000] {processor.py:186} INFO - Started process (PID=9719) to work on /opt/airflow/dags/yfinance_to_snowflake_etl.py
[2025-11-24T23:54:39.284+0000] {processor.py:914} INFO - Processing file /opt/airflow/dags/yfinance_to_snowflake_etl.py for tasks to queue
[2025-11-24T23:54:39.287+0000] {logging_mixin.py:190} INFO - [2025-11-24T23:54:39.287+0000] {dagbag.py:587} INFO - Filling up the DagBag from /opt/airflow/dags/yfinance_to_snowflake_etl.py
[2025-11-24T23:54:39.588+0000] {logging_mixin.py:190} INFO - [2025-11-24T23:54:39.588+0000] {base.py:84} INFO - Retrieving connection 'snowflake_conn'
[2025-11-24T23:54:39.588+0000] {logging_mixin.py:190} INFO - [2025-11-24T23:54:39.588+0000] {connection.py:413} INFO - Snowflake Connector for Python Version: 3.12.1, Python Version: 3.12.5, Platform: Linux-6.10.14-linuxkit-aarch64-with-glibc2.36
[2025-11-24T23:54:39.589+0000] {logging_mixin.py:190} INFO - [2025-11-24T23:54:39.588+0000] {connection.py:1196} INFO - Connecting to GLOBAL Snowflake domain
[2025-11-24T23:54:39.589+0000] {logging_mixin.py:190} INFO - [2025-11-24T23:54:39.589+0000] {connection.py:1277} INFO - This connection is in OCSP Fail Open Mode. TLS Certificates would be checked for validity and revocation status. Any other Certificate Revocation related exceptions or OCSP Responder failures would be disregarded in favor of connectivity.
[2025-11-24T23:54:39.970+0000] {processor.py:925} INFO - DAG(s) 'yfinance_to_snowflake_etl' retrieved from /opt/airflow/dags/yfinance_to_snowflake_etl.py
[2025-11-24T23:54:40.013+0000] {logging_mixin.py:190} INFO - [2025-11-24T23:54:40.013+0000] {dag.py:3229} INFO - Sync 1 DAGs
[2025-11-24T23:54:40.029+0000] {processor.py:208} INFO - Processing /opt/airflow/dags/yfinance_to_snowflake_etl.py took 0.751 seconds
[2025-11-24T23:55:10.218+0000] {processor.py:186} INFO - Started process (PID=10554) to work on /opt/airflow/dags/yfinance_to_snowflake_etl.py
[2025-11-24T23:55:10.218+0000] {processor.py:914} INFO - Processing file /opt/airflow/dags/yfinance_to_snowflake_etl.py for tasks to queue
[2025-11-24T23:55:10.220+0000] {logging_mixin.py:190} INFO - [2025-11-24T23:55:10.219+0000] {dagbag.py:587} INFO - Filling up the DagBag from /opt/airflow/dags/yfinance_to_snowflake_etl.py
[2025-11-24T23:55:10.447+0000] {logging_mixin.py:190} INFO - [2025-11-24T23:55:10.447+0000] {base.py:84} INFO - Retrieving connection 'snowflake_conn'
[2025-11-24T23:55:10.448+0000] {logging_mixin.py:190} INFO - [2025-11-24T23:55:10.448+0000] {connection.py:413} INFO - Snowflake Connector for Python Version: 3.12.1, Python Version: 3.12.5, Platform: Linux-6.10.14-linuxkit-aarch64-with-glibc2.36
[2025-11-24T23:55:10.448+0000] {logging_mixin.py:190} INFO - [2025-11-24T23:55:10.448+0000] {connection.py:1196} INFO - Connecting to GLOBAL Snowflake domain
[2025-11-24T23:55:10.448+0000] {logging_mixin.py:190} INFO - [2025-11-24T23:55:10.448+0000] {connection.py:1277} INFO - This connection is in OCSP Fail Open Mode. TLS Certificates would be checked for validity and revocation status. Any other Certificate Revocation related exceptions or OCSP Responder failures would be disregarded in favor of connectivity.
[2025-11-24T23:55:10.674+0000] {processor.py:925} INFO - DAG(s) 'yfinance_to_snowflake_etl' retrieved from /opt/airflow/dags/yfinance_to_snowflake_etl.py
[2025-11-24T23:55:10.712+0000] {logging_mixin.py:190} INFO - [2025-11-24T23:55:10.711+0000] {dag.py:3229} INFO - Sync 1 DAGs
[2025-11-24T23:55:10.724+0000] {processor.py:208} INFO - Processing /opt/airflow/dags/yfinance_to_snowflake_etl.py took 0.509 seconds
[2025-11-24T23:55:40.935+0000] {processor.py:186} INFO - Started process (PID=11431) to work on /opt/airflow/dags/yfinance_to_snowflake_etl.py
[2025-11-24T23:55:40.935+0000] {processor.py:914} INFO - Processing file /opt/airflow/dags/yfinance_to_snowflake_etl.py for tasks to queue
[2025-11-24T23:55:40.936+0000] {logging_mixin.py:190} INFO - [2025-11-24T23:55:40.936+0000] {dagbag.py:587} INFO - Filling up the DagBag from /opt/airflow/dags/yfinance_to_snowflake_etl.py
[2025-11-24T23:55:41.181+0000] {logging_mixin.py:190} INFO - [2025-11-24T23:55:41.180+0000] {base.py:84} INFO - Retrieving connection 'snowflake_conn'
[2025-11-24T23:55:41.181+0000] {logging_mixin.py:190} INFO - [2025-11-24T23:55:41.181+0000] {connection.py:413} INFO - Snowflake Connector for Python Version: 3.12.1, Python Version: 3.12.5, Platform: Linux-6.10.14-linuxkit-aarch64-with-glibc2.36
[2025-11-24T23:55:41.181+0000] {logging_mixin.py:190} INFO - [2025-11-24T23:55:41.181+0000] {connection.py:1196} INFO - Connecting to GLOBAL Snowflake domain
[2025-11-24T23:55:41.181+0000] {logging_mixin.py:190} INFO - [2025-11-24T23:55:41.181+0000] {connection.py:1277} INFO - This connection is in OCSP Fail Open Mode. TLS Certificates would be checked for validity and revocation status. Any other Certificate Revocation related exceptions or OCSP Responder failures would be disregarded in favor of connectivity.
[2025-11-24T23:55:41.485+0000] {processor.py:925} INFO - DAG(s) 'yfinance_to_snowflake_etl' retrieved from /opt/airflow/dags/yfinance_to_snowflake_etl.py
[2025-11-24T23:55:41.523+0000] {logging_mixin.py:190} INFO - [2025-11-24T23:55:41.523+0000] {dag.py:3229} INFO - Sync 1 DAGs
[2025-11-24T23:55:41.536+0000] {processor.py:208} INFO - Processing /opt/airflow/dags/yfinance_to_snowflake_etl.py took 0.604 seconds
[2025-11-24T23:56:11.668+0000] {processor.py:186} INFO - Started process (PID=12041) to work on /opt/airflow/dags/yfinance_to_snowflake_etl.py
[2025-11-24T23:56:11.669+0000] {processor.py:914} INFO - Processing file /opt/airflow/dags/yfinance_to_snowflake_etl.py for tasks to queue
[2025-11-24T23:56:11.671+0000] {logging_mixin.py:190} INFO - [2025-11-24T23:56:11.671+0000] {dagbag.py:587} INFO - Filling up the DagBag from /opt/airflow/dags/yfinance_to_snowflake_etl.py
[2025-11-24T23:56:11.936+0000] {logging_mixin.py:190} INFO - [2025-11-24T23:56:11.936+0000] {base.py:84} INFO - Retrieving connection 'snowflake_conn'
[2025-11-24T23:56:11.936+0000] {logging_mixin.py:190} INFO - [2025-11-24T23:56:11.936+0000] {connection.py:413} INFO - Snowflake Connector for Python Version: 3.12.1, Python Version: 3.12.5, Platform: Linux-6.10.14-linuxkit-aarch64-with-glibc2.36
[2025-11-24T23:56:11.936+0000] {logging_mixin.py:190} INFO - [2025-11-24T23:56:11.936+0000] {connection.py:1196} INFO - Connecting to GLOBAL Snowflake domain
[2025-11-24T23:56:11.937+0000] {logging_mixin.py:190} INFO - [2025-11-24T23:56:11.937+0000] {connection.py:1277} INFO - This connection is in OCSP Fail Open Mode. TLS Certificates would be checked for validity and revocation status. Any other Certificate Revocation related exceptions or OCSP Responder failures would be disregarded in favor of connectivity.
[2025-11-24T23:56:12.158+0000] {processor.py:925} INFO - DAG(s) 'yfinance_to_snowflake_etl' retrieved from /opt/airflow/dags/yfinance_to_snowflake_etl.py
[2025-11-24T23:56:12.201+0000] {logging_mixin.py:190} INFO - [2025-11-24T23:56:12.200+0000] {dag.py:3229} INFO - Sync 1 DAGs
[2025-11-24T23:56:12.214+0000] {processor.py:208} INFO - Processing /opt/airflow/dags/yfinance_to_snowflake_etl.py took 0.550 seconds
[2025-11-24T23:56:42.390+0000] {processor.py:186} INFO - Started process (PID=12929) to work on /opt/airflow/dags/yfinance_to_snowflake_etl.py
[2025-11-24T23:56:42.391+0000] {processor.py:914} INFO - Processing file /opt/airflow/dags/yfinance_to_snowflake_etl.py for tasks to queue
[2025-11-24T23:56:42.392+0000] {logging_mixin.py:190} INFO - [2025-11-24T23:56:42.392+0000] {dagbag.py:587} INFO - Filling up the DagBag from /opt/airflow/dags/yfinance_to_snowflake_etl.py
[2025-11-24T23:56:42.623+0000] {logging_mixin.py:190} INFO - [2025-11-24T23:56:42.623+0000] {base.py:84} INFO - Retrieving connection 'snowflake_conn'
[2025-11-24T23:56:42.623+0000] {logging_mixin.py:190} INFO - [2025-11-24T23:56:42.623+0000] {connection.py:413} INFO - Snowflake Connector for Python Version: 3.12.1, Python Version: 3.12.5, Platform: Linux-6.10.14-linuxkit-aarch64-with-glibc2.36
[2025-11-24T23:56:42.624+0000] {logging_mixin.py:190} INFO - [2025-11-24T23:56:42.624+0000] {connection.py:1196} INFO - Connecting to GLOBAL Snowflake domain
[2025-11-24T23:56:42.624+0000] {logging_mixin.py:190} INFO - [2025-11-24T23:56:42.624+0000] {connection.py:1277} INFO - This connection is in OCSP Fail Open Mode. TLS Certificates would be checked for validity and revocation status. Any other Certificate Revocation related exceptions or OCSP Responder failures would be disregarded in favor of connectivity.
[2025-11-24T23:56:43.147+0000] {processor.py:925} INFO - DAG(s) 'yfinance_to_snowflake_etl' retrieved from /opt/airflow/dags/yfinance_to_snowflake_etl.py
[2025-11-24T23:56:43.181+0000] {logging_mixin.py:190} INFO - [2025-11-24T23:56:43.181+0000] {dag.py:3229} INFO - Sync 1 DAGs
[2025-11-24T23:56:43.197+0000] {processor.py:208} INFO - Processing /opt/airflow/dags/yfinance_to_snowflake_etl.py took 0.810 seconds
[2025-11-24T23:57:13.420+0000] {processor.py:186} INFO - Started process (PID=13724) to work on /opt/airflow/dags/yfinance_to_snowflake_etl.py
[2025-11-24T23:57:13.421+0000] {processor.py:914} INFO - Processing file /opt/airflow/dags/yfinance_to_snowflake_etl.py for tasks to queue
[2025-11-24T23:57:13.422+0000] {logging_mixin.py:190} INFO - [2025-11-24T23:57:13.422+0000] {dagbag.py:587} INFO - Filling up the DagBag from /opt/airflow/dags/yfinance_to_snowflake_etl.py
[2025-11-24T23:57:13.660+0000] {logging_mixin.py:190} INFO - [2025-11-24T23:57:13.660+0000] {base.py:84} INFO - Retrieving connection 'snowflake_conn'
[2025-11-24T23:57:13.661+0000] {logging_mixin.py:190} INFO - [2025-11-24T23:57:13.660+0000] {connection.py:413} INFO - Snowflake Connector for Python Version: 3.12.1, Python Version: 3.12.5, Platform: Linux-6.10.14-linuxkit-aarch64-with-glibc2.36
[2025-11-24T23:57:13.661+0000] {logging_mixin.py:190} INFO - [2025-11-24T23:57:13.661+0000] {connection.py:1196} INFO - Connecting to GLOBAL Snowflake domain
[2025-11-24T23:57:13.661+0000] {logging_mixin.py:190} INFO - [2025-11-24T23:57:13.661+0000] {connection.py:1277} INFO - This connection is in OCSP Fail Open Mode. TLS Certificates would be checked for validity and revocation status. Any other Certificate Revocation related exceptions or OCSP Responder failures would be disregarded in favor of connectivity.
[2025-11-24T23:57:14.097+0000] {processor.py:925} INFO - DAG(s) 'yfinance_to_snowflake_etl' retrieved from /opt/airflow/dags/yfinance_to_snowflake_etl.py
[2025-11-24T23:57:14.140+0000] {logging_mixin.py:190} INFO - [2025-11-24T23:57:14.139+0000] {dag.py:3229} INFO - Sync 1 DAGs
[2025-11-24T23:57:14.152+0000] {processor.py:208} INFO - Processing /opt/airflow/dags/yfinance_to_snowflake_etl.py took 0.734 seconds
[2025-11-24T23:57:44.317+0000] {processor.py:186} INFO - Started process (PID=14529) to work on /opt/airflow/dags/yfinance_to_snowflake_etl.py
[2025-11-24T23:57:44.318+0000] {processor.py:914} INFO - Processing file /opt/airflow/dags/yfinance_to_snowflake_etl.py for tasks to queue
[2025-11-24T23:57:44.323+0000] {logging_mixin.py:190} INFO - [2025-11-24T23:57:44.322+0000] {dagbag.py:587} INFO - Filling up the DagBag from /opt/airflow/dags/yfinance_to_snowflake_etl.py
[2025-11-24T23:57:44.669+0000] {logging_mixin.py:190} INFO - [2025-11-24T23:57:44.669+0000] {base.py:84} INFO - Retrieving connection 'snowflake_conn'
[2025-11-24T23:57:44.670+0000] {logging_mixin.py:190} INFO - [2025-11-24T23:57:44.670+0000] {connection.py:413} INFO - Snowflake Connector for Python Version: 3.12.1, Python Version: 3.12.5, Platform: Linux-6.10.14-linuxkit-aarch64-with-glibc2.36
[2025-11-24T23:57:44.672+0000] {logging_mixin.py:190} INFO - [2025-11-24T23:57:44.671+0000] {connection.py:1196} INFO - Connecting to GLOBAL Snowflake domain
[2025-11-24T23:57:44.673+0000] {logging_mixin.py:190} INFO - [2025-11-24T23:57:44.673+0000] {connection.py:1277} INFO - This connection is in OCSP Fail Open Mode. TLS Certificates would be checked for validity and revocation status. Any other Certificate Revocation related exceptions or OCSP Responder failures would be disregarded in favor of connectivity.
[2025-11-24T23:57:44.948+0000] {processor.py:925} INFO - DAG(s) 'yfinance_to_snowflake_etl' retrieved from /opt/airflow/dags/yfinance_to_snowflake_etl.py
[2025-11-24T23:57:44.989+0000] {logging_mixin.py:190} INFO - [2025-11-24T23:57:44.988+0000] {dag.py:3229} INFO - Sync 1 DAGs
[2025-11-24T23:57:45.002+0000] {processor.py:208} INFO - Processing /opt/airflow/dags/yfinance_to_snowflake_etl.py took 0.692 seconds
[2025-11-24T23:58:15.234+0000] {processor.py:186} INFO - Started process (PID=15417) to work on /opt/airflow/dags/yfinance_to_snowflake_etl.py
[2025-11-24T23:58:15.235+0000] {processor.py:914} INFO - Processing file /opt/airflow/dags/yfinance_to_snowflake_etl.py for tasks to queue
[2025-11-24T23:58:15.238+0000] {logging_mixin.py:190} INFO - [2025-11-24T23:58:15.238+0000] {dagbag.py:587} INFO - Filling up the DagBag from /opt/airflow/dags/yfinance_to_snowflake_etl.py
[2025-11-24T23:58:15.530+0000] {logging_mixin.py:190} INFO - [2025-11-24T23:58:15.530+0000] {base.py:84} INFO - Retrieving connection 'snowflake_conn'
[2025-11-24T23:58:15.530+0000] {logging_mixin.py:190} INFO - [2025-11-24T23:58:15.530+0000] {connection.py:413} INFO - Snowflake Connector for Python Version: 3.12.1, Python Version: 3.12.5, Platform: Linux-6.10.14-linuxkit-aarch64-with-glibc2.36
[2025-11-24T23:58:15.531+0000] {logging_mixin.py:190} INFO - [2025-11-24T23:58:15.531+0000] {connection.py:1196} INFO - Connecting to GLOBAL Snowflake domain
[2025-11-24T23:58:15.531+0000] {logging_mixin.py:190} INFO - [2025-11-24T23:58:15.531+0000] {connection.py:1277} INFO - This connection is in OCSP Fail Open Mode. TLS Certificates would be checked for validity and revocation status. Any other Certificate Revocation related exceptions or OCSP Responder failures would be disregarded in favor of connectivity.
[2025-11-24T23:58:15.903+0000] {processor.py:925} INFO - DAG(s) 'yfinance_to_snowflake_etl' retrieved from /opt/airflow/dags/yfinance_to_snowflake_etl.py
[2025-11-24T23:58:15.941+0000] {logging_mixin.py:190} INFO - [2025-11-24T23:58:15.941+0000] {dag.py:3229} INFO - Sync 1 DAGs
[2025-11-24T23:58:15.955+0000] {processor.py:208} INFO - Processing /opt/airflow/dags/yfinance_to_snowflake_etl.py took 0.728 seconds
[2025-11-24T23:58:46.140+0000] {processor.py:186} INFO - Started process (PID=16315) to work on /opt/airflow/dags/yfinance_to_snowflake_etl.py
[2025-11-24T23:58:46.140+0000] {processor.py:914} INFO - Processing file /opt/airflow/dags/yfinance_to_snowflake_etl.py for tasks to queue
[2025-11-24T23:58:46.142+0000] {logging_mixin.py:190} INFO - [2025-11-24T23:58:46.142+0000] {dagbag.py:587} INFO - Filling up the DagBag from /opt/airflow/dags/yfinance_to_snowflake_etl.py
[2025-11-24T23:58:46.389+0000] {logging_mixin.py:190} INFO - [2025-11-24T23:58:46.389+0000] {base.py:84} INFO - Retrieving connection 'snowflake_conn'
[2025-11-24T23:58:46.389+0000] {logging_mixin.py:190} INFO - [2025-11-24T23:58:46.389+0000] {connection.py:413} INFO - Snowflake Connector for Python Version: 3.12.1, Python Version: 3.12.5, Platform: Linux-6.10.14-linuxkit-aarch64-with-glibc2.36
[2025-11-24T23:58:46.389+0000] {logging_mixin.py:190} INFO - [2025-11-24T23:58:46.389+0000] {connection.py:1196} INFO - Connecting to GLOBAL Snowflake domain
[2025-11-24T23:58:46.390+0000] {logging_mixin.py:190} INFO - [2025-11-24T23:58:46.390+0000] {connection.py:1277} INFO - This connection is in OCSP Fail Open Mode. TLS Certificates would be checked for validity and revocation status. Any other Certificate Revocation related exceptions or OCSP Responder failures would be disregarded in favor of connectivity.
[2025-11-24T23:58:46.804+0000] {processor.py:925} INFO - DAG(s) 'yfinance_to_snowflake_etl' retrieved from /opt/airflow/dags/yfinance_to_snowflake_etl.py
[2025-11-24T23:58:46.840+0000] {logging_mixin.py:190} INFO - [2025-11-24T23:58:46.840+0000] {dag.py:3229} INFO - Sync 1 DAGs
[2025-11-24T23:58:46.852+0000] {processor.py:208} INFO - Processing /opt/airflow/dags/yfinance_to_snowflake_etl.py took 0.716 seconds
[2025-11-24T23:59:16.971+0000] {processor.py:186} INFO - Started process (PID=17214) to work on /opt/airflow/dags/yfinance_to_snowflake_etl.py
[2025-11-24T23:59:16.973+0000] {processor.py:914} INFO - Processing file /opt/airflow/dags/yfinance_to_snowflake_etl.py for tasks to queue
[2025-11-24T23:59:16.974+0000] {logging_mixin.py:190} INFO - [2025-11-24T23:59:16.974+0000] {dagbag.py:587} INFO - Filling up the DagBag from /opt/airflow/dags/yfinance_to_snowflake_etl.py
[2025-11-24T23:59:17.233+0000] {logging_mixin.py:190} INFO - [2025-11-24T23:59:17.233+0000] {base.py:84} INFO - Retrieving connection 'snowflake_conn'
[2025-11-24T23:59:17.233+0000] {logging_mixin.py:190} INFO - [2025-11-24T23:59:17.233+0000] {connection.py:413} INFO - Snowflake Connector for Python Version: 3.12.1, Python Version: 3.12.5, Platform: Linux-6.10.14-linuxkit-aarch64-with-glibc2.36
[2025-11-24T23:59:17.234+0000] {logging_mixin.py:190} INFO - [2025-11-24T23:59:17.234+0000] {connection.py:1196} INFO - Connecting to GLOBAL Snowflake domain
[2025-11-24T23:59:17.234+0000] {logging_mixin.py:190} INFO - [2025-11-24T23:59:17.234+0000] {connection.py:1277} INFO - This connection is in OCSP Fail Open Mode. TLS Certificates would be checked for validity and revocation status. Any other Certificate Revocation related exceptions or OCSP Responder failures would be disregarded in favor of connectivity.
[2025-11-24T23:59:17.472+0000] {processor.py:925} INFO - DAG(s) 'yfinance_to_snowflake_etl' retrieved from /opt/airflow/dags/yfinance_to_snowflake_etl.py
[2025-11-24T23:59:17.512+0000] {logging_mixin.py:190} INFO - [2025-11-24T23:59:17.512+0000] {dag.py:3229} INFO - Sync 1 DAGs
[2025-11-24T23:59:17.523+0000] {logging_mixin.py:190} INFO - [2025-11-24T23:59:17.523+0000] {dag.py:4156} INFO - Setting next_dagrun for yfinance_to_snowflake_etl to 2020-09-25 18:00:00+00:00, run_after=2020-09-28 18:00:00+00:00
[2025-11-24T23:59:17.530+0000] {processor.py:208} INFO - Processing /opt/airflow/dags/yfinance_to_snowflake_etl.py took 0.563 seconds
[2025-11-24T23:59:47.700+0000] {processor.py:186} INFO - Started process (PID=17932) to work on /opt/airflow/dags/yfinance_to_snowflake_etl.py
[2025-11-24T23:59:47.700+0000] {processor.py:914} INFO - Processing file /opt/airflow/dags/yfinance_to_snowflake_etl.py for tasks to queue
[2025-11-24T23:59:47.702+0000] {logging_mixin.py:190} INFO - [2025-11-24T23:59:47.702+0000] {dagbag.py:587} INFO - Filling up the DagBag from /opt/airflow/dags/yfinance_to_snowflake_etl.py
[2025-11-24T23:59:47.931+0000] {logging_mixin.py:190} INFO - [2025-11-24T23:59:47.931+0000] {base.py:84} INFO - Retrieving connection 'snowflake_conn'
[2025-11-24T23:59:47.931+0000] {logging_mixin.py:190} INFO - [2025-11-24T23:59:47.931+0000] {connection.py:413} INFO - Snowflake Connector for Python Version: 3.12.1, Python Version: 3.12.5, Platform: Linux-6.10.14-linuxkit-aarch64-with-glibc2.36
[2025-11-24T23:59:47.932+0000] {logging_mixin.py:190} INFO - [2025-11-24T23:59:47.932+0000] {connection.py:1196} INFO - Connecting to GLOBAL Snowflake domain
[2025-11-24T23:59:47.932+0000] {logging_mixin.py:190} INFO - [2025-11-24T23:59:47.932+0000] {connection.py:1277} INFO - This connection is in OCSP Fail Open Mode. TLS Certificates would be checked for validity and revocation status. Any other Certificate Revocation related exceptions or OCSP Responder failures would be disregarded in favor of connectivity.
[2025-11-24T23:59:48.304+0000] {processor.py:925} INFO - DAG(s) 'yfinance_to_snowflake_etl' retrieved from /opt/airflow/dags/yfinance_to_snowflake_etl.py
[2025-11-24T23:59:48.352+0000] {logging_mixin.py:190} INFO - [2025-11-24T23:59:48.352+0000] {dag.py:3229} INFO - Sync 1 DAGs
[2025-11-24T23:59:48.366+0000] {processor.py:208} INFO - Processing /opt/airflow/dags/yfinance_to_snowflake_etl.py took 0.669 seconds
