[2025-11-25T00:33:06.781+0000] {local_task_job_runner.py:123} INFO - ::group::Pre task execution logs
[2025-11-25T00:33:06.788+0000] {taskinstance.py:2612} INFO - Dependencies all met for dep_context=non-requeueable deps ti=<TaskInstance: yfinance_to_snowflake_etl.extract scheduled__2023-02-14T18:00:00+00:00 [queued]>
[2025-11-25T00:33:06.791+0000] {taskinstance.py:2612} INFO - Dependencies all met for dep_context=requeueable deps ti=<TaskInstance: yfinance_to_snowflake_etl.extract scheduled__2023-02-14T18:00:00+00:00 [queued]>
[2025-11-25T00:33:06.791+0000] {taskinstance.py:2865} INFO - Starting attempt 1 of 1
[2025-11-25T00:33:06.795+0000] {taskinstance.py:2888} INFO - Executing <Task(_PythonDecoratedOperator): extract> on 2023-02-14 18:00:00+00:00
[2025-11-25T00:33:06.799+0000] {logging_mixin.py:190} WARNING - /home/***/.local/lib/python3.12/site-packages/***/task/task_runner/standard_task_runner.py:70 DeprecationWarning: This process (pid=63929) is multi-threaded, use of fork() may lead to deadlocks in the child.
[2025-11-25T00:33:06.799+0000] {standard_task_runner.py:72} INFO - Started process 64003 to run task
[2025-11-25T00:33:06.799+0000] {standard_task_runner.py:104} INFO - Running: ['***', 'tasks', 'run', 'yfinance_to_snowflake_etl', 'extract', 'scheduled__2023-02-14T18:00:00+00:00', '--job-id', '2426', '--raw', '--subdir', 'DAGS_FOLDER/yfinance_to_snowflake_etl.py', '--cfg-path', '/tmp/tmp8gcjfiln']
[2025-11-25T00:33:06.800+0000] {standard_task_runner.py:105} INFO - Job 2426: Subtask extract
[2025-11-25T00:33:06.819+0000] {task_command.py:467} INFO - Running <TaskInstance: yfinance_to_snowflake_etl.extract scheduled__2023-02-14T18:00:00+00:00 [running]> on host fd57ff944215
[2025-11-25T00:33:06.850+0000] {taskinstance.py:3131} INFO - Exporting env vars: AIRFLOW_CTX_DAG_OWNER='***' AIRFLOW_CTX_DAG_ID='yfinance_to_snowflake_etl' AIRFLOW_CTX_TASK_ID='extract' AIRFLOW_CTX_EXECUTION_DATE='2023-02-14T18:00:00+00:00' AIRFLOW_CTX_TRY_NUMBER='1' AIRFLOW_CTX_DAG_RUN_ID='scheduled__2023-02-14T18:00:00+00:00'
[2025-11-25T00:33:06.851+0000] {taskinstance.py:731} INFO - ::endgroup::
[2025-11-25T00:33:06.853+0000] {logging_mixin.py:190} WARNING - /opt/***/dags/yfinance_to_snowflake_etl.py:48 FutureWarning: YF.download() has changed argument auto_adjust default to True
[2025-11-25T00:33:07.103+0000] {logging_mixin.py:190} WARNING - [*********************100%***********************]  1 of 1 completed
[2025-11-25T00:33:07.104+0000] {multi.py:185} ERROR - 
1 Failed download:
[2025-11-25T00:33:07.104+0000] {multi.py:198} ERROR - ['AAPL']: YFPricesMissingError('possibly delisted; no price data found  (period="180d") (Yahoo error = "Invalid input - interval="1d" is not supported. Valid intervals: [1m, 2m, 5m, 15m, 30m, 60m, 90m, 1h, 4h, 1d, 5d, 1wk, 1mo, 3mo]")')
[2025-11-25T00:33:07.108+0000] {logging_mixin.py:190} INFO - Error: No data available for symbol AAPL. Retrying in 2.0 seconds...
[2025-11-25T00:33:09.109+0000] {logging_mixin.py:190} WARNING - /opt/***/dags/yfinance_to_snowflake_etl.py:48 FutureWarning: YF.download() has changed argument auto_adjust default to True
[2025-11-25T00:33:09.320+0000] {logging_mixin.py:190} WARNING - [*********************100%***********************]  1 of 1 completed
[2025-11-25T00:33:09.320+0000] {multi.py:185} ERROR - 
1 Failed download:
[2025-11-25T00:33:09.320+0000] {multi.py:198} ERROR - ['AAPL']: YFPricesMissingError('possibly delisted; no price data found  (period="180d") (Yahoo error = "Invalid input - interval="1d" is not supported. Valid intervals: [1m, 2m, 5m, 15m, 30m, 60m, 90m, 1h, 4h, 1d, 5d, 1wk, 1mo, 3mo]")')
[2025-11-25T00:33:09.321+0000] {logging_mixin.py:190} INFO - Max retries reached. Unable to download stock data for AAPL.
[2025-11-25T00:33:09.321+0000] {logging_mixin.py:190} INFO - No data returned for AAPL
[2025-11-25T00:33:09.322+0000] {logging_mixin.py:190} WARNING - /opt/***/dags/yfinance_to_snowflake_etl.py:48 FutureWarning: YF.download() has changed argument auto_adjust default to True
[2025-11-25T00:33:09.503+0000] {logging_mixin.py:190} WARNING - [*********************100%***********************]  1 of 1 completed
[2025-11-25T00:33:09.504+0000] {multi.py:185} ERROR - 
1 Failed download:
[2025-11-25T00:33:09.504+0000] {multi.py:198} ERROR - ['TSLA']: YFPricesMissingError('possibly delisted; no price data found  (period="180d") (Yahoo error = "Invalid input - interval="1d" is not supported. Valid intervals: [1m, 2m, 5m, 15m, 30m, 60m, 90m, 1h, 4h, 1d, 5d, 1wk, 1mo, 3mo]")')
[2025-11-25T00:33:09.505+0000] {logging_mixin.py:190} INFO - Error: No data available for symbol TSLA. Retrying in 2.0 seconds...
[2025-11-25T00:33:11.507+0000] {logging_mixin.py:190} WARNING - /opt/***/dags/yfinance_to_snowflake_etl.py:48 FutureWarning: YF.download() has changed argument auto_adjust default to True
[2025-11-25T00:33:11.778+0000] {logging_mixin.py:190} WARNING - [*********************100%***********************]  1 of 1 completed
[2025-11-25T00:33:11.781+0000] {multi.py:185} ERROR - 
1 Failed download:
[2025-11-25T00:33:11.781+0000] {multi.py:198} ERROR - ['TSLA']: YFPricesMissingError('possibly delisted; no price data found  (period="180d") (Yahoo error = "Invalid input - interval="1d" is not supported. Valid intervals: [1m, 2m, 5m, 15m, 30m, 60m, 90m, 1h, 4h, 1d, 5d, 1wk, 1mo, 3mo]")')
[2025-11-25T00:33:11.784+0000] {logging_mixin.py:190} INFO - Max retries reached. Unable to download stock data for TSLA.
[2025-11-25T00:33:11.786+0000] {logging_mixin.py:190} INFO - No data returned for TSLA
[2025-11-25T00:33:11.787+0000] {python.py:240} INFO - Done. Returned value was: []
[2025-11-25T00:33:11.812+0000] {taskinstance.py:340} INFO - ::group::Post task execution logs
[2025-11-25T00:33:11.813+0000] {taskinstance.py:352} INFO - Marking task as SUCCESS. dag_id=yfinance_to_snowflake_etl, task_id=extract, run_id=scheduled__2023-02-14T18:00:00+00:00, execution_date=20230214T180000, start_date=20251125T003306, end_date=20251125T003311
[2025-11-25T00:33:11.856+0000] {local_task_job_runner.py:266} INFO - Task exited with return code 0
[2025-11-25T00:33:11.862+0000] {local_task_job_runner.py:245} INFO - ::endgroup::
