[2025-11-25T00:21:01.887+0000] {local_task_job_runner.py:123} INFO - ::group::Pre task execution logs
[2025-11-25T00:21:01.893+0000] {taskinstance.py:2612} INFO - Dependencies all met for dep_context=non-requeueable deps ti=<TaskInstance: yfinance_to_snowflake_etl.load_many scheduled__2022-03-31T18:00:00+00:00 [queued]>
[2025-11-25T00:21:01.895+0000] {taskinstance.py:2612} INFO - Dependencies all met for dep_context=requeueable deps ti=<TaskInstance: yfinance_to_snowflake_etl.load_many scheduled__2022-03-31T18:00:00+00:00 [queued]>
[2025-11-25T00:21:01.895+0000] {taskinstance.py:2865} INFO - Starting attempt 1 of 1
[2025-11-25T00:21:01.899+0000] {taskinstance.py:2888} INFO - Executing <Task(_PythonDecoratedOperator): load_many> on 2022-03-31 18:00:00+00:00
[2025-11-25T00:21:01.903+0000] {logging_mixin.py:190} WARNING - /home/***/.local/lib/python3.12/site-packages/***/task/task_runner/standard_task_runner.py:70 DeprecationWarning: This process (pid=51725) is multi-threaded, use of fork() may lead to deadlocks in the child.
[2025-11-25T00:21:01.905+0000] {standard_task_runner.py:72} INFO - Started process 51743 to run task
[2025-11-25T00:21:01.904+0000] {standard_task_runner.py:104} INFO - Running: ['***', 'tasks', 'run', 'yfinance_to_snowflake_etl', 'load_many', 'scheduled__2022-03-31T18:00:00+00:00', '--job-id', '1781', '--raw', '--subdir', 'DAGS_FOLDER/yfinance_to_snowflake_etl.py', '--cfg-path', '/tmp/tmprfy4ba6b']
[2025-11-25T00:21:01.905+0000] {standard_task_runner.py:105} INFO - Job 1781: Subtask load_many
[2025-11-25T00:21:01.928+0000] {task_command.py:467} INFO - Running <TaskInstance: yfinance_to_snowflake_etl.load_many scheduled__2022-03-31T18:00:00+00:00 [running]> on host fd57ff944215
[2025-11-25T00:21:01.968+0000] {taskinstance.py:3131} INFO - Exporting env vars: AIRFLOW_CTX_DAG_OWNER='***' AIRFLOW_CTX_DAG_ID='yfinance_to_snowflake_etl' AIRFLOW_CTX_TASK_ID='load_many' AIRFLOW_CTX_EXECUTION_DATE='2022-03-31T18:00:00+00:00' AIRFLOW_CTX_TRY_NUMBER='1' AIRFLOW_CTX_DAG_RUN_ID='scheduled__2022-03-31T18:00:00+00:00'
[2025-11-25T00:21:01.969+0000] {taskinstance.py:731} INFO - ::endgroup::
[2025-11-25T00:21:02.140+0000] {cursor.py:1156} INFO - Number of results in first chunk: 1
[2025-11-25T00:21:02.872+0000] {cursor.py:1156} INFO - Number of results in first chunk: 1
[2025-11-25T00:21:02.958+0000] {cursor.py:1156} INFO - Number of results in first chunk: 1
[2025-11-25T00:21:02.958+0000] {python.py:240} INFO - Done. Returned value was: None
[2025-11-25T00:21:02.962+0000] {taskinstance.py:340} INFO - ::group::Post task execution logs
[2025-11-25T00:21:02.962+0000] {taskinstance.py:352} INFO - Marking task as SUCCESS. dag_id=yfinance_to_snowflake_etl, task_id=load_many, run_id=scheduled__2022-03-31T18:00:00+00:00, execution_date=20220331T180000, start_date=20251125T002101, end_date=20251125T002102
[2025-11-25T00:21:02.992+0000] {local_task_job_runner.py:266} INFO - Task exited with return code 0
[2025-11-25T00:21:02.997+0000] {taskinstance.py:3900} INFO - 0 downstream tasks scheduled from follow-on schedule check
[2025-11-25T00:21:02.998+0000] {local_task_job_runner.py:245} INFO - ::endgroup::
