[2025-11-25T20:30:46.251+0000] {local_task_job_runner.py:123} INFO - ::group::Pre task execution logs
[2025-11-25T20:30:46.256+0000] {taskinstance.py:2612} INFO - Dependencies all met for dep_context=non-requeueable deps ti=<TaskInstance: stock_elt_with_dbt.dbt_transformations.dbt_debug manual__2025-11-25T20:30:39.921949+00:00 [queued]>
[2025-11-25T20:30:46.260+0000] {taskinstance.py:2612} INFO - Dependencies all met for dep_context=requeueable deps ti=<TaskInstance: stock_elt_with_dbt.dbt_transformations.dbt_debug manual__2025-11-25T20:30:39.921949+00:00 [queued]>
[2025-11-25T20:30:46.260+0000] {taskinstance.py:2865} INFO - Starting attempt 1 of 2
[2025-11-25T20:30:46.264+0000] {taskinstance.py:2888} INFO - Executing <Task(BashOperator): dbt_transformations.dbt_debug> on 2025-11-25 20:30:39.921949+00:00
[2025-11-25T20:30:46.267+0000] {logging_mixin.py:190} WARNING - /home/***/.local/lib/python3.12/site-packages/***/task/task_runner/standard_task_runner.py:70 DeprecationWarning: This process (pid=19612) is multi-threaded, use of fork() may lead to deadlocks in the child.
[2025-11-25T20:30:46.268+0000] {standard_task_runner.py:72} INFO - Started process 19620 to run task
[2025-11-25T20:30:46.268+0000] {standard_task_runner.py:104} INFO - Running: ['***', 'tasks', 'run', 'stock_elt_with_dbt', 'dbt_transformations.dbt_debug', 'manual__2025-11-25T20:30:39.921949+00:00', '--job-id', '4917', '--raw', '--subdir', 'DAGS_FOLDER/stock_elt_with_dbt.py', '--cfg-path', '/tmp/tmp5dtwfnzu']
[2025-11-25T20:30:46.269+0000] {standard_task_runner.py:105} INFO - Job 4917: Subtask dbt_transformations.dbt_debug
[2025-11-25T20:30:46.285+0000] {task_command.py:467} INFO - Running <TaskInstance: stock_elt_with_dbt.dbt_transformations.dbt_debug manual__2025-11-25T20:30:39.921949+00:00 [running]> on host a4b8d4f4105c
[2025-11-25T20:30:46.311+0000] {taskinstance.py:3131} INFO - Exporting env vars: AIRFLOW_CTX_DAG_OWNER='***' AIRFLOW_CTX_DAG_ID='stock_elt_with_dbt' AIRFLOW_CTX_TASK_ID='dbt_transformations.dbt_debug' AIRFLOW_CTX_EXECUTION_DATE='2025-11-25T20:30:39.921949+00:00' AIRFLOW_CTX_TRY_NUMBER='1' AIRFLOW_CTX_DAG_RUN_ID='manual__2025-11-25T20:30:39.921949+00:00'
[2025-11-25T20:30:46.313+0000] {taskinstance.py:731} INFO - ::endgroup::
[2025-11-25T20:30:46.314+0000] {subprocess.py:63} INFO - Tmp dir root location: /tmp
[2025-11-25T20:30:46.314+0000] {subprocess.py:75} INFO - Running command: ['/usr/bin/bash', '-c', 'cd /opt/***/stock_analytics && dbt debug --profiles-dir .']
[2025-11-25T20:30:46.318+0000] {subprocess.py:86} INFO - Output:
[2025-11-25T20:30:47.464+0000] {subprocess.py:93} INFO - [0m20:30:47  Running with dbt=1.7.0
[2025-11-25T20:30:47.465+0000] {subprocess.py:93} INFO - [0m20:30:47  dbt version: 1.7.0
[2025-11-25T20:30:47.465+0000] {subprocess.py:93} INFO - [0m20:30:47  python version: 3.12.5
[2025-11-25T20:30:47.465+0000] {subprocess.py:93} INFO - [0m20:30:47  python path: /home/***/.local/bin/python
[2025-11-25T20:30:47.465+0000] {subprocess.py:93} INFO - [0m20:30:47  os info: Linux-6.10.14-linuxkit-aarch64-with-glibc2.36
[2025-11-25T20:30:47.733+0000] {subprocess.py:93} INFO - [0m20:30:47  Using profiles dir at .
[2025-11-25T20:30:47.734+0000] {subprocess.py:93} INFO - [0m20:30:47  Using profiles.yml file at ./profiles.yml
[2025-11-25T20:30:47.734+0000] {subprocess.py:93} INFO - [0m20:30:47  Using dbt_project.yml file at /opt/***/stock_analytics/dbt_project.yml
[2025-11-25T20:30:47.734+0000] {subprocess.py:93} INFO - [0m20:30:47  adapter type: snowflake
[2025-11-25T20:30:47.735+0000] {subprocess.py:93} INFO - [0m20:30:47  adapter version: 1.7.0
[2025-11-25T20:30:47.761+0000] {subprocess.py:93} INFO - [0m20:30:47  Configuration:
[2025-11-25T20:30:47.761+0000] {subprocess.py:93} INFO - [0m20:30:47    profiles.yml file [[32mOK found and valid[0m]
[2025-11-25T20:30:47.761+0000] {subprocess.py:93} INFO - [0m20:30:47    dbt_project.yml file [[32mOK found and valid[0m]
[2025-11-25T20:30:47.761+0000] {subprocess.py:93} INFO - [0m20:30:47  Required dependencies:
[2025-11-25T20:30:47.763+0000] {subprocess.py:93} INFO - [0m20:30:47   - git [[32mOK found[0m]
[2025-11-25T20:30:47.764+0000] {subprocess.py:93} INFO - 
[2025-11-25T20:30:47.764+0000] {subprocess.py:93} INFO - [0m20:30:47  Connection:
[2025-11-25T20:30:47.764+0000] {subprocess.py:93} INFO - [0m20:30:47    account: lvb17920
[2025-11-25T20:30:47.764+0000] {subprocess.py:93} INFO - [0m20:30:47    user: CHIPMUNK
[2025-11-25T20:30:47.764+0000] {subprocess.py:93} INFO - [0m20:30:47    database: TRAINING_DB
[2025-11-25T20:30:47.764+0000] {subprocess.py:93} INFO - [0m20:30:47    warehouse: XSMALL_WH
[2025-11-25T20:30:47.765+0000] {subprocess.py:93} INFO - [0m20:30:47    role: TRAINING_ROLE
[2025-11-25T20:30:47.765+0000] {subprocess.py:93} INFO - [0m20:30:47    schema: raw
[2025-11-25T20:30:47.765+0000] {subprocess.py:93} INFO - [0m20:30:47    authenticator: None
[2025-11-25T20:30:47.765+0000] {subprocess.py:93} INFO - [0m20:30:47    private_key_path: None
[2025-11-25T20:30:47.765+0000] {subprocess.py:93} INFO - [0m20:30:47    token: None
[2025-11-25T20:30:47.766+0000] {subprocess.py:93} INFO - [0m20:30:47    oauth_client_id: None
[2025-11-25T20:30:47.766+0000] {subprocess.py:93} INFO - [0m20:30:47    query_tag: None
[2025-11-25T20:30:47.766+0000] {subprocess.py:93} INFO - [0m20:30:47    client_session_keep_alive: False
[2025-11-25T20:30:47.766+0000] {subprocess.py:93} INFO - [0m20:30:47    host: None
[2025-11-25T20:30:47.767+0000] {subprocess.py:93} INFO - [0m20:30:47    port: None
[2025-11-25T20:30:47.767+0000] {subprocess.py:93} INFO - [0m20:30:47    proxy_host: None
[2025-11-25T20:30:47.767+0000] {subprocess.py:93} INFO - [0m20:30:47    proxy_port: None
[2025-11-25T20:30:47.767+0000] {subprocess.py:93} INFO - [0m20:30:47    protocol: None
[2025-11-25T20:30:47.767+0000] {subprocess.py:93} INFO - [0m20:30:47    connect_retries: 1
[2025-11-25T20:30:47.768+0000] {subprocess.py:93} INFO - [0m20:30:47    connect_timeout: None
[2025-11-25T20:30:47.768+0000] {subprocess.py:93} INFO - [0m20:30:47    retry_on_database_errors: False
[2025-11-25T20:30:47.768+0000] {subprocess.py:93} INFO - [0m20:30:47    retry_all: False
[2025-11-25T20:30:47.768+0000] {subprocess.py:93} INFO - [0m20:30:47    insecure_mode: False
[2025-11-25T20:30:47.769+0000] {subprocess.py:93} INFO - [0m20:30:47    reuse_connections: None
[2025-11-25T20:30:47.769+0000] {subprocess.py:93} INFO - [0m20:30:47  Registered adapter: snowflake=1.7.0
[2025-11-25T20:30:48.503+0000] {subprocess.py:93} INFO - [0m20:30:48    Connection test: [[32mOK connection ok[0m]
[2025-11-25T20:30:48.504+0000] {subprocess.py:93} INFO - 
[2025-11-25T20:30:48.504+0000] {subprocess.py:93} INFO - [0m20:30:48  [32mAll checks passed![0m
[2025-11-25T20:30:49.088+0000] {subprocess.py:97} INFO - Command exited with return code 0
[2025-11-25T20:30:49.098+0000] {taskinstance.py:340} INFO - ::group::Post task execution logs
[2025-11-25T20:30:49.098+0000] {taskinstance.py:352} INFO - Marking task as SUCCESS. dag_id=stock_elt_with_dbt, task_id=dbt_transformations.dbt_debug, run_id=manual__2025-11-25T20:30:39.921949+00:00, execution_date=20251125T203039, start_date=20251125T203046, end_date=20251125T203049
[2025-11-25T20:30:49.236+0000] {local_task_job_runner.py:266} INFO - Task exited with return code 0
[2025-11-25T20:30:49.246+0000] {taskinstance.py:3900} INFO - 1 downstream tasks scheduled from follow-on schedule check
[2025-11-25T20:30:49.247+0000] {local_task_job_runner.py:245} INFO - ::endgroup::
