[2025-11-25T00:36:09.776+0000] {local_task_job_runner.py:123} INFO - ::group::Pre task execution logs
[2025-11-25T00:36:09.782+0000] {taskinstance.py:2612} INFO - Dependencies all met for dep_context=non-requeueable deps ti=<TaskInstance: yfinance_to_snowflake_etl.extract scheduled__2023-10-16T18:00:00+00:00 [queued]>
[2025-11-25T00:36:09.785+0000] {taskinstance.py:2612} INFO - Dependencies all met for dep_context=requeueable deps ti=<TaskInstance: yfinance_to_snowflake_etl.extract scheduled__2023-10-16T18:00:00+00:00 [queued]>
[2025-11-25T00:36:09.786+0000] {taskinstance.py:2865} INFO - Starting attempt 1 of 1
[2025-11-25T00:36:09.790+0000] {taskinstance.py:2888} INFO - Executing <Task(_PythonDecoratedOperator): extract> on 2023-10-16 18:00:00+00:00
[2025-11-25T00:36:09.793+0000] {logging_mixin.py:190} WARNING - /home/***/.local/lib/python3.12/site-packages/***/task/task_runner/standard_task_runner.py:70 DeprecationWarning: This process (pid=68428) is multi-threaded, use of fork() may lead to deadlocks in the child.
[2025-11-25T00:36:09.794+0000] {standard_task_runner.py:72} INFO - Started process 68487 to run task
[2025-11-25T00:36:09.794+0000] {standard_task_runner.py:104} INFO - Running: ['***', 'tasks', 'run', 'yfinance_to_snowflake_etl', 'extract', 'scheduled__2023-10-16T18:00:00+00:00', '--job-id', '2954', '--raw', '--subdir', 'DAGS_FOLDER/yfinance_to_snowflake_etl.py', '--cfg-path', '/tmp/tmprz134399']
[2025-11-25T00:36:09.795+0000] {standard_task_runner.py:105} INFO - Job 2954: Subtask extract
[2025-11-25T00:36:09.814+0000] {task_command.py:467} INFO - Running <TaskInstance: yfinance_to_snowflake_etl.extract scheduled__2023-10-16T18:00:00+00:00 [running]> on host fd57ff944215
[2025-11-25T00:36:09.845+0000] {taskinstance.py:3131} INFO - Exporting env vars: AIRFLOW_CTX_DAG_OWNER='***' AIRFLOW_CTX_DAG_ID='yfinance_to_snowflake_etl' AIRFLOW_CTX_TASK_ID='extract' AIRFLOW_CTX_EXECUTION_DATE='2023-10-16T18:00:00+00:00' AIRFLOW_CTX_TRY_NUMBER='1' AIRFLOW_CTX_DAG_RUN_ID='scheduled__2023-10-16T18:00:00+00:00'
[2025-11-25T00:36:09.846+0000] {taskinstance.py:731} INFO - ::endgroup::
[2025-11-25T00:36:09.848+0000] {logging_mixin.py:190} WARNING - /opt/***/dags/yfinance_to_snowflake_etl.py:48 FutureWarning: YF.download() has changed argument auto_adjust default to True
[2025-11-25T00:36:09.979+0000] {logging_mixin.py:190} WARNING - [*********************100%***********************]  1 of 1 completed
[2025-11-25T00:36:09.980+0000] {multi.py:185} ERROR - 
1 Failed download:
[2025-11-25T00:36:09.980+0000] {multi.py:198} ERROR - ['AAPL']: YFRateLimitError('Too Many Requests. Rate limited. Try after a while.')
[2025-11-25T00:36:09.983+0000] {logging_mixin.py:190} INFO - Error: No data available for symbol AAPL. Retrying in 2.0 seconds...
[2025-11-25T00:36:11.985+0000] {logging_mixin.py:190} WARNING - /opt/***/dags/yfinance_to_snowflake_etl.py:48 FutureWarning: YF.download() has changed argument auto_adjust default to True
[2025-11-25T00:36:12.202+0000] {logging_mixin.py:190} WARNING - [*********************100%***********************]  1 of 1 completed
[2025-11-25T00:36:12.203+0000] {multi.py:185} ERROR - 
1 Failed download:
[2025-11-25T00:36:12.203+0000] {multi.py:198} ERROR - ['AAPL']: YFRateLimitError('Too Many Requests. Rate limited. Try after a while.')
[2025-11-25T00:36:12.205+0000] {logging_mixin.py:190} INFO - Max retries reached. Unable to download stock data for AAPL.
[2025-11-25T00:36:12.205+0000] {logging_mixin.py:190} INFO - No data returned for AAPL
[2025-11-25T00:36:12.205+0000] {logging_mixin.py:190} WARNING - /opt/***/dags/yfinance_to_snowflake_etl.py:48 FutureWarning: YF.download() has changed argument auto_adjust default to True
[2025-11-25T00:36:12.357+0000] {logging_mixin.py:190} WARNING - [*********************100%***********************]  1 of 1 completed
[2025-11-25T00:36:12.357+0000] {multi.py:185} ERROR - 
1 Failed download:
[2025-11-25T00:36:12.357+0000] {multi.py:198} ERROR - ['TSLA']: YFRateLimitError('Too Many Requests. Rate limited. Try after a while.')
[2025-11-25T00:36:12.358+0000] {logging_mixin.py:190} INFO - Error: No data available for symbol TSLA. Retrying in 2.0 seconds...
[2025-11-25T00:36:14.359+0000] {logging_mixin.py:190} WARNING - /opt/***/dags/yfinance_to_snowflake_etl.py:48 FutureWarning: YF.download() has changed argument auto_adjust default to True
[2025-11-25T00:36:14.492+0000] {logging_mixin.py:190} WARNING - [*********************100%***********************]  1 of 1 completed
[2025-11-25T00:36:14.495+0000] {multi.py:185} ERROR - 
1 Failed download:
[2025-11-25T00:36:14.497+0000] {multi.py:198} ERROR - ['TSLA']: YFRateLimitError('Too Many Requests. Rate limited. Try after a while.')
[2025-11-25T00:36:14.498+0000] {logging_mixin.py:190} INFO - Max retries reached. Unable to download stock data for TSLA.
[2025-11-25T00:36:14.502+0000] {logging_mixin.py:190} INFO - No data returned for TSLA
[2025-11-25T00:36:14.502+0000] {python.py:240} INFO - Done. Returned value was: []
[2025-11-25T00:36:14.523+0000] {taskinstance.py:340} INFO - ::group::Post task execution logs
[2025-11-25T00:36:14.524+0000] {taskinstance.py:352} INFO - Marking task as SUCCESS. dag_id=yfinance_to_snowflake_etl, task_id=extract, run_id=scheduled__2023-10-16T18:00:00+00:00, execution_date=20231016T180000, start_date=20251125T003609, end_date=20251125T003614
[2025-11-25T00:36:14.585+0000] {local_task_job_runner.py:266} INFO - Task exited with return code 0
[2025-11-25T00:36:14.609+0000] {local_task_job_runner.py:245} INFO - ::endgroup::
