[2025-11-25T20:35:36.208+0000] {local_task_job_runner.py:123} INFO - ::group::Pre task execution logs
[2025-11-25T20:35:36.213+0000] {taskinstance.py:2612} INFO - Dependencies all met for dep_context=non-requeueable deps ti=<TaskInstance: stock_elt_with_dbt.dbt_transformations.dbt_snapshot manual__2025-11-25T20:35:09.180245+00:00 [queued]>
[2025-11-25T20:35:36.216+0000] {taskinstance.py:2612} INFO - Dependencies all met for dep_context=requeueable deps ti=<TaskInstance: stock_elt_with_dbt.dbt_transformations.dbt_snapshot manual__2025-11-25T20:35:09.180245+00:00 [queued]>
[2025-11-25T20:35:36.216+0000] {taskinstance.py:2865} INFO - Starting attempt 1 of 2
[2025-11-25T20:35:36.220+0000] {taskinstance.py:2888} INFO - Executing <Task(BashOperator): dbt_transformations.dbt_snapshot> on 2025-11-25 20:35:09.180245+00:00
[2025-11-25T20:35:36.224+0000] {logging_mixin.py:190} WARNING - /home/***/.local/lib/python3.12/site-packages/***/task/task_runner/standard_task_runner.py:70 DeprecationWarning: This process (pid=21106) is multi-threaded, use of fork() may lead to deadlocks in the child.
[2025-11-25T20:35:36.224+0000] {standard_task_runner.py:72} INFO - Started process 21145 to run task
[2025-11-25T20:35:36.224+0000] {standard_task_runner.py:104} INFO - Running: ['***', 'tasks', 'run', 'stock_elt_with_dbt', 'dbt_transformations.dbt_snapshot', 'manual__2025-11-25T20:35:09.180245+00:00', '--job-id', '4943', '--raw', '--subdir', 'DAGS_FOLDER/stock_elt_with_dbt.py', '--cfg-path', '/tmp/tmpdcw84jjr']
[2025-11-25T20:35:36.224+0000] {standard_task_runner.py:105} INFO - Job 4943: Subtask dbt_transformations.dbt_snapshot
[2025-11-25T20:35:36.240+0000] {task_command.py:467} INFO - Running <TaskInstance: stock_elt_with_dbt.dbt_transformations.dbt_snapshot manual__2025-11-25T20:35:09.180245+00:00 [running]> on host a4b8d4f4105c
[2025-11-25T20:35:36.268+0000] {taskinstance.py:3131} INFO - Exporting env vars: AIRFLOW_CTX_DAG_OWNER='***' AIRFLOW_CTX_DAG_ID='stock_elt_with_dbt' AIRFLOW_CTX_TASK_ID='dbt_transformations.dbt_snapshot' AIRFLOW_CTX_EXECUTION_DATE='2025-11-25T20:35:09.180245+00:00' AIRFLOW_CTX_TRY_NUMBER='1' AIRFLOW_CTX_DAG_RUN_ID='manual__2025-11-25T20:35:09.180245+00:00'
[2025-11-25T20:35:36.270+0000] {taskinstance.py:731} INFO - ::endgroup::
[2025-11-25T20:35:36.271+0000] {subprocess.py:63} INFO - Tmp dir root location: /tmp
[2025-11-25T20:35:36.272+0000] {subprocess.py:75} INFO - Running command: ['/usr/bin/bash', '-c', 'cd /opt/***/stock_analytics && dbt snapshot --profiles-dir .']
[2025-11-25T20:35:36.276+0000] {subprocess.py:86} INFO - Output:
[2025-11-25T20:35:37.360+0000] {subprocess.py:93} INFO - [0m20:35:37  Running with dbt=1.7.0
[2025-11-25T20:35:37.684+0000] {subprocess.py:93} INFO - [0m20:35:37  Registered adapter: snowflake=1.7.0
[2025-11-25T20:35:37.719+0000] {subprocess.py:93} INFO - [0m20:35:37  Found 6 models, 5 tests, 2 snapshots, 1 source, 0 exposures, 0 metrics, 470 macros, 0 groups, 0 semantic models
[2025-11-25T20:35:37.720+0000] {subprocess.py:93} INFO - [0m20:35:37
[2025-11-25T20:35:39.219+0000] {subprocess.py:93} INFO - [0m20:35:39  Concurrency: 4 threads (target='dev')
[2025-11-25T20:35:39.220+0000] {subprocess.py:93} INFO - [0m20:35:39
[2025-11-25T20:35:39.230+0000] {subprocess.py:93} INFO - [0m20:35:39  1 of 2 START snapshot snapshots.rsi_signals_snapshot ........................... [RUN]
[2025-11-25T20:35:39.231+0000] {subprocess.py:93} INFO - [0m20:35:39  2 of 2 START snapshot snapshots.stock_prices_snapshot .......................... [RUN]
[2025-11-25T20:35:43.634+0000] {subprocess.py:93} INFO - [0m20:35:43  1 of 2 OK snapshotted snapshots.rsi_signals_snapshot ........................... [[32mSUCCESS 5[0m in 4.40s]
[2025-11-25T20:35:43.720+0000] {subprocess.py:93} INFO - [0m20:35:43  2 of 2 OK snapshotted snapshots.stock_prices_snapshot .......................... [[32mSUCCESS 18[0m in 4.49s]
[2025-11-25T20:35:43.723+0000] {subprocess.py:93} INFO - [0m20:35:43
[2025-11-25T20:35:43.723+0000] {subprocess.py:93} INFO - [0m20:35:43  Finished running 2 snapshots in 0 hours 0 minutes and 6.00 seconds (6.00s).
[2025-11-25T20:35:43.729+0000] {subprocess.py:93} INFO - [0m20:35:43
[2025-11-25T20:35:43.729+0000] {subprocess.py:93} INFO - [0m20:35:43  [32mCompleted successfully[0m
[2025-11-25T20:35:43.730+0000] {subprocess.py:93} INFO - [0m20:35:43
[2025-11-25T20:35:43.730+0000] {subprocess.py:93} INFO - [0m20:35:43  Done. PASS=2 WARN=0 ERROR=0 SKIP=0 TOTAL=2
[2025-11-25T20:35:44.352+0000] {subprocess.py:97} INFO - Command exited with return code 0
[2025-11-25T20:35:44.378+0000] {taskinstance.py:340} INFO - ::group::Post task execution logs
[2025-11-25T20:35:44.378+0000] {taskinstance.py:352} INFO - Marking task as SUCCESS. dag_id=stock_elt_with_dbt, task_id=dbt_transformations.dbt_snapshot, run_id=manual__2025-11-25T20:35:09.180245+00:00, execution_date=20251125T203509, start_date=20251125T203536, end_date=20251125T203544
[2025-11-25T20:35:44.529+0000] {local_task_job_runner.py:266} INFO - Task exited with return code 0
[2025-11-25T20:35:44.537+0000] {taskinstance.py:3900} INFO - 1 downstream tasks scheduled from follow-on schedule check
[2025-11-25T20:35:44.538+0000] {local_task_job_runner.py:245} INFO - ::endgroup::
