[2025-11-25T00:42:38.668+0000] {local_task_job_runner.py:123} INFO - ::group::Pre task execution logs
[2025-11-25T00:42:38.677+0000] {taskinstance.py:2612} INFO - Dependencies all met for dep_context=non-requeueable deps ti=<TaskInstance: yfinance_to_snowflake_etl.load_many scheduled__2025-04-28T18:00:00+00:00 [queued]>
[2025-11-25T00:42:38.680+0000] {taskinstance.py:2612} INFO - Dependencies all met for dep_context=requeueable deps ti=<TaskInstance: yfinance_to_snowflake_etl.load_many scheduled__2025-04-28T18:00:00+00:00 [queued]>
[2025-11-25T00:42:38.681+0000] {taskinstance.py:2865} INFO - Starting attempt 1 of 1
[2025-11-25T00:42:38.685+0000] {taskinstance.py:2888} INFO - Executing <Task(_PythonDecoratedOperator): load_many> on 2025-04-28 18:00:00+00:00
[2025-11-25T00:42:38.689+0000] {logging_mixin.py:190} WARNING - /home/***/.local/lib/python3.12/site-packages/***/task/task_runner/standard_task_runner.py:70 DeprecationWarning: This process (pid=78536) is multi-threaded, use of fork() may lead to deadlocks in the child.
[2025-11-25T00:42:38.690+0000] {standard_task_runner.py:104} INFO - Running: ['***', 'tasks', 'run', 'yfinance_to_snowflake_etl', 'load_many', 'scheduled__2025-04-28T18:00:00+00:00', '--job-id', '4311', '--raw', '--subdir', 'DAGS_FOLDER/yfinance_to_snowflake_etl.py', '--cfg-path', '/tmp/tmp7knlk2ub']
[2025-11-25T00:42:38.691+0000] {standard_task_runner.py:72} INFO - Started process 78582 to run task
[2025-11-25T00:42:38.691+0000] {standard_task_runner.py:105} INFO - Job 4311: Subtask load_many
[2025-11-25T00:42:38.710+0000] {task_command.py:467} INFO - Running <TaskInstance: yfinance_to_snowflake_etl.load_many scheduled__2025-04-28T18:00:00+00:00 [running]> on host fd57ff944215
[2025-11-25T00:42:38.750+0000] {taskinstance.py:3131} INFO - Exporting env vars: AIRFLOW_CTX_DAG_OWNER='***' AIRFLOW_CTX_DAG_ID='yfinance_to_snowflake_etl' AIRFLOW_CTX_TASK_ID='load_many' AIRFLOW_CTX_EXECUTION_DATE='2025-04-28T18:00:00+00:00' AIRFLOW_CTX_TRY_NUMBER='1' AIRFLOW_CTX_DAG_RUN_ID='scheduled__2025-04-28T18:00:00+00:00'
[2025-11-25T00:42:38.751+0000] {taskinstance.py:731} INFO - ::endgroup::
[2025-11-25T00:42:38.753+0000] {logging_mixin.py:190} INFO - Loading 0 records to Snowflake
[2025-11-25T00:42:38.900+0000] {cursor.py:1156} INFO - Number of results in first chunk: 1
[2025-11-25T00:42:39.011+0000] {cursor.py:1156} INFO - Number of results in first chunk: 1
[2025-11-25T00:42:39.201+0000] {cursor.py:1156} INFO - Number of results in first chunk: 1
[2025-11-25T00:42:39.202+0000] {logging_mixin.py:190} INFO - Table TRAINING_DB.RAW.STOCK_PRICE ready
[2025-11-25T00:42:39.202+0000] {logging_mixin.py:190} INFO - Successfully loaded 0 records
[2025-11-25T00:42:39.287+0000] {cursor.py:1156} INFO - Number of results in first chunk: 1
[2025-11-25T00:42:39.288+0000] {logging_mixin.py:190} INFO - Total rows in TRAINING_DB.RAW.STOCK_PRICE: 0
[2025-11-25T00:42:39.288+0000] {python.py:240} INFO - Done. Returned value was: None
[2025-11-25T00:42:39.294+0000] {taskinstance.py:340} INFO - ::group::Post task execution logs
[2025-11-25T00:42:39.294+0000] {taskinstance.py:352} INFO - Marking task as SUCCESS. dag_id=yfinance_to_snowflake_etl, task_id=load_many, run_id=scheduled__2025-04-28T18:00:00+00:00, execution_date=20250428T180000, start_date=20251125T004238, end_date=20251125T004239
[2025-11-25T00:42:39.324+0000] {local_task_job_runner.py:266} INFO - Task exited with return code 0
[2025-11-25T00:42:39.332+0000] {taskinstance.py:3900} INFO - 0 downstream tasks scheduled from follow-on schedule check
[2025-11-25T00:42:39.333+0000] {local_task_job_runner.py:245} INFO - ::endgroup::
