[2025-11-25T20:35:15.130+0000] {local_task_job_runner.py:123} INFO - ::group::Pre task execution logs
[2025-11-25T20:35:15.145+0000] {taskinstance.py:2612} INFO - Dependencies all met for dep_context=non-requeueable deps ti=<TaskInstance: stock_elt_with_dbt.dbt_transformations.dbt_debug manual__2025-11-25T20:35:09.180245+00:00 [queued]>
[2025-11-25T20:35:15.150+0000] {taskinstance.py:2612} INFO - Dependencies all met for dep_context=requeueable deps ti=<TaskInstance: stock_elt_with_dbt.dbt_transformations.dbt_debug manual__2025-11-25T20:35:09.180245+00:00 [queued]>
[2025-11-25T20:35:15.150+0000] {taskinstance.py:2865} INFO - Starting attempt 1 of 2
[2025-11-25T20:35:15.154+0000] {taskinstance.py:2888} INFO - Executing <Task(BashOperator): dbt_transformations.dbt_debug> on 2025-11-25 20:35:09.180245+00:00
[2025-11-25T20:35:15.158+0000] {logging_mixin.py:190} WARNING - /home/***/.local/lib/python3.12/site-packages/***/task/task_runner/standard_task_runner.py:70 DeprecationWarning: This process (pid=20763) is multi-threaded, use of fork() may lead to deadlocks in the child.
[2025-11-25T20:35:15.158+0000] {standard_task_runner.py:72} INFO - Started process 20785 to run task
[2025-11-25T20:35:15.158+0000] {standard_task_runner.py:104} INFO - Running: ['***', 'tasks', 'run', 'stock_elt_with_dbt', 'dbt_transformations.dbt_debug', 'manual__2025-11-25T20:35:09.180245+00:00', '--job-id', '4937', '--raw', '--subdir', 'DAGS_FOLDER/stock_elt_with_dbt.py', '--cfg-path', '/tmp/tmpg69gcbtx']
[2025-11-25T20:35:15.159+0000] {standard_task_runner.py:105} INFO - Job 4937: Subtask dbt_transformations.dbt_debug
[2025-11-25T20:35:15.176+0000] {task_command.py:467} INFO - Running <TaskInstance: stock_elt_with_dbt.dbt_transformations.dbt_debug manual__2025-11-25T20:35:09.180245+00:00 [running]> on host a4b8d4f4105c
[2025-11-25T20:35:15.208+0000] {taskinstance.py:3131} INFO - Exporting env vars: AIRFLOW_CTX_DAG_OWNER='***' AIRFLOW_CTX_DAG_ID='stock_elt_with_dbt' AIRFLOW_CTX_TASK_ID='dbt_transformations.dbt_debug' AIRFLOW_CTX_EXECUTION_DATE='2025-11-25T20:35:09.180245+00:00' AIRFLOW_CTX_TRY_NUMBER='1' AIRFLOW_CTX_DAG_RUN_ID='manual__2025-11-25T20:35:09.180245+00:00'
[2025-11-25T20:35:15.209+0000] {taskinstance.py:731} INFO - ::endgroup::
[2025-11-25T20:35:15.210+0000] {subprocess.py:63} INFO - Tmp dir root location: /tmp
[2025-11-25T20:35:15.210+0000] {subprocess.py:75} INFO - Running command: ['/usr/bin/bash', '-c', 'cd /opt/***/stock_analytics && dbt debug --profiles-dir .']
[2025-11-25T20:35:15.215+0000] {subprocess.py:86} INFO - Output:
[2025-11-25T20:35:16.390+0000] {subprocess.py:93} INFO - [0m20:35:16  Running with dbt=1.7.0
[2025-11-25T20:35:16.391+0000] {subprocess.py:93} INFO - [0m20:35:16  dbt version: 1.7.0
[2025-11-25T20:35:16.391+0000] {subprocess.py:93} INFO - [0m20:35:16  python version: 3.12.5
[2025-11-25T20:35:16.391+0000] {subprocess.py:93} INFO - [0m20:35:16  python path: /home/***/.local/bin/python
[2025-11-25T20:35:16.392+0000] {subprocess.py:93} INFO - [0m20:35:16  os info: Linux-6.10.14-linuxkit-aarch64-with-glibc2.36
[2025-11-25T20:35:16.699+0000] {subprocess.py:93} INFO - [0m20:35:16  Using profiles dir at .
[2025-11-25T20:35:16.700+0000] {subprocess.py:93} INFO - [0m20:35:16  Using profiles.yml file at ./profiles.yml
[2025-11-25T20:35:16.700+0000] {subprocess.py:93} INFO - [0m20:35:16  Using dbt_project.yml file at /opt/***/stock_analytics/dbt_project.yml
[2025-11-25T20:35:16.700+0000] {subprocess.py:93} INFO - [0m20:35:16  adapter type: snowflake
[2025-11-25T20:35:16.700+0000] {subprocess.py:93} INFO - [0m20:35:16  adapter version: 1.7.0
[2025-11-25T20:35:16.726+0000] {subprocess.py:93} INFO - [0m20:35:16  Configuration:
[2025-11-25T20:35:16.726+0000] {subprocess.py:93} INFO - [0m20:35:16    profiles.yml file [[32mOK found and valid[0m]
[2025-11-25T20:35:16.727+0000] {subprocess.py:93} INFO - [0m20:35:16    dbt_project.yml file [[32mOK found and valid[0m]
[2025-11-25T20:35:16.727+0000] {subprocess.py:93} INFO - [0m20:35:16  Required dependencies:
[2025-11-25T20:35:16.729+0000] {subprocess.py:93} INFO - [0m20:35:16   - git [[32mOK found[0m]
[2025-11-25T20:35:16.729+0000] {subprocess.py:93} INFO - 
[2025-11-25T20:35:16.729+0000] {subprocess.py:93} INFO - [0m20:35:16  Connection:
[2025-11-25T20:35:16.730+0000] {subprocess.py:93} INFO - [0m20:35:16    account: lvb17920
[2025-11-25T20:35:16.730+0000] {subprocess.py:93} INFO - [0m20:35:16    user: CHIPMUNK
[2025-11-25T20:35:16.730+0000] {subprocess.py:93} INFO - [0m20:35:16    database: TRAINING_DB
[2025-11-25T20:35:16.730+0000] {subprocess.py:93} INFO - [0m20:35:16    warehouse: XSMALL_WH
[2025-11-25T20:35:16.731+0000] {subprocess.py:93} INFO - [0m20:35:16    role: TRAINING_ROLE
[2025-11-25T20:35:16.731+0000] {subprocess.py:93} INFO - [0m20:35:16    schema: raw
[2025-11-25T20:35:16.731+0000] {subprocess.py:93} INFO - [0m20:35:16    authenticator: None
[2025-11-25T20:35:16.731+0000] {subprocess.py:93} INFO - [0m20:35:16    private_key_path: None
[2025-11-25T20:35:16.731+0000] {subprocess.py:93} INFO - [0m20:35:16    token: None
[2025-11-25T20:35:16.732+0000] {subprocess.py:93} INFO - [0m20:35:16    oauth_client_id: None
[2025-11-25T20:35:16.732+0000] {subprocess.py:93} INFO - [0m20:35:16    query_tag: None
[2025-11-25T20:35:16.732+0000] {subprocess.py:93} INFO - [0m20:35:16    client_session_keep_alive: False
[2025-11-25T20:35:16.732+0000] {subprocess.py:93} INFO - [0m20:35:16    host: None
[2025-11-25T20:35:16.733+0000] {subprocess.py:93} INFO - [0m20:35:16    port: None
[2025-11-25T20:35:16.733+0000] {subprocess.py:93} INFO - [0m20:35:16    proxy_host: None
[2025-11-25T20:35:16.733+0000] {subprocess.py:93} INFO - [0m20:35:16    proxy_port: None
[2025-11-25T20:35:16.733+0000] {subprocess.py:93} INFO - [0m20:35:16    protocol: None
[2025-11-25T20:35:16.734+0000] {subprocess.py:93} INFO - [0m20:35:16    connect_retries: 1
[2025-11-25T20:35:16.734+0000] {subprocess.py:93} INFO - [0m20:35:16    connect_timeout: None
[2025-11-25T20:35:16.734+0000] {subprocess.py:93} INFO - [0m20:35:16    retry_on_database_errors: False
[2025-11-25T20:35:16.734+0000] {subprocess.py:93} INFO - [0m20:35:16    retry_all: False
[2025-11-25T20:35:16.734+0000] {subprocess.py:93} INFO - [0m20:35:16    insecure_mode: False
[2025-11-25T20:35:16.735+0000] {subprocess.py:93} INFO - [0m20:35:16    reuse_connections: None
[2025-11-25T20:35:16.735+0000] {subprocess.py:93} INFO - [0m20:35:16  Registered adapter: snowflake=1.7.0
[2025-11-25T20:35:17.322+0000] {subprocess.py:93} INFO - [0m20:35:17    Connection test: [[32mOK connection ok[0m]
[2025-11-25T20:35:17.323+0000] {subprocess.py:93} INFO - 
[2025-11-25T20:35:17.323+0000] {subprocess.py:93} INFO - [0m20:35:17  [32mAll checks passed![0m
[2025-11-25T20:35:17.866+0000] {subprocess.py:97} INFO - Command exited with return code 0
[2025-11-25T20:35:17.876+0000] {taskinstance.py:340} INFO - ::group::Post task execution logs
[2025-11-25T20:35:17.876+0000] {taskinstance.py:352} INFO - Marking task as SUCCESS. dag_id=stock_elt_with_dbt, task_id=dbt_transformations.dbt_debug, run_id=manual__2025-11-25T20:35:09.180245+00:00, execution_date=20251125T203509, start_date=20251125T203515, end_date=20251125T203517
[2025-11-25T20:35:17.995+0000] {local_task_job_runner.py:266} INFO - Task exited with return code 0
[2025-11-25T20:35:18.006+0000] {taskinstance.py:3900} INFO - 1 downstream tasks scheduled from follow-on schedule check
[2025-11-25T20:35:18.006+0000] {local_task_job_runner.py:245} INFO - ::endgroup::
