[2025-11-25T20:35:12.252+0000] {local_task_job_runner.py:123} INFO - ::group::Pre task execution logs
[2025-11-25T20:35:12.258+0000] {taskinstance.py:2612} INFO - Dependencies all met for dep_context=non-requeueable deps ti=<TaskInstance: stock_elt_with_dbt.dbt_transformations.dbt_deps manual__2025-11-25T20:35:09.180245+00:00 [queued]>
[2025-11-25T20:35:12.261+0000] {taskinstance.py:2612} INFO - Dependencies all met for dep_context=requeueable deps ti=<TaskInstance: stock_elt_with_dbt.dbt_transformations.dbt_deps manual__2025-11-25T20:35:09.180245+00:00 [queued]>
[2025-11-25T20:35:12.261+0000] {taskinstance.py:2865} INFO - Starting attempt 1 of 2
[2025-11-25T20:35:12.265+0000] {taskinstance.py:2888} INFO - Executing <Task(BashOperator): dbt_transformations.dbt_deps> on 2025-11-25 20:35:09.180245+00:00
[2025-11-25T20:35:12.269+0000] {logging_mixin.py:190} WARNING - /home/***/.local/lib/python3.12/site-packages/***/task/task_runner/standard_task_runner.py:70 DeprecationWarning: This process (pid=20720) is multi-threaded, use of fork() may lead to deadlocks in the child.
[2025-11-25T20:35:12.270+0000] {standard_task_runner.py:72} INFO - Started process 20749 to run task
[2025-11-25T20:35:12.269+0000] {standard_task_runner.py:104} INFO - Running: ['***', 'tasks', 'run', 'stock_elt_with_dbt', 'dbt_transformations.dbt_deps', 'manual__2025-11-25T20:35:09.180245+00:00', '--job-id', '4935', '--raw', '--subdir', 'DAGS_FOLDER/stock_elt_with_dbt.py', '--cfg-path', '/tmp/tmp8v02hlef']
[2025-11-25T20:35:12.270+0000] {standard_task_runner.py:105} INFO - Job 4935: Subtask dbt_transformations.dbt_deps
[2025-11-25T20:35:12.308+0000] {task_command.py:467} INFO - Running <TaskInstance: stock_elt_with_dbt.dbt_transformations.dbt_deps manual__2025-11-25T20:35:09.180245+00:00 [running]> on host a4b8d4f4105c
[2025-11-25T20:35:12.339+0000] {taskinstance.py:3131} INFO - Exporting env vars: AIRFLOW_CTX_DAG_OWNER='***' AIRFLOW_CTX_DAG_ID='stock_elt_with_dbt' AIRFLOW_CTX_TASK_ID='dbt_transformations.dbt_deps' AIRFLOW_CTX_EXECUTION_DATE='2025-11-25T20:35:09.180245+00:00' AIRFLOW_CTX_TRY_NUMBER='1' AIRFLOW_CTX_DAG_RUN_ID='manual__2025-11-25T20:35:09.180245+00:00'
[2025-11-25T20:35:12.341+0000] {taskinstance.py:731} INFO - ::endgroup::
[2025-11-25T20:35:12.342+0000] {subprocess.py:63} INFO - Tmp dir root location: /tmp
[2025-11-25T20:35:12.342+0000] {subprocess.py:75} INFO - Running command: ['/usr/bin/bash', '-c', 'cd /opt/***/stock_analytics && dbt deps --profiles-dir .']
[2025-11-25T20:35:12.347+0000] {subprocess.py:86} INFO - Output:
[2025-11-25T20:35:13.455+0000] {subprocess.py:93} INFO - [0m20:35:13  Running with dbt=1.7.0
[2025-11-25T20:35:13.486+0000] {subprocess.py:93} INFO - [0m20:35:13  Warning: No packages were found in packages.yml
[2025-11-25T20:35:13.486+0000] {subprocess.py:93} INFO - [0m20:35:13  Warning: No packages were found in packages.yml
[2025-11-25T20:35:13.999+0000] {subprocess.py:97} INFO - Command exited with return code 0
[2025-11-25T20:35:14.013+0000] {taskinstance.py:340} INFO - ::group::Post task execution logs
[2025-11-25T20:35:14.013+0000] {taskinstance.py:352} INFO - Marking task as SUCCESS. dag_id=stock_elt_with_dbt, task_id=dbt_transformations.dbt_deps, run_id=manual__2025-11-25T20:35:09.180245+00:00, execution_date=20251125T203509, start_date=20251125T203512, end_date=20251125T203514
[2025-11-25T20:35:14.173+0000] {local_task_job_runner.py:266} INFO - Task exited with return code 0
[2025-11-25T20:35:14.186+0000] {taskinstance.py:3900} INFO - 1 downstream tasks scheduled from follow-on schedule check
[2025-11-25T20:35:14.187+0000] {local_task_job_runner.py:245} INFO - ::endgroup::
